This file contains any messages produced by compilers while
running configure, to aid debugging if configure makes a mistake.

It was created by OpenPA configure 1.0.2, which was
generated by GNU Autoconf 2.63.  Invocation command line was

  $ /store/software/opendihu/dependencies/mpi/src/mpich2-1.4.1p1/src/openpa/configure --with-atomic-primitives=auto_allow_emulation --prefix=/store/software/opendihu/dependencies/mpi/install CC=arm-linux-gnueabi-gcc CXX=arm-linux-gnueabi-gcc AR=arm-linux-gnueabi-ar CPP=arm-linux-gnueabi-cpp --target=arm-linux-gnueabi --host=arm-linux-gnueabi --disable-fc --disable-f77 --enable-shared host_alias=arm-linux-gnueabi target_alias=arm-linux-gnueabi F77=arm-linux-gnueabi-gfortran FC=arm-linux-gnueabi-gfortran --disable-option-checking

## --------- ##
## Platform. ##
## --------- ##

hostname = lapsgs05
uname -m = x86_64
uname -r = 4.15.0-39-generic
uname -s = Linux
uname -v = #42-Ubuntu SMP Tue Oct 23 15:48:01 UTC 2018

/usr/bin/uname -p = unknown
/bin/uname -X     = unknown

/bin/arch              = unknown
/usr/bin/arch -k       = unknown
/usr/convex/getsysinfo = unknown
/usr/bin/hostinfo      = unknown
/bin/machine           = unknown
/usr/bin/oslevel       = unknown
/bin/universe          = unknown

PATH: /home/maierbn/bin
PATH: /home/maierbn/.local/bin
PATH: /store/wiss/organisation/timekeeping/
PATH: /usr/local/sbin
PATH: /usr/local/bin
PATH: /usr/sbin
PATH: /usr/bin
PATH: /sbin
PATH: /bin
PATH: /usr/games
PATH: /usr/local/games
PATH: /snap/bin
PATH: /usr/lib/jvm/java-8-oracle/bin
PATH: /usr/lib/jvm/java-8-oracle/db/bin
PATH: /usr/lib/jvm/java-8-oracle/jre/bin
PATH: /media/maierbn/ext/2018/opencmiss/extras/TAU/tau-2.23.1/install/x86_64/bin
PATH: /store/wiss/3dprinter/scripts
PATH: /store/software/opendihu/scripts
PATH: /store/software/opendihu/dependencies/python/install/bin
PATH: /store/software/opencor/OpenCOR-0-5-Linux
PATH: /store/software/paraview/ParaView-5.6.0-RC1-Qt5-MPI-Linux-64bit/bin
PATH: /store/software/FlameGraph


## ----------- ##
## Core tests. ##
## ----------- ##

configure:2093: checking for a BSD-compatible install
configure:2161: result: /usr/bin/install -c
configure:2172: checking whether build environment is sane
configure:2232: result: yes
configure:2281: checking for arm-linux-gnueabi-strip
configure:2297: found /usr/bin/arm-linux-gnueabi-strip
configure:2308: result: arm-linux-gnueabi-strip
configure:2373: checking for a thread-safe mkdir -p
configure:2412: result: /bin/mkdir -p
configure:2425: checking for gawk
configure:2441: found /usr/bin/gawk
configure:2452: result: gawk
configure:2463: checking whether make sets $(MAKE)
configure:2485: result: yes
configure:2603: checking build system type
configure:2621: result: x86_64-unknown-linux-gnu
configure:2643: checking host system type
configure:2658: result: arm-unknown-linux-gnueabi
configure:2692: checking for style of include used by make
configure:2720: result: GNU
configure:2750: checking for arm-linux-gnueabi-gcc
configure:2777: result: arm-linux-gnueabi-gcc
configure:3049: checking for C compiler version
configure:3057: arm-linux-gnueabi-gcc --version >&5
arm-linux-gnueabi-gcc (Ubuntu/Linaro 7.3.0-27ubuntu1~18.04) 7.3.0
Copyright (C) 2017 Free Software Foundation, Inc.
This is free software; see the source for copying conditions.  There is NO
warranty; not even for MERCHANTABILITY or FITNESS FOR A PARTICULAR PURPOSE.

configure:3061: $? = 0
configure:3068: arm-linux-gnueabi-gcc -v >&5
Using built-in specs.
COLLECT_GCC=arm-linux-gnueabi-gcc
COLLECT_LTO_WRAPPER=/usr/lib/gcc-cross/arm-linux-gnueabi/7/lto-wrapper
Target: arm-linux-gnueabi
Configured with: ../src/configure -v --with-pkgversion='Ubuntu/Linaro 7.3.0-27ubuntu1~18.04' --with-bugurl=file:///usr/share/doc/gcc-7/README.Bugs --enable-languages=c,ada,c++,go,d,fortran,objc,obj-c++ --prefix=/usr --with-gcc-major-version-only --program-suffix=-7 --enable-shared --enable-linker-build-id --libexecdir=/usr/lib --without-included-gettext --enable-threads=posix --libdir=/usr/lib --enable-nls --with-sysroot=/ --enable-clocale=gnu --enable-libstdcxx-debug --enable-libstdcxx-time=yes --with-default-libstdcxx-abi=new --enable-gnu-unique-object --disable-libitm --disable-libquadmath --disable-libquadmath-support --enable-plugin --with-system-zlib --with-target-system-zlib --enable-multiarch --enable-multilib --disable-sjlj-exceptions --with-arch=armv5t --with-float=soft --disable-werror --enable-multilib --enable-checking=release --build=x86_64-linux-gnu --host=x86_64-linux-gnu --target=arm-linux-gnueabi --program-prefix=arm-linux-gnueabi- --includedir=/usr/arm-linux-gnueabi/include
Thread model: posix
gcc version 7.3.0 (Ubuntu/Linaro 7.3.0-27ubuntu1~18.04) 
configure:3072: $? = 0
configure:3079: arm-linux-gnueabi-gcc -V >&5
arm-linux-gnueabi-gcc: error: unrecognized command line option '-V'
arm-linux-gnueabi-gcc: fatal error: no input files
compilation terminated.
configure:3083: $? = 1
configure:3106: checking for C compiler default output file name
configure:3128: arm-linux-gnueabi-gcc      conftest.c  >&5
configure:3132: $? = 0
configure:3170: result: a.out
configure:3189: checking whether the C compiler works
configure:3199: ./a.out
/store/software/opendihu/dependencies/mpi/src/mpich2-1.4.1p1/src/openpa/configure: line 3201: ./a.out: cannot execute binary file: Exec format error
configure:3203: $? = 126
configure:3222: result: yes
configure:3229: checking whether we are cross compiling
configure:3231: result: yes
configure:3234: checking for suffix of executables
configure:3241: arm-linux-gnueabi-gcc -o conftest      conftest.c  >&5
configure:3245: $? = 0
configure:3271: result: 
configure:3277: checking for suffix of object files
configure:3303: arm-linux-gnueabi-gcc -c     conftest.c >&5
configure:3307: $? = 0
configure:3332: result: o
configure:3336: checking whether we are using the GNU C compiler
configure:3365: arm-linux-gnueabi-gcc -c     conftest.c >&5
configure:3372: $? = 0
configure:3389: result: yes
configure:3398: checking whether arm-linux-gnueabi-gcc accepts -g
configure:3428: arm-linux-gnueabi-gcc -c -g  conftest.c >&5
configure:3435: $? = 0
configure:3536: result: yes
configure:3553: checking for arm-linux-gnueabi-gcc option to accept ISO C89
configure:3627: arm-linux-gnueabi-gcc  -c     conftest.c >&5
configure:3634: $? = 0
configure:3657: result: none needed
configure:3677: checking dependency style of arm-linux-gnueabi-gcc
configure:3787: result: gcc3
configure:3802: checking for a sed that does not truncate output
configure:3868: result: /bin/sed
configure:3886: checking for grep that handles long lines and -e
configure:3946: result: /bin/grep
configure:3951: checking for egrep
configure:4015: result: /bin/grep -E
configure:4020: checking for fgrep
configure:4084: result: /bin/grep -F
configure:4119: checking for ld used by arm-linux-gnueabi-gcc
configure:4186: result: /usr/arm-linux-gnueabi/bin/ld
configure:4195: checking if the linker (/usr/arm-linux-gnueabi/bin/ld) is GNU ld
configure:4210: result: yes
configure:4222: checking for BSD- or MS-compatible name lister (nm)
configure:4271: result: /usr/bin/arm-linux-gnueabi-nm -B
configure:4389: checking the name lister (/usr/bin/arm-linux-gnueabi-nm -B) interface
configure:4396: arm-linux-gnueabi-gcc -c     conftest.c >&5
configure:4399: /usr/bin/arm-linux-gnueabi-nm -B "conftest.o"
configure:4402: output
00000000 B some_variable
configure:4409: result: BSD nm
configure:4412: checking whether ln -s works
configure:4416: result: yes
configure:4424: checking the maximum length of command line arguments
configure:4544: result: 1572864
configure:4561: checking whether the shell understands some XSI constructs
configure:4571: result: yes
configure:4575: checking whether the shell understands "+="
configure:4581: result: yes
configure:4616: checking for /usr/arm-linux-gnueabi/bin/ld option to reload object files
configure:4623: result: -r
configure:4652: checking for arm-linux-gnueabi-objdump
configure:4668: found /usr/bin/arm-linux-gnueabi-objdump
configure:4679: result: arm-linux-gnueabi-objdump
configure:4751: checking how to recognize dependent libraries
configure:4947: result: pass_all
configure:4967: checking for arm-linux-gnueabi-ar
configure:4994: result: arm-linux-gnueabi-ar
configure:5072: checking for arm-linux-gnueabi-strip
configure:5099: result: arm-linux-gnueabi-strip
configure:5171: checking for arm-linux-gnueabi-ranlib
configure:5187: found /usr/bin/arm-linux-gnueabi-ranlib
configure:5198: result: arm-linux-gnueabi-ranlib
configure:5328: checking command to parse /usr/bin/arm-linux-gnueabi-nm -B output from arm-linux-gnueabi-gcc object
configure:5446: arm-linux-gnueabi-gcc -c     conftest.c >&5
configure:5449: $? = 0
configure:5453: /usr/bin/arm-linux-gnueabi-nm -B conftest.o \| sed -n -e 's/^.*[	 ]\([ABCDGIRSTW][ABCDGIRSTW]*\)[	 ][	 ]*\([_A-Za-z][_A-Za-z0-9]*\)$/\1 \2 \2/p' \> conftest.nm
configure:5456: $? = 0
configure:5510: arm-linux-gnueabi-gcc -o conftest      conftest.c conftstm.o >&5
configure:5513: $? = 0
configure:5551: result: ok
configure:6418: checking how to run the C preprocessor
configure:6536: result: arm-linux-gnueabi-cpp
configure:6565: arm-linux-gnueabi-cpp  conftest.c
configure:6572: $? = 0
configure:6603: arm-linux-gnueabi-cpp  conftest.c
conftest.c:10:10: fatal error: ac_nonexistent.h: No such file or directory
 #include <ac_nonexistent.h>
          ^~~~~~~~~~~~~~~~~~
compilation terminated.
configure:6610: $? = 1
configure: failed program was:
| /* confdefs.h.  */
| #define PACKAGE_NAME "OpenPA"
| #define PACKAGE_TARNAME "openpa"
| #define PACKAGE_VERSION "1.0.2"
| #define PACKAGE_STRING "OpenPA 1.0.2"
| #define PACKAGE_BUGREPORT "https://trac.mcs.anl.gov/projects/openpa/newticket"
| #define PACKAGE "openpa"
| #define VERSION "1.0.2"
| /* end confdefs.h.  */
| #include <ac_nonexistent.h>
configure:6650: checking for ANSI C header files
configure:6680: arm-linux-gnueabi-gcc -c     conftest.c >&5
configure:6687: $? = 0
configure:6818: result: yes
configure:6842: checking for sys/types.h
configure:6863: arm-linux-gnueabi-gcc -c     conftest.c >&5
configure:6870: $? = 0
configure:6887: result: yes
configure:6842: checking for sys/stat.h
configure:6863: arm-linux-gnueabi-gcc -c     conftest.c >&5
configure:6870: $? = 0
configure:6887: result: yes
configure:6842: checking for stdlib.h
configure:6863: arm-linux-gnueabi-gcc -c     conftest.c >&5
configure:6870: $? = 0
configure:6887: result: yes
configure:6842: checking for string.h
configure:6863: arm-linux-gnueabi-gcc -c     conftest.c >&5
configure:6870: $? = 0
configure:6887: result: yes
configure:6842: checking for memory.h
configure:6863: arm-linux-gnueabi-gcc -c     conftest.c >&5
configure:6870: $? = 0
configure:6887: result: yes
configure:6842: checking for strings.h
configure:6863: arm-linux-gnueabi-gcc -c     conftest.c >&5
configure:6870: $? = 0
configure:6887: result: yes
configure:6842: checking for inttypes.h
configure:6863: arm-linux-gnueabi-gcc -c     conftest.c >&5
configure:6870: $? = 0
configure:6887: result: yes
configure:6842: checking for stdint.h
configure:6863: arm-linux-gnueabi-gcc -c     conftest.c >&5
configure:6870: $? = 0
configure:6887: result: yes
configure:6842: checking for unistd.h
configure:6863: arm-linux-gnueabi-gcc -c     conftest.c >&5
configure:6870: $? = 0
configure:6887: result: yes
configure:6905: checking for dlfcn.h
configure:6926: arm-linux-gnueabi-gcc -c     conftest.c >&5
configure:6933: $? = 0
configure:6950: result: yes
configure:7135: checking for objdir
configure:7150: result: .libs
configure:7446: checking if arm-linux-gnueabi-gcc supports -fno-rtti -fno-exceptions
configure:7464: arm-linux-gnueabi-gcc -c     -fno-rtti -fno-exceptions conftest.c >&5
cc1: warning: command line option '-fno-rtti' is valid for C++/ObjC++ but not for C
configure:7468: $? = 0
configure:7481: result: no
configure:7501: checking for arm-linux-gnueabi-gcc option to produce PIC
configure:7773: result: -fPIC -DPIC
configure:7785: checking if arm-linux-gnueabi-gcc PIC flag -fPIC -DPIC works
configure:7803: arm-linux-gnueabi-gcc -c     -fPIC -DPIC -DPIC conftest.c >&5
configure:7807: $? = 0
configure:7820: result: yes
configure:7844: checking if arm-linux-gnueabi-gcc static flag -static works
configure:7872: result: yes
configure:7887: checking if arm-linux-gnueabi-gcc supports -c -o file.o
configure:7908: arm-linux-gnueabi-gcc -c     -o out/conftest2.o conftest.c >&5
configure:7912: $? = 0
configure:7934: result: yes
configure:7942: checking if arm-linux-gnueabi-gcc supports -c -o file.o
configure:7989: result: yes
configure:8022: checking whether the arm-linux-gnueabi-gcc linker (/usr/arm-linux-gnueabi/bin/ld) supports shared libraries
configure:9096: result: yes
configure:9133: checking whether -lc should be explicitly linked in
configure:9138: arm-linux-gnueabi-gcc -c     conftest.c >&5
configure:9141: $? = 0
configure:9156: arm-linux-gnueabi-gcc -shared conftest.o  -v -Wl,-soname -Wl,conftest -o conftest 2\>\&1 \| /bin/grep  -lc  \>/dev/null 2\>\&1
configure:9159: $? = 0
configure:9171: result: no
configure:9335: checking dynamic linker characteristics
configure:9778: arm-linux-gnueabi-gcc -o conftest      -Wl,-rpath -Wl,/foo conftest.c  >&5
configure:9785: $? = 0
configure:10018: result: GNU/Linux ld.so
configure:10120: checking how to hardcode library paths into programs
configure:10145: result: immediate
configure:10978: checking whether stripping libraries is possible
configure:10983: result: yes
configure:11018: checking if libtool supports shared libraries
configure:11020: result: yes
configure:11023: checking whether to build shared libraries
configure:11044: result: yes
configure:11047: checking whether to build static libraries
configure:11051: result: yes
configure:11127: checking for arm-linux-gnueabi-gcc
configure:11154: result: arm-linux-gnueabi-gcc
configure:11426: checking for C compiler version
configure:11434: arm-linux-gnueabi-gcc --version >&5
arm-linux-gnueabi-gcc (Ubuntu/Linaro 7.3.0-27ubuntu1~18.04) 7.3.0
Copyright (C) 2017 Free Software Foundation, Inc.
This is free software; see the source for copying conditions.  There is NO
warranty; not even for MERCHANTABILITY or FITNESS FOR A PARTICULAR PURPOSE.

configure:11438: $? = 0
configure:11445: arm-linux-gnueabi-gcc -v >&5
Using built-in specs.
COLLECT_GCC=arm-linux-gnueabi-gcc
COLLECT_LTO_WRAPPER=/usr/lib/gcc-cross/arm-linux-gnueabi/7/lto-wrapper
Target: arm-linux-gnueabi
Configured with: ../src/configure -v --with-pkgversion='Ubuntu/Linaro 7.3.0-27ubuntu1~18.04' --with-bugurl=file:///usr/share/doc/gcc-7/README.Bugs --enable-languages=c,ada,c++,go,d,fortran,objc,obj-c++ --prefix=/usr --with-gcc-major-version-only --program-suffix=-7 --enable-shared --enable-linker-build-id --libexecdir=/usr/lib --without-included-gettext --enable-threads=posix --libdir=/usr/lib --enable-nls --with-sysroot=/ --enable-clocale=gnu --enable-libstdcxx-debug --enable-libstdcxx-time=yes --with-default-libstdcxx-abi=new --enable-gnu-unique-object --disable-libitm --disable-libquadmath --disable-libquadmath-support --enable-plugin --with-system-zlib --with-target-system-zlib --enable-multiarch --enable-multilib --disable-sjlj-exceptions --with-arch=armv5t --with-float=soft --disable-werror --enable-multilib --enable-checking=release --build=x86_64-linux-gnu --host=x86_64-linux-gnu --target=arm-linux-gnueabi --program-prefix=arm-linux-gnueabi- --includedir=/usr/arm-linux-gnueabi/include
Thread model: posix
gcc version 7.3.0 (Ubuntu/Linaro 7.3.0-27ubuntu1~18.04) 
configure:11449: $? = 0
configure:11456: arm-linux-gnueabi-gcc -V >&5
arm-linux-gnueabi-gcc: error: unrecognized command line option '-V'
arm-linux-gnueabi-gcc: fatal error: no input files
compilation terminated.
configure:11460: $? = 1
configure:11463: checking whether we are using the GNU C compiler
configure:11516: result: yes
configure:11525: checking whether arm-linux-gnueabi-gcc accepts -g
configure:11663: result: yes
configure:11680: checking for arm-linux-gnueabi-gcc option to accept ISO C89
configure:11784: result: none needed
configure:11804: checking dependency style of arm-linux-gnueabi-gcc
configure:11914: result: gcc3
configure:11931: checking whether to enable assertions
configure:11943: result: yes
configure:11970: checking pthread.h usability
configure:11987: arm-linux-gnueabi-gcc -c     conftest.c >&5
configure:11994: $? = 0
configure:12008: result: yes
configure:12012: checking pthread.h presence
configure:12027: arm-linux-gnueabi-cpp  conftest.c
configure:12034: $? = 0
configure:12048: result: yes
configure:12081: checking for pthread.h
configure:12090: result: yes
configure:11970: checking atomic.h usability
configure:11987: arm-linux-gnueabi-gcc -c     conftest.c >&5
conftest.c:56:10: fatal error: atomic.h: No such file or directory
 #include <atomic.h>
          ^~~~~~~~~~
compilation terminated.
configure:11994: $? = 1
configure: failed program was:
| /* confdefs.h.  */
| #define PACKAGE_NAME "OpenPA"
| #define PACKAGE_TARNAME "openpa"
| #define PACKAGE_VERSION "1.0.2"
| #define PACKAGE_STRING "OpenPA 1.0.2"
| #define PACKAGE_BUGREPORT "https://trac.mcs.anl.gov/projects/openpa/newticket"
| #define PACKAGE "openpa"
| #define VERSION "1.0.2"
| #define STDC_HEADERS 1
| #define HAVE_SYS_TYPES_H 1
| #define HAVE_SYS_STAT_H 1
| #define HAVE_STDLIB_H 1
| #define HAVE_STRING_H 1
| #define HAVE_MEMORY_H 1
| #define HAVE_STRINGS_H 1
| #define HAVE_INTTYPES_H 1
| #define HAVE_STDINT_H 1
| #define HAVE_UNISTD_H 1
| #define HAVE_DLFCN_H 1
| #define LT_OBJDIR ".libs/"
| #define HAVE_PTHREAD_H 1
| /* end confdefs.h.  */
| #include <stdio.h>
| #ifdef HAVE_SYS_TYPES_H
| # include <sys/types.h>
| #endif
| #ifdef HAVE_SYS_STAT_H
| # include <sys/stat.h>
| #endif
| #ifdef STDC_HEADERS
| # include <stdlib.h>
| # include <stddef.h>
| #else
| # ifdef HAVE_STDLIB_H
| #  include <stdlib.h>
| # endif
| #endif
| #ifdef HAVE_STRING_H
| # if !defined STDC_HEADERS && defined HAVE_MEMORY_H
| #  include <memory.h>
| # endif
| # include <string.h>
| #endif
| #ifdef HAVE_STRINGS_H
| # include <strings.h>
| #endif
| #ifdef HAVE_INTTYPES_H
| # include <inttypes.h>
| #endif
| #ifdef HAVE_STDINT_H
| # include <stdint.h>
| #endif
| #ifdef HAVE_UNISTD_H
| # include <unistd.h>
| #endif
| #include <atomic.h>
configure:12008: result: no
configure:12012: checking atomic.h presence
configure:12027: arm-linux-gnueabi-cpp  conftest.c
conftest.c:23:10: fatal error: atomic.h: No such file or directory
 #include <atomic.h>
          ^~~~~~~~~~
compilation terminated.
configure:12034: $? = 1
configure: failed program was:
| /* confdefs.h.  */
| #define PACKAGE_NAME "OpenPA"
| #define PACKAGE_TARNAME "openpa"
| #define PACKAGE_VERSION "1.0.2"
| #define PACKAGE_STRING "OpenPA 1.0.2"
| #define PACKAGE_BUGREPORT "https://trac.mcs.anl.gov/projects/openpa/newticket"
| #define PACKAGE "openpa"
| #define VERSION "1.0.2"
| #define STDC_HEADERS 1
| #define HAVE_SYS_TYPES_H 1
| #define HAVE_SYS_STAT_H 1
| #define HAVE_STDLIB_H 1
| #define HAVE_STRING_H 1
| #define HAVE_MEMORY_H 1
| #define HAVE_STRINGS_H 1
| #define HAVE_INTTYPES_H 1
| #define HAVE_STDINT_H 1
| #define HAVE_UNISTD_H 1
| #define HAVE_DLFCN_H 1
| #define LT_OBJDIR ".libs/"
| #define HAVE_PTHREAD_H 1
| /* end confdefs.h.  */
| #include <atomic.h>
configure:12048: result: no
configure:12081: checking for atomic.h
configure:12090: result: no
configure:11970: checking intrin.h usability
configure:11987: arm-linux-gnueabi-gcc -c     conftest.c >&5
conftest.c:56:10: fatal error: intrin.h: No such file or directory
 #include <intrin.h>
          ^~~~~~~~~~
compilation terminated.
configure:11994: $? = 1
configure: failed program was:
| /* confdefs.h.  */
| #define PACKAGE_NAME "OpenPA"
| #define PACKAGE_TARNAME "openpa"
| #define PACKAGE_VERSION "1.0.2"
| #define PACKAGE_STRING "OpenPA 1.0.2"
| #define PACKAGE_BUGREPORT "https://trac.mcs.anl.gov/projects/openpa/newticket"
| #define PACKAGE "openpa"
| #define VERSION "1.0.2"
| #define STDC_HEADERS 1
| #define HAVE_SYS_TYPES_H 1
| #define HAVE_SYS_STAT_H 1
| #define HAVE_STDLIB_H 1
| #define HAVE_STRING_H 1
| #define HAVE_MEMORY_H 1
| #define HAVE_STRINGS_H 1
| #define HAVE_INTTYPES_H 1
| #define HAVE_STDINT_H 1
| #define HAVE_UNISTD_H 1
| #define HAVE_DLFCN_H 1
| #define LT_OBJDIR ".libs/"
| #define HAVE_PTHREAD_H 1
| /* end confdefs.h.  */
| #include <stdio.h>
| #ifdef HAVE_SYS_TYPES_H
| # include <sys/types.h>
| #endif
| #ifdef HAVE_SYS_STAT_H
| # include <sys/stat.h>
| #endif
| #ifdef STDC_HEADERS
| # include <stdlib.h>
| # include <stddef.h>
| #else
| # ifdef HAVE_STDLIB_H
| #  include <stdlib.h>
| # endif
| #endif
| #ifdef HAVE_STRING_H
| # if !defined STDC_HEADERS && defined HAVE_MEMORY_H
| #  include <memory.h>
| # endif
| # include <string.h>
| #endif
| #ifdef HAVE_STRINGS_H
| # include <strings.h>
| #endif
| #ifdef HAVE_INTTYPES_H
| # include <inttypes.h>
| #endif
| #ifdef HAVE_STDINT_H
| # include <stdint.h>
| #endif
| #ifdef HAVE_UNISTD_H
| # include <unistd.h>
| #endif
| #include <intrin.h>
configure:12008: result: no
configure:12012: checking intrin.h presence
configure:12027: arm-linux-gnueabi-cpp  conftest.c
conftest.c:23:10: fatal error: intrin.h: No such file or directory
 #include <intrin.h>
          ^~~~~~~~~~
compilation terminated.
configure:12034: $? = 1
configure: failed program was:
| /* confdefs.h.  */
| #define PACKAGE_NAME "OpenPA"
| #define PACKAGE_TARNAME "openpa"
| #define PACKAGE_VERSION "1.0.2"
| #define PACKAGE_STRING "OpenPA 1.0.2"
| #define PACKAGE_BUGREPORT "https://trac.mcs.anl.gov/projects/openpa/newticket"
| #define PACKAGE "openpa"
| #define VERSION "1.0.2"
| #define STDC_HEADERS 1
| #define HAVE_SYS_TYPES_H 1
| #define HAVE_SYS_STAT_H 1
| #define HAVE_STDLIB_H 1
| #define HAVE_STRING_H 1
| #define HAVE_MEMORY_H 1
| #define HAVE_STRINGS_H 1
| #define HAVE_INTTYPES_H 1
| #define HAVE_STDINT_H 1
| #define HAVE_UNISTD_H 1
| #define HAVE_DLFCN_H 1
| #define LT_OBJDIR ".libs/"
| #define HAVE_PTHREAD_H 1
| /* end confdefs.h.  */
| #include <intrin.h>
configure:12048: result: no
configure:12081: checking for intrin.h
configure:12090: result: no
configure:11959: checking for inttypes.h
configure:11966: result: yes
configure:11959: checking for stdint.h
configure:11966: result: yes
configure:11970: checking stddef.h usability
configure:11987: arm-linux-gnueabi-gcc -c     conftest.c >&5
configure:11994: $? = 0
configure:12008: result: yes
configure:12012: checking stddef.h presence
configure:12027: arm-linux-gnueabi-cpp  conftest.c
configure:12034: $? = 0
configure:12048: result: yes
configure:12081: checking for stddef.h
configure:12090: result: yes
configure:12106: checking for C/C++ restrict keyword
configure:12141: arm-linux-gnueabi-gcc -c     conftest.c >&5
configure:12148: $? = 0
configure:12166: result: __restrict
configure:12182: checking for inline
configure:12208: arm-linux-gnueabi-gcc -c     conftest.c >&5
configure:12215: $? = 0
configure:12233: result: inline
configure:12255: checking for an ANSI C-conforming const
configure:12330: arm-linux-gnueabi-gcc -c     conftest.c >&5
configure:12337: $? = 0
configure:12352: result: yes
configure:12364: checking for pthread_create in -lpthread
configure:12399: arm-linux-gnueabi-gcc -o conftest      conftest.c -lpthread   >&5
configure:12406: $? = 0
configure:12427: result: yes
configure:12443: checking for pthread_yield
configure:12499: arm-linux-gnueabi-gcc -o conftest      conftest.c -lpthread  >&5
configure:12506: $? = 0
configure:12528: result: yes
configure:12782: checking if 100 threads can be run at once
configure:12785: result: N/A
configure:12963: checking size of void *
configure:12993: arm-linux-gnueabi-gcc -c     conftest.c >&5
configure:13000: $? = 0
configure:13030: arm-linux-gnueabi-gcc -c     conftest.c >&5
conftest.c: In function 'main':
conftest.c:65:12: error: size of array 'test_array' is negative
 static int test_array [1 - 2 * !(((long int) (sizeof (void *))) <= 0)];
            ^~~~~~~~~~
configure:13037: $? = 1
configure: failed program was:
| /* confdefs.h.  */
| #define PACKAGE_NAME "OpenPA"
| #define PACKAGE_TARNAME "openpa"
| #define PACKAGE_VERSION "1.0.2"
| #define PACKAGE_STRING "OpenPA 1.0.2"
| #define PACKAGE_BUGREPORT "https://trac.mcs.anl.gov/projects/openpa/newticket"
| #define PACKAGE "openpa"
| #define VERSION "1.0.2"
| #define STDC_HEADERS 1
| #define HAVE_SYS_TYPES_H 1
| #define HAVE_SYS_STAT_H 1
| #define HAVE_STDLIB_H 1
| #define HAVE_STRING_H 1
| #define HAVE_MEMORY_H 1
| #define HAVE_STRINGS_H 1
| #define HAVE_INTTYPES_H 1
| #define HAVE_STDINT_H 1
| #define HAVE_UNISTD_H 1
| #define HAVE_DLFCN_H 1
| #define LT_OBJDIR ".libs/"
| #define HAVE_PTHREAD_H 1
| #define HAVE_INTTYPES_H 1
| #define HAVE_STDINT_H 1
| #define HAVE_STDDEF_H 1
| #define restrict __restrict
| #define HAVE_LIBPTHREAD 1
| #define HAVE_PTHREAD_YIELD 1
| /* end confdefs.h.  */
| #include <stdio.h>
| #ifdef HAVE_SYS_TYPES_H
| # include <sys/types.h>
| #endif
| #ifdef HAVE_SYS_STAT_H
| # include <sys/stat.h>
| #endif
| #ifdef STDC_HEADERS
| # include <stdlib.h>
| # include <stddef.h>
| #else
| # ifdef HAVE_STDLIB_H
| #  include <stdlib.h>
| # endif
| #endif
| #ifdef HAVE_STRING_H
| # if !defined STDC_HEADERS && defined HAVE_MEMORY_H
| #  include <memory.h>
| # endif
| # include <string.h>
| #endif
| #ifdef HAVE_STRINGS_H
| # include <strings.h>
| #endif
| #ifdef HAVE_INTTYPES_H
| # include <inttypes.h>
| #endif
| #ifdef HAVE_STDINT_H
| # include <stdint.h>
| #endif
| #ifdef HAVE_UNISTD_H
| # include <unistd.h>
| #endif
| int
| main ()
| {
| static int test_array [1 - 2 * !(((long int) (sizeof (void *))) <= 0)];
| test_array [0] = 0
| 
|   ;
|   return 0;
| }
configure:13030: arm-linux-gnueabi-gcc -c     conftest.c >&5
conftest.c: In function 'main':
conftest.c:65:12: error: size of array 'test_array' is negative
 static int test_array [1 - 2 * !(((long int) (sizeof (void *))) <= 1)];
            ^~~~~~~~~~
configure:13037: $? = 1
configure: failed program was:
| /* confdefs.h.  */
| #define PACKAGE_NAME "OpenPA"
| #define PACKAGE_TARNAME "openpa"
| #define PACKAGE_VERSION "1.0.2"
| #define PACKAGE_STRING "OpenPA 1.0.2"
| #define PACKAGE_BUGREPORT "https://trac.mcs.anl.gov/projects/openpa/newticket"
| #define PACKAGE "openpa"
| #define VERSION "1.0.2"
| #define STDC_HEADERS 1
| #define HAVE_SYS_TYPES_H 1
| #define HAVE_SYS_STAT_H 1
| #define HAVE_STDLIB_H 1
| #define HAVE_STRING_H 1
| #define HAVE_MEMORY_H 1
| #define HAVE_STRINGS_H 1
| #define HAVE_INTTYPES_H 1
| #define HAVE_STDINT_H 1
| #define HAVE_UNISTD_H 1
| #define HAVE_DLFCN_H 1
| #define LT_OBJDIR ".libs/"
| #define HAVE_PTHREAD_H 1
| #define HAVE_INTTYPES_H 1
| #define HAVE_STDINT_H 1
| #define HAVE_STDDEF_H 1
| #define restrict __restrict
| #define HAVE_LIBPTHREAD 1
| #define HAVE_PTHREAD_YIELD 1
| /* end confdefs.h.  */
| #include <stdio.h>
| #ifdef HAVE_SYS_TYPES_H
| # include <sys/types.h>
| #endif
| #ifdef HAVE_SYS_STAT_H
| # include <sys/stat.h>
| #endif
| #ifdef STDC_HEADERS
| # include <stdlib.h>
| # include <stddef.h>
| #else
| # ifdef HAVE_STDLIB_H
| #  include <stdlib.h>
| # endif
| #endif
| #ifdef HAVE_STRING_H
| # if !defined STDC_HEADERS && defined HAVE_MEMORY_H
| #  include <memory.h>
| # endif
| # include <string.h>
| #endif
| #ifdef HAVE_STRINGS_H
| # include <strings.h>
| #endif
| #ifdef HAVE_INTTYPES_H
| # include <inttypes.h>
| #endif
| #ifdef HAVE_STDINT_H
| # include <stdint.h>
| #endif
| #ifdef HAVE_UNISTD_H
| # include <unistd.h>
| #endif
| int
| main ()
| {
| static int test_array [1 - 2 * !(((long int) (sizeof (void *))) <= 1)];
| test_array [0] = 0
| 
|   ;
|   return 0;
| }
configure:13030: arm-linux-gnueabi-gcc -c     conftest.c >&5
conftest.c: In function 'main':
conftest.c:65:12: error: size of array 'test_array' is negative
 static int test_array [1 - 2 * !(((long int) (sizeof (void *))) <= 3)];
            ^~~~~~~~~~
configure:13037: $? = 1
configure: failed program was:
| /* confdefs.h.  */
| #define PACKAGE_NAME "OpenPA"
| #define PACKAGE_TARNAME "openpa"
| #define PACKAGE_VERSION "1.0.2"
| #define PACKAGE_STRING "OpenPA 1.0.2"
| #define PACKAGE_BUGREPORT "https://trac.mcs.anl.gov/projects/openpa/newticket"
| #define PACKAGE "openpa"
| #define VERSION "1.0.2"
| #define STDC_HEADERS 1
| #define HAVE_SYS_TYPES_H 1
| #define HAVE_SYS_STAT_H 1
| #define HAVE_STDLIB_H 1
| #define HAVE_STRING_H 1
| #define HAVE_MEMORY_H 1
| #define HAVE_STRINGS_H 1
| #define HAVE_INTTYPES_H 1
| #define HAVE_STDINT_H 1
| #define HAVE_UNISTD_H 1
| #define HAVE_DLFCN_H 1
| #define LT_OBJDIR ".libs/"
| #define HAVE_PTHREAD_H 1
| #define HAVE_INTTYPES_H 1
| #define HAVE_STDINT_H 1
| #define HAVE_STDDEF_H 1
| #define restrict __restrict
| #define HAVE_LIBPTHREAD 1
| #define HAVE_PTHREAD_YIELD 1
| /* end confdefs.h.  */
| #include <stdio.h>
| #ifdef HAVE_SYS_TYPES_H
| # include <sys/types.h>
| #endif
| #ifdef HAVE_SYS_STAT_H
| # include <sys/stat.h>
| #endif
| #ifdef STDC_HEADERS
| # include <stdlib.h>
| # include <stddef.h>
| #else
| # ifdef HAVE_STDLIB_H
| #  include <stdlib.h>
| # endif
| #endif
| #ifdef HAVE_STRING_H
| # if !defined STDC_HEADERS && defined HAVE_MEMORY_H
| #  include <memory.h>
| # endif
| # include <string.h>
| #endif
| #ifdef HAVE_STRINGS_H
| # include <strings.h>
| #endif
| #ifdef HAVE_INTTYPES_H
| # include <inttypes.h>
| #endif
| #ifdef HAVE_STDINT_H
| # include <stdint.h>
| #endif
| #ifdef HAVE_UNISTD_H
| # include <unistd.h>
| #endif
| int
| main ()
| {
| static int test_array [1 - 2 * !(((long int) (sizeof (void *))) <= 3)];
| test_array [0] = 0
| 
|   ;
|   return 0;
| }
configure:13030: arm-linux-gnueabi-gcc -c     conftest.c >&5
configure:13037: $? = 0
configure:13185: arm-linux-gnueabi-gcc -c     conftest.c >&5
configure:13192: $? = 0
configure:13185: arm-linux-gnueabi-gcc -c     conftest.c >&5
configure:13192: $? = 0
configure:13308: result: 4
configure:13322: checking size of int
configure:13352: arm-linux-gnueabi-gcc -c     conftest.c >&5
configure:13359: $? = 0
configure:13389: arm-linux-gnueabi-gcc -c     conftest.c >&5
conftest.c: In function 'main':
conftest.c:66:12: error: size of array 'test_array' is negative
 static int test_array [1 - 2 * !(((long int) (sizeof (int))) <= 0)];
            ^~~~~~~~~~
configure:13396: $? = 1
configure: failed program was:
| /* confdefs.h.  */
| #define PACKAGE_NAME "OpenPA"
| #define PACKAGE_TARNAME "openpa"
| #define PACKAGE_VERSION "1.0.2"
| #define PACKAGE_STRING "OpenPA 1.0.2"
| #define PACKAGE_BUGREPORT "https://trac.mcs.anl.gov/projects/openpa/newticket"
| #define PACKAGE "openpa"
| #define VERSION "1.0.2"
| #define STDC_HEADERS 1
| #define HAVE_SYS_TYPES_H 1
| #define HAVE_SYS_STAT_H 1
| #define HAVE_STDLIB_H 1
| #define HAVE_STRING_H 1
| #define HAVE_MEMORY_H 1
| #define HAVE_STRINGS_H 1
| #define HAVE_INTTYPES_H 1
| #define HAVE_STDINT_H 1
| #define HAVE_UNISTD_H 1
| #define HAVE_DLFCN_H 1
| #define LT_OBJDIR ".libs/"
| #define HAVE_PTHREAD_H 1
| #define HAVE_INTTYPES_H 1
| #define HAVE_STDINT_H 1
| #define HAVE_STDDEF_H 1
| #define restrict __restrict
| #define HAVE_LIBPTHREAD 1
| #define HAVE_PTHREAD_YIELD 1
| #define SIZEOF_VOID_P 4
| /* end confdefs.h.  */
| #include <stdio.h>
| #ifdef HAVE_SYS_TYPES_H
| # include <sys/types.h>
| #endif
| #ifdef HAVE_SYS_STAT_H
| # include <sys/stat.h>
| #endif
| #ifdef STDC_HEADERS
| # include <stdlib.h>
| # include <stddef.h>
| #else
| # ifdef HAVE_STDLIB_H
| #  include <stdlib.h>
| # endif
| #endif
| #ifdef HAVE_STRING_H
| # if !defined STDC_HEADERS && defined HAVE_MEMORY_H
| #  include <memory.h>
| # endif
| # include <string.h>
| #endif
| #ifdef HAVE_STRINGS_H
| # include <strings.h>
| #endif
| #ifdef HAVE_INTTYPES_H
| # include <inttypes.h>
| #endif
| #ifdef HAVE_STDINT_H
| # include <stdint.h>
| #endif
| #ifdef HAVE_UNISTD_H
| # include <unistd.h>
| #endif
| int
| main ()
| {
| static int test_array [1 - 2 * !(((long int) (sizeof (int))) <= 0)];
| test_array [0] = 0
| 
|   ;
|   return 0;
| }
configure:13389: arm-linux-gnueabi-gcc -c     conftest.c >&5
conftest.c: In function 'main':
conftest.c:66:12: error: size of array 'test_array' is negative
 static int test_array [1 - 2 * !(((long int) (sizeof (int))) <= 1)];
            ^~~~~~~~~~
configure:13396: $? = 1
configure: failed program was:
| /* confdefs.h.  */
| #define PACKAGE_NAME "OpenPA"
| #define PACKAGE_TARNAME "openpa"
| #define PACKAGE_VERSION "1.0.2"
| #define PACKAGE_STRING "OpenPA 1.0.2"
| #define PACKAGE_BUGREPORT "https://trac.mcs.anl.gov/projects/openpa/newticket"
| #define PACKAGE "openpa"
| #define VERSION "1.0.2"
| #define STDC_HEADERS 1
| #define HAVE_SYS_TYPES_H 1
| #define HAVE_SYS_STAT_H 1
| #define HAVE_STDLIB_H 1
| #define HAVE_STRING_H 1
| #define HAVE_MEMORY_H 1
| #define HAVE_STRINGS_H 1
| #define HAVE_INTTYPES_H 1
| #define HAVE_STDINT_H 1
| #define HAVE_UNISTD_H 1
| #define HAVE_DLFCN_H 1
| #define LT_OBJDIR ".libs/"
| #define HAVE_PTHREAD_H 1
| #define HAVE_INTTYPES_H 1
| #define HAVE_STDINT_H 1
| #define HAVE_STDDEF_H 1
| #define restrict __restrict
| #define HAVE_LIBPTHREAD 1
| #define HAVE_PTHREAD_YIELD 1
| #define SIZEOF_VOID_P 4
| /* end confdefs.h.  */
| #include <stdio.h>
| #ifdef HAVE_SYS_TYPES_H
| # include <sys/types.h>
| #endif
| #ifdef HAVE_SYS_STAT_H
| # include <sys/stat.h>
| #endif
| #ifdef STDC_HEADERS
| # include <stdlib.h>
| # include <stddef.h>
| #else
| # ifdef HAVE_STDLIB_H
| #  include <stdlib.h>
| # endif
| #endif
| #ifdef HAVE_STRING_H
| # if !defined STDC_HEADERS && defined HAVE_MEMORY_H
| #  include <memory.h>
| # endif
| # include <string.h>
| #endif
| #ifdef HAVE_STRINGS_H
| # include <strings.h>
| #endif
| #ifdef HAVE_INTTYPES_H
| # include <inttypes.h>
| #endif
| #ifdef HAVE_STDINT_H
| # include <stdint.h>
| #endif
| #ifdef HAVE_UNISTD_H
| # include <unistd.h>
| #endif
| int
| main ()
| {
| static int test_array [1 - 2 * !(((long int) (sizeof (int))) <= 1)];
| test_array [0] = 0
| 
|   ;
|   return 0;
| }
configure:13389: arm-linux-gnueabi-gcc -c     conftest.c >&5
conftest.c: In function 'main':
conftest.c:66:12: error: size of array 'test_array' is negative
 static int test_array [1 - 2 * !(((long int) (sizeof (int))) <= 3)];
            ^~~~~~~~~~
configure:13396: $? = 1
configure: failed program was:
| /* confdefs.h.  */
| #define PACKAGE_NAME "OpenPA"
| #define PACKAGE_TARNAME "openpa"
| #define PACKAGE_VERSION "1.0.2"
| #define PACKAGE_STRING "OpenPA 1.0.2"
| #define PACKAGE_BUGREPORT "https://trac.mcs.anl.gov/projects/openpa/newticket"
| #define PACKAGE "openpa"
| #define VERSION "1.0.2"
| #define STDC_HEADERS 1
| #define HAVE_SYS_TYPES_H 1
| #define HAVE_SYS_STAT_H 1
| #define HAVE_STDLIB_H 1
| #define HAVE_STRING_H 1
| #define HAVE_MEMORY_H 1
| #define HAVE_STRINGS_H 1
| #define HAVE_INTTYPES_H 1
| #define HAVE_STDINT_H 1
| #define HAVE_UNISTD_H 1
| #define HAVE_DLFCN_H 1
| #define LT_OBJDIR ".libs/"
| #define HAVE_PTHREAD_H 1
| #define HAVE_INTTYPES_H 1
| #define HAVE_STDINT_H 1
| #define HAVE_STDDEF_H 1
| #define restrict __restrict
| #define HAVE_LIBPTHREAD 1
| #define HAVE_PTHREAD_YIELD 1
| #define SIZEOF_VOID_P 4
| /* end confdefs.h.  */
| #include <stdio.h>
| #ifdef HAVE_SYS_TYPES_H
| # include <sys/types.h>
| #endif
| #ifdef HAVE_SYS_STAT_H
| # include <sys/stat.h>
| #endif
| #ifdef STDC_HEADERS
| # include <stdlib.h>
| # include <stddef.h>
| #else
| # ifdef HAVE_STDLIB_H
| #  include <stdlib.h>
| # endif
| #endif
| #ifdef HAVE_STRING_H
| # if !defined STDC_HEADERS && defined HAVE_MEMORY_H
| #  include <memory.h>
| # endif
| # include <string.h>
| #endif
| #ifdef HAVE_STRINGS_H
| # include <strings.h>
| #endif
| #ifdef HAVE_INTTYPES_H
| # include <inttypes.h>
| #endif
| #ifdef HAVE_STDINT_H
| # include <stdint.h>
| #endif
| #ifdef HAVE_UNISTD_H
| # include <unistd.h>
| #endif
| int
| main ()
| {
| static int test_array [1 - 2 * !(((long int) (sizeof (int))) <= 3)];
| test_array [0] = 0
| 
|   ;
|   return 0;
| }
configure:13389: arm-linux-gnueabi-gcc -c     conftest.c >&5
configure:13396: $? = 0
configure:13544: arm-linux-gnueabi-gcc -c     conftest.c >&5
configure:13551: $? = 0
configure:13544: arm-linux-gnueabi-gcc -c     conftest.c >&5
configure:13551: $? = 0
configure:13667: result: 4
configure:13679: checking whether __attribute__ allowed
configure:13706: arm-linux-gnueabi-gcc -c     conftest.c >&5
configure:13713: $? = 0
configure:13728: result: yes
configure:13730: checking whether __attribute__((format)) allowed
configure:13757: arm-linux-gnueabi-gcc -c     conftest.c >&5
configure:13764: $? = 0
configure:13779: result: yes
configure:13790: checking if compiler rejects bogus asm statements
configure:13815: arm-linux-gnueabi-gcc -o conftest      conftest.c -lpthread  >&5
/tmp/cc8YdUBN.s: Assembler messages:
/tmp/cc8YdUBN.s:27: Error: bad instruction `illegal_asm_stmt'
configure:13822: $? = 1
configure: failed program was:
| /* confdefs.h.  */
| #define PACKAGE_NAME "OpenPA"
| #define PACKAGE_TARNAME "openpa"
| #define PACKAGE_VERSION "1.0.2"
| #define PACKAGE_STRING "OpenPA 1.0.2"
| #define PACKAGE_BUGREPORT "https://trac.mcs.anl.gov/projects/openpa/newticket"
| #define PACKAGE "openpa"
| #define VERSION "1.0.2"
| #define STDC_HEADERS 1
| #define HAVE_SYS_TYPES_H 1
| #define HAVE_SYS_STAT_H 1
| #define HAVE_STDLIB_H 1
| #define HAVE_STRING_H 1
| #define HAVE_MEMORY_H 1
| #define HAVE_STRINGS_H 1
| #define HAVE_INTTYPES_H 1
| #define HAVE_STDINT_H 1
| #define HAVE_UNISTD_H 1
| #define HAVE_DLFCN_H 1
| #define LT_OBJDIR ".libs/"
| #define HAVE_PTHREAD_H 1
| #define HAVE_INTTYPES_H 1
| #define HAVE_STDINT_H 1
| #define HAVE_STDDEF_H 1
| #define restrict __restrict
| #define HAVE_LIBPTHREAD 1
| #define HAVE_PTHREAD_YIELD 1
| #define SIZEOF_VOID_P 4
| #define SIZEOF_INT 4
| #define HAVE_GCC_ATTRIBUTE 1
| /* end confdefs.h.  */
| 
| int
| main ()
| {
| 
|     __asm__ __volatile__ ("ILLEGAL_ASM_STMT");
| 
|   ;
|   return 0;
| }
configure:13839: result: yes
configure:14116: checking for support for gcc x86 primitives for pre-Pentium 4
configure:14183: arm-linux-gnueabi-gcc -o conftest    -I./src   conftest.c -lpthread  >&5
In file included from ./src/primitives/opa_gcc_intel_32_64_p3.h:10:0,
                 from conftest.c:48:
./src/primitives/opa_gcc_intel_32_64_ops.h: In function 'OPA_cas_int':
./src/primitives/opa_gcc_intel_32_64_ops.h:113:5: error: impossible constraint in 'asm'
     __asm__ __volatile__ ("lock ; cmpxchg %3,%4"
     ^~~~~~~
configure:14190: $? = 1
configure: failed program was:
| /* confdefs.h.  */
| #define PACKAGE_NAME "OpenPA"
| #define PACKAGE_TARNAME "openpa"
| #define PACKAGE_VERSION "1.0.2"
| #define PACKAGE_STRING "OpenPA 1.0.2"
| #define PACKAGE_BUGREPORT "https://trac.mcs.anl.gov/projects/openpa/newticket"
| #define PACKAGE "openpa"
| #define VERSION "1.0.2"
| #define STDC_HEADERS 1
| #define HAVE_SYS_TYPES_H 1
| #define HAVE_SYS_STAT_H 1
| #define HAVE_STDLIB_H 1
| #define HAVE_STRING_H 1
| #define HAVE_MEMORY_H 1
| #define HAVE_STRINGS_H 1
| #define HAVE_INTTYPES_H 1
| #define HAVE_STDINT_H 1
| #define HAVE_UNISTD_H 1
| #define HAVE_DLFCN_H 1
| #define LT_OBJDIR ".libs/"
| #define HAVE_PTHREAD_H 1
| #define HAVE_INTTYPES_H 1
| #define HAVE_STDINT_H 1
| #define HAVE_STDDEF_H 1
| #define restrict __restrict
| #define HAVE_LIBPTHREAD 1
| #define HAVE_PTHREAD_YIELD 1
| #define SIZEOF_VOID_P 4
| #define SIZEOF_INT 4
| #define HAVE_GCC_ATTRIBUTE 1
| /* end confdefs.h.  */
| 
| #define OPA_SIZEOF_INT SIZEOF_INT
| #define OPA_SIZEOF_VOID_P SIZEOF_VOID_P
| #ifndef _opa_inline
| #define _opa_inline inline
| #endif
| #ifndef _opa_restrict
| #define _opa_restrict restrict
| #endif
| #ifndef _opa_const
| #define _opa_const const
| #endif
| #ifdef HAVE_GCC_ATTRIBUTE
| #define OPA_HAVE_GCC_ATTRIBUTE 1
| #endif
| #include "opa_util.h" /* for OPA_ATTRIBUTE and friends */
| #include "primitives/opa_gcc_intel_32_64_p3.h"
| 
| int
| main ()
| {
| 
|     OPA_int_t a, b;
|     int c;
| 
|     OPA_store_int(&a, 0);
|     OPA_store_int(&b, 1);
|     c = OPA_load_int(&a);
| 
|     OPA_add_int(&a, 10);
|     OPA_incr_int(&a);
|     OPA_decr_int(&a);
| 
|     c = OPA_decr_and_test_int(&a);
|     c = OPA_fetch_and_add_int(&a, 10);
|     c = OPA_fetch_and_incr_int(&a);
|     c = OPA_fetch_and_decr_int(&a);
| 
|     c = OPA_cas_int(&a, 10, 11);
|     c = OPA_swap_int(&a, OPA_load_int(&b));
| 
|     OPA_write_barrier();
|     OPA_read_barrier();
|     OPA_read_write_barrier();
| 
|   ;
|   return 0;
| }
| 
configure:14211: result: no
configure:14332: checking for support for gcc ia64 primitives
configure:14398: arm-linux-gnueabi-gcc -o conftest    -I./src   conftest.c -lpthread  >&5
/tmp/cc4R64oS.s: Assembler messages:
/tmp/cc4R64oS.s:74: Error: unexpected character `r' in type specifier
/tmp/cc4R64oS.s:74: Error: bad instruction `fetchadd4.rel r3=[r3],#-1'
/tmp/cc4R64oS.s:111: Error: bad instruction `zxt4 [r0]=[r0]'
/tmp/cc4R64oS.s:111: Error: ARM register expected -- `mov ar.ccv=[r0]'
/tmp/cc4R64oS.s:111: Error: unexpected character `r' in type specifier
/tmp/cc4R64oS.s:111: Error: bad instruction `cmpxchg4.rel r3=[r2],r1,ar.ccv'
/tmp/cc4R64oS.s:180: Error: unexpected character `r' in type specifier
/tmp/cc4R64oS.s:180: Error: bad instruction `fetchadd4.rel r3=[r3],#-16'
/tmp/cc4R64oS.s:192: Error: unexpected character `r' in type specifier
/tmp/cc4R64oS.s:192: Error: bad instruction `fetchadd4.rel r3=[r3],#-8'
/tmp/cc4R64oS.s:204: Error: unexpected character `r' in type specifier
/tmp/cc4R64oS.s:204: Error: bad instruction `fetchadd4.rel r3=[r3],#-4'
/tmp/cc4R64oS.s:216: Error: unexpected character `r' in type specifier
/tmp/cc4R64oS.s:216: Error: bad instruction `fetchadd4.rel r3=[r3],#-1'
/tmp/cc4R64oS.s:228: Error: unexpected character `r' in type specifier
/tmp/cc4R64oS.s:228: Error: bad instruction `fetchadd4.rel r3=[r3],#1'
/tmp/cc4R64oS.s:240: Error: unexpected character `r' in type specifier
/tmp/cc4R64oS.s:240: Error: bad instruction `fetchadd4.rel r3=[r3],#4'
/tmp/cc4R64oS.s:252: Error: unexpected character `r' in type specifier
/tmp/cc4R64oS.s:252: Error: bad instruction `fetchadd4.rel r3=[r3],#8'
/tmp/cc4R64oS.s:264: Error: unexpected character `r' in type specifier
/tmp/cc4R64oS.s:264: Error: bad instruction `fetchadd4.rel r3=[r3],#16'
/tmp/cc4R64oS.s:313: Error: bad instruction `xchg8 r3=[r2],r3'
/tmp/cc4R64oS.s:501: Error: bad instruction `mf'
/tmp/cc4R64oS.s:504: Error: bad instruction `mf'
/tmp/cc4R64oS.s:507: Error: bad instruction `mf'
configure:14405: $? = 1
configure: failed program was:
| /* confdefs.h.  */
| #define PACKAGE_NAME "OpenPA"
| #define PACKAGE_TARNAME "openpa"
| #define PACKAGE_VERSION "1.0.2"
| #define PACKAGE_STRING "OpenPA 1.0.2"
| #define PACKAGE_BUGREPORT "https://trac.mcs.anl.gov/projects/openpa/newticket"
| #define PACKAGE "openpa"
| #define VERSION "1.0.2"
| #define STDC_HEADERS 1
| #define HAVE_SYS_TYPES_H 1
| #define HAVE_SYS_STAT_H 1
| #define HAVE_STDLIB_H 1
| #define HAVE_STRING_H 1
| #define HAVE_MEMORY_H 1
| #define HAVE_STRINGS_H 1
| #define HAVE_INTTYPES_H 1
| #define HAVE_STDINT_H 1
| #define HAVE_UNISTD_H 1
| #define HAVE_DLFCN_H 1
| #define LT_OBJDIR ".libs/"
| #define HAVE_PTHREAD_H 1
| #define HAVE_INTTYPES_H 1
| #define HAVE_STDINT_H 1
| #define HAVE_STDDEF_H 1
| #define restrict __restrict
| #define HAVE_LIBPTHREAD 1
| #define HAVE_PTHREAD_YIELD 1
| #define SIZEOF_VOID_P 4
| #define SIZEOF_INT 4
| #define HAVE_GCC_ATTRIBUTE 1
| /* end confdefs.h.  */
| 
| #define OPA_SIZEOF_INT SIZEOF_INT
| #define OPA_SIZEOF_VOID_P SIZEOF_VOID_P
| #ifndef _opa_inline
| #define _opa_inline inline
| #endif
| #ifndef _opa_restrict
| #define _opa_restrict restrict
| #endif
| #ifndef _opa_const
| #define _opa_const const
| #endif
| #ifdef HAVE_GCC_ATTRIBUTE
| #define OPA_HAVE_GCC_ATTRIBUTE 1
| #endif
| #include "opa_util.h" /* for OPA_ATTRIBUTE and friends */
| #include "primitives/opa_gcc_ia64.h"
| 
| int
| main ()
| {
| 
|     OPA_int_t a, b;
|     int c;
| 
|     OPA_store_int(&a, 0);
|     OPA_store_int(&b, 1);
|     c = OPA_load_int(&a);
| 
|     OPA_add_int(&a, 10);
|     OPA_incr_int(&a);
|     OPA_decr_int(&a);
| 
|     c = OPA_decr_and_test_int(&a);
|     c = OPA_fetch_and_add_int(&a, 10);
|     c = OPA_fetch_and_incr_int(&a);
|     c = OPA_fetch_and_decr_int(&a);
| 
|     c = OPA_cas_int(&a, 10, 11);
|     c = OPA_swap_int(&a, OPA_load_int(&b));
| 
|     OPA_write_barrier();
|     OPA_read_barrier();
|     OPA_read_write_barrier();
| 
|   ;
|   return 0;
| }
| 
configure:14426: result: no
configure:14443: checking for support for gcc PowerPC atomics
configure:14509: arm-linux-gnueabi-gcc -o conftest    -I./src   conftest.c -lpthread  >&5
/tmp/ccpyaBDU.s: Assembler messages:
/tmp/ccpyaBDU.s:73: Error: bad instruction `lwarx r3,0,r3'
/tmp/ccpyaBDU.s:106: Error: unexpected character ` ' in type specifier
/tmp/ccpyaBDU.s:106: Error: bad instruction `stwcx. r1,0,r2'
/tmp/ccpyaBDU.s:108: Error: bad instruction `li r3,0'
/tmp/ccpyaBDU.s:417: Error: bad instruction `sync'
/tmp/ccpyaBDU.s:420: Error: bad instruction `sync'
/tmp/ccpyaBDU.s:423: Error: bad instruction `sync'
configure:14516: $? = 1
configure: failed program was:
| /* confdefs.h.  */
| #define PACKAGE_NAME "OpenPA"
| #define PACKAGE_TARNAME "openpa"
| #define PACKAGE_VERSION "1.0.2"
| #define PACKAGE_STRING "OpenPA 1.0.2"
| #define PACKAGE_BUGREPORT "https://trac.mcs.anl.gov/projects/openpa/newticket"
| #define PACKAGE "openpa"
| #define VERSION "1.0.2"
| #define STDC_HEADERS 1
| #define HAVE_SYS_TYPES_H 1
| #define HAVE_SYS_STAT_H 1
| #define HAVE_STDLIB_H 1
| #define HAVE_STRING_H 1
| #define HAVE_MEMORY_H 1
| #define HAVE_STRINGS_H 1
| #define HAVE_INTTYPES_H 1
| #define HAVE_STDINT_H 1
| #define HAVE_UNISTD_H 1
| #define HAVE_DLFCN_H 1
| #define LT_OBJDIR ".libs/"
| #define HAVE_PTHREAD_H 1
| #define HAVE_INTTYPES_H 1
| #define HAVE_STDINT_H 1
| #define HAVE_STDDEF_H 1
| #define restrict __restrict
| #define HAVE_LIBPTHREAD 1
| #define HAVE_PTHREAD_YIELD 1
| #define SIZEOF_VOID_P 4
| #define SIZEOF_INT 4
| #define HAVE_GCC_ATTRIBUTE 1
| /* end confdefs.h.  */
| 
| #define OPA_SIZEOF_INT SIZEOF_INT
| #define OPA_SIZEOF_VOID_P SIZEOF_VOID_P
| #ifndef _opa_inline
| #define _opa_inline inline
| #endif
| #ifndef _opa_restrict
| #define _opa_restrict restrict
| #endif
| #ifndef _opa_const
| #define _opa_const const
| #endif
| #ifdef HAVE_GCC_ATTRIBUTE
| #define OPA_HAVE_GCC_ATTRIBUTE 1
| #endif
| #include "opa_util.h" /* for OPA_ATTRIBUTE and friends */
| #include "primitives/opa_gcc_ppc.h"
| 
| int
| main ()
| {
| 
|     OPA_int_t a, b;
|     int c;
| 
|     OPA_store_int(&a, 0);
|     OPA_store_int(&b, 1);
|     c = OPA_load_int(&a);
| 
|     OPA_add_int(&a, 10);
|     OPA_incr_int(&a);
|     OPA_decr_int(&a);
| 
|     c = OPA_decr_and_test_int(&a);
|     c = OPA_fetch_and_add_int(&a, 10);
|     c = OPA_fetch_and_incr_int(&a);
|     c = OPA_fetch_and_decr_int(&a);
| 
|     c = OPA_cas_int(&a, 10, 11);
|     c = OPA_swap_int(&a, OPA_load_int(&b));
| 
|     OPA_write_barrier();
|     OPA_read_barrier();
|     OPA_read_write_barrier();
| 
|   ;
|   return 0;
| }
| 
configure:14537: result: no
configure:14554: checking for support for gcc SiCortex atomics
configure:14620: arm-linux-gnueabi-gcc -o conftest    -I./src   conftest.c -lpthread  >&5
/tmp/ccDenoa0.s: Assembler messages:
/tmp/ccDenoa0.s:75: Error: expected comma after "mips3"
/tmp/ccDenoa0.s:76: Error: expected comma after "noreorder"
/tmp/ccDenoa0.s:77: Error: bad instruction `ll r1,[r0]#fetch_add_4'
/tmp/ccDenoa0.s:78: Error: bad instruction `addu r2,r1,r3'
/tmp/ccDenoa0.s:79: Error: bad instruction `sc r2,[r0]'
/tmp/ccDenoa0.s:80: Error: bad instruction `beqz r2,1b'
/tmp/ccDenoa0.s:82: Error: expected comma after "reorder"
/tmp/ccDenoa0.s:83: Error: expected comma after "mips0"
/tmp/ccDenoa0.s:115: Error: expected comma after "mips3"
/tmp/ccDenoa0.s:116: Error: expected comma after "noreorder"
/tmp/ccDenoa0.s:117: Error: bad instruction `ll r1,[r0]#swap_4'
/tmp/ccDenoa0.s:118: Error: bad instruction `move r2,r3'
/tmp/ccDenoa0.s:119: Error: bad instruction `sc r2,[r0]'
/tmp/ccDenoa0.s:120: Error: bad instruction `beqz r2,1b'
/tmp/ccDenoa0.s:122: Error: expected comma after "reorder"
/tmp/ccDenoa0.s:123: Error: expected comma after "mips0"
/tmp/ccDenoa0.s:157: Error: expected comma after "mips3"
/tmp/ccDenoa0.s:158: Error: expected comma after "noreorder"
/tmp/ccDenoa0.s:159: Error: bad instruction `ll r0,[ip]#cswap_4'
/tmp/ccDenoa0.s:160: Error: garbage following instruction -- `bne r0,r2,1f'
/tmp/ccDenoa0.s:161: Error: bad instruction `move r1,r3'
/tmp/ccDenoa0.s:162: Error: bad instruction `sc r1,[ip]'
/tmp/ccDenoa0.s:163: Error: bad instruction `beqz r1,1b'
/tmp/ccDenoa0.s:165: Error: expected comma after "reorder"
/tmp/ccDenoa0.s:167: Error: expected comma after "mips0"
/tmp/ccDenoa0.s:458: Error: bad instruction `sync'
/tmp/ccDenoa0.s:461: Error: bad instruction `sync'
/tmp/ccDenoa0.s:464: Error: bad instruction `sync'
configure:14627: $? = 1
configure: failed program was:
| /* confdefs.h.  */
| #define PACKAGE_NAME "OpenPA"
| #define PACKAGE_TARNAME "openpa"
| #define PACKAGE_VERSION "1.0.2"
| #define PACKAGE_STRING "OpenPA 1.0.2"
| #define PACKAGE_BUGREPORT "https://trac.mcs.anl.gov/projects/openpa/newticket"
| #define PACKAGE "openpa"
| #define VERSION "1.0.2"
| #define STDC_HEADERS 1
| #define HAVE_SYS_TYPES_H 1
| #define HAVE_SYS_STAT_H 1
| #define HAVE_STDLIB_H 1
| #define HAVE_STRING_H 1
| #define HAVE_MEMORY_H 1
| #define HAVE_STRINGS_H 1
| #define HAVE_INTTYPES_H 1
| #define HAVE_STDINT_H 1
| #define HAVE_UNISTD_H 1
| #define HAVE_DLFCN_H 1
| #define LT_OBJDIR ".libs/"
| #define HAVE_PTHREAD_H 1
| #define HAVE_INTTYPES_H 1
| #define HAVE_STDINT_H 1
| #define HAVE_STDDEF_H 1
| #define restrict __restrict
| #define HAVE_LIBPTHREAD 1
| #define HAVE_PTHREAD_YIELD 1
| #define SIZEOF_VOID_P 4
| #define SIZEOF_INT 4
| #define HAVE_GCC_ATTRIBUTE 1
| /* end confdefs.h.  */
| 
| #define OPA_SIZEOF_INT SIZEOF_INT
| #define OPA_SIZEOF_VOID_P SIZEOF_VOID_P
| #ifndef _opa_inline
| #define _opa_inline inline
| #endif
| #ifndef _opa_restrict
| #define _opa_restrict restrict
| #endif
| #ifndef _opa_const
| #define _opa_const const
| #endif
| #ifdef HAVE_GCC_ATTRIBUTE
| #define OPA_HAVE_GCC_ATTRIBUTE 1
| #endif
| #include "opa_util.h" /* for OPA_ATTRIBUTE and friends */
| #include "primitives/opa_gcc_sicortex.h"
| 
| int
| main ()
| {
| 
|     OPA_int_t a, b;
|     int c;
| 
|     OPA_store_int(&a, 0);
|     OPA_store_int(&b, 1);
|     c = OPA_load_int(&a);
| 
|     OPA_add_int(&a, 10);
|     OPA_incr_int(&a);
|     OPA_decr_int(&a);
| 
|     c = OPA_decr_and_test_int(&a);
|     c = OPA_fetch_and_add_int(&a, 10);
|     c = OPA_fetch_and_incr_int(&a);
|     c = OPA_fetch_and_decr_int(&a);
| 
|     c = OPA_cas_int(&a, 10, 11);
|     c = OPA_swap_int(&a, OPA_load_int(&b));
| 
|     OPA_write_barrier();
|     OPA_read_barrier();
|     OPA_read_write_barrier();
| 
|   ;
|   return 0;
| }
| 
configure:14648: result: no
configure:14667: checking for support for gcc atomic intrinsics
configure:14733: arm-linux-gnueabi-gcc -o conftest    -I./src   conftest.c -lpthread  >&5
configure:14740: $? = 0
configure:14754: result: yes
configure:14778: checking for support for Windows NT atomic intrinsics
configure:14844: arm-linux-gnueabi-gcc -o conftest    -I./src   conftest.c -lpthread  >&5
In file included from conftest.c:49:0:
./src/primitives/opa_nt_intrinsics.h:11:9: fatal error: windows.h: No such file or directory
 #include<windows.h>
         ^~~~~~~~~~~
compilation terminated.
configure:14851: $? = 1
configure: failed program was:
| /* confdefs.h.  */
| #define PACKAGE_NAME "OpenPA"
| #define PACKAGE_TARNAME "openpa"
| #define PACKAGE_VERSION "1.0.2"
| #define PACKAGE_STRING "OpenPA 1.0.2"
| #define PACKAGE_BUGREPORT "https://trac.mcs.anl.gov/projects/openpa/newticket"
| #define PACKAGE "openpa"
| #define VERSION "1.0.2"
| #define STDC_HEADERS 1
| #define HAVE_SYS_TYPES_H 1
| #define HAVE_SYS_STAT_H 1
| #define HAVE_STDLIB_H 1
| #define HAVE_STRING_H 1
| #define HAVE_MEMORY_H 1
| #define HAVE_STRINGS_H 1
| #define HAVE_INTTYPES_H 1
| #define HAVE_STDINT_H 1
| #define HAVE_UNISTD_H 1
| #define HAVE_DLFCN_H 1
| #define LT_OBJDIR ".libs/"
| #define HAVE_PTHREAD_H 1
| #define HAVE_INTTYPES_H 1
| #define HAVE_STDINT_H 1
| #define HAVE_STDDEF_H 1
| #define restrict __restrict
| #define HAVE_LIBPTHREAD 1
| #define HAVE_PTHREAD_YIELD 1
| #define SIZEOF_VOID_P 4
| #define SIZEOF_INT 4
| #define HAVE_GCC_ATTRIBUTE 1
| #define HAVE_GCC_INTRINSIC_ATOMICS 1
| /* end confdefs.h.  */
| 
| #define OPA_SIZEOF_INT SIZEOF_INT
| #define OPA_SIZEOF_VOID_P SIZEOF_VOID_P
| #ifndef _opa_inline
| #define _opa_inline inline
| #endif
| #ifndef _opa_restrict
| #define _opa_restrict restrict
| #endif
| #ifndef _opa_const
| #define _opa_const const
| #endif
| #ifdef HAVE_GCC_ATTRIBUTE
| #define OPA_HAVE_GCC_ATTRIBUTE 1
| #endif
| #include "opa_util.h" /* for OPA_ATTRIBUTE and friends */
| #include "primitives/opa_nt_intrinsics.h"
| 
| int
| main ()
| {
| 
|     OPA_int_t a, b;
|     int c;
| 
|     OPA_store_int(&a, 0);
|     OPA_store_int(&b, 1);
|     c = OPA_load_int(&a);
| 
|     OPA_add_int(&a, 10);
|     OPA_incr_int(&a);
|     OPA_decr_int(&a);
| 
|     c = OPA_decr_and_test_int(&a);
|     c = OPA_fetch_and_add_int(&a, 10);
|     c = OPA_fetch_and_incr_int(&a);
|     c = OPA_fetch_and_decr_int(&a);
| 
|     c = OPA_cas_int(&a, 10, 11);
|     c = OPA_swap_int(&a, OPA_load_int(&b));
| 
|     OPA_write_barrier();
|     OPA_read_barrier();
|     OPA_read_write_barrier();
| 
|   ;
|   return 0;
| }
| 
configure:14872: result: no
configure:14889: checking for support for Sun atomic operations library
configure:14955: arm-linux-gnueabi-gcc -o conftest    -I./src   conftest.c -lpthread  >&5
In file included from conftest.c:49:0:
./src/primitives/opa_sun_atomic_ops.h:11:10: fatal error: atomic.h: No such file or directory
 #include <atomic.h>
          ^~~~~~~~~~
compilation terminated.
configure:14962: $? = 1
configure: failed program was:
| /* confdefs.h.  */
| #define PACKAGE_NAME "OpenPA"
| #define PACKAGE_TARNAME "openpa"
| #define PACKAGE_VERSION "1.0.2"
| #define PACKAGE_STRING "OpenPA 1.0.2"
| #define PACKAGE_BUGREPORT "https://trac.mcs.anl.gov/projects/openpa/newticket"
| #define PACKAGE "openpa"
| #define VERSION "1.0.2"
| #define STDC_HEADERS 1
| #define HAVE_SYS_TYPES_H 1
| #define HAVE_SYS_STAT_H 1
| #define HAVE_STDLIB_H 1
| #define HAVE_STRING_H 1
| #define HAVE_MEMORY_H 1
| #define HAVE_STRINGS_H 1
| #define HAVE_INTTYPES_H 1
| #define HAVE_STDINT_H 1
| #define HAVE_UNISTD_H 1
| #define HAVE_DLFCN_H 1
| #define LT_OBJDIR ".libs/"
| #define HAVE_PTHREAD_H 1
| #define HAVE_INTTYPES_H 1
| #define HAVE_STDINT_H 1
| #define HAVE_STDDEF_H 1
| #define restrict __restrict
| #define HAVE_LIBPTHREAD 1
| #define HAVE_PTHREAD_YIELD 1
| #define SIZEOF_VOID_P 4
| #define SIZEOF_INT 4
| #define HAVE_GCC_ATTRIBUTE 1
| #define HAVE_GCC_INTRINSIC_ATOMICS 1
| /* end confdefs.h.  */
| 
| #define OPA_SIZEOF_INT SIZEOF_INT
| #define OPA_SIZEOF_VOID_P SIZEOF_VOID_P
| #ifndef _opa_inline
| #define _opa_inline inline
| #endif
| #ifndef _opa_restrict
| #define _opa_restrict restrict
| #endif
| #ifndef _opa_const
| #define _opa_const const
| #endif
| #ifdef HAVE_GCC_ATTRIBUTE
| #define OPA_HAVE_GCC_ATTRIBUTE 1
| #endif
| #include "opa_util.h" /* for OPA_ATTRIBUTE and friends */
| #include "primitives/opa_sun_atomic_ops.h"
| 
| int
| main ()
| {
| 
|     OPA_int_t a, b;
|     int c;
| 
|     OPA_store_int(&a, 0);
|     OPA_store_int(&b, 1);
|     c = OPA_load_int(&a);
| 
|     OPA_add_int(&a, 10);
|     OPA_incr_int(&a);
|     OPA_decr_int(&a);
| 
|     c = OPA_decr_and_test_int(&a);
|     c = OPA_fetch_and_add_int(&a, 10);
|     c = OPA_fetch_and_incr_int(&a);
|     c = OPA_fetch_and_decr_int(&a);
| 
|     c = OPA_cas_int(&a, 10, 11);
|     c = OPA_swap_int(&a, OPA_load_int(&b));
| 
|     OPA_write_barrier();
|     OPA_read_barrier();
|     OPA_read_write_barrier();
| 
|   ;
|   return 0;
| }
| 
configure:14983: result: no
configure:15077: checking whether to enable strict fairness checks
configure:15095: result: no
configure:15233: creating ./config.status

## ---------------------- ##
## Running config.status. ##
## ---------------------- ##

This file was extended by OpenPA config.status 1.0.2, which was
generated by GNU Autoconf 2.63.  Invocation command line was

  CONFIG_FILES    = 
  CONFIG_HEADERS  = 
  CONFIG_LINKS    = 
  CONFIG_COMMANDS = 
  $ ./config.status 

on lapsgs05

config.status:1002: creating Makefile
config.status:1002: creating src/Makefile
config.status:1002: creating test/Makefile
config.status:1002: creating openpa.pc
config.status:1002: creating src/config.h
config.status:1224: src/config.h is unchanged
config.status:1276: executing depfiles commands
config.status:1276: executing libtool commands
config.status:1276: executing src/opa_config.h commands
config.status:2086: creating src/opa_config.h - prefix OPA for src/config.h defines
config.status:2108: src/opa_config.h is unchanged

## ---------------- ##
## Cache variables. ##
## ---------------- ##

ac_cv_build=x86_64-unknown-linux-gnu
ac_cv_c_compiler_gnu=yes
ac_cv_c_const=yes
ac_cv_c_inline=inline
ac_cv_c_restrict=__restrict
ac_cv_env_CC_set=set
ac_cv_env_CC_value=arm-linux-gnueabi-gcc
ac_cv_env_CFLAGS_set=set
ac_cv_env_CFLAGS_value='  '
ac_cv_env_CPPFLAGS_set=
ac_cv_env_CPPFLAGS_value=
ac_cv_env_CPP_set=set
ac_cv_env_CPP_value=arm-linux-gnueabi-cpp
ac_cv_env_LDFLAGS_set=
ac_cv_env_LDFLAGS_value=
ac_cv_env_LIBS_set=
ac_cv_env_LIBS_value=
ac_cv_env_build_alias_set=
ac_cv_env_build_alias_value=
ac_cv_env_host_alias_set=set
ac_cv_env_host_alias_value=arm-linux-gnueabi
ac_cv_env_target_alias_set=set
ac_cv_env_target_alias_value=arm-linux-gnueabi
ac_cv_func_pthread_yield=yes
ac_cv_header_atomic_h=no
ac_cv_header_dlfcn_h=yes
ac_cv_header_intrin_h=no
ac_cv_header_inttypes_h=yes
ac_cv_header_memory_h=yes
ac_cv_header_pthread_h=yes
ac_cv_header_stdc=yes
ac_cv_header_stddef_h=yes
ac_cv_header_stdint_h=yes
ac_cv_header_stdlib_h=yes
ac_cv_header_string_h=yes
ac_cv_header_strings_h=yes
ac_cv_header_sys_stat_h=yes
ac_cv_header_sys_types_h=yes
ac_cv_header_unistd_h=yes
ac_cv_host=arm-unknown-linux-gnueabi
ac_cv_lib_pthread_pthread_create=yes
ac_cv_objext=o
ac_cv_path_EGREP='/bin/grep -E'
ac_cv_path_FGREP='/bin/grep -F'
ac_cv_path_GREP=/bin/grep
ac_cv_path_SED=/bin/sed
ac_cv_path_install='/usr/bin/install -c'
ac_cv_path_mkdir=/bin/mkdir
ac_cv_prog_AR=arm-linux-gnueabi-ar
ac_cv_prog_AWK=gawk
ac_cv_prog_CC=arm-linux-gnueabi-gcc
ac_cv_prog_CPP=arm-linux-gnueabi-cpp
ac_cv_prog_OBJDUMP=arm-linux-gnueabi-objdump
ac_cv_prog_RANLIB=arm-linux-gnueabi-ranlib
ac_cv_prog_STRIP=arm-linux-gnueabi-strip
ac_cv_prog_cc_c89=
ac_cv_prog_cc_g=yes
ac_cv_prog_make_make_set=yes
ac_cv_sizeof_int=4
ac_cv_sizeof_void_p=4
am_cv_CC_dependencies_compiler_type=gcc3
lt_cv_deplibs_check_method=pass_all
lt_cv_file_magic_cmd='$MAGIC_CMD'
lt_cv_file_magic_test_file=
lt_cv_ld_reload_flag=-r
lt_cv_nm_interface='BSD nm'
lt_cv_objdir=.libs
lt_cv_path_LD=/usr/arm-linux-gnueabi/bin/ld
lt_cv_path_NM='/usr/bin/arm-linux-gnueabi-nm -B'
lt_cv_prog_compiler_c_o=yes
lt_cv_prog_compiler_pic_works=yes
lt_cv_prog_compiler_rtti_exceptions=no
lt_cv_prog_compiler_static_works=yes
lt_cv_prog_gnu_ld=yes
lt_cv_sys_global_symbol_pipe='sed -n -e '\''s/^.*[	 ]\([ABCDGIRSTW][ABCDGIRSTW]*\)[	 ][	 ]*\([_A-Za-z][_A-Za-z0-9]*\)$/\1 \2 \2/p'\'''
lt_cv_sys_global_symbol_to_c_name_address='sed -n -e '\''s/^: \([^ ]*\) $/  {\"\1\", (void *) 0},/p'\'' -e '\''s/^[ABCDGIRSTW]* \([^ ]*\) \([^ ]*\)$/  {"\2", (void *) \&\2},/p'\'''
lt_cv_sys_global_symbol_to_c_name_address_lib_prefix='sed -n -e '\''s/^: \([^ ]*\) $/  {\"\1\", (void *) 0},/p'\'' -e '\''s/^[ABCDGIRSTW]* \([^ ]*\) \(lib[^ ]*\)$/  {"\2", (void *) \&\2},/p'\'' -e '\''s/^[ABCDGIRSTW]* \([^ ]*\) \([^ ]*\)$/  {"lib\2", (void *) \&\2},/p'\'''
lt_cv_sys_global_symbol_to_cdecl='sed -n -e '\''s/^T .* \(.*\)$/extern int \1();/p'\'' -e '\''s/^[ABCDGIRSTW]* .* \(.*\)$/extern char \1;/p'\'''
lt_cv_sys_max_cmd_len=1572864
pac_cv_gnu_attr_format=yes
pac_cv_gnu_attr_pure=yes

## ----------------- ##
## Output variables. ##
## ----------------- ##

ACLOCAL='${SHELL} /store/software/opendihu/dependencies/mpi/src/mpich2-1.4.1p1/src/openpa/confdb/missing --run aclocal-1.11'
AMDEPBACKSLASH='\'
AMDEP_FALSE='#'
AMDEP_TRUE=''
AMTAR='${SHELL} /store/software/opendihu/dependencies/mpi/src/mpich2-1.4.1p1/src/openpa/confdb/missing --run tar'
AR='arm-linux-gnueabi-ar'
AUTOCONF='${SHELL} /store/software/opendihu/dependencies/mpi/src/mpich2-1.4.1p1/src/openpa/confdb/missing --run autoconf'
AUTOHEADER='${SHELL} /store/software/opendihu/dependencies/mpi/src/mpich2-1.4.1p1/src/openpa/confdb/missing --run autoheader'
AUTOMAKE='${SHELL} /store/software/opendihu/dependencies/mpi/src/mpich2-1.4.1p1/src/openpa/confdb/missing --run automake-1.11'
AWK='gawk'
CC='arm-linux-gnueabi-gcc'
CCDEPMODE='depmode=gcc3'
CFLAGS='  '
CPP='arm-linux-gnueabi-cpp'
CPPFLAGS=''
CYGPATH_W='echo'
DEFS='-DHAVE_CONFIG_H'
DEPDIR='.deps'
DSYMUTIL=''
DUMPBIN=''
ECHO_C=''
ECHO_N='-n'
ECHO_T=''
EGREP='/bin/grep -E'
EXEEXT=''
FGREP='/bin/grep -F'
GREP='/bin/grep'
INSTALL_DATA='${INSTALL} -m 644'
INSTALL_PROGRAM='${INSTALL}'
INSTALL_SCRIPT='${INSTALL}'
INSTALL_STRIP_PROGRAM='$(install_sh) -c -s'
LD='/usr/arm-linux-gnueabi/bin/ld'
LDFLAGS=''
LIBOBJS=''
LIBS='-lpthread '
LIBTOOL='$(SHELL) $(top_builddir)/libtool'
LIPO=''
LN_S='ln -s'
LTLIBOBJS=''
MAKEINFO='${SHELL} /store/software/opendihu/dependencies/mpi/src/mpich2-1.4.1p1/src/openpa/confdb/missing --run makeinfo'
MKDIR_P='/bin/mkdir -p'
NM='/usr/bin/arm-linux-gnueabi-nm -B'
NMEDIT=''
OBJDUMP='arm-linux-gnueabi-objdump'
OBJEXT='o'
OTOOL64=''
OTOOL=''
PACKAGE='openpa'
PACKAGE_BUGREPORT='https://trac.mcs.anl.gov/projects/openpa/newticket'
PACKAGE_NAME='OpenPA'
PACKAGE_STRING='OpenPA 1.0.2'
PACKAGE_TARNAME='openpa'
PACKAGE_VERSION='1.0.2'
PATH_SEPARATOR=':'
RANLIB='arm-linux-gnueabi-ranlib'
SED='/bin/sed'
SET_MAKE=''
SHELL='/bin/bash'
STRIP='arm-linux-gnueabi-strip'
VERSION='1.0.2'
ac_ct_CC=''
ac_ct_DUMPBIN=''
am__EXEEXT_FALSE=''
am__EXEEXT_TRUE='#'
am__fastdepCC_FALSE='#'
am__fastdepCC_TRUE=''
am__include='include'
am__isrc=''
am__leading_dot='.'
am__quote=''
am__tar='${AMTAR} chof - "$$tardir"'
am__untar='${AMTAR} xf -'
bindir='${exec_prefix}/bin'
build='x86_64-unknown-linux-gnu'
build_alias=''
build_cpu='x86_64'
build_os='linux-gnu'
build_vendor='unknown'
datadir='${datarootdir}'
datarootdir='${prefix}/share'
docdir='${datarootdir}/doc/${PACKAGE_TARNAME}'
dvidir='${docdir}'
exec_prefix='${prefix}'
external_pkg_config_libs=''
host='arm-unknown-linux-gnueabi'
host_alias='arm-linux-gnueabi'
host_cpu='arm'
host_os='linux-gnueabi'
host_vendor='unknown'
htmldir='${docdir}'
includedir='${prefix}/include'
infodir='${datarootdir}/info'
install_sh='${SHELL} /store/software/opendihu/dependencies/mpi/src/mpich2-1.4.1p1/src/openpa/confdb/install-sh'
internal_pkg_config_libs=''
libdir='${exec_prefix}/lib'
libexecdir='${exec_prefix}/libexec'
libopa_so_version='1:0'
localedir='${datarootdir}/locale'
localstatedir='${prefix}/var'
lt_ECHO='echo'
mandir='${datarootdir}/man'
mkdir_p='/bin/mkdir -p'
oldincludedir='/usr/include'
pdfdir='${docdir}'
prefix='/store/software/opendihu/dependencies/mpi/install'
program_transform_name='s,x,x,'
psdir='${docdir}'
sbindir='${exec_prefix}/sbin'
sharedstatedir='${prefix}/com'
sysconfdir='${prefix}/etc'
target_alias='arm-linux-gnueabi'

## ----------- ##
## confdefs.h. ##
## ----------- ##

#define PACKAGE_NAME "OpenPA"
#define PACKAGE_TARNAME "openpa"
#define PACKAGE_VERSION "1.0.2"
#define PACKAGE_STRING "OpenPA 1.0.2"
#define PACKAGE_BUGREPORT "https://trac.mcs.anl.gov/projects/openpa/newticket"
#define PACKAGE "openpa"
#define VERSION "1.0.2"
#define STDC_HEADERS 1
#define HAVE_SYS_TYPES_H 1
#define HAVE_SYS_STAT_H 1
#define HAVE_STDLIB_H 1
#define HAVE_STRING_H 1
#define HAVE_MEMORY_H 1
#define HAVE_STRINGS_H 1
#define HAVE_INTTYPES_H 1
#define HAVE_STDINT_H 1
#define HAVE_UNISTD_H 1
#define HAVE_DLFCN_H 1
#define LT_OBJDIR ".libs/"
#define HAVE_PTHREAD_H 1
#define HAVE_INTTYPES_H 1
#define HAVE_STDINT_H 1
#define HAVE_STDDEF_H 1
#define restrict __restrict
#define HAVE_LIBPTHREAD 1
#define HAVE_PTHREAD_YIELD 1
#define SIZEOF_VOID_P 4
#define SIZEOF_INT 4
#define HAVE_GCC_ATTRIBUTE 1
#define HAVE_GCC_INTRINSIC_ATOMICS 1

configure: exit 0
