This file contains any messages produced by compilers while
running configure, to aid debugging if configure makes a mistake.

It was created by configure, which was
generated by GNU Autoconf 2.63.  Invocation command line was

  $ /store/software/opendihu/dependencies/mpi/src/mpich2-1.4.1p1/src/mpe2/configure --prefix=/store/software/opendihu/dependencies/mpi/install CC=arm-linux-gnueabi-gcc CXX=arm-linux-gnueabi-gcc AR=arm-linux-gnueabi-ar CPP=arm-linux-gnueabi-cpp --target=arm-linux-gnueabi --host=arm-linux-gnueabi --disable-fc --disable-f77 --enable-shared host_alias=arm-linux-gnueabi target_alias=arm-linux-gnueabi F77=arm-linux-gnueabi-gfortran FC=arm-linux-gnueabi-gfortran --disable-option-checking

## --------- ##
## Platform. ##
## --------- ##

hostname = lapsgs05
uname -m = x86_64
uname -r = 4.15.0-39-generic
uname -s = Linux
uname -v = #42-Ubuntu SMP Tue Oct 23 15:48:01 UTC 2018

/usr/bin/uname -p = unknown
/bin/uname -X     = unknown

/bin/arch              = unknown
/usr/bin/arch -k       = unknown
/usr/convex/getsysinfo = unknown
/usr/bin/hostinfo      = unknown
/bin/machine           = unknown
/usr/bin/oslevel       = unknown
/bin/universe          = unknown

PATH: /home/maierbn/bin
PATH: /home/maierbn/.local/bin
PATH: /store/wiss/organisation/timekeeping/
PATH: /usr/local/sbin
PATH: /usr/local/bin
PATH: /usr/sbin
PATH: /usr/bin
PATH: /sbin
PATH: /bin
PATH: /usr/games
PATH: /usr/local/games
PATH: /snap/bin
PATH: /usr/lib/jvm/java-8-oracle/bin
PATH: /usr/lib/jvm/java-8-oracle/db/bin
PATH: /usr/lib/jvm/java-8-oracle/jre/bin
PATH: /media/maierbn/ext/2018/opencmiss/extras/TAU/tau-2.23.1/install/x86_64/bin
PATH: /store/wiss/3dprinter/scripts
PATH: /store/software/opendihu/scripts
PATH: /store/software/opendihu/dependencies/python/install/bin
PATH: /store/software/opencor/OpenCOR-0-5-Linux
PATH: /store/software/paraview/ParaView-5.6.0-RC1-Qt5-MPI-Linux-64bit/bin
PATH: /store/software/FlameGraph


## ----------- ##
## Core tests. ##
## ----------- ##

configure:1963: checking for current directory name
configure:2012: result: /store/software/opendihu/dependencies/mpi/src/mpich2-1.4.1p1/src/mpe2
configure:2055: checking gnumake
configure:2070: result: yes using --no-print-directory
configure:2084: checking BSD 4.4 make
configure:2104: result: no - whew
configure:2110: checking OSF V3 make
configure:2129: result: no
configure:2136: checking for virtual path format
configure:2151: result: VPATH
configure:2238: result: This MPE build is part of the MPICH2 build
configure:2391: checking for leftover Makefiles in subpackages 
configure:2409: result:  "src/misc" "src/callstack" "src/logging" "src/wrappers" "src/collchk" "src/slog2sdk" cleaned 
configure:2646: checking for arm-linux-gnueabi-gcc
configure:2673: result: arm-linux-gnueabi-gcc
configure:2945: checking for C compiler version
configure:2953: arm-linux-gnueabi-gcc --version >&5
arm-linux-gnueabi-gcc (Ubuntu/Linaro 7.3.0-27ubuntu1~18.04) 7.3.0
Copyright (C) 2017 Free Software Foundation, Inc.
This is free software; see the source for copying conditions.  There is NO
warranty; not even for MERCHANTABILITY or FITNESS FOR A PARTICULAR PURPOSE.

configure:2957: $? = 0
configure:2964: arm-linux-gnueabi-gcc -v >&5
Using built-in specs.
COLLECT_GCC=arm-linux-gnueabi-gcc
COLLECT_LTO_WRAPPER=/usr/lib/gcc-cross/arm-linux-gnueabi/7/lto-wrapper
Target: arm-linux-gnueabi
Configured with: ../src/configure -v --with-pkgversion='Ubuntu/Linaro 7.3.0-27ubuntu1~18.04' --with-bugurl=file:///usr/share/doc/gcc-7/README.Bugs --enable-languages=c,ada,c++,go,d,fortran,objc,obj-c++ --prefix=/usr --with-gcc-major-version-only --program-suffix=-7 --enable-shared --enable-linker-build-id --libexecdir=/usr/lib --without-included-gettext --enable-threads=posix --libdir=/usr/lib --enable-nls --with-sysroot=/ --enable-clocale=gnu --enable-libstdcxx-debug --enable-libstdcxx-time=yes --with-default-libstdcxx-abi=new --enable-gnu-unique-object --disable-libitm --disable-libquadmath --disable-libquadmath-support --enable-plugin --with-system-zlib --with-target-system-zlib --enable-multiarch --enable-multilib --disable-sjlj-exceptions --with-arch=armv5t --with-float=soft --disable-werror --enable-multilib --enable-checking=release --build=x86_64-linux-gnu --host=x86_64-linux-gnu --target=arm-linux-gnueabi --program-prefix=arm-linux-gnueabi- --includedir=/usr/arm-linux-gnueabi/include
Thread model: posix
gcc version 7.3.0 (Ubuntu/Linaro 7.3.0-27ubuntu1~18.04) 
configure:2968: $? = 0
configure:2975: arm-linux-gnueabi-gcc -V >&5
arm-linux-gnueabi-gcc: error: unrecognized command line option '-V'
arm-linux-gnueabi-gcc: fatal error: no input files
compilation terminated.
configure:2979: $? = 1
configure:3002: checking for C compiler default output file name
configure:3024: arm-linux-gnueabi-gcc    -O2  -I/store/software/opendihu/dependencies/mpi/src/mpich2-1.4.1p1/src/mpl/include -I/store/software/opendihu/dependencies/mpi/src/mpich2-1.4.1p1/src/mpl/include -I/store/software/opendihu/dependencies/mpi/src/mpich2-1.4.1p1/src/openpa/src -I/store/software/opendihu/dependencies/mpi/src/mpich2-1.4.1p1/src/openpa/src -I/store/software/opendihu/dependencies/mpi/src/mpich2-1.4.1p1/src/mpid/ch3/include -I/store/software/opendihu/dependencies/mpi/src/mpich2-1.4.1p1/src/mpid/ch3/include -I/store/software/opendihu/dependencies/mpi/src/mpich2-1.4.1p1/src/mpid/common/datatype -I/store/software/opendihu/dependencies/mpi/src/mpich2-1.4.1p1/src/mpid/common/datatype -I/store/software/opendihu/dependencies/mpi/src/mpich2-1.4.1p1/src/mpid/common/locks -I/store/software/opendihu/dependencies/mpi/src/mpich2-1.4.1p1/src/mpid/common/locks -I/store/software/opendihu/dependencies/mpi/src/mpich2-1.4.1p1/src/mpid/ch3/channels/nemesis/include -I/store/software/opendihu/dependencies/mpi/src/mpich2-1.4.1p1/src/mpid/ch3/channels/nemesis/include -I/store/software/opendihu/dependencies/mpi/src/mpich2-1.4.1p1/src/mpid/ch3/channels/nemesis/nemesis/include -I/store/software/opendihu/dependencies/mpi/src/mpich2-1.4.1p1/src/mpid/ch3/channels/nemesis/nemesis/include -I/store/software/opendihu/dependencies/mpi/src/mpich2-1.4.1p1/src/mpid/ch3/channels/nemesis/nemesis/utils/monitor -I/store/software/opendihu/dependencies/mpi/src/mpich2-1.4.1p1/src/mpid/ch3/channels/nemesis/nemesis/utils/monitor -I/store/software/opendihu/dependencies/mpi/src/mpich2-1.4.1p1/src/util/wrappers -I/store/software/opendihu/dependencies/mpi/src/mpich2-1.4.1p1/src/util/wrappers   conftest.c -lrt -lpthread   >&5
configure:3028: $? = 0
configure:3066: result: a.out
configure:3085: checking whether the C compiler works
configure:3095: ./a.out
/store/software/opendihu/dependencies/mpi/src/mpich2-1.4.1p1/src/mpe2/configure: 1: eval: ./a.out: Exec format error
configure:3099: $? = 2
configure:3118: result: yes
configure:3125: checking whether we are cross compiling
configure:3127: result: yes
configure:3130: checking for suffix of executables
configure:3137: arm-linux-gnueabi-gcc -o conftest    -O2  -I/store/software/opendihu/dependencies/mpi/src/mpich2-1.4.1p1/src/mpl/include -I/store/software/opendihu/dependencies/mpi/src/mpich2-1.4.1p1/src/mpl/include -I/store/software/opendihu/dependencies/mpi/src/mpich2-1.4.1p1/src/openpa/src -I/store/software/opendihu/dependencies/mpi/src/mpich2-1.4.1p1/src/openpa/src -I/store/software/opendihu/dependencies/mpi/src/mpich2-1.4.1p1/src/mpid/ch3/include -I/store/software/opendihu/dependencies/mpi/src/mpich2-1.4.1p1/src/mpid/ch3/include -I/store/software/opendihu/dependencies/mpi/src/mpich2-1.4.1p1/src/mpid/common/datatype -I/store/software/opendihu/dependencies/mpi/src/mpich2-1.4.1p1/src/mpid/common/datatype -I/store/software/opendihu/dependencies/mpi/src/mpich2-1.4.1p1/src/mpid/common/locks -I/store/software/opendihu/dependencies/mpi/src/mpich2-1.4.1p1/src/mpid/common/locks -I/store/software/opendihu/dependencies/mpi/src/mpich2-1.4.1p1/src/mpid/ch3/channels/nemesis/include -I/store/software/opendihu/dependencies/mpi/src/mpich2-1.4.1p1/src/mpid/ch3/channels/nemesis/include -I/store/software/opendihu/dependencies/mpi/src/mpich2-1.4.1p1/src/mpid/ch3/channels/nemesis/nemesis/include -I/store/software/opendihu/dependencies/mpi/src/mpich2-1.4.1p1/src/mpid/ch3/channels/nemesis/nemesis/include -I/store/software/opendihu/dependencies/mpi/src/mpich2-1.4.1p1/src/mpid/ch3/channels/nemesis/nemesis/utils/monitor -I/store/software/opendihu/dependencies/mpi/src/mpich2-1.4.1p1/src/mpid/ch3/channels/nemesis/nemesis/utils/monitor -I/store/software/opendihu/dependencies/mpi/src/mpich2-1.4.1p1/src/util/wrappers -I/store/software/opendihu/dependencies/mpi/src/mpich2-1.4.1p1/src/util/wrappers   conftest.c -lrt -lpthread   >&5
configure:3141: $? = 0
configure:3167: result: 
configure:3173: checking for suffix of object files
configure:3199: arm-linux-gnueabi-gcc -c    -O2  -I/store/software/opendihu/dependencies/mpi/src/mpich2-1.4.1p1/src/mpl/include -I/store/software/opendihu/dependencies/mpi/src/mpich2-1.4.1p1/src/mpl/include -I/store/software/opendihu/dependencies/mpi/src/mpich2-1.4.1p1/src/openpa/src -I/store/software/opendihu/dependencies/mpi/src/mpich2-1.4.1p1/src/openpa/src -I/store/software/opendihu/dependencies/mpi/src/mpich2-1.4.1p1/src/mpid/ch3/include -I/store/software/opendihu/dependencies/mpi/src/mpich2-1.4.1p1/src/mpid/ch3/include -I/store/software/opendihu/dependencies/mpi/src/mpich2-1.4.1p1/src/mpid/common/datatype -I/store/software/opendihu/dependencies/mpi/src/mpich2-1.4.1p1/src/mpid/common/datatype -I/store/software/opendihu/dependencies/mpi/src/mpich2-1.4.1p1/src/mpid/common/locks -I/store/software/opendihu/dependencies/mpi/src/mpich2-1.4.1p1/src/mpid/common/locks -I/store/software/opendihu/dependencies/mpi/src/mpich2-1.4.1p1/src/mpid/ch3/channels/nemesis/include -I/store/software/opendihu/dependencies/mpi/src/mpich2-1.4.1p1/src/mpid/ch3/channels/nemesis/include -I/store/software/opendihu/dependencies/mpi/src/mpich2-1.4.1p1/src/mpid/ch3/channels/nemesis/nemesis/include -I/store/software/opendihu/dependencies/mpi/src/mpich2-1.4.1p1/src/mpid/ch3/channels/nemesis/nemesis/include -I/store/software/opendihu/dependencies/mpi/src/mpich2-1.4.1p1/src/mpid/ch3/channels/nemesis/nemesis/utils/monitor -I/store/software/opendihu/dependencies/mpi/src/mpich2-1.4.1p1/src/mpid/ch3/channels/nemesis/nemesis/utils/monitor -I/store/software/opendihu/dependencies/mpi/src/mpich2-1.4.1p1/src/util/wrappers -I/store/software/opendihu/dependencies/mpi/src/mpich2-1.4.1p1/src/util/wrappers conftest.c >&5
configure:3203: $? = 0
configure:3228: result: o
configure:3232: checking whether we are using the GNU C compiler
configure:3261: arm-linux-gnueabi-gcc -c    -O2  -I/store/software/opendihu/dependencies/mpi/src/mpich2-1.4.1p1/src/mpl/include -I/store/software/opendihu/dependencies/mpi/src/mpich2-1.4.1p1/src/mpl/include -I/store/software/opendihu/dependencies/mpi/src/mpich2-1.4.1p1/src/openpa/src -I/store/software/opendihu/dependencies/mpi/src/mpich2-1.4.1p1/src/openpa/src -I/store/software/opendihu/dependencies/mpi/src/mpich2-1.4.1p1/src/mpid/ch3/include -I/store/software/opendihu/dependencies/mpi/src/mpich2-1.4.1p1/src/mpid/ch3/include -I/store/software/opendihu/dependencies/mpi/src/mpich2-1.4.1p1/src/mpid/common/datatype -I/store/software/opendihu/dependencies/mpi/src/mpich2-1.4.1p1/src/mpid/common/datatype -I/store/software/opendihu/dependencies/mpi/src/mpich2-1.4.1p1/src/mpid/common/locks -I/store/software/opendihu/dependencies/mpi/src/mpich2-1.4.1p1/src/mpid/common/locks -I/store/software/opendihu/dependencies/mpi/src/mpich2-1.4.1p1/src/mpid/ch3/channels/nemesis/include -I/store/software/opendihu/dependencies/mpi/src/mpich2-1.4.1p1/src/mpid/ch3/channels/nemesis/include -I/store/software/opendihu/dependencies/mpi/src/mpich2-1.4.1p1/src/mpid/ch3/channels/nemesis/nemesis/include -I/store/software/opendihu/dependencies/mpi/src/mpich2-1.4.1p1/src/mpid/ch3/channels/nemesis/nemesis/include -I/store/software/opendihu/dependencies/mpi/src/mpich2-1.4.1p1/src/mpid/ch3/channels/nemesis/nemesis/utils/monitor -I/store/software/opendihu/dependencies/mpi/src/mpich2-1.4.1p1/src/mpid/ch3/channels/nemesis/nemesis/utils/monitor -I/store/software/opendihu/dependencies/mpi/src/mpich2-1.4.1p1/src/util/wrappers -I/store/software/opendihu/dependencies/mpi/src/mpich2-1.4.1p1/src/util/wrappers conftest.c >&5
configure:3268: $? = 0
configure:3285: result: yes
configure:3294: checking whether arm-linux-gnueabi-gcc accepts -g
configure:3324: arm-linux-gnueabi-gcc -c -g  -I/store/software/opendihu/dependencies/mpi/src/mpich2-1.4.1p1/src/mpl/include -I/store/software/opendihu/dependencies/mpi/src/mpich2-1.4.1p1/src/mpl/include -I/store/software/opendihu/dependencies/mpi/src/mpich2-1.4.1p1/src/openpa/src -I/store/software/opendihu/dependencies/mpi/src/mpich2-1.4.1p1/src/openpa/src -I/store/software/opendihu/dependencies/mpi/src/mpich2-1.4.1p1/src/mpid/ch3/include -I/store/software/opendihu/dependencies/mpi/src/mpich2-1.4.1p1/src/mpid/ch3/include -I/store/software/opendihu/dependencies/mpi/src/mpich2-1.4.1p1/src/mpid/common/datatype -I/store/software/opendihu/dependencies/mpi/src/mpich2-1.4.1p1/src/mpid/common/datatype -I/store/software/opendihu/dependencies/mpi/src/mpich2-1.4.1p1/src/mpid/common/locks -I/store/software/opendihu/dependencies/mpi/src/mpich2-1.4.1p1/src/mpid/common/locks -I/store/software/opendihu/dependencies/mpi/src/mpich2-1.4.1p1/src/mpid/ch3/channels/nemesis/include -I/store/software/opendihu/dependencies/mpi/src/mpich2-1.4.1p1/src/mpid/ch3/channels/nemesis/include -I/store/software/opendihu/dependencies/mpi/src/mpich2-1.4.1p1/src/mpid/ch3/channels/nemesis/nemesis/include -I/store/software/opendihu/dependencies/mpi/src/mpich2-1.4.1p1/src/mpid/ch3/channels/nemesis/nemesis/include -I/store/software/opendihu/dependencies/mpi/src/mpich2-1.4.1p1/src/mpid/ch3/channels/nemesis/nemesis/utils/monitor -I/store/software/opendihu/dependencies/mpi/src/mpich2-1.4.1p1/src/mpid/ch3/channels/nemesis/nemesis/utils/monitor -I/store/software/opendihu/dependencies/mpi/src/mpich2-1.4.1p1/src/util/wrappers -I/store/software/opendihu/dependencies/mpi/src/mpich2-1.4.1p1/src/util/wrappers conftest.c >&5
configure:3331: $? = 0
configure:3432: result: yes
configure:3449: checking for arm-linux-gnueabi-gcc option to accept ISO C89
configure:3523: arm-linux-gnueabi-gcc  -c    -O2  -I/store/software/opendihu/dependencies/mpi/src/mpich2-1.4.1p1/src/mpl/include -I/store/software/opendihu/dependencies/mpi/src/mpich2-1.4.1p1/src/mpl/include -I/store/software/opendihu/dependencies/mpi/src/mpich2-1.4.1p1/src/openpa/src -I/store/software/opendihu/dependencies/mpi/src/mpich2-1.4.1p1/src/openpa/src -I/store/software/opendihu/dependencies/mpi/src/mpich2-1.4.1p1/src/mpid/ch3/include -I/store/software/opendihu/dependencies/mpi/src/mpich2-1.4.1p1/src/mpid/ch3/include -I/store/software/opendihu/dependencies/mpi/src/mpich2-1.4.1p1/src/mpid/common/datatype -I/store/software/opendihu/dependencies/mpi/src/mpich2-1.4.1p1/src/mpid/common/datatype -I/store/software/opendihu/dependencies/mpi/src/mpich2-1.4.1p1/src/mpid/common/locks -I/store/software/opendihu/dependencies/mpi/src/mpich2-1.4.1p1/src/mpid/common/locks -I/store/software/opendihu/dependencies/mpi/src/mpich2-1.4.1p1/src/mpid/ch3/channels/nemesis/include -I/store/software/opendihu/dependencies/mpi/src/mpich2-1.4.1p1/src/mpid/ch3/channels/nemesis/include -I/store/software/opendihu/dependencies/mpi/src/mpich2-1.4.1p1/src/mpid/ch3/channels/nemesis/nemesis/include -I/store/software/opendihu/dependencies/mpi/src/mpich2-1.4.1p1/src/mpid/ch3/channels/nemesis/nemesis/include -I/store/software/opendihu/dependencies/mpi/src/mpich2-1.4.1p1/src/mpid/ch3/channels/nemesis/nemesis/utils/monitor -I/store/software/opendihu/dependencies/mpi/src/mpich2-1.4.1p1/src/mpid/ch3/channels/nemesis/nemesis/utils/monitor -I/store/software/opendihu/dependencies/mpi/src/mpich2-1.4.1p1/src/util/wrappers -I/store/software/opendihu/dependencies/mpi/src/mpich2-1.4.1p1/src/util/wrappers conftest.c >&5
configure:3530: $? = 0
configure:3553: result: none needed
configure:3908: checking whether MPI_CC has been set 
configure:3913: result: /store/software/opendihu/dependencies/mpi/src/mpich2-1.4.1p1/bin/mpicc 
configure:6480: checking how to run the C preprocessor
configure:6598: result: arm-linux-gnueabi-cpp
configure:6627: arm-linux-gnueabi-cpp  -I/store/software/opendihu/dependencies/mpi/src/mpich2-1.4.1p1/src/mpl/include -I/store/software/opendihu/dependencies/mpi/src/mpich2-1.4.1p1/src/mpl/include -I/store/software/opendihu/dependencies/mpi/src/mpich2-1.4.1p1/src/openpa/src -I/store/software/opendihu/dependencies/mpi/src/mpich2-1.4.1p1/src/openpa/src -I/store/software/opendihu/dependencies/mpi/src/mpich2-1.4.1p1/src/mpid/ch3/include -I/store/software/opendihu/dependencies/mpi/src/mpich2-1.4.1p1/src/mpid/ch3/include -I/store/software/opendihu/dependencies/mpi/src/mpich2-1.4.1p1/src/mpid/common/datatype -I/store/software/opendihu/dependencies/mpi/src/mpich2-1.4.1p1/src/mpid/common/datatype -I/store/software/opendihu/dependencies/mpi/src/mpich2-1.4.1p1/src/mpid/common/locks -I/store/software/opendihu/dependencies/mpi/src/mpich2-1.4.1p1/src/mpid/common/locks -I/store/software/opendihu/dependencies/mpi/src/mpich2-1.4.1p1/src/mpid/ch3/channels/nemesis/include -I/store/software/opendihu/dependencies/mpi/src/mpich2-1.4.1p1/src/mpid/ch3/channels/nemesis/include -I/store/software/opendihu/dependencies/mpi/src/mpich2-1.4.1p1/src/mpid/ch3/channels/nemesis/nemesis/include -I/store/software/opendihu/dependencies/mpi/src/mpich2-1.4.1p1/src/mpid/ch3/channels/nemesis/nemesis/include -I/store/software/opendihu/dependencies/mpi/src/mpich2-1.4.1p1/src/mpid/ch3/channels/nemesis/nemesis/utils/monitor -I/store/software/opendihu/dependencies/mpi/src/mpich2-1.4.1p1/src/mpid/ch3/channels/nemesis/nemesis/utils/monitor -I/store/software/opendihu/dependencies/mpi/src/mpich2-1.4.1p1/src/util/wrappers -I/store/software/opendihu/dependencies/mpi/src/mpich2-1.4.1p1/src/util/wrappers conftest.c
configure:6634: $? = 0
configure:6665: arm-linux-gnueabi-cpp  -I/store/software/opendihu/dependencies/mpi/src/mpich2-1.4.1p1/src/mpl/include -I/store/software/opendihu/dependencies/mpi/src/mpich2-1.4.1p1/src/mpl/include -I/store/software/opendihu/dependencies/mpi/src/mpich2-1.4.1p1/src/openpa/src -I/store/software/opendihu/dependencies/mpi/src/mpich2-1.4.1p1/src/openpa/src -I/store/software/opendihu/dependencies/mpi/src/mpich2-1.4.1p1/src/mpid/ch3/include -I/store/software/opendihu/dependencies/mpi/src/mpich2-1.4.1p1/src/mpid/ch3/include -I/store/software/opendihu/dependencies/mpi/src/mpich2-1.4.1p1/src/mpid/common/datatype -I/store/software/opendihu/dependencies/mpi/src/mpich2-1.4.1p1/src/mpid/common/datatype -I/store/software/opendihu/dependencies/mpi/src/mpich2-1.4.1p1/src/mpid/common/locks -I/store/software/opendihu/dependencies/mpi/src/mpich2-1.4.1p1/src/mpid/common/locks -I/store/software/opendihu/dependencies/mpi/src/mpich2-1.4.1p1/src/mpid/ch3/channels/nemesis/include -I/store/software/opendihu/dependencies/mpi/src/mpich2-1.4.1p1/src/mpid/ch3/channels/nemesis/include -I/store/software/opendihu/dependencies/mpi/src/mpich2-1.4.1p1/src/mpid/ch3/channels/nemesis/nemesis/include -I/store/software/opendihu/dependencies/mpi/src/mpich2-1.4.1p1/src/mpid/ch3/channels/nemesis/nemesis/include -I/store/software/opendihu/dependencies/mpi/src/mpich2-1.4.1p1/src/mpid/ch3/channels/nemesis/nemesis/utils/monitor -I/store/software/opendihu/dependencies/mpi/src/mpich2-1.4.1p1/src/mpid/ch3/channels/nemesis/nemesis/utils/monitor -I/store/software/opendihu/dependencies/mpi/src/mpich2-1.4.1p1/src/util/wrappers -I/store/software/opendihu/dependencies/mpi/src/mpich2-1.4.1p1/src/util/wrappers conftest.c
conftest.c:8:10: fatal error: ac_nonexistent.h: No such file or directory
 #include <ac_nonexistent.h>
          ^~~~~~~~~~~~~~~~~~
compilation terminated.
configure:6672: $? = 1
configure: failed program was:
| /* confdefs.h.  */
| #define PACKAGE_NAME ""
| #define PACKAGE_TARNAME ""
| #define PACKAGE_VERSION ""
| #define PACKAGE_STRING ""
| #define PACKAGE_BUGREPORT ""
| /* end confdefs.h.  */
| #include <ac_nonexistent.h>
configure:6717: checking whether ln -s works
configure:6721: result: yes
configure:6743: checking for a BSD-compatible install
configure:6811: result: /usr/bin/install -c
configure:6831: checking whether install works
configure:6839: result: yes
configure:6855: checking for arm-linux-gnueabi-ranlib
configure:6882: result: ranlib
configure:6945: checking whether install breaks libraries
configure:6986: result: no
configure:7097: creating ./config.status

## ---------------------- ##
## Running config.status. ##
## ---------------------- ##

This file was extended by config.status, which was
generated by GNU Autoconf 2.63.  Invocation command line was

  CONFIG_FILES    = 
  CONFIG_HEADERS  = 
  CONFIG_LINKS    = 
  CONFIG_COMMANDS = 
  $ ./config.status 

on lapsgs05

config.status:7977: creating Makefile
config.status:7977: creating sbin/mpetestlink
config.status:7977: creating sbin/mpetestexec
config.status:7977: creating sbin/mpetestexeclog
config.status:7977: creating sbin/mpeinstall
config.status:7977: creating sbin/mpecheckinstall
config.status:8127: WARNING:  'sbin/mpecheckinstall.in' seems to ignore the --datarootdir setting
config.status:7977: creating sbin/mpecheckbuild
config.status:7977: creating etc/mpe_help.conf
config.status:7977: creating etc/mpe_f77env.conf
config.status:7977: creating mpe_conf.h
config.status:8217: executing default-1 commands
configure:8357: === configuring in src/misc (/store/software/opendihu/dependencies/mpi/src/mpich2-1.4.1p1/src/mpe2/src/misc)
configure:8460: running /bin/bash ./configure --disable-option-checking '--prefix=/store/software/opendihu/dependencies/mpi/install'  'CC=arm-linux-gnueabi-gcc' 'CXX=arm-linux-gnueabi-gcc' 'AR=arm-linux-gnueabi-ar' 'CPP=arm-linux-gnueabi-cpp' '--target=arm-linux-gnueabi' '--host=arm-linux-gnueabi' '--disable-fc' '--disable-f77' '--enable-shared' 'host_alias=arm-linux-gnueabi' 'target_alias=arm-linux-gnueabi' 'F77=arm-linux-gnueabi-gfortran' 'FC=arm-linux-gnueabi-gfortran' 'MPI_CC=/store/software/opendihu/dependencies/mpi/src/mpich2-1.4.1p1/bin/mpicc' 'MPI_F77=/store/software/opendihu/dependencies/mpi/src/mpich2-1.4.1p1/bin/mpif77' 'CFLAGS=   -O2' 'LDFLAGS= ' 'LIBS=-lrt -lpthread  ' 'CPPFLAGS= -I/store/software/opendihu/dependencies/mpi/src/mpich2-1.4.1p1/src/mpl/include -I/store/software/opendihu/dependencies/mpi/src/mpich2-1.4.1p1/src/mpl/include -I/store/software/opendihu/dependencies/mpi/src/mpich2-1.4.1p1/src/openpa/src -I/store/software/opendihu/dependencies/mpi/src/mpich2-1.4.1p1/src/openpa/src -I/store/software/opendihu/dependencies/mpi/src/mpich2-1.4.1p1/src/mpid/ch3/include -I/store/software/opendihu/dependencies/mpi/src/mpich2-1.4.1p1/src/mpid/ch3/include -I/store/software/opendihu/dependencies/mpi/src/mpich2-1.4.1p1/src/mpid/common/datatype -I/store/software/opendihu/dependencies/mpi/src/mpich2-1.4.1p1/src/mpid/common/datatype -I/store/software/opendihu/dependencies/mpi/src/mpich2-1.4.1p1/src/mpid/common/locks -I/store/software/opendihu/dependencies/mpi/src/mpich2-1.4.1p1/src/mpid/common/locks -I/store/software/opendihu/dependencies/mpi/src/mpich2-1.4.1p1/src/mpid/ch3/channels/nemesis/include -I/store/software/opendihu/dependencies/mpi/src/mpich2-1.4.1p1/src/mpid/ch3/channels/nemesis/include -I/store/software/opendihu/dependencies/mpi/src/mpich2-1.4.1p1/src/mpid/ch3/channels/nemesis/nemesis/include -I/store/software/opendihu/dependencies/mpi/src/mpich2-1.4.1p1/src/mpid/ch3/channels/nemesis/nemesis/include -I/store/software/opendihu/dependencies/mpi/src/mpich2-1.4.1p1/src/mpid/ch3/channels/nemesis/nemesis/utils/monitor -I/store/software/opendihu/dependencies/mpi/src/mpich2-1.4.1p1/src/mpid/ch3/channels/nemesis/nemesis/utils/monitor -I/store/software/opendihu/dependencies/mpi/src/mpich2-1.4.1p1/src/util/wrappers -I/store/software/opendihu/dependencies/mpi/src/mpich2-1.4.1p1/src/util/wrappers' 'FFLAGS= ' --cache-file=/dev/null --srcdir=.
configure:8357: === configuring in src/callstack (/store/software/opendihu/dependencies/mpi/src/mpich2-1.4.1p1/src/mpe2/src/callstack)
configure:8460: running /bin/bash ./configure --disable-option-checking '--prefix=/store/software/opendihu/dependencies/mpi/install'  'CC=arm-linux-gnueabi-gcc' 'CXX=arm-linux-gnueabi-gcc' 'AR=arm-linux-gnueabi-ar' 'CPP=arm-linux-gnueabi-cpp' '--target=arm-linux-gnueabi' '--host=arm-linux-gnueabi' '--disable-fc' '--disable-f77' '--enable-shared' 'host_alias=arm-linux-gnueabi' 'target_alias=arm-linux-gnueabi' 'F77=arm-linux-gnueabi-gfortran' 'FC=arm-linux-gnueabi-gfortran' 'MPI_CC=/store/software/opendihu/dependencies/mpi/src/mpich2-1.4.1p1/bin/mpicc' 'MPI_F77=/store/software/opendihu/dependencies/mpi/src/mpich2-1.4.1p1/bin/mpif77' 'CFLAGS=   -O2' 'LDFLAGS= ' 'LIBS=-lrt -lpthread  ' 'CPPFLAGS= -I/store/software/opendihu/dependencies/mpi/src/mpich2-1.4.1p1/src/mpl/include -I/store/software/opendihu/dependencies/mpi/src/mpich2-1.4.1p1/src/mpl/include -I/store/software/opendihu/dependencies/mpi/src/mpich2-1.4.1p1/src/openpa/src -I/store/software/opendihu/dependencies/mpi/src/mpich2-1.4.1p1/src/openpa/src -I/store/software/opendihu/dependencies/mpi/src/mpich2-1.4.1p1/src/mpid/ch3/include -I/store/software/opendihu/dependencies/mpi/src/mpich2-1.4.1p1/src/mpid/ch3/include -I/store/software/opendihu/dependencies/mpi/src/mpich2-1.4.1p1/src/mpid/common/datatype -I/store/software/opendihu/dependencies/mpi/src/mpich2-1.4.1p1/src/mpid/common/datatype -I/store/software/opendihu/dependencies/mpi/src/mpich2-1.4.1p1/src/mpid/common/locks -I/store/software/opendihu/dependencies/mpi/src/mpich2-1.4.1p1/src/mpid/common/locks -I/store/software/opendihu/dependencies/mpi/src/mpich2-1.4.1p1/src/mpid/ch3/channels/nemesis/include -I/store/software/opendihu/dependencies/mpi/src/mpich2-1.4.1p1/src/mpid/ch3/channels/nemesis/include -I/store/software/opendihu/dependencies/mpi/src/mpich2-1.4.1p1/src/mpid/ch3/channels/nemesis/nemesis/include -I/store/software/opendihu/dependencies/mpi/src/mpich2-1.4.1p1/src/mpid/ch3/channels/nemesis/nemesis/include -I/store/software/opendihu/dependencies/mpi/src/mpich2-1.4.1p1/src/mpid/ch3/channels/nemesis/nemesis/utils/monitor -I/store/software/opendihu/dependencies/mpi/src/mpich2-1.4.1p1/src/mpid/ch3/channels/nemesis/nemesis/utils/monitor -I/store/software/opendihu/dependencies/mpi/src/mpich2-1.4.1p1/src/util/wrappers -I/store/software/opendihu/dependencies/mpi/src/mpich2-1.4.1p1/src/util/wrappers' 'FFLAGS= ' --cache-file=/dev/null --srcdir=.
configure:8357: === configuring in src/logging (/store/software/opendihu/dependencies/mpi/src/mpich2-1.4.1p1/src/mpe2/src/logging)
configure:8460: running /bin/bash ./configure --disable-option-checking '--prefix=/store/software/opendihu/dependencies/mpi/install'  'CC=arm-linux-gnueabi-gcc' 'CXX=arm-linux-gnueabi-gcc' 'AR=arm-linux-gnueabi-ar' 'CPP=arm-linux-gnueabi-cpp' '--target=arm-linux-gnueabi' '--host=arm-linux-gnueabi' '--disable-fc' '--disable-f77' '--enable-shared' 'host_alias=arm-linux-gnueabi' 'target_alias=arm-linux-gnueabi' 'F77=arm-linux-gnueabi-gfortran' 'FC=arm-linux-gnueabi-gfortran' 'MPI_CC=/store/software/opendihu/dependencies/mpi/src/mpich2-1.4.1p1/bin/mpicc' 'MPI_F77=/store/software/opendihu/dependencies/mpi/src/mpich2-1.4.1p1/bin/mpif77' 'CFLAGS=   -O2' 'LDFLAGS= ' 'LIBS=-lrt -lpthread  ' 'CPPFLAGS= -I/store/software/opendihu/dependencies/mpi/src/mpich2-1.4.1p1/src/mpl/include -I/store/software/opendihu/dependencies/mpi/src/mpich2-1.4.1p1/src/mpl/include -I/store/software/opendihu/dependencies/mpi/src/mpich2-1.4.1p1/src/openpa/src -I/store/software/opendihu/dependencies/mpi/src/mpich2-1.4.1p1/src/openpa/src -I/store/software/opendihu/dependencies/mpi/src/mpich2-1.4.1p1/src/mpid/ch3/include -I/store/software/opendihu/dependencies/mpi/src/mpich2-1.4.1p1/src/mpid/ch3/include -I/store/software/opendihu/dependencies/mpi/src/mpich2-1.4.1p1/src/mpid/common/datatype -I/store/software/opendihu/dependencies/mpi/src/mpich2-1.4.1p1/src/mpid/common/datatype -I/store/software/opendihu/dependencies/mpi/src/mpich2-1.4.1p1/src/mpid/common/locks -I/store/software/opendihu/dependencies/mpi/src/mpich2-1.4.1p1/src/mpid/common/locks -I/store/software/opendihu/dependencies/mpi/src/mpich2-1.4.1p1/src/mpid/ch3/channels/nemesis/include -I/store/software/opendihu/dependencies/mpi/src/mpich2-1.4.1p1/src/mpid/ch3/channels/nemesis/include -I/store/software/opendihu/dependencies/mpi/src/mpich2-1.4.1p1/src/mpid/ch3/channels/nemesis/nemesis/include -I/store/software/opendihu/dependencies/mpi/src/mpich2-1.4.1p1/src/mpid/ch3/channels/nemesis/nemesis/include -I/store/software/opendihu/dependencies/mpi/src/mpich2-1.4.1p1/src/mpid/ch3/channels/nemesis/nemesis/utils/monitor -I/store/software/opendihu/dependencies/mpi/src/mpich2-1.4.1p1/src/mpid/ch3/channels/nemesis/nemesis/utils/monitor -I/store/software/opendihu/dependencies/mpi/src/mpich2-1.4.1p1/src/util/wrappers -I/store/software/opendihu/dependencies/mpi/src/mpich2-1.4.1p1/src/util/wrappers' 'FFLAGS= ' --cache-file=/dev/null --srcdir=.
configure:8357: === configuring in src/wrappers (/store/software/opendihu/dependencies/mpi/src/mpich2-1.4.1p1/src/mpe2/src/wrappers)
configure:8460: running /bin/bash ./configure --disable-option-checking '--prefix=/store/software/opendihu/dependencies/mpi/install'  'CC=arm-linux-gnueabi-gcc' 'CXX=arm-linux-gnueabi-gcc' 'AR=arm-linux-gnueabi-ar' 'CPP=arm-linux-gnueabi-cpp' '--target=arm-linux-gnueabi' '--host=arm-linux-gnueabi' '--disable-fc' '--disable-f77' '--enable-shared' 'host_alias=arm-linux-gnueabi' 'target_alias=arm-linux-gnueabi' 'F77=arm-linux-gnueabi-gfortran' 'FC=arm-linux-gnueabi-gfortran' 'MPI_CC=/store/software/opendihu/dependencies/mpi/src/mpich2-1.4.1p1/bin/mpicc' 'MPI_F77=/store/software/opendihu/dependencies/mpi/src/mpich2-1.4.1p1/bin/mpif77' 'CFLAGS=   -O2' 'LDFLAGS= ' 'LIBS=-lrt -lpthread  ' 'CPPFLAGS= -I/store/software/opendihu/dependencies/mpi/src/mpich2-1.4.1p1/src/mpl/include -I/store/software/opendihu/dependencies/mpi/src/mpich2-1.4.1p1/src/mpl/include -I/store/software/opendihu/dependencies/mpi/src/mpich2-1.4.1p1/src/openpa/src -I/store/software/opendihu/dependencies/mpi/src/mpich2-1.4.1p1/src/openpa/src -I/store/software/opendihu/dependencies/mpi/src/mpich2-1.4.1p1/src/mpid/ch3/include -I/store/software/opendihu/dependencies/mpi/src/mpich2-1.4.1p1/src/mpid/ch3/include -I/store/software/opendihu/dependencies/mpi/src/mpich2-1.4.1p1/src/mpid/common/datatype -I/store/software/opendihu/dependencies/mpi/src/mpich2-1.4.1p1/src/mpid/common/datatype -I/store/software/opendihu/dependencies/mpi/src/mpich2-1.4.1p1/src/mpid/common/locks -I/store/software/opendihu/dependencies/mpi/src/mpich2-1.4.1p1/src/mpid/common/locks -I/store/software/opendihu/dependencies/mpi/src/mpich2-1.4.1p1/src/mpid/ch3/channels/nemesis/include -I/store/software/opendihu/dependencies/mpi/src/mpich2-1.4.1p1/src/mpid/ch3/channels/nemesis/include -I/store/software/opendihu/dependencies/mpi/src/mpich2-1.4.1p1/src/mpid/ch3/channels/nemesis/nemesis/include -I/store/software/opendihu/dependencies/mpi/src/mpich2-1.4.1p1/src/mpid/ch3/channels/nemesis/nemesis/include -I/store/software/opendihu/dependencies/mpi/src/mpich2-1.4.1p1/src/mpid/ch3/channels/nemesis/nemesis/utils/monitor -I/store/software/opendihu/dependencies/mpi/src/mpich2-1.4.1p1/src/mpid/ch3/channels/nemesis/nemesis/utils/monitor -I/store/software/opendihu/dependencies/mpi/src/mpich2-1.4.1p1/src/util/wrappers -I/store/software/opendihu/dependencies/mpi/src/mpich2-1.4.1p1/src/util/wrappers' 'FFLAGS= ' --cache-file=/dev/null --srcdir=.
configure:8357: === configuring in src/graphics (/store/software/opendihu/dependencies/mpi/src/mpich2-1.4.1p1/src/mpe2/src/graphics)
configure:8460: running /bin/bash ./configure --disable-option-checking '--prefix=/store/software/opendihu/dependencies/mpi/install'  'CC=arm-linux-gnueabi-gcc' 'CXX=arm-linux-gnueabi-gcc' 'AR=arm-linux-gnueabi-ar' 'CPP=arm-linux-gnueabi-cpp' '--target=arm-linux-gnueabi' '--host=arm-linux-gnueabi' '--disable-fc' '--disable-f77' '--enable-shared' 'host_alias=arm-linux-gnueabi' 'target_alias=arm-linux-gnueabi' 'F77=arm-linux-gnueabi-gfortran' 'FC=arm-linux-gnueabi-gfortran' 'MPI_CC=/store/software/opendihu/dependencies/mpi/src/mpich2-1.4.1p1/bin/mpicc' 'MPI_F77=/store/software/opendihu/dependencies/mpi/src/mpich2-1.4.1p1/bin/mpif77' 'CFLAGS=   -O2' 'LDFLAGS= ' 'LIBS=-lrt -lpthread  ' 'CPPFLAGS= -I/store/software/opendihu/dependencies/mpi/src/mpich2-1.4.1p1/src/mpl/include -I/store/software/opendihu/dependencies/mpi/src/mpich2-1.4.1p1/src/mpl/include -I/store/software/opendihu/dependencies/mpi/src/mpich2-1.4.1p1/src/openpa/src -I/store/software/opendihu/dependencies/mpi/src/mpich2-1.4.1p1/src/openpa/src -I/store/software/opendihu/dependencies/mpi/src/mpich2-1.4.1p1/src/mpid/ch3/include -I/store/software/opendihu/dependencies/mpi/src/mpich2-1.4.1p1/src/mpid/ch3/include -I/store/software/opendihu/dependencies/mpi/src/mpich2-1.4.1p1/src/mpid/common/datatype -I/store/software/opendihu/dependencies/mpi/src/mpich2-1.4.1p1/src/mpid/common/datatype -I/store/software/opendihu/dependencies/mpi/src/mpich2-1.4.1p1/src/mpid/common/locks -I/store/software/opendihu/dependencies/mpi/src/mpich2-1.4.1p1/src/mpid/common/locks -I/store/software/opendihu/dependencies/mpi/src/mpich2-1.4.1p1/src/mpid/ch3/channels/nemesis/include -I/store/software/opendihu/dependencies/mpi/src/mpich2-1.4.1p1/src/mpid/ch3/channels/nemesis/include -I/store/software/opendihu/dependencies/mpi/src/mpich2-1.4.1p1/src/mpid/ch3/channels/nemesis/nemesis/include -I/store/software/opendihu/dependencies/mpi/src/mpich2-1.4.1p1/src/mpid/ch3/channels/nemesis/nemesis/include -I/store/software/opendihu/dependencies/mpi/src/mpich2-1.4.1p1/src/mpid/ch3/channels/nemesis/nemesis/utils/monitor -I/store/software/opendihu/dependencies/mpi/src/mpich2-1.4.1p1/src/mpid/ch3/channels/nemesis/nemesis/utils/monitor -I/store/software/opendihu/dependencies/mpi/src/mpich2-1.4.1p1/src/util/wrappers -I/store/software/opendihu/dependencies/mpi/src/mpich2-1.4.1p1/src/util/wrappers' 'FFLAGS= ' --cache-file=/dev/null --srcdir=.
configure:8357: === configuring in src/collchk (/store/software/opendihu/dependencies/mpi/src/mpich2-1.4.1p1/src/mpe2/src/collchk)
configure:8460: running /bin/bash ./configure --disable-option-checking '--prefix=/store/software/opendihu/dependencies/mpi/install'  'CC=arm-linux-gnueabi-gcc' 'CXX=arm-linux-gnueabi-gcc' 'AR=arm-linux-gnueabi-ar' 'CPP=arm-linux-gnueabi-cpp' '--target=arm-linux-gnueabi' '--host=arm-linux-gnueabi' '--disable-fc' '--disable-f77' '--enable-shared' 'host_alias=arm-linux-gnueabi' 'target_alias=arm-linux-gnueabi' 'F77=arm-linux-gnueabi-gfortran' 'FC=arm-linux-gnueabi-gfortran' 'MPI_CC=/store/software/opendihu/dependencies/mpi/src/mpich2-1.4.1p1/bin/mpicc' 'MPI_F77=/store/software/opendihu/dependencies/mpi/src/mpich2-1.4.1p1/bin/mpif77' 'CFLAGS=   -O2' 'LDFLAGS= ' 'LIBS=-lrt -lpthread  ' 'CPPFLAGS= -I/store/software/opendihu/dependencies/mpi/src/mpich2-1.4.1p1/src/mpl/include -I/store/software/opendihu/dependencies/mpi/src/mpich2-1.4.1p1/src/mpl/include -I/store/software/opendihu/dependencies/mpi/src/mpich2-1.4.1p1/src/openpa/src -I/store/software/opendihu/dependencies/mpi/src/mpich2-1.4.1p1/src/openpa/src -I/store/software/opendihu/dependencies/mpi/src/mpich2-1.4.1p1/src/mpid/ch3/include -I/store/software/opendihu/dependencies/mpi/src/mpich2-1.4.1p1/src/mpid/ch3/include -I/store/software/opendihu/dependencies/mpi/src/mpich2-1.4.1p1/src/mpid/common/datatype -I/store/software/opendihu/dependencies/mpi/src/mpich2-1.4.1p1/src/mpid/common/datatype -I/store/software/opendihu/dependencies/mpi/src/mpich2-1.4.1p1/src/mpid/common/locks -I/store/software/opendihu/dependencies/mpi/src/mpich2-1.4.1p1/src/mpid/common/locks -I/store/software/opendihu/dependencies/mpi/src/mpich2-1.4.1p1/src/mpid/ch3/channels/nemesis/include -I/store/software/opendihu/dependencies/mpi/src/mpich2-1.4.1p1/src/mpid/ch3/channels/nemesis/include -I/store/software/opendihu/dependencies/mpi/src/mpich2-1.4.1p1/src/mpid/ch3/channels/nemesis/nemesis/include -I/store/software/opendihu/dependencies/mpi/src/mpich2-1.4.1p1/src/mpid/ch3/channels/nemesis/nemesis/include -I/store/software/opendihu/dependencies/mpi/src/mpich2-1.4.1p1/src/mpid/ch3/channels/nemesis/nemesis/utils/monitor -I/store/software/opendihu/dependencies/mpi/src/mpich2-1.4.1p1/src/mpid/ch3/channels/nemesis/nemesis/utils/monitor -I/store/software/opendihu/dependencies/mpi/src/mpich2-1.4.1p1/src/util/wrappers -I/store/software/opendihu/dependencies/mpi/src/mpich2-1.4.1p1/src/util/wrappers' 'FFLAGS= ' --cache-file=/dev/null --srcdir=.
configure:8357: === configuring in src/slog2sdk (/store/software/opendihu/dependencies/mpi/src/mpich2-1.4.1p1/src/mpe2/src/slog2sdk)
configure:8460: running /bin/bash ./configure --disable-option-checking '--prefix=/store/software/opendihu/dependencies/mpi/install'  'CC=arm-linux-gnueabi-gcc' 'CXX=arm-linux-gnueabi-gcc' 'AR=arm-linux-gnueabi-ar' 'CPP=arm-linux-gnueabi-cpp' '--target=arm-linux-gnueabi' '--host=arm-linux-gnueabi' '--disable-fc' '--disable-f77' '--enable-shared' 'host_alias=arm-linux-gnueabi' 'target_alias=arm-linux-gnueabi' 'F77=arm-linux-gnueabi-gfortran' 'FC=arm-linux-gnueabi-gfortran' 'MPI_CC=/store/software/opendihu/dependencies/mpi/src/mpich2-1.4.1p1/bin/mpicc' 'MPI_F77=/store/software/opendihu/dependencies/mpi/src/mpich2-1.4.1p1/bin/mpif77' 'CFLAGS=   -O2' 'LDFLAGS= ' 'LIBS=-lrt -lpthread  ' 'CPPFLAGS= -I/store/software/opendihu/dependencies/mpi/src/mpich2-1.4.1p1/src/mpl/include -I/store/software/opendihu/dependencies/mpi/src/mpich2-1.4.1p1/src/mpl/include -I/store/software/opendihu/dependencies/mpi/src/mpich2-1.4.1p1/src/openpa/src -I/store/software/opendihu/dependencies/mpi/src/mpich2-1.4.1p1/src/openpa/src -I/store/software/opendihu/dependencies/mpi/src/mpich2-1.4.1p1/src/mpid/ch3/include -I/store/software/opendihu/dependencies/mpi/src/mpich2-1.4.1p1/src/mpid/ch3/include -I/store/software/opendihu/dependencies/mpi/src/mpich2-1.4.1p1/src/mpid/common/datatype -I/store/software/opendihu/dependencies/mpi/src/mpich2-1.4.1p1/src/mpid/common/datatype -I/store/software/opendihu/dependencies/mpi/src/mpich2-1.4.1p1/src/mpid/common/locks -I/store/software/opendihu/dependencies/mpi/src/mpich2-1.4.1p1/src/mpid/common/locks -I/store/software/opendihu/dependencies/mpi/src/mpich2-1.4.1p1/src/mpid/ch3/channels/nemesis/include -I/store/software/opendihu/dependencies/mpi/src/mpich2-1.4.1p1/src/mpid/ch3/channels/nemesis/include -I/store/software/opendihu/dependencies/mpi/src/mpich2-1.4.1p1/src/mpid/ch3/channels/nemesis/nemesis/include -I/store/software/opendihu/dependencies/mpi/src/mpich2-1.4.1p1/src/mpid/ch3/channels/nemesis/nemesis/include -I/store/software/opendihu/dependencies/mpi/src/mpich2-1.4.1p1/src/mpid/ch3/channels/nemesis/nemesis/utils/monitor -I/store/software/opendihu/dependencies/mpi/src/mpich2-1.4.1p1/src/mpid/ch3/channels/nemesis/nemesis/utils/monitor -I/store/software/opendihu/dependencies/mpi/src/mpich2-1.4.1p1/src/util/wrappers -I/store/software/opendihu/dependencies/mpi/src/mpich2-1.4.1p1/src/util/wrappers' 'FFLAGS= ' --cache-file=/dev/null --srcdir=.
configure:8492: result: MPE2:  "src/misc" "src/callstack" "src/logging" "src/wrappers" "src/collchk" "src/slog2sdk" have been configured

## ---------------- ##
## Cache variables. ##
## ---------------- ##

ac_cv_c_compiler_gnu='yes'
ac_cv_env_CC_set='set'
ac_cv_env_CC_value='arm-linux-gnueabi-gcc'
ac_cv_env_CFLAGS_set='set'
ac_cv_env_CFLAGS_value='   -O2'
ac_cv_env_CPPFLAGS_set='set'
ac_cv_env_CPPFLAGS_value=' -I/store/software/opendihu/dependencies/mpi/src/mpich2-1.4.1p1/src/mpl/include -I/store/software/opendihu/dependencies/mpi/src/mpich2-1.4.1p1/src/mpl/include -I/store/software/opendihu/dependencies/mpi/src/mpich2-1.4.1p1/src/openpa/src -I/store/software/opendihu/dependencies/mpi/src/mpich2-1.4.1p1/src/openpa/src -I/store/software/opendihu/dependencies/mpi/src/mpich2-1.4.1p1/src/mpid/ch3/include -I/store/software/opendihu/dependencies/mpi/src/mpich2-1.4.1p1/src/mpid/ch3/include -I/store/software/opendihu/dependencies/mpi/src/mpich2-1.4.1p1/src/mpid/common/datatype -I/store/software/opendihu/dependencies/mpi/src/mpich2-1.4.1p1/src/mpid/common/datatype -I/store/software/opendihu/dependencies/mpi/src/mpich2-1.4.1p1/src/mpid/common/locks -I/store/software/opendihu/dependencies/mpi/src/mpich2-1.4.1p1/src/mpid/common/locks -I/store/software/opendihu/dependencies/mpi/src/mpich2-1.4.1p1/src/mpid/ch3/channels/nemesis/include -I/store/software/opendihu/dependencies/mpi/src/mpich2-1.4.1p1/src/mpid/ch3/channels/nemesis/include -I/store/software/opendihu/dependencies/mpi/src/mpich2-1.4.1p1/src/mpid/ch3/channels/nemesis/nemesis/include -I/store/software/opendihu/dependencies/mpi/src/mpich2-1.4.1p1/src/mpid/ch3/channels/nemesis/nemesis/include -I/store/software/opendihu/dependencies/mpi/src/mpich2-1.4.1p1/src/mpid/ch3/channels/nemesis/nemesis/utils/monitor -I/store/software/opendihu/dependencies/mpi/src/mpich2-1.4.1p1/src/mpid/ch3/channels/nemesis/nemesis/utils/monitor -I/store/software/opendihu/dependencies/mpi/src/mpich2-1.4.1p1/src/util/wrappers -I/store/software/opendihu/dependencies/mpi/src/mpich2-1.4.1p1/src/util/wrappers'
ac_cv_env_CPP_set='set'
ac_cv_env_CPP_value='arm-linux-gnueabi-cpp'
ac_cv_env_F77_set='set'
ac_cv_env_F77_value='arm-linux-gnueabi-gfortran'
ac_cv_env_FFLAGS_set='set'
ac_cv_env_FFLAGS_value=' '
ac_cv_env_LDFLAGS_set='set'
ac_cv_env_LDFLAGS_value=' '
ac_cv_env_LIBS_set='set'
ac_cv_env_LIBS_value='-lrt -lpthread  '
ac_cv_env_MPERUN_set=''
ac_cv_env_MPERUN_value=''
ac_cv_env_MPI_CC_set='set'
ac_cv_env_MPI_CC_value='/store/software/opendihu/dependencies/mpi/src/mpich2-1.4.1p1/bin/mpicc'
ac_cv_env_MPI_CFLAGS_set=''
ac_cv_env_MPI_CFLAGS_value=''
ac_cv_env_MPI_F77_set='set'
ac_cv_env_MPI_F77_value='/store/software/opendihu/dependencies/mpi/src/mpich2-1.4.1p1/bin/mpif77'
ac_cv_env_MPI_FFLAGS_set=''
ac_cv_env_MPI_FFLAGS_value=''
ac_cv_env_MPI_INC_set=''
ac_cv_env_MPI_INC_value=''
ac_cv_env_MPI_LIBS_set=''
ac_cv_env_MPI_LIBS_value=''
ac_cv_env_build_alias_set=''
ac_cv_env_build_alias_value=''
ac_cv_env_host_alias_set='set'
ac_cv_env_host_alias_value='arm-linux-gnueabi'
ac_cv_env_target_alias_set='set'
ac_cv_env_target_alias_value='arm-linux-gnueabi'
ac_cv_objext='o'
ac_cv_path_install='/usr/bin/install -c'
ac_cv_prog_CC='arm-linux-gnueabi-gcc'
ac_cv_prog_CPP='arm-linux-gnueabi-cpp'
ac_cv_prog_RANLIB='ranlib'
ac_cv_prog_cc_c89=''
ac_cv_prog_cc_g='yes'
ac_cv_prog_install_breaks_libs='no'

## ----------------- ##
## Output variables. ##
## ----------------- ##

CC='arm-linux-gnueabi-gcc'
CFLAGS='   -O2'
CLINKER='arm-linux-gnueabi-gcc'
CPP='arm-linux-gnueabi-cpp'
CPPFLAGS=' -I/store/software/opendihu/dependencies/mpi/src/mpich2-1.4.1p1/src/mpl/include -I/store/software/opendihu/dependencies/mpi/src/mpich2-1.4.1p1/src/mpl/include -I/store/software/opendihu/dependencies/mpi/src/mpich2-1.4.1p1/src/openpa/src -I/store/software/opendihu/dependencies/mpi/src/mpich2-1.4.1p1/src/openpa/src -I/store/software/opendihu/dependencies/mpi/src/mpich2-1.4.1p1/src/mpid/ch3/include -I/store/software/opendihu/dependencies/mpi/src/mpich2-1.4.1p1/src/mpid/ch3/include -I/store/software/opendihu/dependencies/mpi/src/mpich2-1.4.1p1/src/mpid/common/datatype -I/store/software/opendihu/dependencies/mpi/src/mpich2-1.4.1p1/src/mpid/common/datatype -I/store/software/opendihu/dependencies/mpi/src/mpich2-1.4.1p1/src/mpid/common/locks -I/store/software/opendihu/dependencies/mpi/src/mpich2-1.4.1p1/src/mpid/common/locks -I/store/software/opendihu/dependencies/mpi/src/mpich2-1.4.1p1/src/mpid/ch3/channels/nemesis/include -I/store/software/opendihu/dependencies/mpi/src/mpich2-1.4.1p1/src/mpid/ch3/channels/nemesis/include -I/store/software/opendihu/dependencies/mpi/src/mpich2-1.4.1p1/src/mpid/ch3/channels/nemesis/nemesis/include -I/store/software/opendihu/dependencies/mpi/src/mpich2-1.4.1p1/src/mpid/ch3/channels/nemesis/nemesis/include -I/store/software/opendihu/dependencies/mpi/src/mpich2-1.4.1p1/src/mpid/ch3/channels/nemesis/nemesis/utils/monitor -I/store/software/opendihu/dependencies/mpi/src/mpich2-1.4.1p1/src/mpid/ch3/channels/nemesis/nemesis/utils/monitor -I/store/software/opendihu/dependencies/mpi/src/mpich2-1.4.1p1/src/util/wrappers -I/store/software/opendihu/dependencies/mpi/src/mpich2-1.4.1p1/src/util/wrappers'
CPRP='cp'
DEFS='-DHAVE_CONFIG_H'
ECHO_C=''
ECHO_N='-n'
ECHO_T=''
EXEEXT=''
F77='arm-linux-gnueabi-gfortran'
F77_INCDIR=''
F77_LIBDIR_LEADER=''
F77_NAME_MANGLE=''
F77_OTHER_LIBS=''
FFLAGS=' '
FILE=''
FLIBS=''
FLINKER='arm-linux-gnueabi-gfortran'
INSTALL_DATA='${INSTALL} -m 644'
INSTALL_PROGRAM='${INSTALL}'
INSTALL_SCRIPT='${INSTALL}'
LDFLAGS=' '
LIBOBJS=''
LIBS='-lrt -lpthread  '
LN_S='ln -s'
LTLIBOBJS=''
MAKE='make --no-print-directory'
MKDIR='mkdir'
MPERUN=''
MPE_BUILD_FORTRAN2C='no'
MPE_CFLAGS='   -O2'
MPE_CLINKER='/store/software/opendihu/dependencies/mpi/src/mpich2-1.4.1p1/bin/mpicc -mpe='
MPE_FFLAGS=''
MPE_FLINKER='/store/software/opendihu/dependencies/mpi/src/mpich2-1.4.1p1/bin/mpif77 -mpe='
MPE_LIBNAME='mpe'
MPI_CC='/store/software/opendihu/dependencies/mpi/src/mpich2-1.4.1p1/bin/mpicc'
MPI_CFLAGS=''
MPI_F77='/store/software/opendihu/dependencies/mpi/src/mpich2-1.4.1p1/bin/mpif77'
MPI_FFLAGS=''
MPI_IMPL='MPICH2'
MPI_INC=''
MPI_LIBS=''
MV='mv'
OBJEXT='o'
PACKAGE_BUGREPORT=''
PACKAGE_NAME=''
PACKAGE_STRING=''
PACKAGE_TARNAME=''
PACKAGE_VERSION=''
PATH_SEPARATOR=':'
RANLIB='ranlib'
RANLIB_AFTER_INSTALL='no'
RM='rm'
SHELL='/bin/bash'
VPATH='VPATH=.:$(srcdir)'
ac_ct_CC=''
ac_ct_F77=''
binbuild_dir='/store/software/opendihu/dependencies/mpi/src/mpich2-1.4.1p1/src/mpe2/bin'
bindir='${exec_prefix}/bin'
build_alias=''
datadir='${datarootdir}'
datarootdir='${prefix}/share'
docdir='${datarootdir}/doc/${PACKAGE}'
dvidir='${docdir}'
etcbuild_dir='/store/software/opendihu/dependencies/mpi/src/mpich2-1.4.1p1/src/mpe2/etc'
exec_prefix='${prefix}'
host_alias='arm-linux-gnueabi'
htmldir='${docdir}'
includebuild_dir='/store/software/opendihu/dependencies/mpi/src/mpich2-1.4.1p1/src/mpe2/include'
includedir='${prefix}/include'
infodir='${datarootdir}/info'
libbuild_dir='/store/software/opendihu/dependencies/mpi/src/mpich2-1.4.1p1/src/mpe2/lib'
libdir='${exec_prefix}/lib'
libexecdir='${exec_prefix}/libexec'
localedir='${datarootdir}/locale'
localstatedir='${prefix}/var'
mandir='${datarootdir}/man'
oldincludedir='/usr/include'
pdfdir='${docdir}'
prefix='/store/software/opendihu/dependencies/mpi/install'
program_transform_name='s,x,x,'
psdir='${docdir}'
sbinbuild_dir='/store/software/opendihu/dependencies/mpi/src/mpich2-1.4.1p1/src/mpe2/sbin'
sbindir='${exec_prefix}/sbin'
sharedstatedir='${prefix}/com'
subdirs=' src/misc src/callstack src/logging src/wrappers src/graphics src/collchk src/slog2sdk'
sysconfdir='${prefix}/etc'
target_alias='arm-linux-gnueabi'
top_srcdir_abs='/store/software/opendihu/dependencies/mpi/src/mpich2-1.4.1p1/src/mpe2'

## ----------- ##
## confdefs.h. ##
## ----------- ##

#define PACKAGE_NAME ""
#define PACKAGE_TARNAME ""
#define PACKAGE_VERSION ""
#define PACKAGE_STRING ""
#define PACKAGE_BUGREPORT ""

configure: exit 0
