The system is: Linux - 4.15.0-39-generic - x86_64
Compiling the C compiler identification source file "CMakeCCompilerId.c" succeeded.
Compiler: /store/software/opendihu/dependencies/mpi/install/bin/mpicc 
Build flags: ;;;-Wall;-Wwrite-strings;-Wno-strict-aliasing;-Wno-unknown-pragmas;-fvisibility=hidden;-O3;
Id flags:  

The output was:
0


Compilation of the C compiler identification source "CMakeCCompilerId.c" produced "a.out"

The C compiler identification is GNU, found in "/store/software/opendihu/dependencies/petsc/src/petsc-3.7.6/arch-linux2-c-opt/CMakeFiles/3.10.2/CompilerIdC/a.out"

Determining if the C compiler works passed with the following output:
Change Dir: /store/software/opendihu/dependencies/petsc/src/petsc-3.7.6/arch-linux2-c-opt/CMakeFiles/CMakeTmp

Run Build Command:"/usr/bin/make" "cmTC_ddded/fast"
/usr/bin/make -f CMakeFiles/cmTC_ddded.dir/build.make CMakeFiles/cmTC_ddded.dir/build
make[1]: Entering directory '/store/software/opendihu/dependencies/petsc/src/petsc-3.7.6/arch-linux2-c-opt/CMakeFiles/CMakeTmp'
Building C object CMakeFiles/cmTC_ddded.dir/testCCompiler.c.o
/store/software/opendihu/dependencies/mpi/install/bin/mpicc   -Wall -Wwrite-strings -Wno-strict-aliasing -Wno-unknown-pragmas -fvisibility=hidden -O3     -o CMakeFiles/cmTC_ddded.dir/testCCompiler.c.o   -c /store/software/opendihu/dependencies/petsc/src/petsc-3.7.6/arch-linux2-c-opt/CMakeFiles/CMakeTmp/testCCompiler.c
Linking C executable cmTC_ddded
/usr/bin/cmake -E cmake_link_script CMakeFiles/cmTC_ddded.dir/link.txt --verbose=1
/store/software/opendihu/dependencies/mpi/install/bin/mpicc    -Wall -Wwrite-strings -Wno-strict-aliasing -Wno-unknown-pragmas -fvisibility=hidden -O3      -rdynamic CMakeFiles/cmTC_ddded.dir/testCCompiler.c.o  -o cmTC_ddded 
make[1]: Leaving directory '/store/software/opendihu/dependencies/petsc/src/petsc-3.7.6/arch-linux2-c-opt/CMakeFiles/CMakeTmp'


Detecting C compiler ABI info compiled with the following output:
Change Dir: /store/software/opendihu/dependencies/petsc/src/petsc-3.7.6/arch-linux2-c-opt/CMakeFiles/CMakeTmp

Run Build Command:"/usr/bin/make" "cmTC_38448/fast"
/usr/bin/make -f CMakeFiles/cmTC_38448.dir/build.make CMakeFiles/cmTC_38448.dir/build
make[1]: Entering directory '/store/software/opendihu/dependencies/petsc/src/petsc-3.7.6/arch-linux2-c-opt/CMakeFiles/CMakeTmp'
Building C object CMakeFiles/cmTC_38448.dir/CMakeCCompilerABI.c.o
/store/software/opendihu/dependencies/mpi/install/bin/mpicc   -Wall -Wwrite-strings -Wno-strict-aliasing -Wno-unknown-pragmas -fvisibility=hidden -O3     -o CMakeFiles/cmTC_38448.dir/CMakeCCompilerABI.c.o   -c /usr/share/cmake-3.10/Modules/CMakeCCompilerABI.c
Linking C executable cmTC_38448
/usr/bin/cmake -E cmake_link_script CMakeFiles/cmTC_38448.dir/link.txt --verbose=1
/store/software/opendihu/dependencies/mpi/install/bin/mpicc    -Wall -Wwrite-strings -Wno-strict-aliasing -Wno-unknown-pragmas -fvisibility=hidden -O3     -v -rdynamic CMakeFiles/cmTC_38448.dir/CMakeCCompilerABI.c.o  -o cmTC_38448 
mpicc for MPICH2 version 1.4.1p1
Using built-in specs.
COLLECT_GCC=arm-linux-gnueabi-gcc
COLLECT_LTO_WRAPPER=/usr/lib/gcc-cross/arm-linux-gnueabi/7/lto-wrapper
Target: arm-linux-gnueabi
Configured with: ../src/configure -v --with-pkgversion='Ubuntu/Linaro 7.3.0-27ubuntu1~18.04' --with-bugurl=file:///usr/share/doc/gcc-7/README.Bugs --enable-languages=c,ada,c++,go,d,fortran,objc,obj-c++ --prefix=/usr --with-gcc-major-version-only --program-suffix=-7 --enable-shared --enable-linker-build-id --libexecdir=/usr/lib --without-included-gettext --enable-threads=posix --libdir=/usr/lib --enable-nls --with-sysroot=/ --enable-clocale=gnu --enable-libstdcxx-debug --enable-libstdcxx-time=yes --with-default-libstdcxx-abi=new --enable-gnu-unique-object --disable-libitm --disable-libquadmath --disable-libquadmath-support --enable-plugin --with-system-zlib --with-target-system-zlib --enable-multiarch --enable-multilib --disable-sjlj-exceptions --with-arch=armv5t --with-float=soft --disable-werror --enable-multilib --enable-checking=release --build=x86_64-linux-gnu --host=x86_64-linux-gnu --target=arm-linux-gnueabi --program-prefix=arm-linux-gnueabi- --includedir=/usr/arm-linux-gnueabi/include
Thread model: posix
gcc version 7.3.0 (Ubuntu/Linaro 7.3.0-27ubuntu1~18.04) 
COMPILER_PATH=/usr/lib/gcc-cross/arm-linux-gnueabi/7/:/usr/lib/gcc-cross/arm-linux-gnueabi/7/:/usr/lib/gcc-cross/arm-linux-gnueabi/:/usr/lib/gcc-cross/arm-linux-gnueabi/7/:/usr/lib/gcc-cross/arm-linux-gnueabi/:/usr/lib/gcc-cross/arm-linux-gnueabi/7/../../../../arm-linux-gnueabi/bin/
LIBRARY_PATH=/usr/lib/gcc-cross/arm-linux-gnueabi/7/:/usr/lib/gcc-cross/arm-linux-gnueabi/7/../../../../arm-linux-gnueabi/lib/../lib/:/lib/../lib/:/usr/lib/arm-linux-gnueabi/:/usr/lib/../lib/:/usr/lib/gcc-cross/arm-linux-gnueabi/7/../../../../arm-linux-gnueabi/lib/:/lib/:/usr/lib/
COLLECT_GCC_OPTIONS='-Wall' '-Wwrite-strings' '-Wno-strict-aliasing' '-Wno-unknown-pragmas' '-fvisibility=hidden' '-O3' '-v' '-rdynamic' '-o' 'cmTC_38448' '-I' '/store/software/opendihu/dependencies/mpi/install/include' '-L/store/software/opendihu/dependencies/mpi/install/lib' '-march=armv5t' '-mfloat-abi=soft' '-mtls-dialect=gnu'
 /usr/lib/gcc-cross/arm-linux-gnueabi/7/collect2 -plugin /usr/lib/gcc-cross/arm-linux-gnueabi/7/liblto_plugin.so -plugin-opt=/usr/lib/gcc-cross/arm-linux-gnueabi/7/lto-wrapper -plugin-opt=-fresolution=/tmp/cczylNDT.res -plugin-opt=-pass-through=-lgcc -plugin-opt=-pass-through=-lgcc_s -plugin-opt=-pass-through=-lc -plugin-opt=-pass-through=-lgcc -plugin-opt=-pass-through=-lgcc_s --sysroot=/ --build-id --eh-frame-hdr -export-dynamic -dynamic-linker /lib/ld-linux.so.3 -X --hash-style=gnu --as-needed -m armelf_linux_eabi -z relro -o cmTC_38448 /usr/lib/gcc-cross/arm-linux-gnueabi/7/../../../../arm-linux-gnueabi/lib/../lib/crt1.o /usr/lib/gcc-cross/arm-linux-gnueabi/7/../../../../arm-linux-gnueabi/lib/../lib/crti.o /usr/lib/gcc-cross/arm-linux-gnueabi/7/crtbegin.o -L/store/software/opendihu/dependencies/mpi/install/lib -L/usr/lib/gcc-cross/arm-linux-gnueabi/7 -L/usr/lib/gcc-cross/arm-linux-gnueabi/7/../../../../arm-linux-gnueabi/lib/../lib -L/lib/../lib -L/usr/lib/arm-linux-gnueabi -L/usr/lib/../lib -L/usr/lib/gcc-cross/arm-linux-gnueabi/7/../../../../arm-linux-gnueabi/lib CMakeFiles/cmTC_38448.dir/CMakeCCompilerABI.c.o -rpath /store/software/opendihu/dependencies/mpi/install/lib -lmpich -lopa -lmpl -lrt -lpthread -lgcc --push-state --as-needed -lgcc_s --pop-state -lc -lgcc --push-state --as-needed -lgcc_s --pop-state /usr/lib/gcc-cross/arm-linux-gnueabi/7/crtend.o /usr/lib/gcc-cross/arm-linux-gnueabi/7/../../../../arm-linux-gnueabi/lib/../lib/crtn.o
COLLECT_GCC_OPTIONS='-Wall' '-Wwrite-strings' '-Wno-strict-aliasing' '-Wno-unknown-pragmas' '-fvisibility=hidden' '-O3' '-v' '-rdynamic' '-o' 'cmTC_38448' '-I' '/store/software/opendihu/dependencies/mpi/install/include' '-L/store/software/opendihu/dependencies/mpi/install/lib' '-march=armv5t' '-mfloat-abi=soft' '-mtls-dialect=gnu'
make[1]: Leaving directory '/store/software/opendihu/dependencies/petsc/src/petsc-3.7.6/arch-linux2-c-opt/CMakeFiles/CMakeTmp'


Parsed C implicit link information from above output:
  link line regex: [^( *|.*[/\])(ld|CMAKE_LINK_STARTFILE-NOTFOUND|([^/\]+-)?ld|collect2)[^/\]*( |$)]
  ignore line: [Change Dir: /store/software/opendihu/dependencies/petsc/src/petsc-3.7.6/arch-linux2-c-opt/CMakeFiles/CMakeTmp]
  ignore line: []
  ignore line: [Run Build Command:"/usr/bin/make" "cmTC_38448/fast"]
  ignore line: [/usr/bin/make -f CMakeFiles/cmTC_38448.dir/build.make CMakeFiles/cmTC_38448.dir/build]
  ignore line: [make[1]: Entering directory '/store/software/opendihu/dependencies/petsc/src/petsc-3.7.6/arch-linux2-c-opt/CMakeFiles/CMakeTmp']
  ignore line: [Building C object CMakeFiles/cmTC_38448.dir/CMakeCCompilerABI.c.o]
  ignore line: [/store/software/opendihu/dependencies/mpi/install/bin/mpicc   -Wall -Wwrite-strings -Wno-strict-aliasing -Wno-unknown-pragmas -fvisibility=hidden -O3     -o CMakeFiles/cmTC_38448.dir/CMakeCCompilerABI.c.o   -c /usr/share/cmake-3.10/Modules/CMakeCCompilerABI.c]
  ignore line: [Linking C executable cmTC_38448]
  ignore line: [/usr/bin/cmake -E cmake_link_script CMakeFiles/cmTC_38448.dir/link.txt --verbose=1]
  ignore line: [/store/software/opendihu/dependencies/mpi/install/bin/mpicc    -Wall -Wwrite-strings -Wno-strict-aliasing -Wno-unknown-pragmas -fvisibility=hidden -O3     -v -rdynamic CMakeFiles/cmTC_38448.dir/CMakeCCompilerABI.c.o  -o cmTC_38448 ]
  ignore line: [mpicc for MPICH2 version 1.4.1p1]
  ignore line: [Using built-in specs.]
  ignore line: [COLLECT_GCC=arm-linux-gnueabi-gcc]
  ignore line: [COLLECT_LTO_WRAPPER=/usr/lib/gcc-cross/arm-linux-gnueabi/7/lto-wrapper]
  ignore line: [Target: arm-linux-gnueabi]
  ignore line: [Configured with: ../src/configure -v --with-pkgversion='Ubuntu/Linaro 7.3.0-27ubuntu1~18.04' --with-bugurl=file:///usr/share/doc/gcc-7/README.Bugs --enable-languages=c,ada,c++,go,d,fortran,objc,obj-c++ --prefix=/usr --with-gcc-major-version-only --program-suffix=-7 --enable-shared --enable-linker-build-id --libexecdir=/usr/lib --without-included-gettext --enable-threads=posix --libdir=/usr/lib --enable-nls --with-sysroot=/ --enable-clocale=gnu --enable-libstdcxx-debug --enable-libstdcxx-time=yes --with-default-libstdcxx-abi=new --enable-gnu-unique-object --disable-libitm --disable-libquadmath --disable-libquadmath-support --enable-plugin --with-system-zlib --with-target-system-zlib --enable-multiarch --enable-multilib --disable-sjlj-exceptions --with-arch=armv5t --with-float=soft --disable-werror --enable-multilib --enable-checking=release --build=x86_64-linux-gnu --host=x86_64-linux-gnu --target=arm-linux-gnueabi --program-prefix=arm-linux-gnueabi- --includedir=/usr/arm-linux-gnueabi/include]
  ignore line: [Thread model: posix]
  ignore line: [gcc version 7.3.0 (Ubuntu/Linaro 7.3.0-27ubuntu1~18.04) ]
  ignore line: [COMPILER_PATH=/usr/lib/gcc-cross/arm-linux-gnueabi/7/:/usr/lib/gcc-cross/arm-linux-gnueabi/7/:/usr/lib/gcc-cross/arm-linux-gnueabi/:/usr/lib/gcc-cross/arm-linux-gnueabi/7/:/usr/lib/gcc-cross/arm-linux-gnueabi/:/usr/lib/gcc-cross/arm-linux-gnueabi/7/../../../../arm-linux-gnueabi/bin/]
  ignore line: [LIBRARY_PATH=/usr/lib/gcc-cross/arm-linux-gnueabi/7/:/usr/lib/gcc-cross/arm-linux-gnueabi/7/../../../../arm-linux-gnueabi/lib/../lib/:/lib/../lib/:/usr/lib/arm-linux-gnueabi/:/usr/lib/../lib/:/usr/lib/gcc-cross/arm-linux-gnueabi/7/../../../../arm-linux-gnueabi/lib/:/lib/:/usr/lib/]
  ignore line: [COLLECT_GCC_OPTIONS='-Wall' '-Wwrite-strings' '-Wno-strict-aliasing' '-Wno-unknown-pragmas' '-fvisibility=hidden' '-O3' '-v' '-rdynamic' '-o' 'cmTC_38448' '-I' '/store/software/opendihu/dependencies/mpi/install/include' '-L/store/software/opendihu/dependencies/mpi/install/lib' '-march=armv5t' '-mfloat-abi=soft' '-mtls-dialect=gnu']
  link line: [ /usr/lib/gcc-cross/arm-linux-gnueabi/7/collect2 -plugin /usr/lib/gcc-cross/arm-linux-gnueabi/7/liblto_plugin.so -plugin-opt=/usr/lib/gcc-cross/arm-linux-gnueabi/7/lto-wrapper -plugin-opt=-fresolution=/tmp/cczylNDT.res -plugin-opt=-pass-through=-lgcc -plugin-opt=-pass-through=-lgcc_s -plugin-opt=-pass-through=-lc -plugin-opt=-pass-through=-lgcc -plugin-opt=-pass-through=-lgcc_s --sysroot=/ --build-id --eh-frame-hdr -export-dynamic -dynamic-linker /lib/ld-linux.so.3 -X --hash-style=gnu --as-needed -m armelf_linux_eabi -z relro -o cmTC_38448 /usr/lib/gcc-cross/arm-linux-gnueabi/7/../../../../arm-linux-gnueabi/lib/../lib/crt1.o /usr/lib/gcc-cross/arm-linux-gnueabi/7/../../../../arm-linux-gnueabi/lib/../lib/crti.o /usr/lib/gcc-cross/arm-linux-gnueabi/7/crtbegin.o -L/store/software/opendihu/dependencies/mpi/install/lib -L/usr/lib/gcc-cross/arm-linux-gnueabi/7 -L/usr/lib/gcc-cross/arm-linux-gnueabi/7/../../../../arm-linux-gnueabi/lib/../lib -L/lib/../lib -L/usr/lib/arm-linux-gnueabi -L/usr/lib/../lib -L/usr/lib/gcc-cross/arm-linux-gnueabi/7/../../../../arm-linux-gnueabi/lib CMakeFiles/cmTC_38448.dir/CMakeCCompilerABI.c.o -rpath /store/software/opendihu/dependencies/mpi/install/lib -lmpich -lopa -lmpl -lrt -lpthread -lgcc --push-state --as-needed -lgcc_s --pop-state -lc -lgcc --push-state --as-needed -lgcc_s --pop-state /usr/lib/gcc-cross/arm-linux-gnueabi/7/crtend.o /usr/lib/gcc-cross/arm-linux-gnueabi/7/../../../../arm-linux-gnueabi/lib/../lib/crtn.o]
    arg [/usr/lib/gcc-cross/arm-linux-gnueabi/7/collect2] ==> ignore
    arg [-plugin] ==> ignore
    arg [/usr/lib/gcc-cross/arm-linux-gnueabi/7/liblto_plugin.so] ==> ignore
    arg [-plugin-opt=/usr/lib/gcc-cross/arm-linux-gnueabi/7/lto-wrapper] ==> ignore
    arg [-plugin-opt=-fresolution=/tmp/cczylNDT.res] ==> ignore
    arg [-plugin-opt=-pass-through=-lgcc] ==> ignore
    arg [-plugin-opt=-pass-through=-lgcc_s] ==> ignore
    arg [-plugin-opt=-pass-through=-lc] ==> ignore
    arg [-plugin-opt=-pass-through=-lgcc] ==> ignore
    arg [-plugin-opt=-pass-through=-lgcc_s] ==> ignore
    arg [--sysroot=/] ==> ignore
    arg [--build-id] ==> ignore
    arg [--eh-frame-hdr] ==> ignore
    arg [-export-dynamic] ==> ignore
    arg [-dynamic-linker] ==> ignore
    arg [/lib/ld-linux.so.3] ==> ignore
    arg [-X] ==> ignore
    arg [--hash-style=gnu] ==> ignore
    arg [--as-needed] ==> ignore
    arg [-m] ==> ignore
    arg [armelf_linux_eabi] ==> ignore
    arg [-zrelro] ==> ignore
    arg [-o] ==> ignore
    arg [cmTC_38448] ==> ignore
    arg [/usr/lib/gcc-cross/arm-linux-gnueabi/7/../../../../arm-linux-gnueabi/lib/../lib/crt1.o] ==> ignore
    arg [/usr/lib/gcc-cross/arm-linux-gnueabi/7/../../../../arm-linux-gnueabi/lib/../lib/crti.o] ==> ignore
    arg [/usr/lib/gcc-cross/arm-linux-gnueabi/7/crtbegin.o] ==> ignore
    arg [-L/store/software/opendihu/dependencies/mpi/install/lib] ==> dir [/store/software/opendihu/dependencies/mpi/install/lib]
    arg [-L/usr/lib/gcc-cross/arm-linux-gnueabi/7] ==> dir [/usr/lib/gcc-cross/arm-linux-gnueabi/7]
    arg [-L/usr/lib/gcc-cross/arm-linux-gnueabi/7/../../../../arm-linux-gnueabi/lib/../lib] ==> dir [/usr/lib/gcc-cross/arm-linux-gnueabi/7/../../../../arm-linux-gnueabi/lib/../lib]
    arg [-L/lib/../lib] ==> dir [/lib/../lib]
    arg [-L/usr/lib/arm-linux-gnueabi] ==> dir [/usr/lib/arm-linux-gnueabi]
    arg [-L/usr/lib/../lib] ==> dir [/usr/lib/../lib]
    arg [-L/usr/lib/gcc-cross/arm-linux-gnueabi/7/../../../../arm-linux-gnueabi/lib] ==> dir [/usr/lib/gcc-cross/arm-linux-gnueabi/7/../../../../arm-linux-gnueabi/lib]
    arg [CMakeFiles/cmTC_38448.dir/CMakeCCompilerABI.c.o] ==> ignore
    arg [-rpath] ==> ignore
    arg [/store/software/opendihu/dependencies/mpi/install/lib] ==> ignore
    arg [-lmpich] ==> lib [mpich]
    arg [-lopa] ==> lib [opa]
    arg [-lmpl] ==> lib [mpl]
    arg [-lrt] ==> lib [rt]
    arg [-lpthread] ==> lib [pthread]
    arg [-lgcc] ==> lib [gcc]
    arg [--push-state] ==> ignore
    arg [--as-needed] ==> ignore
    arg [-lgcc_s] ==> lib [gcc_s]
    arg [--pop-state] ==> ignore
    arg [-lc] ==> lib [c]
    arg [-lgcc] ==> lib [gcc]
    arg [--push-state] ==> ignore
    arg [--as-needed] ==> ignore
    arg [-lgcc_s] ==> lib [gcc_s]
    arg [--pop-state] ==> ignore
    arg [/usr/lib/gcc-cross/arm-linux-gnueabi/7/crtend.o] ==> ignore
    arg [/usr/lib/gcc-cross/arm-linux-gnueabi/7/../../../../arm-linux-gnueabi/lib/../lib/crtn.o] ==> ignore
  collapse library dir [/store/software/opendihu/dependencies/mpi/install/lib] ==> [/store/software/opendihu/dependencies/mpi/install/lib]
  collapse library dir [/usr/lib/gcc-cross/arm-linux-gnueabi/7] ==> [/usr/lib/gcc-cross/arm-linux-gnueabi/7]
  collapse library dir [/usr/lib/gcc-cross/arm-linux-gnueabi/7/../../../../arm-linux-gnueabi/lib/../lib] ==> [/usr/arm-linux-gnueabi/lib]
  collapse library dir [/lib/../lib] ==> [/lib]
  collapse library dir [/usr/lib/arm-linux-gnueabi] ==> [/usr/lib/arm-linux-gnueabi]
  collapse library dir [/usr/lib/../lib] ==> [/usr/lib]
  collapse library dir [/usr/lib/gcc-cross/arm-linux-gnueabi/7/../../../../arm-linux-gnueabi/lib] ==> [/usr/arm-linux-gnueabi/lib]
  implicit libs: [mpich;opa;mpl;rt;pthread;gcc;gcc_s;c;gcc;gcc_s]
  implicit dirs: [/store/software/opendihu/dependencies/mpi/install/lib;/usr/lib/gcc-cross/arm-linux-gnueabi/7;/usr/arm-linux-gnueabi/lib;/lib;/usr/lib/arm-linux-gnueabi;/usr/lib]
  implicit fwks: []




Detecting C [-std=c11] compiler features compiled with the following output:
Change Dir: /store/software/opendihu/dependencies/petsc/src/petsc-3.7.6/arch-linux2-c-opt/CMakeFiles/CMakeTmp

Run Build Command:"/usr/bin/make" "cmTC_abda1/fast"
/usr/bin/make -f CMakeFiles/cmTC_abda1.dir/build.make CMakeFiles/cmTC_abda1.dir/build
make[1]: Entering directory '/store/software/opendihu/dependencies/petsc/src/petsc-3.7.6/arch-linux2-c-opt/CMakeFiles/CMakeTmp'
Building C object CMakeFiles/cmTC_abda1.dir/feature_tests.c.o
/store/software/opendihu/dependencies/mpi/install/bin/mpicc   -Wall -Wwrite-strings -Wno-strict-aliasing -Wno-unknown-pragmas -fvisibility=hidden -O3     -std=c11 -o CMakeFiles/cmTC_abda1.dir/feature_tests.c.o   -c /store/software/opendihu/dependencies/petsc/src/petsc-3.7.6/arch-linux2-c-opt/CMakeFiles/feature_tests.c
Linking C executable cmTC_abda1
/usr/bin/cmake -E cmake_link_script CMakeFiles/cmTC_abda1.dir/link.txt --verbose=1
/store/software/opendihu/dependencies/mpi/install/bin/mpicc    -Wall -Wwrite-strings -Wno-strict-aliasing -Wno-unknown-pragmas -fvisibility=hidden -O3      -rdynamic CMakeFiles/cmTC_abda1.dir/feature_tests.c.o  -o cmTC_abda1 
make[1]: Leaving directory '/store/software/opendihu/dependencies/petsc/src/petsc-3.7.6/arch-linux2-c-opt/CMakeFiles/CMakeTmp'


    Feature record: C_FEATURE:1c_function_prototypes
    Feature record: C_FEATURE:1c_restrict
    Feature record: C_FEATURE:1c_static_assert
    Feature record: C_FEATURE:1c_variadic_macros


Detecting C [-std=c99] compiler features compiled with the following output:
Change Dir: /store/software/opendihu/dependencies/petsc/src/petsc-3.7.6/arch-linux2-c-opt/CMakeFiles/CMakeTmp

Run Build Command:"/usr/bin/make" "cmTC_84e6e/fast"
/usr/bin/make -f CMakeFiles/cmTC_84e6e.dir/build.make CMakeFiles/cmTC_84e6e.dir/build
make[1]: Entering directory '/store/software/opendihu/dependencies/petsc/src/petsc-3.7.6/arch-linux2-c-opt/CMakeFiles/CMakeTmp'
Building C object CMakeFiles/cmTC_84e6e.dir/feature_tests.c.o
/store/software/opendihu/dependencies/mpi/install/bin/mpicc   -Wall -Wwrite-strings -Wno-strict-aliasing -Wno-unknown-pragmas -fvisibility=hidden -O3     -std=c99 -o CMakeFiles/cmTC_84e6e.dir/feature_tests.c.o   -c /store/software/opendihu/dependencies/petsc/src/petsc-3.7.6/arch-linux2-c-opt/CMakeFiles/feature_tests.c
Linking C executable cmTC_84e6e
/usr/bin/cmake -E cmake_link_script CMakeFiles/cmTC_84e6e.dir/link.txt --verbose=1
/store/software/opendihu/dependencies/mpi/install/bin/mpicc    -Wall -Wwrite-strings -Wno-strict-aliasing -Wno-unknown-pragmas -fvisibility=hidden -O3      -rdynamic CMakeFiles/cmTC_84e6e.dir/feature_tests.c.o  -o cmTC_84e6e 
make[1]: Leaving directory '/store/software/opendihu/dependencies/petsc/src/petsc-3.7.6/arch-linux2-c-opt/CMakeFiles/CMakeTmp'


    Feature record: C_FEATURE:1c_function_prototypes
    Feature record: C_FEATURE:1c_restrict
    Feature record: C_FEATURE:0c_static_assert
    Feature record: C_FEATURE:1c_variadic_macros


Detecting C [-std=c90] compiler features compiled with the following output:
Change Dir: /store/software/opendihu/dependencies/petsc/src/petsc-3.7.6/arch-linux2-c-opt/CMakeFiles/CMakeTmp

Run Build Command:"/usr/bin/make" "cmTC_f6187/fast"
/usr/bin/make -f CMakeFiles/cmTC_f6187.dir/build.make CMakeFiles/cmTC_f6187.dir/build
make[1]: Entering directory '/store/software/opendihu/dependencies/petsc/src/petsc-3.7.6/arch-linux2-c-opt/CMakeFiles/CMakeTmp'
Building C object CMakeFiles/cmTC_f6187.dir/feature_tests.c.o
/store/software/opendihu/dependencies/mpi/install/bin/mpicc   -Wall -Wwrite-strings -Wno-strict-aliasing -Wno-unknown-pragmas -fvisibility=hidden -O3     -std=c90 -o CMakeFiles/cmTC_f6187.dir/feature_tests.c.o   -c /store/software/opendihu/dependencies/petsc/src/petsc-3.7.6/arch-linux2-c-opt/CMakeFiles/feature_tests.c
Linking C executable cmTC_f6187
/usr/bin/cmake -E cmake_link_script CMakeFiles/cmTC_f6187.dir/link.txt --verbose=1
/store/software/opendihu/dependencies/mpi/install/bin/mpicc    -Wall -Wwrite-strings -Wno-strict-aliasing -Wno-unknown-pragmas -fvisibility=hidden -O3      -rdynamic CMakeFiles/cmTC_f6187.dir/feature_tests.c.o  -o cmTC_f6187 
make[1]: Leaving directory '/store/software/opendihu/dependencies/petsc/src/petsc-3.7.6/arch-linux2-c-opt/CMakeFiles/CMakeTmp'


    Feature record: C_FEATURE:1c_function_prototypes
    Feature record: C_FEATURE:0c_restrict
    Feature record: C_FEATURE:0c_static_assert
    Feature record: C_FEATURE:0c_variadic_macros
Compiling the CXX compiler identification source file "CMakeCXXCompilerId.cpp" succeeded.
Compiler: /store/software/opendihu/dependencies/mpi/install/bin/mpicxx 
Build flags: ;-Wall;-Wwrite-strings;-Wno-strict-aliasing;-Wno-unknown-pragmas;-fvisibility=hidden;-O3;;;;;
Id flags:  

The output was:
0


Compilation of the CXX compiler identification source "CMakeCXXCompilerId.cpp" produced "a.out"

The CXX compiler identification is GNU, found in "/store/software/opendihu/dependencies/petsc/src/petsc-3.7.6/arch-linux2-c-opt/CMakeFiles/3.10.2/CompilerIdCXX/a.out"

Determining if the CXX compiler works passed with the following output:
Change Dir: /store/software/opendihu/dependencies/petsc/src/petsc-3.7.6/arch-linux2-c-opt/CMakeFiles/CMakeTmp

Run Build Command:"/usr/bin/make" "cmTC_d5e99/fast"
/usr/bin/make -f CMakeFiles/cmTC_d5e99.dir/build.make CMakeFiles/cmTC_d5e99.dir/build
make[1]: Entering directory '/store/software/opendihu/dependencies/petsc/src/petsc-3.7.6/arch-linux2-c-opt/CMakeFiles/CMakeTmp'
Building CXX object CMakeFiles/cmTC_d5e99.dir/testCXXCompiler.cxx.o
/store/software/opendihu/dependencies/mpi/install/bin/mpicxx    -Wall -Wwrite-strings -Wno-strict-aliasing -Wno-unknown-pragmas -fvisibility=hidden -O3         -o CMakeFiles/cmTC_d5e99.dir/testCXXCompiler.cxx.o -c /store/software/opendihu/dependencies/petsc/src/petsc-3.7.6/arch-linux2-c-opt/CMakeFiles/CMakeTmp/testCXXCompiler.cxx
Linking CXX executable cmTC_d5e99
/usr/bin/cmake -E cmake_link_script CMakeFiles/cmTC_d5e99.dir/link.txt --verbose=1
/store/software/opendihu/dependencies/mpi/install/bin/mpicxx   -Wall -Wwrite-strings -Wno-strict-aliasing -Wno-unknown-pragmas -fvisibility=hidden -O3          -rdynamic CMakeFiles/cmTC_d5e99.dir/testCXXCompiler.cxx.o  -o cmTC_d5e99 
make[1]: Leaving directory '/store/software/opendihu/dependencies/petsc/src/petsc-3.7.6/arch-linux2-c-opt/CMakeFiles/CMakeTmp'


Detecting CXX compiler ABI info compiled with the following output:
Change Dir: /store/software/opendihu/dependencies/petsc/src/petsc-3.7.6/arch-linux2-c-opt/CMakeFiles/CMakeTmp

Run Build Command:"/usr/bin/make" "cmTC_7c004/fast"
/usr/bin/make -f CMakeFiles/cmTC_7c004.dir/build.make CMakeFiles/cmTC_7c004.dir/build
make[1]: Entering directory '/store/software/opendihu/dependencies/petsc/src/petsc-3.7.6/arch-linux2-c-opt/CMakeFiles/CMakeTmp'
Building CXX object CMakeFiles/cmTC_7c004.dir/CMakeCXXCompilerABI.cpp.o
/store/software/opendihu/dependencies/mpi/install/bin/mpicxx    -Wall -Wwrite-strings -Wno-strict-aliasing -Wno-unknown-pragmas -fvisibility=hidden -O3         -o CMakeFiles/cmTC_7c004.dir/CMakeCXXCompilerABI.cpp.o -c /usr/share/cmake-3.10/Modules/CMakeCXXCompilerABI.cpp
Linking CXX executable cmTC_7c004
/usr/bin/cmake -E cmake_link_script CMakeFiles/cmTC_7c004.dir/link.txt --verbose=1
/store/software/opendihu/dependencies/mpi/install/bin/mpicxx   -Wall -Wwrite-strings -Wno-strict-aliasing -Wno-unknown-pragmas -fvisibility=hidden -O3         -v -rdynamic CMakeFiles/cmTC_7c004.dir/CMakeCXXCompilerABI.cpp.o  -o cmTC_7c004 
mpicxx for MPICH2 version 1.4.1p1
Using built-in specs.
COLLECT_GCC=arm-linux-gnueabi-gcc
COLLECT_LTO_WRAPPER=/usr/lib/gcc-cross/arm-linux-gnueabi/7/lto-wrapper
Target: arm-linux-gnueabi
Configured with: ../src/configure -v --with-pkgversion='Ubuntu/Linaro 7.3.0-27ubuntu1~18.04' --with-bugurl=file:///usr/share/doc/gcc-7/README.Bugs --enable-languages=c,ada,c++,go,d,fortran,objc,obj-c++ --prefix=/usr --with-gcc-major-version-only --program-suffix=-7 --enable-shared --enable-linker-build-id --libexecdir=/usr/lib --without-included-gettext --enable-threads=posix --libdir=/usr/lib --enable-nls --with-sysroot=/ --enable-clocale=gnu --enable-libstdcxx-debug --enable-libstdcxx-time=yes --with-default-libstdcxx-abi=new --enable-gnu-unique-object --disable-libitm --disable-libquadmath --disable-libquadmath-support --enable-plugin --with-system-zlib --with-target-system-zlib --enable-multiarch --enable-multilib --disable-sjlj-exceptions --with-arch=armv5t --with-float=soft --disable-werror --enable-multilib --enable-checking=release --build=x86_64-linux-gnu --host=x86_64-linux-gnu --target=arm-linux-gnueabi --program-prefix=arm-linux-gnueabi- --includedir=/usr/arm-linux-gnueabi/include
Thread model: posix
gcc version 7.3.0 (Ubuntu/Linaro 7.3.0-27ubuntu1~18.04) 
COMPILER_PATH=/usr/lib/gcc-cross/arm-linux-gnueabi/7/:/usr/lib/gcc-cross/arm-linux-gnueabi/7/:/usr/lib/gcc-cross/arm-linux-gnueabi/:/usr/lib/gcc-cross/arm-linux-gnueabi/7/:/usr/lib/gcc-cross/arm-linux-gnueabi/:/usr/lib/gcc-cross/arm-linux-gnueabi/7/../../../../arm-linux-gnueabi/bin/
LIBRARY_PATH=/usr/lib/gcc-cross/arm-linux-gnueabi/7/:/usr/lib/gcc-cross/arm-linux-gnueabi/7/../../../../arm-linux-gnueabi/lib/../lib/:/lib/../lib/:/usr/lib/arm-linux-gnueabi/:/usr/lib/../lib/:/usr/lib/gcc-cross/arm-linux-gnueabi/7/../../../../arm-linux-gnueabi/lib/:/lib/:/usr/lib/
COLLECT_GCC_OPTIONS='-Wall' '-Wwrite-strings' '-Wno-strict-aliasing' '-Wno-unknown-pragmas' '-fvisibility=hidden' '-O3' '-v' '-rdynamic' '-o' 'cmTC_7c004' '-I' '/store/software/opendihu/dependencies/mpi/install/include' '-L/store/software/opendihu/dependencies/mpi/install/lib' '-march=armv5t' '-mfloat-abi=soft' '-mtls-dialect=gnu'
 /usr/lib/gcc-cross/arm-linux-gnueabi/7/collect2 -plugin /usr/lib/gcc-cross/arm-linux-gnueabi/7/liblto_plugin.so -plugin-opt=/usr/lib/gcc-cross/arm-linux-gnueabi/7/lto-wrapper -plugin-opt=-fresolution=/tmp/cctZrPGF.res -plugin-opt=-pass-through=-lgcc -plugin-opt=-pass-through=-lgcc_s -plugin-opt=-pass-through=-lc -plugin-opt=-pass-through=-lgcc -plugin-opt=-pass-through=-lgcc_s --sysroot=/ --build-id --eh-frame-hdr -export-dynamic -dynamic-linker /lib/ld-linux.so.3 -X --hash-style=gnu --as-needed -m armelf_linux_eabi -z relro -o cmTC_7c004 /usr/lib/gcc-cross/arm-linux-gnueabi/7/../../../../arm-linux-gnueabi/lib/../lib/crt1.o /usr/lib/gcc-cross/arm-linux-gnueabi/7/../../../../arm-linux-gnueabi/lib/../lib/crti.o /usr/lib/gcc-cross/arm-linux-gnueabi/7/crtbegin.o -L/store/software/opendihu/dependencies/mpi/install/lib -L/usr/lib/gcc-cross/arm-linux-gnueabi/7 -L/usr/lib/gcc-cross/arm-linux-gnueabi/7/../../../../arm-linux-gnueabi/lib/../lib -L/lib/../lib -L/usr/lib/arm-linux-gnueabi -L/usr/lib/../lib -L/usr/lib/gcc-cross/arm-linux-gnueabi/7/../../../../arm-linux-gnueabi/lib CMakeFiles/cmTC_7c004.dir/CMakeCXXCompilerABI.cpp.o -rpath /store/software/opendihu/dependencies/mpi/install/lib -lmpichcxx -lmpich -lopa -lmpl -lrt -lpthread -lgcc --push-state --as-needed -lgcc_s --pop-state -lc -lgcc --push-state --as-needed -lgcc_s --pop-state /usr/lib/gcc-cross/arm-linux-gnueabi/7/crtend.o /usr/lib/gcc-cross/arm-linux-gnueabi/7/../../../../arm-linux-gnueabi/lib/../lib/crtn.o
COLLECT_GCC_OPTIONS='-Wall' '-Wwrite-strings' '-Wno-strict-aliasing' '-Wno-unknown-pragmas' '-fvisibility=hidden' '-O3' '-v' '-rdynamic' '-o' 'cmTC_7c004' '-I' '/store/software/opendihu/dependencies/mpi/install/include' '-L/store/software/opendihu/dependencies/mpi/install/lib' '-march=armv5t' '-mfloat-abi=soft' '-mtls-dialect=gnu'
make[1]: Leaving directory '/store/software/opendihu/dependencies/petsc/src/petsc-3.7.6/arch-linux2-c-opt/CMakeFiles/CMakeTmp'


Parsed CXX implicit link information from above output:
  link line regex: [^( *|.*[/\])(ld|CMAKE_LINK_STARTFILE-NOTFOUND|([^/\]+-)?ld|collect2)[^/\]*( |$)]
  ignore line: [Change Dir: /store/software/opendihu/dependencies/petsc/src/petsc-3.7.6/arch-linux2-c-opt/CMakeFiles/CMakeTmp]
  ignore line: []
  ignore line: [Run Build Command:"/usr/bin/make" "cmTC_7c004/fast"]
  ignore line: [/usr/bin/make -f CMakeFiles/cmTC_7c004.dir/build.make CMakeFiles/cmTC_7c004.dir/build]
  ignore line: [make[1]: Entering directory '/store/software/opendihu/dependencies/petsc/src/petsc-3.7.6/arch-linux2-c-opt/CMakeFiles/CMakeTmp']
  ignore line: [Building CXX object CMakeFiles/cmTC_7c004.dir/CMakeCXXCompilerABI.cpp.o]
  ignore line: [/store/software/opendihu/dependencies/mpi/install/bin/mpicxx    -Wall -Wwrite-strings -Wno-strict-aliasing -Wno-unknown-pragmas -fvisibility=hidden -O3         -o CMakeFiles/cmTC_7c004.dir/CMakeCXXCompilerABI.cpp.o -c /usr/share/cmake-3.10/Modules/CMakeCXXCompilerABI.cpp]
  ignore line: [Linking CXX executable cmTC_7c004]
  ignore line: [/usr/bin/cmake -E cmake_link_script CMakeFiles/cmTC_7c004.dir/link.txt --verbose=1]
  ignore line: [/store/software/opendihu/dependencies/mpi/install/bin/mpicxx   -Wall -Wwrite-strings -Wno-strict-aliasing -Wno-unknown-pragmas -fvisibility=hidden -O3         -v -rdynamic CMakeFiles/cmTC_7c004.dir/CMakeCXXCompilerABI.cpp.o  -o cmTC_7c004 ]
  ignore line: [mpicxx for MPICH2 version 1.4.1p1]
  ignore line: [Using built-in specs.]
  ignore line: [COLLECT_GCC=arm-linux-gnueabi-gcc]
  ignore line: [COLLECT_LTO_WRAPPER=/usr/lib/gcc-cross/arm-linux-gnueabi/7/lto-wrapper]
  ignore line: [Target: arm-linux-gnueabi]
  ignore line: [Configured with: ../src/configure -v --with-pkgversion='Ubuntu/Linaro 7.3.0-27ubuntu1~18.04' --with-bugurl=file:///usr/share/doc/gcc-7/README.Bugs --enable-languages=c,ada,c++,go,d,fortran,objc,obj-c++ --prefix=/usr --with-gcc-major-version-only --program-suffix=-7 --enable-shared --enable-linker-build-id --libexecdir=/usr/lib --without-included-gettext --enable-threads=posix --libdir=/usr/lib --enable-nls --with-sysroot=/ --enable-clocale=gnu --enable-libstdcxx-debug --enable-libstdcxx-time=yes --with-default-libstdcxx-abi=new --enable-gnu-unique-object --disable-libitm --disable-libquadmath --disable-libquadmath-support --enable-plugin --with-system-zlib --with-target-system-zlib --enable-multiarch --enable-multilib --disable-sjlj-exceptions --with-arch=armv5t --with-float=soft --disable-werror --enable-multilib --enable-checking=release --build=x86_64-linux-gnu --host=x86_64-linux-gnu --target=arm-linux-gnueabi --program-prefix=arm-linux-gnueabi- --includedir=/usr/arm-linux-gnueabi/include]
  ignore line: [Thread model: posix]
  ignore line: [gcc version 7.3.0 (Ubuntu/Linaro 7.3.0-27ubuntu1~18.04) ]
  ignore line: [COMPILER_PATH=/usr/lib/gcc-cross/arm-linux-gnueabi/7/:/usr/lib/gcc-cross/arm-linux-gnueabi/7/:/usr/lib/gcc-cross/arm-linux-gnueabi/:/usr/lib/gcc-cross/arm-linux-gnueabi/7/:/usr/lib/gcc-cross/arm-linux-gnueabi/:/usr/lib/gcc-cross/arm-linux-gnueabi/7/../../../../arm-linux-gnueabi/bin/]
  ignore line: [LIBRARY_PATH=/usr/lib/gcc-cross/arm-linux-gnueabi/7/:/usr/lib/gcc-cross/arm-linux-gnueabi/7/../../../../arm-linux-gnueabi/lib/../lib/:/lib/../lib/:/usr/lib/arm-linux-gnueabi/:/usr/lib/../lib/:/usr/lib/gcc-cross/arm-linux-gnueabi/7/../../../../arm-linux-gnueabi/lib/:/lib/:/usr/lib/]
  ignore line: [COLLECT_GCC_OPTIONS='-Wall' '-Wwrite-strings' '-Wno-strict-aliasing' '-Wno-unknown-pragmas' '-fvisibility=hidden' '-O3' '-v' '-rdynamic' '-o' 'cmTC_7c004' '-I' '/store/software/opendihu/dependencies/mpi/install/include' '-L/store/software/opendihu/dependencies/mpi/install/lib' '-march=armv5t' '-mfloat-abi=soft' '-mtls-dialect=gnu']
  link line: [ /usr/lib/gcc-cross/arm-linux-gnueabi/7/collect2 -plugin /usr/lib/gcc-cross/arm-linux-gnueabi/7/liblto_plugin.so -plugin-opt=/usr/lib/gcc-cross/arm-linux-gnueabi/7/lto-wrapper -plugin-opt=-fresolution=/tmp/cctZrPGF.res -plugin-opt=-pass-through=-lgcc -plugin-opt=-pass-through=-lgcc_s -plugin-opt=-pass-through=-lc -plugin-opt=-pass-through=-lgcc -plugin-opt=-pass-through=-lgcc_s --sysroot=/ --build-id --eh-frame-hdr -export-dynamic -dynamic-linker /lib/ld-linux.so.3 -X --hash-style=gnu --as-needed -m armelf_linux_eabi -z relro -o cmTC_7c004 /usr/lib/gcc-cross/arm-linux-gnueabi/7/../../../../arm-linux-gnueabi/lib/../lib/crt1.o /usr/lib/gcc-cross/arm-linux-gnueabi/7/../../../../arm-linux-gnueabi/lib/../lib/crti.o /usr/lib/gcc-cross/arm-linux-gnueabi/7/crtbegin.o -L/store/software/opendihu/dependencies/mpi/install/lib -L/usr/lib/gcc-cross/arm-linux-gnueabi/7 -L/usr/lib/gcc-cross/arm-linux-gnueabi/7/../../../../arm-linux-gnueabi/lib/../lib -L/lib/../lib -L/usr/lib/arm-linux-gnueabi -L/usr/lib/../lib -L/usr/lib/gcc-cross/arm-linux-gnueabi/7/../../../../arm-linux-gnueabi/lib CMakeFiles/cmTC_7c004.dir/CMakeCXXCompilerABI.cpp.o -rpath /store/software/opendihu/dependencies/mpi/install/lib -lmpichcxx -lmpich -lopa -lmpl -lrt -lpthread -lgcc --push-state --as-needed -lgcc_s --pop-state -lc -lgcc --push-state --as-needed -lgcc_s --pop-state /usr/lib/gcc-cross/arm-linux-gnueabi/7/crtend.o /usr/lib/gcc-cross/arm-linux-gnueabi/7/../../../../arm-linux-gnueabi/lib/../lib/crtn.o]
    arg [/usr/lib/gcc-cross/arm-linux-gnueabi/7/collect2] ==> ignore
    arg [-plugin] ==> ignore
    arg [/usr/lib/gcc-cross/arm-linux-gnueabi/7/liblto_plugin.so] ==> ignore
    arg [-plugin-opt=/usr/lib/gcc-cross/arm-linux-gnueabi/7/lto-wrapper] ==> ignore
    arg [-plugin-opt=-fresolution=/tmp/cctZrPGF.res] ==> ignore
    arg [-plugin-opt=-pass-through=-lgcc] ==> ignore
    arg [-plugin-opt=-pass-through=-lgcc_s] ==> ignore
    arg [-plugin-opt=-pass-through=-lc] ==> ignore
    arg [-plugin-opt=-pass-through=-lgcc] ==> ignore
    arg [-plugin-opt=-pass-through=-lgcc_s] ==> ignore
    arg [--sysroot=/] ==> ignore
    arg [--build-id] ==> ignore
    arg [--eh-frame-hdr] ==> ignore
    arg [-export-dynamic] ==> ignore
    arg [-dynamic-linker] ==> ignore
    arg [/lib/ld-linux.so.3] ==> ignore
    arg [-X] ==> ignore
    arg [--hash-style=gnu] ==> ignore
    arg [--as-needed] ==> ignore
    arg [-m] ==> ignore
    arg [armelf_linux_eabi] ==> ignore
    arg [-zrelro] ==> ignore
    arg [-o] ==> ignore
    arg [cmTC_7c004] ==> ignore
    arg [/usr/lib/gcc-cross/arm-linux-gnueabi/7/../../../../arm-linux-gnueabi/lib/../lib/crt1.o] ==> ignore
    arg [/usr/lib/gcc-cross/arm-linux-gnueabi/7/../../../../arm-linux-gnueabi/lib/../lib/crti.o] ==> ignore
    arg [/usr/lib/gcc-cross/arm-linux-gnueabi/7/crtbegin.o] ==> ignore
    arg [-L/store/software/opendihu/dependencies/mpi/install/lib] ==> dir [/store/software/opendihu/dependencies/mpi/install/lib]
    arg [-L/usr/lib/gcc-cross/arm-linux-gnueabi/7] ==> dir [/usr/lib/gcc-cross/arm-linux-gnueabi/7]
    arg [-L/usr/lib/gcc-cross/arm-linux-gnueabi/7/../../../../arm-linux-gnueabi/lib/../lib] ==> dir [/usr/lib/gcc-cross/arm-linux-gnueabi/7/../../../../arm-linux-gnueabi/lib/../lib]
    arg [-L/lib/../lib] ==> dir [/lib/../lib]
    arg [-L/usr/lib/arm-linux-gnueabi] ==> dir [/usr/lib/arm-linux-gnueabi]
    arg [-L/usr/lib/../lib] ==> dir [/usr/lib/../lib]
    arg [-L/usr/lib/gcc-cross/arm-linux-gnueabi/7/../../../../arm-linux-gnueabi/lib] ==> dir [/usr/lib/gcc-cross/arm-linux-gnueabi/7/../../../../arm-linux-gnueabi/lib]
    arg [CMakeFiles/cmTC_7c004.dir/CMakeCXXCompilerABI.cpp.o] ==> ignore
    arg [-rpath] ==> ignore
    arg [/store/software/opendihu/dependencies/mpi/install/lib] ==> ignore
    arg [-lmpichcxx] ==> lib [mpichcxx]
    arg [-lmpich] ==> lib [mpich]
    arg [-lopa] ==> lib [opa]
    arg [-lmpl] ==> lib [mpl]
    arg [-lrt] ==> lib [rt]
    arg [-lpthread] ==> lib [pthread]
    arg [-lgcc] ==> lib [gcc]
    arg [--push-state] ==> ignore
    arg [--as-needed] ==> ignore
    arg [-lgcc_s] ==> lib [gcc_s]
    arg [--pop-state] ==> ignore
    arg [-lc] ==> lib [c]
    arg [-lgcc] ==> lib [gcc]
    arg [--push-state] ==> ignore
    arg [--as-needed] ==> ignore
    arg [-lgcc_s] ==> lib [gcc_s]
    arg [--pop-state] ==> ignore
    arg [/usr/lib/gcc-cross/arm-linux-gnueabi/7/crtend.o] ==> ignore
    arg [/usr/lib/gcc-cross/arm-linux-gnueabi/7/../../../../arm-linux-gnueabi/lib/../lib/crtn.o] ==> ignore
  collapse library dir [/store/software/opendihu/dependencies/mpi/install/lib] ==> [/store/software/opendihu/dependencies/mpi/install/lib]
  collapse library dir [/usr/lib/gcc-cross/arm-linux-gnueabi/7] ==> [/usr/lib/gcc-cross/arm-linux-gnueabi/7]
  collapse library dir [/usr/lib/gcc-cross/arm-linux-gnueabi/7/../../../../arm-linux-gnueabi/lib/../lib] ==> [/usr/arm-linux-gnueabi/lib]
  collapse library dir [/lib/../lib] ==> [/lib]
  collapse library dir [/usr/lib/arm-linux-gnueabi] ==> [/usr/lib/arm-linux-gnueabi]
  collapse library dir [/usr/lib/../lib] ==> [/usr/lib]
  collapse library dir [/usr/lib/gcc-cross/arm-linux-gnueabi/7/../../../../arm-linux-gnueabi/lib] ==> [/usr/arm-linux-gnueabi/lib]
  implicit libs: [mpichcxx;mpich;opa;mpl;rt;pthread;gcc;gcc_s;c;gcc;gcc_s]
  implicit dirs: [/store/software/opendihu/dependencies/mpi/install/lib;/usr/lib/gcc-cross/arm-linux-gnueabi/7;/usr/arm-linux-gnueabi/lib;/lib;/usr/lib/arm-linux-gnueabi;/usr/lib]
  implicit fwks: []




Detecting CXX [-std=c++1z] compiler features compiled with the following output:
Change Dir: /store/software/opendihu/dependencies/petsc/src/petsc-3.7.6/arch-linux2-c-opt/CMakeFiles/CMakeTmp

Run Build Command:"/usr/bin/make" "cmTC_fde6a/fast"
/usr/bin/make -f CMakeFiles/cmTC_fde6a.dir/build.make CMakeFiles/cmTC_fde6a.dir/build
make[1]: Entering directory '/store/software/opendihu/dependencies/petsc/src/petsc-3.7.6/arch-linux2-c-opt/CMakeFiles/CMakeTmp'
Building CXX object CMakeFiles/cmTC_fde6a.dir/feature_tests.cxx.o
/store/software/opendihu/dependencies/mpi/install/bin/mpicxx    -Wall -Wwrite-strings -Wno-strict-aliasing -Wno-unknown-pragmas -fvisibility=hidden -O3         -std=c++1z -o CMakeFiles/cmTC_fde6a.dir/feature_tests.cxx.o -c /store/software/opendihu/dependencies/petsc/src/petsc-3.7.6/arch-linux2-c-opt/CMakeFiles/feature_tests.cxx
Linking CXX executable cmTC_fde6a
/usr/bin/cmake -E cmake_link_script CMakeFiles/cmTC_fde6a.dir/link.txt --verbose=1
/store/software/opendihu/dependencies/mpi/install/bin/mpicxx   -Wall -Wwrite-strings -Wno-strict-aliasing -Wno-unknown-pragmas -fvisibility=hidden -O3          -rdynamic CMakeFiles/cmTC_fde6a.dir/feature_tests.cxx.o  -o cmTC_fde6a 
make[1]: Leaving directory '/store/software/opendihu/dependencies/petsc/src/petsc-3.7.6/arch-linux2-c-opt/CMakeFiles/CMakeTmp'


    Feature record: CXX_FEATURE:1cxx_aggregate_default_initializers
    Feature record: CXX_FEATURE:1cxx_alias_templates
    Feature record: CXX_FEATURE:1cxx_alignas
    Feature record: CXX_FEATURE:1cxx_alignof
    Feature record: CXX_FEATURE:1cxx_attributes
    Feature record: CXX_FEATURE:1cxx_attribute_deprecated
    Feature record: CXX_FEATURE:1cxx_auto_type
    Feature record: CXX_FEATURE:1cxx_binary_literals
    Feature record: CXX_FEATURE:1cxx_constexpr
    Feature record: CXX_FEATURE:1cxx_contextual_conversions
    Feature record: CXX_FEATURE:1cxx_decltype
    Feature record: CXX_FEATURE:1cxx_decltype_auto
    Feature record: CXX_FEATURE:1cxx_decltype_incomplete_return_types
    Feature record: CXX_FEATURE:1cxx_default_function_template_args
    Feature record: CXX_FEATURE:1cxx_defaulted_functions
    Feature record: CXX_FEATURE:1cxx_defaulted_move_initializers
    Feature record: CXX_FEATURE:1cxx_delegating_constructors
    Feature record: CXX_FEATURE:1cxx_deleted_functions
    Feature record: CXX_FEATURE:1cxx_digit_separators
    Feature record: CXX_FEATURE:1cxx_enum_forward_declarations
    Feature record: CXX_FEATURE:1cxx_explicit_conversions
    Feature record: CXX_FEATURE:1cxx_extended_friend_declarations
    Feature record: CXX_FEATURE:1cxx_extern_templates
    Feature record: CXX_FEATURE:1cxx_final
    Feature record: CXX_FEATURE:1cxx_func_identifier
    Feature record: CXX_FEATURE:1cxx_generalized_initializers
    Feature record: CXX_FEATURE:1cxx_generic_lambdas
    Feature record: CXX_FEATURE:1cxx_inheriting_constructors
    Feature record: CXX_FEATURE:1cxx_inline_namespaces
    Feature record: CXX_FEATURE:1cxx_lambdas
    Feature record: CXX_FEATURE:1cxx_lambda_init_captures
    Feature record: CXX_FEATURE:1cxx_local_type_template_args
    Feature record: CXX_FEATURE:1cxx_long_long_type
    Feature record: CXX_FEATURE:1cxx_noexcept
    Feature record: CXX_FEATURE:1cxx_nonstatic_member_init
    Feature record: CXX_FEATURE:1cxx_nullptr
    Feature record: CXX_FEATURE:1cxx_override
    Feature record: CXX_FEATURE:1cxx_range_for
    Feature record: CXX_FEATURE:1cxx_raw_string_literals
    Feature record: CXX_FEATURE:1cxx_reference_qualified_functions
    Feature record: CXX_FEATURE:1cxx_relaxed_constexpr
    Feature record: CXX_FEATURE:1cxx_return_type_deduction
    Feature record: CXX_FEATURE:1cxx_right_angle_brackets
    Feature record: CXX_FEATURE:1cxx_rvalue_references
    Feature record: CXX_FEATURE:1cxx_sizeof_member
    Feature record: CXX_FEATURE:1cxx_static_assert
    Feature record: CXX_FEATURE:1cxx_strong_enums
    Feature record: CXX_FEATURE:1cxx_template_template_parameters
    Feature record: CXX_FEATURE:1cxx_thread_local
    Feature record: CXX_FEATURE:1cxx_trailing_return_types
    Feature record: CXX_FEATURE:1cxx_unicode_literals
    Feature record: CXX_FEATURE:1cxx_uniform_initialization
    Feature record: CXX_FEATURE:1cxx_unrestricted_unions
    Feature record: CXX_FEATURE:1cxx_user_literals
    Feature record: CXX_FEATURE:1cxx_variable_templates
    Feature record: CXX_FEATURE:1cxx_variadic_macros
    Feature record: CXX_FEATURE:1cxx_variadic_templates


Detecting CXX [-std=c++14] compiler features compiled with the following output:
Change Dir: /store/software/opendihu/dependencies/petsc/src/petsc-3.7.6/arch-linux2-c-opt/CMakeFiles/CMakeTmp

Run Build Command:"/usr/bin/make" "cmTC_3eb8a/fast"
/usr/bin/make -f CMakeFiles/cmTC_3eb8a.dir/build.make CMakeFiles/cmTC_3eb8a.dir/build
make[1]: Entering directory '/store/software/opendihu/dependencies/petsc/src/petsc-3.7.6/arch-linux2-c-opt/CMakeFiles/CMakeTmp'
Building CXX object CMakeFiles/cmTC_3eb8a.dir/feature_tests.cxx.o
/store/software/opendihu/dependencies/mpi/install/bin/mpicxx    -Wall -Wwrite-strings -Wno-strict-aliasing -Wno-unknown-pragmas -fvisibility=hidden -O3         -std=c++14 -o CMakeFiles/cmTC_3eb8a.dir/feature_tests.cxx.o -c /store/software/opendihu/dependencies/petsc/src/petsc-3.7.6/arch-linux2-c-opt/CMakeFiles/feature_tests.cxx
Linking CXX executable cmTC_3eb8a
/usr/bin/cmake -E cmake_link_script CMakeFiles/cmTC_3eb8a.dir/link.txt --verbose=1
/store/software/opendihu/dependencies/mpi/install/bin/mpicxx   -Wall -Wwrite-strings -Wno-strict-aliasing -Wno-unknown-pragmas -fvisibility=hidden -O3          -rdynamic CMakeFiles/cmTC_3eb8a.dir/feature_tests.cxx.o  -o cmTC_3eb8a 
make[1]: Leaving directory '/store/software/opendihu/dependencies/petsc/src/petsc-3.7.6/arch-linux2-c-opt/CMakeFiles/CMakeTmp'


    Feature record: CXX_FEATURE:1cxx_aggregate_default_initializers
    Feature record: CXX_FEATURE:1cxx_alias_templates
    Feature record: CXX_FEATURE:1cxx_alignas
    Feature record: CXX_FEATURE:1cxx_alignof
    Feature record: CXX_FEATURE:1cxx_attributes
    Feature record: CXX_FEATURE:1cxx_attribute_deprecated
    Feature record: CXX_FEATURE:1cxx_auto_type
    Feature record: CXX_FEATURE:1cxx_binary_literals
    Feature record: CXX_FEATURE:1cxx_constexpr
    Feature record: CXX_FEATURE:1cxx_contextual_conversions
    Feature record: CXX_FEATURE:1cxx_decltype
    Feature record: CXX_FEATURE:1cxx_decltype_auto
    Feature record: CXX_FEATURE:1cxx_decltype_incomplete_return_types
    Feature record: CXX_FEATURE:1cxx_default_function_template_args
    Feature record: CXX_FEATURE:1cxx_defaulted_functions
    Feature record: CXX_FEATURE:1cxx_defaulted_move_initializers
    Feature record: CXX_FEATURE:1cxx_delegating_constructors
    Feature record: CXX_FEATURE:1cxx_deleted_functions
    Feature record: CXX_FEATURE:1cxx_digit_separators
    Feature record: CXX_FEATURE:1cxx_enum_forward_declarations
    Feature record: CXX_FEATURE:1cxx_explicit_conversions
    Feature record: CXX_FEATURE:1cxx_extended_friend_declarations
    Feature record: CXX_FEATURE:1cxx_extern_templates
    Feature record: CXX_FEATURE:1cxx_final
    Feature record: CXX_FEATURE:1cxx_func_identifier
    Feature record: CXX_FEATURE:1cxx_generalized_initializers
    Feature record: CXX_FEATURE:1cxx_generic_lambdas
    Feature record: CXX_FEATURE:1cxx_inheriting_constructors
    Feature record: CXX_FEATURE:1cxx_inline_namespaces
    Feature record: CXX_FEATURE:1cxx_lambdas
    Feature record: CXX_FEATURE:1cxx_lambda_init_captures
    Feature record: CXX_FEATURE:1cxx_local_type_template_args
    Feature record: CXX_FEATURE:1cxx_long_long_type
    Feature record: CXX_FEATURE:1cxx_noexcept
    Feature record: CXX_FEATURE:1cxx_nonstatic_member_init
    Feature record: CXX_FEATURE:1cxx_nullptr
    Feature record: CXX_FEATURE:1cxx_override
    Feature record: CXX_FEATURE:1cxx_range_for
    Feature record: CXX_FEATURE:1cxx_raw_string_literals
    Feature record: CXX_FEATURE:1cxx_reference_qualified_functions
    Feature record: CXX_FEATURE:1cxx_relaxed_constexpr
    Feature record: CXX_FEATURE:1cxx_return_type_deduction
    Feature record: CXX_FEATURE:1cxx_right_angle_brackets
    Feature record: CXX_FEATURE:1cxx_rvalue_references
    Feature record: CXX_FEATURE:1cxx_sizeof_member
    Feature record: CXX_FEATURE:1cxx_static_assert
    Feature record: CXX_FEATURE:1cxx_strong_enums
    Feature record: CXX_FEATURE:1cxx_template_template_parameters
    Feature record: CXX_FEATURE:1cxx_thread_local
    Feature record: CXX_FEATURE:1cxx_trailing_return_types
    Feature record: CXX_FEATURE:1cxx_unicode_literals
    Feature record: CXX_FEATURE:1cxx_uniform_initialization
    Feature record: CXX_FEATURE:1cxx_unrestricted_unions
    Feature record: CXX_FEATURE:1cxx_user_literals
    Feature record: CXX_FEATURE:1cxx_variable_templates
    Feature record: CXX_FEATURE:1cxx_variadic_macros
    Feature record: CXX_FEATURE:1cxx_variadic_templates


Detecting CXX [-std=c++11] compiler features compiled with the following output:
Change Dir: /store/software/opendihu/dependencies/petsc/src/petsc-3.7.6/arch-linux2-c-opt/CMakeFiles/CMakeTmp

Run Build Command:"/usr/bin/make" "cmTC_bc100/fast"
/usr/bin/make -f CMakeFiles/cmTC_bc100.dir/build.make CMakeFiles/cmTC_bc100.dir/build
make[1]: Entering directory '/store/software/opendihu/dependencies/petsc/src/petsc-3.7.6/arch-linux2-c-opt/CMakeFiles/CMakeTmp'
Building CXX object CMakeFiles/cmTC_bc100.dir/feature_tests.cxx.o
/store/software/opendihu/dependencies/mpi/install/bin/mpicxx    -Wall -Wwrite-strings -Wno-strict-aliasing -Wno-unknown-pragmas -fvisibility=hidden -O3         -std=c++11 -o CMakeFiles/cmTC_bc100.dir/feature_tests.cxx.o -c /store/software/opendihu/dependencies/petsc/src/petsc-3.7.6/arch-linux2-c-opt/CMakeFiles/feature_tests.cxx
Linking CXX executable cmTC_bc100
/usr/bin/cmake -E cmake_link_script CMakeFiles/cmTC_bc100.dir/link.txt --verbose=1
/store/software/opendihu/dependencies/mpi/install/bin/mpicxx   -Wall -Wwrite-strings -Wno-strict-aliasing -Wno-unknown-pragmas -fvisibility=hidden -O3          -rdynamic CMakeFiles/cmTC_bc100.dir/feature_tests.cxx.o  -o cmTC_bc100 
make[1]: Leaving directory '/store/software/opendihu/dependencies/petsc/src/petsc-3.7.6/arch-linux2-c-opt/CMakeFiles/CMakeTmp'


    Feature record: CXX_FEATURE:0cxx_aggregate_default_initializers
    Feature record: CXX_FEATURE:1cxx_alias_templates
    Feature record: CXX_FEATURE:1cxx_alignas
    Feature record: CXX_FEATURE:1cxx_alignof
    Feature record: CXX_FEATURE:1cxx_attributes
    Feature record: CXX_FEATURE:0cxx_attribute_deprecated
    Feature record: CXX_FEATURE:1cxx_auto_type
    Feature record: CXX_FEATURE:0cxx_binary_literals
    Feature record: CXX_FEATURE:1cxx_constexpr
    Feature record: CXX_FEATURE:0cxx_contextual_conversions
    Feature record: CXX_FEATURE:1cxx_decltype
    Feature record: CXX_FEATURE:0cxx_decltype_auto
    Feature record: CXX_FEATURE:1cxx_decltype_incomplete_return_types
    Feature record: CXX_FEATURE:1cxx_default_function_template_args
    Feature record: CXX_FEATURE:1cxx_defaulted_functions
    Feature record: CXX_FEATURE:1cxx_defaulted_move_initializers
    Feature record: CXX_FEATURE:1cxx_delegating_constructors
    Feature record: CXX_FEATURE:1cxx_deleted_functions
    Feature record: CXX_FEATURE:0cxx_digit_separators
    Feature record: CXX_FEATURE:1cxx_enum_forward_declarations
    Feature record: CXX_FEATURE:1cxx_explicit_conversions
    Feature record: CXX_FEATURE:1cxx_extended_friend_declarations
    Feature record: CXX_FEATURE:1cxx_extern_templates
    Feature record: CXX_FEATURE:1cxx_final
    Feature record: CXX_FEATURE:1cxx_func_identifier
    Feature record: CXX_FEATURE:1cxx_generalized_initializers
    Feature record: CXX_FEATURE:0cxx_generic_lambdas
    Feature record: CXX_FEATURE:1cxx_inheriting_constructors
    Feature record: CXX_FEATURE:1cxx_inline_namespaces
    Feature record: CXX_FEATURE:1cxx_lambdas
    Feature record: CXX_FEATURE:0cxx_lambda_init_captures
    Feature record: CXX_FEATURE:1cxx_local_type_template_args
    Feature record: CXX_FEATURE:1cxx_long_long_type
    Feature record: CXX_FEATURE:1cxx_noexcept
    Feature record: CXX_FEATURE:1cxx_nonstatic_member_init
    Feature record: CXX_FEATURE:1cxx_nullptr
    Feature record: CXX_FEATURE:1cxx_override
    Feature record: CXX_FEATURE:1cxx_range_for
    Feature record: CXX_FEATURE:1cxx_raw_string_literals
    Feature record: CXX_FEATURE:1cxx_reference_qualified_functions
    Feature record: CXX_FEATURE:0cxx_relaxed_constexpr
    Feature record: CXX_FEATURE:0cxx_return_type_deduction
    Feature record: CXX_FEATURE:1cxx_right_angle_brackets
    Feature record: CXX_FEATURE:1cxx_rvalue_references
    Feature record: CXX_FEATURE:1cxx_sizeof_member
    Feature record: CXX_FEATURE:1cxx_static_assert
    Feature record: CXX_FEATURE:1cxx_strong_enums
    Feature record: CXX_FEATURE:1cxx_template_template_parameters
    Feature record: CXX_FEATURE:1cxx_thread_local
    Feature record: CXX_FEATURE:1cxx_trailing_return_types
    Feature record: CXX_FEATURE:1cxx_unicode_literals
    Feature record: CXX_FEATURE:1cxx_uniform_initialization
    Feature record: CXX_FEATURE:1cxx_unrestricted_unions
    Feature record: CXX_FEATURE:1cxx_user_literals
    Feature record: CXX_FEATURE:0cxx_variable_templates
    Feature record: CXX_FEATURE:1cxx_variadic_macros
    Feature record: CXX_FEATURE:1cxx_variadic_templates


Detecting CXX [-std=c++98] compiler features compiled with the following output:
Change Dir: /store/software/opendihu/dependencies/petsc/src/petsc-3.7.6/arch-linux2-c-opt/CMakeFiles/CMakeTmp

Run Build Command:"/usr/bin/make" "cmTC_282ec/fast"
/usr/bin/make -f CMakeFiles/cmTC_282ec.dir/build.make CMakeFiles/cmTC_282ec.dir/build
make[1]: Entering directory '/store/software/opendihu/dependencies/petsc/src/petsc-3.7.6/arch-linux2-c-opt/CMakeFiles/CMakeTmp'
Building CXX object CMakeFiles/cmTC_282ec.dir/feature_tests.cxx.o
/store/software/opendihu/dependencies/mpi/install/bin/mpicxx    -Wall -Wwrite-strings -Wno-strict-aliasing -Wno-unknown-pragmas -fvisibility=hidden -O3         -std=c++98 -o CMakeFiles/cmTC_282ec.dir/feature_tests.cxx.o -c /store/software/opendihu/dependencies/petsc/src/petsc-3.7.6/arch-linux2-c-opt/CMakeFiles/feature_tests.cxx
Linking CXX executable cmTC_282ec
/usr/bin/cmake -E cmake_link_script CMakeFiles/cmTC_282ec.dir/link.txt --verbose=1
/store/software/opendihu/dependencies/mpi/install/bin/mpicxx   -Wall -Wwrite-strings -Wno-strict-aliasing -Wno-unknown-pragmas -fvisibility=hidden -O3          -rdynamic CMakeFiles/cmTC_282ec.dir/feature_tests.cxx.o  -o cmTC_282ec 
make[1]: Leaving directory '/store/software/opendihu/dependencies/petsc/src/petsc-3.7.6/arch-linux2-c-opt/CMakeFiles/CMakeTmp'


    Feature record: CXX_FEATURE:0cxx_aggregate_default_initializers
    Feature record: CXX_FEATURE:0cxx_alias_templates
    Feature record: CXX_FEATURE:0cxx_alignas
    Feature record: CXX_FEATURE:0cxx_alignof
    Feature record: CXX_FEATURE:0cxx_attributes
    Feature record: CXX_FEATURE:0cxx_attribute_deprecated
    Feature record: CXX_FEATURE:0cxx_auto_type
    Feature record: CXX_FEATURE:0cxx_binary_literals
    Feature record: CXX_FEATURE:0cxx_constexpr
    Feature record: CXX_FEATURE:0cxx_contextual_conversions
    Feature record: CXX_FEATURE:0cxx_decltype
    Feature record: CXX_FEATURE:0cxx_decltype_auto
    Feature record: CXX_FEATURE:0cxx_decltype_incomplete_return_types
    Feature record: CXX_FEATURE:0cxx_default_function_template_args
    Feature record: CXX_FEATURE:0cxx_defaulted_functions
    Feature record: CXX_FEATURE:0cxx_defaulted_move_initializers
    Feature record: CXX_FEATURE:0cxx_delegating_constructors
    Feature record: CXX_FEATURE:0cxx_deleted_functions
    Feature record: CXX_FEATURE:0cxx_digit_separators
    Feature record: CXX_FEATURE:0cxx_enum_forward_declarations
    Feature record: CXX_FEATURE:0cxx_explicit_conversions
    Feature record: CXX_FEATURE:0cxx_extended_friend_declarations
    Feature record: CXX_FEATURE:0cxx_extern_templates
    Feature record: CXX_FEATURE:0cxx_final
    Feature record: CXX_FEATURE:0cxx_func_identifier
    Feature record: CXX_FEATURE:0cxx_generalized_initializers
    Feature record: CXX_FEATURE:0cxx_generic_lambdas
    Feature record: CXX_FEATURE:0cxx_inheriting_constructors
    Feature record: CXX_FEATURE:0cxx_inline_namespaces
    Feature record: CXX_FEATURE:0cxx_lambdas
    Feature record: CXX_FEATURE:0cxx_lambda_init_captures
    Feature record: CXX_FEATURE:0cxx_local_type_template_args
    Feature record: CXX_FEATURE:0cxx_long_long_type
    Feature record: CXX_FEATURE:0cxx_noexcept
    Feature record: CXX_FEATURE:0cxx_nonstatic_member_init
    Feature record: CXX_FEATURE:0cxx_nullptr
    Feature record: CXX_FEATURE:0cxx_override
    Feature record: CXX_FEATURE:0cxx_range_for
    Feature record: CXX_FEATURE:0cxx_raw_string_literals
    Feature record: CXX_FEATURE:0cxx_reference_qualified_functions
    Feature record: CXX_FEATURE:0cxx_relaxed_constexpr
    Feature record: CXX_FEATURE:0cxx_return_type_deduction
    Feature record: CXX_FEATURE:0cxx_right_angle_brackets
    Feature record: CXX_FEATURE:0cxx_rvalue_references
    Feature record: CXX_FEATURE:0cxx_sizeof_member
    Feature record: CXX_FEATURE:0cxx_static_assert
    Feature record: CXX_FEATURE:0cxx_strong_enums
    Feature record: CXX_FEATURE:1cxx_template_template_parameters
    Feature record: CXX_FEATURE:0cxx_thread_local
    Feature record: CXX_FEATURE:0cxx_trailing_return_types
    Feature record: CXX_FEATURE:0cxx_unicode_literals
    Feature record: CXX_FEATURE:0cxx_uniform_initialization
    Feature record: CXX_FEATURE:0cxx_unrestricted_unions
    Feature record: CXX_FEATURE:0cxx_user_literals
    Feature record: CXX_FEATURE:0cxx_variable_templates
    Feature record: CXX_FEATURE:0cxx_variadic_macros
    Feature record: CXX_FEATURE:0cxx_variadic_templates
