This file contains any messages produced by compilers while
running configure, to aid debugging if configure makes a mistake.

It was created by configure, which was
generated by GNU Autoconf 2.63.  Invocation command line was

  $ ./configure --disable-option-checking --prefix=/store/software/opendihu/dependencies/mpi/install CC=arm-linux-gnueabi-gcc CXX=arm-linux-gnueabi-gcc AR=arm-linux-gnueabi-ar CPP=arm-linux-gnueabi-cpp --target=arm-linux-gnueabi --host=arm-linux-gnueabi --disable-fc --disable-f77 --enable-shared host_alias=arm-linux-gnueabi target_alias=arm-linux-gnueabi F77=arm-linux-gnueabi-gfortran FC=arm-linux-gnueabi-gfortran MPI_CC=/store/software/opendihu/dependencies/mpi/src/mpich2-1.4.1p1/bin/mpicc MPI_F77=/store/software/opendihu/dependencies/mpi/src/mpich2-1.4.1p1/bin/mpif77 CFLAGS=   -O2 LDFLAGS=  LIBS=-lrt -lpthread   CPPFLAGS= -I/store/software/opendihu/dependencies/mpi/src/mpich2-1.4.1p1/src/mpl/include -I/store/software/opendihu/dependencies/mpi/src/mpich2-1.4.1p1/src/mpl/include -I/store/software/opendihu/dependencies/mpi/src/mpich2-1.4.1p1/src/openpa/src -I/store/software/opendihu/dependencies/mpi/src/mpich2-1.4.1p1/src/openpa/src -I/store/software/opendihu/dependencies/mpi/src/mpich2-1.4.1p1/src/mpid/ch3/include -I/store/software/opendihu/dependencies/mpi/src/mpich2-1.4.1p1/src/mpid/ch3/include -I/store/software/opendihu/dependencies/mpi/src/mpich2-1.4.1p1/src/mpid/common/datatype -I/store/software/opendihu/dependencies/mpi/src/mpich2-1.4.1p1/src/mpid/common/datatype -I/store/software/opendihu/dependencies/mpi/src/mpich2-1.4.1p1/src/mpid/common/locks -I/store/software/opendihu/dependencies/mpi/src/mpich2-1.4.1p1/src/mpid/common/locks -I/store/software/opendihu/dependencies/mpi/src/mpich2-1.4.1p1/src/mpid/ch3/channels/nemesis/include -I/store/software/opendihu/dependencies/mpi/src/mpich2-1.4.1p1/src/mpid/ch3/channels/nemesis/include -I/store/software/opendihu/dependencies/mpi/src/mpich2-1.4.1p1/src/mpid/ch3/channels/nemesis/nemesis/include -I/store/software/opendihu/dependencies/mpi/src/mpich2-1.4.1p1/src/mpid/ch3/channels/nemesis/nemesis/include -I/store/software/opendihu/dependencies/mpi/src/mpich2-1.4.1p1/src/mpid/ch3/channels/nemesis/nemesis/utils/monitor -I/store/software/opendihu/dependencies/mpi/src/mpich2-1.4.1p1/src/mpid/ch3/channels/nemesis/nemesis/utils/monitor -I/store/software/opendihu/dependencies/mpi/src/mpich2-1.4.1p1/src/util/wrappers -I/store/software/opendihu/dependencies/mpi/src/mpich2-1.4.1p1/src/util/wrappers FFLAGS=  --cache-file=/dev/null --srcdir=.

## --------- ##
## Platform. ##
## --------- ##

hostname = lapsgs05
uname -m = x86_64
uname -r = 4.15.0-39-generic
uname -s = Linux
uname -v = #42-Ubuntu SMP Tue Oct 23 15:48:01 UTC 2018

/usr/bin/uname -p = unknown
/bin/uname -X     = unknown

/bin/arch              = unknown
/usr/bin/arch -k       = unknown
/usr/convex/getsysinfo = unknown
/usr/bin/hostinfo      = unknown
/bin/machine           = unknown
/usr/bin/oslevel       = unknown
/bin/universe          = unknown

PATH: /home/maierbn/bin
PATH: /home/maierbn/.local/bin
PATH: /store/wiss/organisation/timekeeping/
PATH: /usr/local/sbin
PATH: /usr/local/bin
PATH: /usr/sbin
PATH: /usr/bin
PATH: /sbin
PATH: /bin
PATH: /usr/games
PATH: /usr/local/games
PATH: /snap/bin
PATH: /usr/lib/jvm/java-8-oracle/bin
PATH: /usr/lib/jvm/java-8-oracle/db/bin
PATH: /usr/lib/jvm/java-8-oracle/jre/bin
PATH: /media/maierbn/ext/2018/opencmiss/extras/TAU/tau-2.23.1/install/x86_64/bin
PATH: /store/wiss/3dprinter/scripts
PATH: /store/software/opendihu/scripts
PATH: /store/software/opendihu/dependencies/python/install/bin
PATH: /store/software/opencor/OpenCOR-0-5-Linux
PATH: /store/software/paraview/ParaView-5.6.0-RC1-Qt5-MPI-Linux-64bit/bin
PATH: /store/software/FlameGraph


## ----------- ##
## Core tests. ##
## ----------- ##

configure:1845: checking for current directory name
configure:1894: result: /store/software/opendihu/dependencies/mpi/src/mpich2-1.4.1p1/src/mpe2/src/collchk
configure:1943: checking gnumake
configure:1958: result: yes using --no-print-directory
configure:1972: checking BSD 4.4 make
configure:1992: result: no - whew
configure:1998: checking OSF V3 make
configure:2017: result: no
configure:2024: checking for virtual path format
configure:2039: result: VPATH
configure:2160: checking build system type
configure:2178: result: x86_64-unknown-linux-gnu
configure:2200: checking host system type
configure:2215: result: arm-unknown-linux-gnueabi
configure:2284: checking for arm-linux-gnueabi-gcc
configure:2311: result: arm-linux-gnueabi-gcc
configure:2583: checking for C compiler version
configure:2591: arm-linux-gnueabi-gcc --version >&5
arm-linux-gnueabi-gcc (Ubuntu/Linaro 7.3.0-27ubuntu1~18.04) 7.3.0
Copyright (C) 2017 Free Software Foundation, Inc.
This is free software; see the source for copying conditions.  There is NO
warranty; not even for MERCHANTABILITY or FITNESS FOR A PARTICULAR PURPOSE.

configure:2595: $? = 0
configure:2602: arm-linux-gnueabi-gcc -v >&5
Using built-in specs.
COLLECT_GCC=arm-linux-gnueabi-gcc
COLLECT_LTO_WRAPPER=/usr/lib/gcc-cross/arm-linux-gnueabi/7/lto-wrapper
Target: arm-linux-gnueabi
Configured with: ../src/configure -v --with-pkgversion='Ubuntu/Linaro 7.3.0-27ubuntu1~18.04' --with-bugurl=file:///usr/share/doc/gcc-7/README.Bugs --enable-languages=c,ada,c++,go,d,fortran,objc,obj-c++ --prefix=/usr --with-gcc-major-version-only --program-suffix=-7 --enable-shared --enable-linker-build-id --libexecdir=/usr/lib --without-included-gettext --enable-threads=posix --libdir=/usr/lib --enable-nls --with-sysroot=/ --enable-clocale=gnu --enable-libstdcxx-debug --enable-libstdcxx-time=yes --with-default-libstdcxx-abi=new --enable-gnu-unique-object --disable-libitm --disable-libquadmath --disable-libquadmath-support --enable-plugin --with-system-zlib --with-target-system-zlib --enable-multiarch --enable-multilib --disable-sjlj-exceptions --with-arch=armv5t --with-float=soft --disable-werror --enable-multilib --enable-checking=release --build=x86_64-linux-gnu --host=x86_64-linux-gnu --target=arm-linux-gnueabi --program-prefix=arm-linux-gnueabi- --includedir=/usr/arm-linux-gnueabi/include
Thread model: posix
gcc version 7.3.0 (Ubuntu/Linaro 7.3.0-27ubuntu1~18.04) 
configure:2606: $? = 0
configure:2613: arm-linux-gnueabi-gcc -V >&5
arm-linux-gnueabi-gcc: error: unrecognized command line option '-V'
arm-linux-gnueabi-gcc: fatal error: no input files
compilation terminated.
configure:2617: $? = 1
configure:2640: checking for C compiler default output file name
configure:2662: arm-linux-gnueabi-gcc    -O2  -I/store/software/opendihu/dependencies/mpi/src/mpich2-1.4.1p1/src/mpl/include -I/store/software/opendihu/dependencies/mpi/src/mpich2-1.4.1p1/src/mpl/include -I/store/software/opendihu/dependencies/mpi/src/mpich2-1.4.1p1/src/openpa/src -I/store/software/opendihu/dependencies/mpi/src/mpich2-1.4.1p1/src/openpa/src -I/store/software/opendihu/dependencies/mpi/src/mpich2-1.4.1p1/src/mpid/ch3/include -I/store/software/opendihu/dependencies/mpi/src/mpich2-1.4.1p1/src/mpid/ch3/include -I/store/software/opendihu/dependencies/mpi/src/mpich2-1.4.1p1/src/mpid/common/datatype -I/store/software/opendihu/dependencies/mpi/src/mpich2-1.4.1p1/src/mpid/common/datatype -I/store/software/opendihu/dependencies/mpi/src/mpich2-1.4.1p1/src/mpid/common/locks -I/store/software/opendihu/dependencies/mpi/src/mpich2-1.4.1p1/src/mpid/common/locks -I/store/software/opendihu/dependencies/mpi/src/mpich2-1.4.1p1/src/mpid/ch3/channels/nemesis/include -I/store/software/opendihu/dependencies/mpi/src/mpich2-1.4.1p1/src/mpid/ch3/channels/nemesis/include -I/store/software/opendihu/dependencies/mpi/src/mpich2-1.4.1p1/src/mpid/ch3/channels/nemesis/nemesis/include -I/store/software/opendihu/dependencies/mpi/src/mpich2-1.4.1p1/src/mpid/ch3/channels/nemesis/nemesis/include -I/store/software/opendihu/dependencies/mpi/src/mpich2-1.4.1p1/src/mpid/ch3/channels/nemesis/nemesis/utils/monitor -I/store/software/opendihu/dependencies/mpi/src/mpich2-1.4.1p1/src/mpid/ch3/channels/nemesis/nemesis/utils/monitor -I/store/software/opendihu/dependencies/mpi/src/mpich2-1.4.1p1/src/util/wrappers -I/store/software/opendihu/dependencies/mpi/src/mpich2-1.4.1p1/src/util/wrappers   conftest.c -lrt -lpthread   >&5
configure:2666: $? = 0
configure:2704: result: a.out
configure:2723: checking whether the C compiler works
configure:2733: ./a.out
./configure: line 2735: ./a.out: cannot execute binary file: Exec format error
configure:2737: $? = 126
configure:2756: result: yes
configure:2763: checking whether we are cross compiling
configure:2765: result: yes
configure:2768: checking for suffix of executables
configure:2775: arm-linux-gnueabi-gcc -o conftest    -O2  -I/store/software/opendihu/dependencies/mpi/src/mpich2-1.4.1p1/src/mpl/include -I/store/software/opendihu/dependencies/mpi/src/mpich2-1.4.1p1/src/mpl/include -I/store/software/opendihu/dependencies/mpi/src/mpich2-1.4.1p1/src/openpa/src -I/store/software/opendihu/dependencies/mpi/src/mpich2-1.4.1p1/src/openpa/src -I/store/software/opendihu/dependencies/mpi/src/mpich2-1.4.1p1/src/mpid/ch3/include -I/store/software/opendihu/dependencies/mpi/src/mpich2-1.4.1p1/src/mpid/ch3/include -I/store/software/opendihu/dependencies/mpi/src/mpich2-1.4.1p1/src/mpid/common/datatype -I/store/software/opendihu/dependencies/mpi/src/mpich2-1.4.1p1/src/mpid/common/datatype -I/store/software/opendihu/dependencies/mpi/src/mpich2-1.4.1p1/src/mpid/common/locks -I/store/software/opendihu/dependencies/mpi/src/mpich2-1.4.1p1/src/mpid/common/locks -I/store/software/opendihu/dependencies/mpi/src/mpich2-1.4.1p1/src/mpid/ch3/channels/nemesis/include -I/store/software/opendihu/dependencies/mpi/src/mpich2-1.4.1p1/src/mpid/ch3/channels/nemesis/include -I/store/software/opendihu/dependencies/mpi/src/mpich2-1.4.1p1/src/mpid/ch3/channels/nemesis/nemesis/include -I/store/software/opendihu/dependencies/mpi/src/mpich2-1.4.1p1/src/mpid/ch3/channels/nemesis/nemesis/include -I/store/software/opendihu/dependencies/mpi/src/mpich2-1.4.1p1/src/mpid/ch3/channels/nemesis/nemesis/utils/monitor -I/store/software/opendihu/dependencies/mpi/src/mpich2-1.4.1p1/src/mpid/ch3/channels/nemesis/nemesis/utils/monitor -I/store/software/opendihu/dependencies/mpi/src/mpich2-1.4.1p1/src/util/wrappers -I/store/software/opendihu/dependencies/mpi/src/mpich2-1.4.1p1/src/util/wrappers   conftest.c -lrt -lpthread   >&5
configure:2779: $? = 0
configure:2805: result: 
configure:2811: checking for suffix of object files
configure:2837: arm-linux-gnueabi-gcc -c    -O2  -I/store/software/opendihu/dependencies/mpi/src/mpich2-1.4.1p1/src/mpl/include -I/store/software/opendihu/dependencies/mpi/src/mpich2-1.4.1p1/src/mpl/include -I/store/software/opendihu/dependencies/mpi/src/mpich2-1.4.1p1/src/openpa/src -I/store/software/opendihu/dependencies/mpi/src/mpich2-1.4.1p1/src/openpa/src -I/store/software/opendihu/dependencies/mpi/src/mpich2-1.4.1p1/src/mpid/ch3/include -I/store/software/opendihu/dependencies/mpi/src/mpich2-1.4.1p1/src/mpid/ch3/include -I/store/software/opendihu/dependencies/mpi/src/mpich2-1.4.1p1/src/mpid/common/datatype -I/store/software/opendihu/dependencies/mpi/src/mpich2-1.4.1p1/src/mpid/common/datatype -I/store/software/opendihu/dependencies/mpi/src/mpich2-1.4.1p1/src/mpid/common/locks -I/store/software/opendihu/dependencies/mpi/src/mpich2-1.4.1p1/src/mpid/common/locks -I/store/software/opendihu/dependencies/mpi/src/mpich2-1.4.1p1/src/mpid/ch3/channels/nemesis/include -I/store/software/opendihu/dependencies/mpi/src/mpich2-1.4.1p1/src/mpid/ch3/channels/nemesis/include -I/store/software/opendihu/dependencies/mpi/src/mpich2-1.4.1p1/src/mpid/ch3/channels/nemesis/nemesis/include -I/store/software/opendihu/dependencies/mpi/src/mpich2-1.4.1p1/src/mpid/ch3/channels/nemesis/nemesis/include -I/store/software/opendihu/dependencies/mpi/src/mpich2-1.4.1p1/src/mpid/ch3/channels/nemesis/nemesis/utils/monitor -I/store/software/opendihu/dependencies/mpi/src/mpich2-1.4.1p1/src/mpid/ch3/channels/nemesis/nemesis/utils/monitor -I/store/software/opendihu/dependencies/mpi/src/mpich2-1.4.1p1/src/util/wrappers -I/store/software/opendihu/dependencies/mpi/src/mpich2-1.4.1p1/src/util/wrappers conftest.c >&5
configure:2841: $? = 0
configure:2866: result: o
configure:2870: checking whether we are using the GNU C compiler
configure:2899: arm-linux-gnueabi-gcc -c    -O2  -I/store/software/opendihu/dependencies/mpi/src/mpich2-1.4.1p1/src/mpl/include -I/store/software/opendihu/dependencies/mpi/src/mpich2-1.4.1p1/src/mpl/include -I/store/software/opendihu/dependencies/mpi/src/mpich2-1.4.1p1/src/openpa/src -I/store/software/opendihu/dependencies/mpi/src/mpich2-1.4.1p1/src/openpa/src -I/store/software/opendihu/dependencies/mpi/src/mpich2-1.4.1p1/src/mpid/ch3/include -I/store/software/opendihu/dependencies/mpi/src/mpich2-1.4.1p1/src/mpid/ch3/include -I/store/software/opendihu/dependencies/mpi/src/mpich2-1.4.1p1/src/mpid/common/datatype -I/store/software/opendihu/dependencies/mpi/src/mpich2-1.4.1p1/src/mpid/common/datatype -I/store/software/opendihu/dependencies/mpi/src/mpich2-1.4.1p1/src/mpid/common/locks -I/store/software/opendihu/dependencies/mpi/src/mpich2-1.4.1p1/src/mpid/common/locks -I/store/software/opendihu/dependencies/mpi/src/mpich2-1.4.1p1/src/mpid/ch3/channels/nemesis/include -I/store/software/opendihu/dependencies/mpi/src/mpich2-1.4.1p1/src/mpid/ch3/channels/nemesis/include -I/store/software/opendihu/dependencies/mpi/src/mpich2-1.4.1p1/src/mpid/ch3/channels/nemesis/nemesis/include -I/store/software/opendihu/dependencies/mpi/src/mpich2-1.4.1p1/src/mpid/ch3/channels/nemesis/nemesis/include -I/store/software/opendihu/dependencies/mpi/src/mpich2-1.4.1p1/src/mpid/ch3/channels/nemesis/nemesis/utils/monitor -I/store/software/opendihu/dependencies/mpi/src/mpich2-1.4.1p1/src/mpid/ch3/channels/nemesis/nemesis/utils/monitor -I/store/software/opendihu/dependencies/mpi/src/mpich2-1.4.1p1/src/util/wrappers -I/store/software/opendihu/dependencies/mpi/src/mpich2-1.4.1p1/src/util/wrappers conftest.c >&5
configure:2906: $? = 0
configure:2923: result: yes
configure:2932: checking whether arm-linux-gnueabi-gcc accepts -g
configure:2962: arm-linux-gnueabi-gcc -c -g  -I/store/software/opendihu/dependencies/mpi/src/mpich2-1.4.1p1/src/mpl/include -I/store/software/opendihu/dependencies/mpi/src/mpich2-1.4.1p1/src/mpl/include -I/store/software/opendihu/dependencies/mpi/src/mpich2-1.4.1p1/src/openpa/src -I/store/software/opendihu/dependencies/mpi/src/mpich2-1.4.1p1/src/openpa/src -I/store/software/opendihu/dependencies/mpi/src/mpich2-1.4.1p1/src/mpid/ch3/include -I/store/software/opendihu/dependencies/mpi/src/mpich2-1.4.1p1/src/mpid/ch3/include -I/store/software/opendihu/dependencies/mpi/src/mpich2-1.4.1p1/src/mpid/common/datatype -I/store/software/opendihu/dependencies/mpi/src/mpich2-1.4.1p1/src/mpid/common/datatype -I/store/software/opendihu/dependencies/mpi/src/mpich2-1.4.1p1/src/mpid/common/locks -I/store/software/opendihu/dependencies/mpi/src/mpich2-1.4.1p1/src/mpid/common/locks -I/store/software/opendihu/dependencies/mpi/src/mpich2-1.4.1p1/src/mpid/ch3/channels/nemesis/include -I/store/software/opendihu/dependencies/mpi/src/mpich2-1.4.1p1/src/mpid/ch3/channels/nemesis/include -I/store/software/opendihu/dependencies/mpi/src/mpich2-1.4.1p1/src/mpid/ch3/channels/nemesis/nemesis/include -I/store/software/opendihu/dependencies/mpi/src/mpich2-1.4.1p1/src/mpid/ch3/channels/nemesis/nemesis/include -I/store/software/opendihu/dependencies/mpi/src/mpich2-1.4.1p1/src/mpid/ch3/channels/nemesis/nemesis/utils/monitor -I/store/software/opendihu/dependencies/mpi/src/mpich2-1.4.1p1/src/mpid/ch3/channels/nemesis/nemesis/utils/monitor -I/store/software/opendihu/dependencies/mpi/src/mpich2-1.4.1p1/src/util/wrappers -I/store/software/opendihu/dependencies/mpi/src/mpich2-1.4.1p1/src/util/wrappers conftest.c >&5
configure:2969: $? = 0
configure:3070: result: yes
configure:3087: checking for arm-linux-gnueabi-gcc option to accept ISO C89
configure:3161: arm-linux-gnueabi-gcc  -c    -O2  -I/store/software/opendihu/dependencies/mpi/src/mpich2-1.4.1p1/src/mpl/include -I/store/software/opendihu/dependencies/mpi/src/mpich2-1.4.1p1/src/mpl/include -I/store/software/opendihu/dependencies/mpi/src/mpich2-1.4.1p1/src/openpa/src -I/store/software/opendihu/dependencies/mpi/src/mpich2-1.4.1p1/src/openpa/src -I/store/software/opendihu/dependencies/mpi/src/mpich2-1.4.1p1/src/mpid/ch3/include -I/store/software/opendihu/dependencies/mpi/src/mpich2-1.4.1p1/src/mpid/ch3/include -I/store/software/opendihu/dependencies/mpi/src/mpich2-1.4.1p1/src/mpid/common/datatype -I/store/software/opendihu/dependencies/mpi/src/mpich2-1.4.1p1/src/mpid/common/datatype -I/store/software/opendihu/dependencies/mpi/src/mpich2-1.4.1p1/src/mpid/common/locks -I/store/software/opendihu/dependencies/mpi/src/mpich2-1.4.1p1/src/mpid/common/locks -I/store/software/opendihu/dependencies/mpi/src/mpich2-1.4.1p1/src/mpid/ch3/channels/nemesis/include -I/store/software/opendihu/dependencies/mpi/src/mpich2-1.4.1p1/src/mpid/ch3/channels/nemesis/include -I/store/software/opendihu/dependencies/mpi/src/mpich2-1.4.1p1/src/mpid/ch3/channels/nemesis/nemesis/include -I/store/software/opendihu/dependencies/mpi/src/mpich2-1.4.1p1/src/mpid/ch3/channels/nemesis/nemesis/include -I/store/software/opendihu/dependencies/mpi/src/mpich2-1.4.1p1/src/mpid/ch3/channels/nemesis/nemesis/utils/monitor -I/store/software/opendihu/dependencies/mpi/src/mpich2-1.4.1p1/src/mpid/ch3/channels/nemesis/nemesis/utils/monitor -I/store/software/opendihu/dependencies/mpi/src/mpich2-1.4.1p1/src/util/wrappers -I/store/software/opendihu/dependencies/mpi/src/mpich2-1.4.1p1/src/util/wrappers conftest.c >&5
configure:3168: $? = 0
configure:3191: result: none needed
configure:3213: checking for ar
configure:3241: result: arm-linux-gnueabi-ar
configure:3252: checking for arm-linux-gnueabi-ranlib
configure:3279: result: ranlib
configure:3347: checking how to run the C preprocessor
configure:3465: result: arm-linux-gnueabi-cpp
configure:3494: arm-linux-gnueabi-cpp  -I/store/software/opendihu/dependencies/mpi/src/mpich2-1.4.1p1/src/mpl/include -I/store/software/opendihu/dependencies/mpi/src/mpich2-1.4.1p1/src/mpl/include -I/store/software/opendihu/dependencies/mpi/src/mpich2-1.4.1p1/src/openpa/src -I/store/software/opendihu/dependencies/mpi/src/mpich2-1.4.1p1/src/openpa/src -I/store/software/opendihu/dependencies/mpi/src/mpich2-1.4.1p1/src/mpid/ch3/include -I/store/software/opendihu/dependencies/mpi/src/mpich2-1.4.1p1/src/mpid/ch3/include -I/store/software/opendihu/dependencies/mpi/src/mpich2-1.4.1p1/src/mpid/common/datatype -I/store/software/opendihu/dependencies/mpi/src/mpich2-1.4.1p1/src/mpid/common/datatype -I/store/software/opendihu/dependencies/mpi/src/mpich2-1.4.1p1/src/mpid/common/locks -I/store/software/opendihu/dependencies/mpi/src/mpich2-1.4.1p1/src/mpid/common/locks -I/store/software/opendihu/dependencies/mpi/src/mpich2-1.4.1p1/src/mpid/ch3/channels/nemesis/include -I/store/software/opendihu/dependencies/mpi/src/mpich2-1.4.1p1/src/mpid/ch3/channels/nemesis/include -I/store/software/opendihu/dependencies/mpi/src/mpich2-1.4.1p1/src/mpid/ch3/channels/nemesis/nemesis/include -I/store/software/opendihu/dependencies/mpi/src/mpich2-1.4.1p1/src/mpid/ch3/channels/nemesis/nemesis/include -I/store/software/opendihu/dependencies/mpi/src/mpich2-1.4.1p1/src/mpid/ch3/channels/nemesis/nemesis/utils/monitor -I/store/software/opendihu/dependencies/mpi/src/mpich2-1.4.1p1/src/mpid/ch3/channels/nemesis/nemesis/utils/monitor -I/store/software/opendihu/dependencies/mpi/src/mpich2-1.4.1p1/src/util/wrappers -I/store/software/opendihu/dependencies/mpi/src/mpich2-1.4.1p1/src/util/wrappers conftest.c
configure:3501: $? = 0
configure:3532: arm-linux-gnueabi-cpp  -I/store/software/opendihu/dependencies/mpi/src/mpich2-1.4.1p1/src/mpl/include -I/store/software/opendihu/dependencies/mpi/src/mpich2-1.4.1p1/src/mpl/include -I/store/software/opendihu/dependencies/mpi/src/mpich2-1.4.1p1/src/openpa/src -I/store/software/opendihu/dependencies/mpi/src/mpich2-1.4.1p1/src/openpa/src -I/store/software/opendihu/dependencies/mpi/src/mpich2-1.4.1p1/src/mpid/ch3/include -I/store/software/opendihu/dependencies/mpi/src/mpich2-1.4.1p1/src/mpid/ch3/include -I/store/software/opendihu/dependencies/mpi/src/mpich2-1.4.1p1/src/mpid/common/datatype -I/store/software/opendihu/dependencies/mpi/src/mpich2-1.4.1p1/src/mpid/common/datatype -I/store/software/opendihu/dependencies/mpi/src/mpich2-1.4.1p1/src/mpid/common/locks -I/store/software/opendihu/dependencies/mpi/src/mpich2-1.4.1p1/src/mpid/common/locks -I/store/software/opendihu/dependencies/mpi/src/mpich2-1.4.1p1/src/mpid/ch3/channels/nemesis/include -I/store/software/opendihu/dependencies/mpi/src/mpich2-1.4.1p1/src/mpid/ch3/channels/nemesis/include -I/store/software/opendihu/dependencies/mpi/src/mpich2-1.4.1p1/src/mpid/ch3/channels/nemesis/nemesis/include -I/store/software/opendihu/dependencies/mpi/src/mpich2-1.4.1p1/src/mpid/ch3/channels/nemesis/nemesis/include -I/store/software/opendihu/dependencies/mpi/src/mpich2-1.4.1p1/src/mpid/ch3/channels/nemesis/nemesis/utils/monitor -I/store/software/opendihu/dependencies/mpi/src/mpich2-1.4.1p1/src/mpid/ch3/channels/nemesis/nemesis/utils/monitor -I/store/software/opendihu/dependencies/mpi/src/mpich2-1.4.1p1/src/util/wrappers -I/store/software/opendihu/dependencies/mpi/src/mpich2-1.4.1p1/src/util/wrappers conftest.c
conftest.c:8:10: fatal error: ac_nonexistent.h: No such file or directory
 #include <ac_nonexistent.h>
          ^~~~~~~~~~~~~~~~~~
compilation terminated.
configure:3539: $? = 1
configure: failed program was:
| /* confdefs.h.  */
| #define PACKAGE_NAME ""
| #define PACKAGE_TARNAME ""
| #define PACKAGE_VERSION ""
| #define PACKAGE_STRING ""
| #define PACKAGE_BUGREPORT ""
| /* end confdefs.h.  */
| #include <ac_nonexistent.h>
configure:3660: checking for grep that handles long lines and -e
configure:3720: result: /bin/grep
configure:3725: checking for egrep
configure:3789: result: /bin/grep -E
configure:3794: checking for ANSI C header files
configure:3824: arm-linux-gnueabi-gcc -c    -O2  -I/store/software/opendihu/dependencies/mpi/src/mpich2-1.4.1p1/src/mpl/include -I/store/software/opendihu/dependencies/mpi/src/mpich2-1.4.1p1/src/mpl/include -I/store/software/opendihu/dependencies/mpi/src/mpich2-1.4.1p1/src/openpa/src -I/store/software/opendihu/dependencies/mpi/src/mpich2-1.4.1p1/src/openpa/src -I/store/software/opendihu/dependencies/mpi/src/mpich2-1.4.1p1/src/mpid/ch3/include -I/store/software/opendihu/dependencies/mpi/src/mpich2-1.4.1p1/src/mpid/ch3/include -I/store/software/opendihu/dependencies/mpi/src/mpich2-1.4.1p1/src/mpid/common/datatype -I/store/software/opendihu/dependencies/mpi/src/mpich2-1.4.1p1/src/mpid/common/datatype -I/store/software/opendihu/dependencies/mpi/src/mpich2-1.4.1p1/src/mpid/common/locks -I/store/software/opendihu/dependencies/mpi/src/mpich2-1.4.1p1/src/mpid/common/locks -I/store/software/opendihu/dependencies/mpi/src/mpich2-1.4.1p1/src/mpid/ch3/channels/nemesis/include -I/store/software/opendihu/dependencies/mpi/src/mpich2-1.4.1p1/src/mpid/ch3/channels/nemesis/include -I/store/software/opendihu/dependencies/mpi/src/mpich2-1.4.1p1/src/mpid/ch3/channels/nemesis/nemesis/include -I/store/software/opendihu/dependencies/mpi/src/mpich2-1.4.1p1/src/mpid/ch3/channels/nemesis/nemesis/include -I/store/software/opendihu/dependencies/mpi/src/mpich2-1.4.1p1/src/mpid/ch3/channels/nemesis/nemesis/utils/monitor -I/store/software/opendihu/dependencies/mpi/src/mpich2-1.4.1p1/src/mpid/ch3/channels/nemesis/nemesis/utils/monitor -I/store/software/opendihu/dependencies/mpi/src/mpich2-1.4.1p1/src/util/wrappers -I/store/software/opendihu/dependencies/mpi/src/mpich2-1.4.1p1/src/util/wrappers conftest.c >&5
configure:3831: $? = 0
configure:3962: result: yes
configure:3972: checking for an ANSI C-conforming const
configure:4047: arm-linux-gnueabi-gcc -c    -O2  -I/store/software/opendihu/dependencies/mpi/src/mpich2-1.4.1p1/src/mpl/include -I/store/software/opendihu/dependencies/mpi/src/mpich2-1.4.1p1/src/mpl/include -I/store/software/opendihu/dependencies/mpi/src/mpich2-1.4.1p1/src/openpa/src -I/store/software/opendihu/dependencies/mpi/src/mpich2-1.4.1p1/src/openpa/src -I/store/software/opendihu/dependencies/mpi/src/mpich2-1.4.1p1/src/mpid/ch3/include -I/store/software/opendihu/dependencies/mpi/src/mpich2-1.4.1p1/src/mpid/ch3/include -I/store/software/opendihu/dependencies/mpi/src/mpich2-1.4.1p1/src/mpid/common/datatype -I/store/software/opendihu/dependencies/mpi/src/mpich2-1.4.1p1/src/mpid/common/datatype -I/store/software/opendihu/dependencies/mpi/src/mpich2-1.4.1p1/src/mpid/common/locks -I/store/software/opendihu/dependencies/mpi/src/mpich2-1.4.1p1/src/mpid/common/locks -I/store/software/opendihu/dependencies/mpi/src/mpich2-1.4.1p1/src/mpid/ch3/channels/nemesis/include -I/store/software/opendihu/dependencies/mpi/src/mpich2-1.4.1p1/src/mpid/ch3/channels/nemesis/include -I/store/software/opendihu/dependencies/mpi/src/mpich2-1.4.1p1/src/mpid/ch3/channels/nemesis/nemesis/include -I/store/software/opendihu/dependencies/mpi/src/mpich2-1.4.1p1/src/mpid/ch3/channels/nemesis/nemesis/include -I/store/software/opendihu/dependencies/mpi/src/mpich2-1.4.1p1/src/mpid/ch3/channels/nemesis/nemesis/utils/monitor -I/store/software/opendihu/dependencies/mpi/src/mpich2-1.4.1p1/src/mpid/ch3/channels/nemesis/nemesis/utils/monitor -I/store/software/opendihu/dependencies/mpi/src/mpich2-1.4.1p1/src/util/wrappers -I/store/software/opendihu/dependencies/mpi/src/mpich2-1.4.1p1/src/util/wrappers conftest.c >&5
configure:4054: $? = 0
configure:4069: result: yes
configure:4094: checking for sys/types.h
configure:4115: arm-linux-gnueabi-gcc -c    -O2  -I/store/software/opendihu/dependencies/mpi/src/mpich2-1.4.1p1/src/mpl/include -I/store/software/opendihu/dependencies/mpi/src/mpich2-1.4.1p1/src/mpl/include -I/store/software/opendihu/dependencies/mpi/src/mpich2-1.4.1p1/src/openpa/src -I/store/software/opendihu/dependencies/mpi/src/mpich2-1.4.1p1/src/openpa/src -I/store/software/opendihu/dependencies/mpi/src/mpich2-1.4.1p1/src/mpid/ch3/include -I/store/software/opendihu/dependencies/mpi/src/mpich2-1.4.1p1/src/mpid/ch3/include -I/store/software/opendihu/dependencies/mpi/src/mpich2-1.4.1p1/src/mpid/common/datatype -I/store/software/opendihu/dependencies/mpi/src/mpich2-1.4.1p1/src/mpid/common/datatype -I/store/software/opendihu/dependencies/mpi/src/mpich2-1.4.1p1/src/mpid/common/locks -I/store/software/opendihu/dependencies/mpi/src/mpich2-1.4.1p1/src/mpid/common/locks -I/store/software/opendihu/dependencies/mpi/src/mpich2-1.4.1p1/src/mpid/ch3/channels/nemesis/include -I/store/software/opendihu/dependencies/mpi/src/mpich2-1.4.1p1/src/mpid/ch3/channels/nemesis/include -I/store/software/opendihu/dependencies/mpi/src/mpich2-1.4.1p1/src/mpid/ch3/channels/nemesis/nemesis/include -I/store/software/opendihu/dependencies/mpi/src/mpich2-1.4.1p1/src/mpid/ch3/channels/nemesis/nemesis/include -I/store/software/opendihu/dependencies/mpi/src/mpich2-1.4.1p1/src/mpid/ch3/channels/nemesis/nemesis/utils/monitor -I/store/software/opendihu/dependencies/mpi/src/mpich2-1.4.1p1/src/mpid/ch3/channels/nemesis/nemesis/utils/monitor -I/store/software/opendihu/dependencies/mpi/src/mpich2-1.4.1p1/src/util/wrappers -I/store/software/opendihu/dependencies/mpi/src/mpich2-1.4.1p1/src/util/wrappers conftest.c >&5
configure:4122: $? = 0
configure:4139: result: yes
configure:4094: checking for sys/stat.h
configure:4115: arm-linux-gnueabi-gcc -c    -O2  -I/store/software/opendihu/dependencies/mpi/src/mpich2-1.4.1p1/src/mpl/include -I/store/software/opendihu/dependencies/mpi/src/mpich2-1.4.1p1/src/mpl/include -I/store/software/opendihu/dependencies/mpi/src/mpich2-1.4.1p1/src/openpa/src -I/store/software/opendihu/dependencies/mpi/src/mpich2-1.4.1p1/src/openpa/src -I/store/software/opendihu/dependencies/mpi/src/mpich2-1.4.1p1/src/mpid/ch3/include -I/store/software/opendihu/dependencies/mpi/src/mpich2-1.4.1p1/src/mpid/ch3/include -I/store/software/opendihu/dependencies/mpi/src/mpich2-1.4.1p1/src/mpid/common/datatype -I/store/software/opendihu/dependencies/mpi/src/mpich2-1.4.1p1/src/mpid/common/datatype -I/store/software/opendihu/dependencies/mpi/src/mpich2-1.4.1p1/src/mpid/common/locks -I/store/software/opendihu/dependencies/mpi/src/mpich2-1.4.1p1/src/mpid/common/locks -I/store/software/opendihu/dependencies/mpi/src/mpich2-1.4.1p1/src/mpid/ch3/channels/nemesis/include -I/store/software/opendihu/dependencies/mpi/src/mpich2-1.4.1p1/src/mpid/ch3/channels/nemesis/include -I/store/software/opendihu/dependencies/mpi/src/mpich2-1.4.1p1/src/mpid/ch3/channels/nemesis/nemesis/include -I/store/software/opendihu/dependencies/mpi/src/mpich2-1.4.1p1/src/mpid/ch3/channels/nemesis/nemesis/include -I/store/software/opendihu/dependencies/mpi/src/mpich2-1.4.1p1/src/mpid/ch3/channels/nemesis/nemesis/utils/monitor -I/store/software/opendihu/dependencies/mpi/src/mpich2-1.4.1p1/src/mpid/ch3/channels/nemesis/nemesis/utils/monitor -I/store/software/opendihu/dependencies/mpi/src/mpich2-1.4.1p1/src/util/wrappers -I/store/software/opendihu/dependencies/mpi/src/mpich2-1.4.1p1/src/util/wrappers conftest.c >&5
configure:4122: $? = 0
configure:4139: result: yes
configure:4094: checking for stdlib.h
configure:4115: arm-linux-gnueabi-gcc -c    -O2  -I/store/software/opendihu/dependencies/mpi/src/mpich2-1.4.1p1/src/mpl/include -I/store/software/opendihu/dependencies/mpi/src/mpich2-1.4.1p1/src/mpl/include -I/store/software/opendihu/dependencies/mpi/src/mpich2-1.4.1p1/src/openpa/src -I/store/software/opendihu/dependencies/mpi/src/mpich2-1.4.1p1/src/openpa/src -I/store/software/opendihu/dependencies/mpi/src/mpich2-1.4.1p1/src/mpid/ch3/include -I/store/software/opendihu/dependencies/mpi/src/mpich2-1.4.1p1/src/mpid/ch3/include -I/store/software/opendihu/dependencies/mpi/src/mpich2-1.4.1p1/src/mpid/common/datatype -I/store/software/opendihu/dependencies/mpi/src/mpich2-1.4.1p1/src/mpid/common/datatype -I/store/software/opendihu/dependencies/mpi/src/mpich2-1.4.1p1/src/mpid/common/locks -I/store/software/opendihu/dependencies/mpi/src/mpich2-1.4.1p1/src/mpid/common/locks -I/store/software/opendihu/dependencies/mpi/src/mpich2-1.4.1p1/src/mpid/ch3/channels/nemesis/include -I/store/software/opendihu/dependencies/mpi/src/mpich2-1.4.1p1/src/mpid/ch3/channels/nemesis/include -I/store/software/opendihu/dependencies/mpi/src/mpich2-1.4.1p1/src/mpid/ch3/channels/nemesis/nemesis/include -I/store/software/opendihu/dependencies/mpi/src/mpich2-1.4.1p1/src/mpid/ch3/channels/nemesis/nemesis/include -I/store/software/opendihu/dependencies/mpi/src/mpich2-1.4.1p1/src/mpid/ch3/channels/nemesis/nemesis/utils/monitor -I/store/software/opendihu/dependencies/mpi/src/mpich2-1.4.1p1/src/mpid/ch3/channels/nemesis/nemesis/utils/monitor -I/store/software/opendihu/dependencies/mpi/src/mpich2-1.4.1p1/src/util/wrappers -I/store/software/opendihu/dependencies/mpi/src/mpich2-1.4.1p1/src/util/wrappers conftest.c >&5
configure:4122: $? = 0
configure:4139: result: yes
configure:4094: checking for string.h
configure:4115: arm-linux-gnueabi-gcc -c    -O2  -I/store/software/opendihu/dependencies/mpi/src/mpich2-1.4.1p1/src/mpl/include -I/store/software/opendihu/dependencies/mpi/src/mpich2-1.4.1p1/src/mpl/include -I/store/software/opendihu/dependencies/mpi/src/mpich2-1.4.1p1/src/openpa/src -I/store/software/opendihu/dependencies/mpi/src/mpich2-1.4.1p1/src/openpa/src -I/store/software/opendihu/dependencies/mpi/src/mpich2-1.4.1p1/src/mpid/ch3/include -I/store/software/opendihu/dependencies/mpi/src/mpich2-1.4.1p1/src/mpid/ch3/include -I/store/software/opendihu/dependencies/mpi/src/mpich2-1.4.1p1/src/mpid/common/datatype -I/store/software/opendihu/dependencies/mpi/src/mpich2-1.4.1p1/src/mpid/common/datatype -I/store/software/opendihu/dependencies/mpi/src/mpich2-1.4.1p1/src/mpid/common/locks -I/store/software/opendihu/dependencies/mpi/src/mpich2-1.4.1p1/src/mpid/common/locks -I/store/software/opendihu/dependencies/mpi/src/mpich2-1.4.1p1/src/mpid/ch3/channels/nemesis/include -I/store/software/opendihu/dependencies/mpi/src/mpich2-1.4.1p1/src/mpid/ch3/channels/nemesis/include -I/store/software/opendihu/dependencies/mpi/src/mpich2-1.4.1p1/src/mpid/ch3/channels/nemesis/nemesis/include -I/store/software/opendihu/dependencies/mpi/src/mpich2-1.4.1p1/src/mpid/ch3/channels/nemesis/nemesis/include -I/store/software/opendihu/dependencies/mpi/src/mpich2-1.4.1p1/src/mpid/ch3/channels/nemesis/nemesis/utils/monitor -I/store/software/opendihu/dependencies/mpi/src/mpich2-1.4.1p1/src/mpid/ch3/channels/nemesis/nemesis/utils/monitor -I/store/software/opendihu/dependencies/mpi/src/mpich2-1.4.1p1/src/util/wrappers -I/store/software/opendihu/dependencies/mpi/src/mpich2-1.4.1p1/src/util/wrappers conftest.c >&5
configure:4122: $? = 0
configure:4139: result: yes
configure:4094: checking for memory.h
configure:4115: arm-linux-gnueabi-gcc -c    -O2  -I/store/software/opendihu/dependencies/mpi/src/mpich2-1.4.1p1/src/mpl/include -I/store/software/opendihu/dependencies/mpi/src/mpich2-1.4.1p1/src/mpl/include -I/store/software/opendihu/dependencies/mpi/src/mpich2-1.4.1p1/src/openpa/src -I/store/software/opendihu/dependencies/mpi/src/mpich2-1.4.1p1/src/openpa/src -I/store/software/opendihu/dependencies/mpi/src/mpich2-1.4.1p1/src/mpid/ch3/include -I/store/software/opendihu/dependencies/mpi/src/mpich2-1.4.1p1/src/mpid/ch3/include -I/store/software/opendihu/dependencies/mpi/src/mpich2-1.4.1p1/src/mpid/common/datatype -I/store/software/opendihu/dependencies/mpi/src/mpich2-1.4.1p1/src/mpid/common/datatype -I/store/software/opendihu/dependencies/mpi/src/mpich2-1.4.1p1/src/mpid/common/locks -I/store/software/opendihu/dependencies/mpi/src/mpich2-1.4.1p1/src/mpid/common/locks -I/store/software/opendihu/dependencies/mpi/src/mpich2-1.4.1p1/src/mpid/ch3/channels/nemesis/include -I/store/software/opendihu/dependencies/mpi/src/mpich2-1.4.1p1/src/mpid/ch3/channels/nemesis/include -I/store/software/opendihu/dependencies/mpi/src/mpich2-1.4.1p1/src/mpid/ch3/channels/nemesis/nemesis/include -I/store/software/opendihu/dependencies/mpi/src/mpich2-1.4.1p1/src/mpid/ch3/channels/nemesis/nemesis/include -I/store/software/opendihu/dependencies/mpi/src/mpich2-1.4.1p1/src/mpid/ch3/channels/nemesis/nemesis/utils/monitor -I/store/software/opendihu/dependencies/mpi/src/mpich2-1.4.1p1/src/mpid/ch3/channels/nemesis/nemesis/utils/monitor -I/store/software/opendihu/dependencies/mpi/src/mpich2-1.4.1p1/src/util/wrappers -I/store/software/opendihu/dependencies/mpi/src/mpich2-1.4.1p1/src/util/wrappers conftest.c >&5
configure:4122: $? = 0
configure:4139: result: yes
configure:4094: checking for strings.h
configure:4115: arm-linux-gnueabi-gcc -c    -O2  -I/store/software/opendihu/dependencies/mpi/src/mpich2-1.4.1p1/src/mpl/include -I/store/software/opendihu/dependencies/mpi/src/mpich2-1.4.1p1/src/mpl/include -I/store/software/opendihu/dependencies/mpi/src/mpich2-1.4.1p1/src/openpa/src -I/store/software/opendihu/dependencies/mpi/src/mpich2-1.4.1p1/src/openpa/src -I/store/software/opendihu/dependencies/mpi/src/mpich2-1.4.1p1/src/mpid/ch3/include -I/store/software/opendihu/dependencies/mpi/src/mpich2-1.4.1p1/src/mpid/ch3/include -I/store/software/opendihu/dependencies/mpi/src/mpich2-1.4.1p1/src/mpid/common/datatype -I/store/software/opendihu/dependencies/mpi/src/mpich2-1.4.1p1/src/mpid/common/datatype -I/store/software/opendihu/dependencies/mpi/src/mpich2-1.4.1p1/src/mpid/common/locks -I/store/software/opendihu/dependencies/mpi/src/mpich2-1.4.1p1/src/mpid/common/locks -I/store/software/opendihu/dependencies/mpi/src/mpich2-1.4.1p1/src/mpid/ch3/channels/nemesis/include -I/store/software/opendihu/dependencies/mpi/src/mpich2-1.4.1p1/src/mpid/ch3/channels/nemesis/include -I/store/software/opendihu/dependencies/mpi/src/mpich2-1.4.1p1/src/mpid/ch3/channels/nemesis/nemesis/include -I/store/software/opendihu/dependencies/mpi/src/mpich2-1.4.1p1/src/mpid/ch3/channels/nemesis/nemesis/include -I/store/software/opendihu/dependencies/mpi/src/mpich2-1.4.1p1/src/mpid/ch3/channels/nemesis/nemesis/utils/monitor -I/store/software/opendihu/dependencies/mpi/src/mpich2-1.4.1p1/src/mpid/ch3/channels/nemesis/nemesis/utils/monitor -I/store/software/opendihu/dependencies/mpi/src/mpich2-1.4.1p1/src/util/wrappers -I/store/software/opendihu/dependencies/mpi/src/mpich2-1.4.1p1/src/util/wrappers conftest.c >&5
configure:4122: $? = 0
configure:4139: result: yes
configure:4094: checking for inttypes.h
configure:4115: arm-linux-gnueabi-gcc -c    -O2  -I/store/software/opendihu/dependencies/mpi/src/mpich2-1.4.1p1/src/mpl/include -I/store/software/opendihu/dependencies/mpi/src/mpich2-1.4.1p1/src/mpl/include -I/store/software/opendihu/dependencies/mpi/src/mpich2-1.4.1p1/src/openpa/src -I/store/software/opendihu/dependencies/mpi/src/mpich2-1.4.1p1/src/openpa/src -I/store/software/opendihu/dependencies/mpi/src/mpich2-1.4.1p1/src/mpid/ch3/include -I/store/software/opendihu/dependencies/mpi/src/mpich2-1.4.1p1/src/mpid/ch3/include -I/store/software/opendihu/dependencies/mpi/src/mpich2-1.4.1p1/src/mpid/common/datatype -I/store/software/opendihu/dependencies/mpi/src/mpich2-1.4.1p1/src/mpid/common/datatype -I/store/software/opendihu/dependencies/mpi/src/mpich2-1.4.1p1/src/mpid/common/locks -I/store/software/opendihu/dependencies/mpi/src/mpich2-1.4.1p1/src/mpid/common/locks -I/store/software/opendihu/dependencies/mpi/src/mpich2-1.4.1p1/src/mpid/ch3/channels/nemesis/include -I/store/software/opendihu/dependencies/mpi/src/mpich2-1.4.1p1/src/mpid/ch3/channels/nemesis/include -I/store/software/opendihu/dependencies/mpi/src/mpich2-1.4.1p1/src/mpid/ch3/channels/nemesis/nemesis/include -I/store/software/opendihu/dependencies/mpi/src/mpich2-1.4.1p1/src/mpid/ch3/channels/nemesis/nemesis/include -I/store/software/opendihu/dependencies/mpi/src/mpich2-1.4.1p1/src/mpid/ch3/channels/nemesis/nemesis/utils/monitor -I/store/software/opendihu/dependencies/mpi/src/mpich2-1.4.1p1/src/mpid/ch3/channels/nemesis/nemesis/utils/monitor -I/store/software/opendihu/dependencies/mpi/src/mpich2-1.4.1p1/src/util/wrappers -I/store/software/opendihu/dependencies/mpi/src/mpich2-1.4.1p1/src/util/wrappers conftest.c >&5
configure:4122: $? = 0
configure:4139: result: yes
configure:4094: checking for stdint.h
configure:4115: arm-linux-gnueabi-gcc -c    -O2  -I/store/software/opendihu/dependencies/mpi/src/mpich2-1.4.1p1/src/mpl/include -I/store/software/opendihu/dependencies/mpi/src/mpich2-1.4.1p1/src/mpl/include -I/store/software/opendihu/dependencies/mpi/src/mpich2-1.4.1p1/src/openpa/src -I/store/software/opendihu/dependencies/mpi/src/mpich2-1.4.1p1/src/openpa/src -I/store/software/opendihu/dependencies/mpi/src/mpich2-1.4.1p1/src/mpid/ch3/include -I/store/software/opendihu/dependencies/mpi/src/mpich2-1.4.1p1/src/mpid/ch3/include -I/store/software/opendihu/dependencies/mpi/src/mpich2-1.4.1p1/src/mpid/common/datatype -I/store/software/opendihu/dependencies/mpi/src/mpich2-1.4.1p1/src/mpid/common/datatype -I/store/software/opendihu/dependencies/mpi/src/mpich2-1.4.1p1/src/mpid/common/locks -I/store/software/opendihu/dependencies/mpi/src/mpich2-1.4.1p1/src/mpid/common/locks -I/store/software/opendihu/dependencies/mpi/src/mpich2-1.4.1p1/src/mpid/ch3/channels/nemesis/include -I/store/software/opendihu/dependencies/mpi/src/mpich2-1.4.1p1/src/mpid/ch3/channels/nemesis/include -I/store/software/opendihu/dependencies/mpi/src/mpich2-1.4.1p1/src/mpid/ch3/channels/nemesis/nemesis/include -I/store/software/opendihu/dependencies/mpi/src/mpich2-1.4.1p1/src/mpid/ch3/channels/nemesis/nemesis/include -I/store/software/opendihu/dependencies/mpi/src/mpich2-1.4.1p1/src/mpid/ch3/channels/nemesis/nemesis/utils/monitor -I/store/software/opendihu/dependencies/mpi/src/mpich2-1.4.1p1/src/mpid/ch3/channels/nemesis/nemesis/utils/monitor -I/store/software/opendihu/dependencies/mpi/src/mpich2-1.4.1p1/src/util/wrappers -I/store/software/opendihu/dependencies/mpi/src/mpich2-1.4.1p1/src/util/wrappers conftest.c >&5
configure:4122: $? = 0
configure:4139: result: yes
configure:4094: checking for unistd.h
configure:4115: arm-linux-gnueabi-gcc -c    -O2  -I/store/software/opendihu/dependencies/mpi/src/mpich2-1.4.1p1/src/mpl/include -I/store/software/opendihu/dependencies/mpi/src/mpich2-1.4.1p1/src/mpl/include -I/store/software/opendihu/dependencies/mpi/src/mpich2-1.4.1p1/src/openpa/src -I/store/software/opendihu/dependencies/mpi/src/mpich2-1.4.1p1/src/openpa/src -I/store/software/opendihu/dependencies/mpi/src/mpich2-1.4.1p1/src/mpid/ch3/include -I/store/software/opendihu/dependencies/mpi/src/mpich2-1.4.1p1/src/mpid/ch3/include -I/store/software/opendihu/dependencies/mpi/src/mpich2-1.4.1p1/src/mpid/common/datatype -I/store/software/opendihu/dependencies/mpi/src/mpich2-1.4.1p1/src/mpid/common/datatype -I/store/software/opendihu/dependencies/mpi/src/mpich2-1.4.1p1/src/mpid/common/locks -I/store/software/opendihu/dependencies/mpi/src/mpich2-1.4.1p1/src/mpid/common/locks -I/store/software/opendihu/dependencies/mpi/src/mpich2-1.4.1p1/src/mpid/ch3/channels/nemesis/include -I/store/software/opendihu/dependencies/mpi/src/mpich2-1.4.1p1/src/mpid/ch3/channels/nemesis/include -I/store/software/opendihu/dependencies/mpi/src/mpich2-1.4.1p1/src/mpid/ch3/channels/nemesis/nemesis/include -I/store/software/opendihu/dependencies/mpi/src/mpich2-1.4.1p1/src/mpid/ch3/channels/nemesis/nemesis/include -I/store/software/opendihu/dependencies/mpi/src/mpich2-1.4.1p1/src/mpid/ch3/channels/nemesis/nemesis/utils/monitor -I/store/software/opendihu/dependencies/mpi/src/mpich2-1.4.1p1/src/mpid/ch3/channels/nemesis/nemesis/utils/monitor -I/store/software/opendihu/dependencies/mpi/src/mpich2-1.4.1p1/src/util/wrappers -I/store/software/opendihu/dependencies/mpi/src/mpich2-1.4.1p1/src/util/wrappers conftest.c >&5
configure:4122: $? = 0
configure:4139: result: yes
configure:4172: checking stdio.h usability
configure:4189: arm-linux-gnueabi-gcc -c    -O2  -I/store/software/opendihu/dependencies/mpi/src/mpich2-1.4.1p1/src/mpl/include -I/store/software/opendihu/dependencies/mpi/src/mpich2-1.4.1p1/src/mpl/include -I/store/software/opendihu/dependencies/mpi/src/mpich2-1.4.1p1/src/openpa/src -I/store/software/opendihu/dependencies/mpi/src/mpich2-1.4.1p1/src/openpa/src -I/store/software/opendihu/dependencies/mpi/src/mpich2-1.4.1p1/src/mpid/ch3/include -I/store/software/opendihu/dependencies/mpi/src/mpich2-1.4.1p1/src/mpid/ch3/include -I/store/software/opendihu/dependencies/mpi/src/mpich2-1.4.1p1/src/mpid/common/datatype -I/store/software/opendihu/dependencies/mpi/src/mpich2-1.4.1p1/src/mpid/common/datatype -I/store/software/opendihu/dependencies/mpi/src/mpich2-1.4.1p1/src/mpid/common/locks -I/store/software/opendihu/dependencies/mpi/src/mpich2-1.4.1p1/src/mpid/common/locks -I/store/software/opendihu/dependencies/mpi/src/mpich2-1.4.1p1/src/mpid/ch3/channels/nemesis/include -I/store/software/opendihu/dependencies/mpi/src/mpich2-1.4.1p1/src/mpid/ch3/channels/nemesis/include -I/store/software/opendihu/dependencies/mpi/src/mpich2-1.4.1p1/src/mpid/ch3/channels/nemesis/nemesis/include -I/store/software/opendihu/dependencies/mpi/src/mpich2-1.4.1p1/src/mpid/ch3/channels/nemesis/nemesis/include -I/store/software/opendihu/dependencies/mpi/src/mpich2-1.4.1p1/src/mpid/ch3/channels/nemesis/nemesis/utils/monitor -I/store/software/opendihu/dependencies/mpi/src/mpich2-1.4.1p1/src/mpid/ch3/channels/nemesis/nemesis/utils/monitor -I/store/software/opendihu/dependencies/mpi/src/mpich2-1.4.1p1/src/util/wrappers -I/store/software/opendihu/dependencies/mpi/src/mpich2-1.4.1p1/src/util/wrappers conftest.c >&5
configure:4196: $? = 0
configure:4210: result: yes
configure:4214: checking stdio.h presence
configure:4229: arm-linux-gnueabi-cpp  -I/store/software/opendihu/dependencies/mpi/src/mpich2-1.4.1p1/src/mpl/include -I/store/software/opendihu/dependencies/mpi/src/mpich2-1.4.1p1/src/mpl/include -I/store/software/opendihu/dependencies/mpi/src/mpich2-1.4.1p1/src/openpa/src -I/store/software/opendihu/dependencies/mpi/src/mpich2-1.4.1p1/src/openpa/src -I/store/software/opendihu/dependencies/mpi/src/mpich2-1.4.1p1/src/mpid/ch3/include -I/store/software/opendihu/dependencies/mpi/src/mpich2-1.4.1p1/src/mpid/ch3/include -I/store/software/opendihu/dependencies/mpi/src/mpich2-1.4.1p1/src/mpid/common/datatype -I/store/software/opendihu/dependencies/mpi/src/mpich2-1.4.1p1/src/mpid/common/datatype -I/store/software/opendihu/dependencies/mpi/src/mpich2-1.4.1p1/src/mpid/common/locks -I/store/software/opendihu/dependencies/mpi/src/mpich2-1.4.1p1/src/mpid/common/locks -I/store/software/opendihu/dependencies/mpi/src/mpich2-1.4.1p1/src/mpid/ch3/channels/nemesis/include -I/store/software/opendihu/dependencies/mpi/src/mpich2-1.4.1p1/src/mpid/ch3/channels/nemesis/include -I/store/software/opendihu/dependencies/mpi/src/mpich2-1.4.1p1/src/mpid/ch3/channels/nemesis/nemesis/include -I/store/software/opendihu/dependencies/mpi/src/mpich2-1.4.1p1/src/mpid/ch3/channels/nemesis/nemesis/include -I/store/software/opendihu/dependencies/mpi/src/mpich2-1.4.1p1/src/mpid/ch3/channels/nemesis/nemesis/utils/monitor -I/store/software/opendihu/dependencies/mpi/src/mpich2-1.4.1p1/src/mpid/ch3/channels/nemesis/nemesis/utils/monitor -I/store/software/opendihu/dependencies/mpi/src/mpich2-1.4.1p1/src/util/wrappers -I/store/software/opendihu/dependencies/mpi/src/mpich2-1.4.1p1/src/util/wrappers conftest.c
configure:4236: $? = 0
configure:4250: result: yes
configure:4278: checking for stdio.h
configure:4287: result: yes
configure:4161: checking for stdlib.h
configure:4168: result: yes
configure:4161: checking for string.h
configure:4168: result: yes
configure:4161: checking for unistd.h
configure:4168: result: yes
configure:4305: checking for working alloca.h
configure:4332: arm-linux-gnueabi-gcc -o conftest    -O2  -I/store/software/opendihu/dependencies/mpi/src/mpich2-1.4.1p1/src/mpl/include -I/store/software/opendihu/dependencies/mpi/src/mpich2-1.4.1p1/src/mpl/include -I/store/software/opendihu/dependencies/mpi/src/mpich2-1.4.1p1/src/openpa/src -I/store/software/opendihu/dependencies/mpi/src/mpich2-1.4.1p1/src/openpa/src -I/store/software/opendihu/dependencies/mpi/src/mpich2-1.4.1p1/src/mpid/ch3/include -I/store/software/opendihu/dependencies/mpi/src/mpich2-1.4.1p1/src/mpid/ch3/include -I/store/software/opendihu/dependencies/mpi/src/mpich2-1.4.1p1/src/mpid/common/datatype -I/store/software/opendihu/dependencies/mpi/src/mpich2-1.4.1p1/src/mpid/common/datatype -I/store/software/opendihu/dependencies/mpi/src/mpich2-1.4.1p1/src/mpid/common/locks -I/store/software/opendihu/dependencies/mpi/src/mpich2-1.4.1p1/src/mpid/common/locks -I/store/software/opendihu/dependencies/mpi/src/mpich2-1.4.1p1/src/mpid/ch3/channels/nemesis/include -I/store/software/opendihu/dependencies/mpi/src/mpich2-1.4.1p1/src/mpid/ch3/channels/nemesis/include -I/store/software/opendihu/dependencies/mpi/src/mpich2-1.4.1p1/src/mpid/ch3/channels/nemesis/nemesis/include -I/store/software/opendihu/dependencies/mpi/src/mpich2-1.4.1p1/src/mpid/ch3/channels/nemesis/nemesis/include -I/store/software/opendihu/dependencies/mpi/src/mpich2-1.4.1p1/src/mpid/ch3/channels/nemesis/nemesis/utils/monitor -I/store/software/opendihu/dependencies/mpi/src/mpich2-1.4.1p1/src/mpid/ch3/channels/nemesis/nemesis/utils/monitor -I/store/software/opendihu/dependencies/mpi/src/mpich2-1.4.1p1/src/util/wrappers -I/store/software/opendihu/dependencies/mpi/src/mpich2-1.4.1p1/src/util/wrappers   conftest.c -lrt -lpthread   >&5
configure:4339: $? = 0
configure:4359: result: yes
configure:4369: checking for alloca
configure:4416: arm-linux-gnueabi-gcc -o conftest    -O2  -I/store/software/opendihu/dependencies/mpi/src/mpich2-1.4.1p1/src/mpl/include -I/store/software/opendihu/dependencies/mpi/src/mpich2-1.4.1p1/src/mpl/include -I/store/software/opendihu/dependencies/mpi/src/mpich2-1.4.1p1/src/openpa/src -I/store/software/opendihu/dependencies/mpi/src/mpich2-1.4.1p1/src/openpa/src -I/store/software/opendihu/dependencies/mpi/src/mpich2-1.4.1p1/src/mpid/ch3/include -I/store/software/opendihu/dependencies/mpi/src/mpich2-1.4.1p1/src/mpid/ch3/include -I/store/software/opendihu/dependencies/mpi/src/mpich2-1.4.1p1/src/mpid/common/datatype -I/store/software/opendihu/dependencies/mpi/src/mpich2-1.4.1p1/src/mpid/common/datatype -I/store/software/opendihu/dependencies/mpi/src/mpich2-1.4.1p1/src/mpid/common/locks -I/store/software/opendihu/dependencies/mpi/src/mpich2-1.4.1p1/src/mpid/common/locks -I/store/software/opendihu/dependencies/mpi/src/mpich2-1.4.1p1/src/mpid/ch3/channels/nemesis/include -I/store/software/opendihu/dependencies/mpi/src/mpich2-1.4.1p1/src/mpid/ch3/channels/nemesis/include -I/store/software/opendihu/dependencies/mpi/src/mpich2-1.4.1p1/src/mpid/ch3/channels/nemesis/nemesis/include -I/store/software/opendihu/dependencies/mpi/src/mpich2-1.4.1p1/src/mpid/ch3/channels/nemesis/nemesis/include -I/store/software/opendihu/dependencies/mpi/src/mpich2-1.4.1p1/src/mpid/ch3/channels/nemesis/nemesis/utils/monitor -I/store/software/opendihu/dependencies/mpi/src/mpich2-1.4.1p1/src/mpid/ch3/channels/nemesis/nemesis/utils/monitor -I/store/software/opendihu/dependencies/mpi/src/mpich2-1.4.1p1/src/util/wrappers -I/store/software/opendihu/dependencies/mpi/src/mpich2-1.4.1p1/src/util/wrappers   conftest.c -lrt -lpthread   >&5
configure:4423: $? = 0
configure:4443: result: yes
configure:7828: creating ./config.status

## ---------------------- ##
## Running config.status. ##
## ---------------------- ##

This file was extended by config.status, which was
generated by GNU Autoconf 2.63.  Invocation command line was

  CONFIG_FILES    = 
  CONFIG_HEADERS  = 
  CONFIG_LINKS    = 
  CONFIG_COMMANDS = 
  $ ./config.status 

on lapsgs05

config.status:802: creating Makefile
config.status:802: creating src/Makefile
config.status:802: creating test/Makefile
config.status:802: creating etc/mpe_mpicheck.conf
config.status:802: creating mpe_collchk_conf.h

## ---------------- ##
## Cache variables. ##
## ---------------- ##

ac_cv_build=x86_64-unknown-linux-gnu
ac_cv_c_compiler_gnu=yes
ac_cv_c_const=yes
ac_cv_env_CC_set=set
ac_cv_env_CC_value=arm-linux-gnueabi-gcc
ac_cv_env_CFLAGS_set=set
ac_cv_env_CFLAGS_value='   -O2'
ac_cv_env_CPPFLAGS_set=set
ac_cv_env_CPPFLAGS_value=' -I/store/software/opendihu/dependencies/mpi/src/mpich2-1.4.1p1/src/mpl/include -I/store/software/opendihu/dependencies/mpi/src/mpich2-1.4.1p1/src/mpl/include -I/store/software/opendihu/dependencies/mpi/src/mpich2-1.4.1p1/src/openpa/src -I/store/software/opendihu/dependencies/mpi/src/mpich2-1.4.1p1/src/openpa/src -I/store/software/opendihu/dependencies/mpi/src/mpich2-1.4.1p1/src/mpid/ch3/include -I/store/software/opendihu/dependencies/mpi/src/mpich2-1.4.1p1/src/mpid/ch3/include -I/store/software/opendihu/dependencies/mpi/src/mpich2-1.4.1p1/src/mpid/common/datatype -I/store/software/opendihu/dependencies/mpi/src/mpich2-1.4.1p1/src/mpid/common/datatype -I/store/software/opendihu/dependencies/mpi/src/mpich2-1.4.1p1/src/mpid/common/locks -I/store/software/opendihu/dependencies/mpi/src/mpich2-1.4.1p1/src/mpid/common/locks -I/store/software/opendihu/dependencies/mpi/src/mpich2-1.4.1p1/src/mpid/ch3/channels/nemesis/include -I/store/software/opendihu/dependencies/mpi/src/mpich2-1.4.1p1/src/mpid/ch3/channels/nemesis/include -I/store/software/opendihu/dependencies/mpi/src/mpich2-1.4.1p1/src/mpid/ch3/channels/nemesis/nemesis/include -I/store/software/opendihu/dependencies/mpi/src/mpich2-1.4.1p1/src/mpid/ch3/channels/nemesis/nemesis/include -I/store/software/opendihu/dependencies/mpi/src/mpich2-1.4.1p1/src/mpid/ch3/channels/nemesis/nemesis/utils/monitor -I/store/software/opendihu/dependencies/mpi/src/mpich2-1.4.1p1/src/mpid/ch3/channels/nemesis/nemesis/utils/monitor -I/store/software/opendihu/dependencies/mpi/src/mpich2-1.4.1p1/src/util/wrappers -I/store/software/opendihu/dependencies/mpi/src/mpich2-1.4.1p1/src/util/wrappers'
ac_cv_env_CPP_set=set
ac_cv_env_CPP_value=arm-linux-gnueabi-cpp
ac_cv_env_LDFLAGS_set=set
ac_cv_env_LDFLAGS_value=' '
ac_cv_env_LIBS_set=set
ac_cv_env_LIBS_value='-lrt -lpthread  '
ac_cv_env_build_alias_set=
ac_cv_env_build_alias_value=
ac_cv_env_host_alias_set=set
ac_cv_env_host_alias_value=arm-linux-gnueabi
ac_cv_env_target_alias_set=set
ac_cv_env_target_alias_value=arm-linux-gnueabi
ac_cv_func_alloca_works=yes
ac_cv_header_inttypes_h=yes
ac_cv_header_memory_h=yes
ac_cv_header_stdc=yes
ac_cv_header_stdint_h=yes
ac_cv_header_stdio_h=yes
ac_cv_header_stdlib_h=yes
ac_cv_header_string_h=yes
ac_cv_header_strings_h=yes
ac_cv_header_sys_stat_h=yes
ac_cv_header_sys_types_h=yes
ac_cv_header_unistd_h=yes
ac_cv_host=arm-unknown-linux-gnueabi
ac_cv_objext=o
ac_cv_path_EGREP='/bin/grep -E'
ac_cv_path_GREP=/bin/grep
ac_cv_prog_AR=arm-linux-gnueabi-ar
ac_cv_prog_CC=arm-linux-gnueabi-gcc
ac_cv_prog_CPP=arm-linux-gnueabi-cpp
ac_cv_prog_RANLIB=ranlib
ac_cv_prog_cc_c89=
ac_cv_prog_cc_g=yes
ac_cv_working_alloca_h=yes

## ----------------- ##
## Output variables. ##
## ----------------- ##

ALLOCA=''
AR='arm-linux-gnueabi-ar'
CC='arm-linux-gnueabi-gcc'
CFLAGS='   -O2'
CLINKER='arm-linux-gnueabi-gcc'
COLLCHK_BUILD_ALLW='yes'
COLLCHK_BUILD_COMMS='yes'
COLLCHK_BUILD_EXSCAN='yes'
COLLCHK_BUILD_IO='yes'
COLLCHK_BUILD_RMA='yes'
COLLCHK_LIBNAME='mpe_collchk'
COLLCHK_LIBS='-lmpe_collchk -lmpe'
CPP='arm-linux-gnueabi-cpp'
CPPFLAGS=' -I/store/software/opendihu/dependencies/mpi/src/mpich2-1.4.1p1/src/mpl/include -I/store/software/opendihu/dependencies/mpi/src/mpich2-1.4.1p1/src/mpl/include -I/store/software/opendihu/dependencies/mpi/src/mpich2-1.4.1p1/src/openpa/src -I/store/software/opendihu/dependencies/mpi/src/mpich2-1.4.1p1/src/openpa/src -I/store/software/opendihu/dependencies/mpi/src/mpich2-1.4.1p1/src/mpid/ch3/include -I/store/software/opendihu/dependencies/mpi/src/mpich2-1.4.1p1/src/mpid/ch3/include -I/store/software/opendihu/dependencies/mpi/src/mpich2-1.4.1p1/src/mpid/common/datatype -I/store/software/opendihu/dependencies/mpi/src/mpich2-1.4.1p1/src/mpid/common/datatype -I/store/software/opendihu/dependencies/mpi/src/mpich2-1.4.1p1/src/mpid/common/locks -I/store/software/opendihu/dependencies/mpi/src/mpich2-1.4.1p1/src/mpid/common/locks -I/store/software/opendihu/dependencies/mpi/src/mpich2-1.4.1p1/src/mpid/ch3/channels/nemesis/include -I/store/software/opendihu/dependencies/mpi/src/mpich2-1.4.1p1/src/mpid/ch3/channels/nemesis/include -I/store/software/opendihu/dependencies/mpi/src/mpich2-1.4.1p1/src/mpid/ch3/channels/nemesis/nemesis/include -I/store/software/opendihu/dependencies/mpi/src/mpich2-1.4.1p1/src/mpid/ch3/channels/nemesis/nemesis/include -I/store/software/opendihu/dependencies/mpi/src/mpich2-1.4.1p1/src/mpid/ch3/channels/nemesis/nemesis/utils/monitor -I/store/software/opendihu/dependencies/mpi/src/mpich2-1.4.1p1/src/mpid/ch3/channels/nemesis/nemesis/utils/monitor -I/store/software/opendihu/dependencies/mpi/src/mpich2-1.4.1p1/src/util/wrappers -I/store/software/opendihu/dependencies/mpi/src/mpich2-1.4.1p1/src/util/wrappers'
CPRP='cp'
DEBUG_LIBS=''
DEFS='-DHAVE_CONFIG_H'
ECHO_C=''
ECHO_N='-n'
ECHO_T=''
EGREP='/bin/grep -E'
EXEEXT=''
F2CMPI_LIBS='-lmpe_f2cmpi'
F77='arm-linux-gnueabi-gfortran'
FFLAGS=''
FINC_PATH_LEADER='-I'
FLIB_PATH_LEADER='-L'
FLINKER='arm-linux-gnueabi-gfortran'
GREP='/bin/grep'
LDFLAGS=' '
LIBOBJS=''
LIBS='-lrt -lpthread  '
LTLIBOBJS=''
MAKE='make --no-print-directory'
MKDIR='mkdir'
MPE_BUILD_FORTRAN2C='no'
MPE_CLINKER='/store/software/opendihu/dependencies/mpi/src/mpich2-1.4.1p1/bin/mpicc -mpe='
MPE_FLINKER='/store/software/opendihu/dependencies/mpi/src/mpich2-1.4.1p1/bin/mpif77 -mpe='
MPI_CC='/store/software/opendihu/dependencies/mpi/src/mpich2-1.4.1p1/bin/mpicc'
MPI_CFLAGS=''
MPI_F77='/store/software/opendihu/dependencies/mpi/src/mpich2-1.4.1p1/bin/mpif77'
MPI_FFLAGS=''
MPI_IMPL='MPICH2'
MPI_LIBS=''
MV='mv'
OBJEXT='o'
PACKAGE_BUGREPORT=''
PACKAGE_NAME=''
PACKAGE_STRING=''
PACKAGE_TARNAME=''
PACKAGE_VERSION=''
PATH_SEPARATOR=':'
RANLIB='ranlib'
RM='rm'
SHELL='/bin/bash'
VPATH='VPATH=.:$(srcdir)'
ac_ct_CC=''
binbuild_dir='/store/software/opendihu/dependencies/mpi/src/mpich2-1.4.1p1/src/mpe2/bin'
bindir='${exec_prefix}/bin'
build='x86_64-unknown-linux-gnu'
build_alias=''
build_cpu='x86_64'
build_os='linux-gnu'
build_vendor='unknown'
datadir='${datarootdir}'
datarootdir='${prefix}/share'
docdir='${datarootdir}/doc/${PACKAGE}'
dvidir='${docdir}'
etcbuild_dir='/store/software/opendihu/dependencies/mpi/src/mpich2-1.4.1p1/src/mpe2/etc'
exec_prefix='${prefix}'
host='arm-unknown-linux-gnueabi'
host_alias='arm-linux-gnueabi'
host_cpu='arm'
host_os='linux-gnueabi'
host_vendor='unknown'
htmldir='${docdir}'
includebuild_dir='/store/software/opendihu/dependencies/mpi/src/mpich2-1.4.1p1/src/mpe2/include'
includedir='${prefix}/include'
infodir='${datarootdir}/info'
libbuild_dir='/store/software/opendihu/dependencies/mpi/src/mpich2-1.4.1p1/src/mpe2/lib'
libdir='${exec_prefix}/lib'
libexecdir='${exec_prefix}/libexec'
localedir='${datarootdir}/locale'
localstatedir='${prefix}/var'
mandir='${datarootdir}/man'
oldincludedir='/usr/include'
pdfdir='${docdir}'
prefix='/store/software/opendihu/dependencies/mpi/install'
program_transform_name='s,x,x,'
psdir='${docdir}'
sbinbuild_dir='/store/software/opendihu/dependencies/mpi/src/mpich2-1.4.1p1/src/mpe2/sbin'
sbindir='${exec_prefix}/sbin'
sharedstatedir='${prefix}/com'
sysconfdir='${prefix}/etc'
target_alias='arm-linux-gnueabi'
top_srcdir_abs='/store/software/opendihu/dependencies/mpi/src/mpich2-1.4.1p1/src/mpe2/src/collchk'

## ----------- ##
## confdefs.h. ##
## ----------- ##

#define PACKAGE_NAME ""
#define PACKAGE_TARNAME ""
#define PACKAGE_VERSION ""
#define PACKAGE_STRING ""
#define PACKAGE_BUGREPORT ""
#define STDC_HEADERS 1
#define HAVE_SYS_TYPES_H 1
#define HAVE_SYS_STAT_H 1
#define HAVE_STDLIB_H 1
#define HAVE_STRING_H 1
#define HAVE_MEMORY_H 1
#define HAVE_STRINGS_H 1
#define HAVE_INTTYPES_H 1
#define HAVE_STDINT_H 1
#define HAVE_UNISTD_H 1
#define HAVE_STDIO_H 1
#define HAVE_STDLIB_H 1
#define HAVE_STRING_H 1
#define HAVE_UNISTD_H 1
#define HAVE_ALLOCA_H 1
#define HAVE_ALLOCA 1
#define HAVE_RARE_MPI_COMBINERS 1
#define HAVE_MPI_ERR_FNS 1
#define HAVE_MPI_IN_PLACE 1
#define HAVE_MPI_WCHAR 1
#define HAVE_MPI_SIGNED_CHAR 1
#define HAVE_MPI_UNSIGNED_LONG_LONG 1
#define HAVE_FORTRAN_MPI_DATATYPE_IN_C 1
#define HAVE_FORTRAN_MPI_DATATYPE_INTEGERX_IN_C 1
#define HAVE_FORTRAN_MPI_DATATYPE_REALX_IN_C 1
#define HAVE_FORTRAN_MPI_DATATYPE_COMPLEXX_IN_C 1
#define HAVE_INT_MPI_DATATYPE 1
#define HAVE_MPI_IO 1
#define HAVE_MPI_RMA 1
#define HAVE_MPI_COMMS 1

configure: exit 0
