This file contains any messages produced by compilers while
running configure, to aid debugging if configure makes a mistake.

It was created by configure, which was
generated by GNU Autoconf 2.63.  Invocation command line was

  $ ./configure --disable-option-checking --prefix=/store/software/opendihu/dependencies/mpi/install CC=arm-linux-gnueabi-gcc CXX=arm-linux-gnueabi-gcc AR=arm-linux-gnueabi-ar CPP=arm-linux-gnueabi-cpp --target=arm-linux-gnueabi --host=arm-linux-gnueabi --disable-fc --disable-f77 --enable-shared host_alias=arm-linux-gnueabi target_alias=arm-linux-gnueabi F77=arm-linux-gnueabi-gfortran FC=arm-linux-gnueabi-gfortran MPI_CC=/store/software/opendihu/dependencies/mpi/src/mpich2-1.4.1p1/bin/mpicc MPI_F77=/store/software/opendihu/dependencies/mpi/src/mpich2-1.4.1p1/bin/mpif77 CFLAGS=   -O2 LDFLAGS=  LIBS=-lrt -lpthread   CPPFLAGS= -I/store/software/opendihu/dependencies/mpi/src/mpich2-1.4.1p1/src/mpl/include -I/store/software/opendihu/dependencies/mpi/src/mpich2-1.4.1p1/src/mpl/include -I/store/software/opendihu/dependencies/mpi/src/mpich2-1.4.1p1/src/openpa/src -I/store/software/opendihu/dependencies/mpi/src/mpich2-1.4.1p1/src/openpa/src -I/store/software/opendihu/dependencies/mpi/src/mpich2-1.4.1p1/src/mpid/ch3/include -I/store/software/opendihu/dependencies/mpi/src/mpich2-1.4.1p1/src/mpid/ch3/include -I/store/software/opendihu/dependencies/mpi/src/mpich2-1.4.1p1/src/mpid/common/datatype -I/store/software/opendihu/dependencies/mpi/src/mpich2-1.4.1p1/src/mpid/common/datatype -I/store/software/opendihu/dependencies/mpi/src/mpich2-1.4.1p1/src/mpid/common/locks -I/store/software/opendihu/dependencies/mpi/src/mpich2-1.4.1p1/src/mpid/common/locks -I/store/software/opendihu/dependencies/mpi/src/mpich2-1.4.1p1/src/mpid/ch3/channels/nemesis/include -I/store/software/opendihu/dependencies/mpi/src/mpich2-1.4.1p1/src/mpid/ch3/channels/nemesis/include -I/store/software/opendihu/dependencies/mpi/src/mpich2-1.4.1p1/src/mpid/ch3/channels/nemesis/nemesis/include -I/store/software/opendihu/dependencies/mpi/src/mpich2-1.4.1p1/src/mpid/ch3/channels/nemesis/nemesis/include -I/store/software/opendihu/dependencies/mpi/src/mpich2-1.4.1p1/src/mpid/ch3/channels/nemesis/nemesis/utils/monitor -I/store/software/opendihu/dependencies/mpi/src/mpich2-1.4.1p1/src/mpid/ch3/channels/nemesis/nemesis/utils/monitor -I/store/software/opendihu/dependencies/mpi/src/mpich2-1.4.1p1/src/util/wrappers -I/store/software/opendihu/dependencies/mpi/src/mpich2-1.4.1p1/src/util/wrappers FFLAGS=  --cache-file=/dev/null --srcdir=.

## --------- ##
## Platform. ##
## --------- ##

hostname = lapsgs05
uname -m = x86_64
uname -r = 4.15.0-39-generic
uname -s = Linux
uname -v = #42-Ubuntu SMP Tue Oct 23 15:48:01 UTC 2018

/usr/bin/uname -p = unknown
/bin/uname -X     = unknown

/bin/arch              = unknown
/usr/bin/arch -k       = unknown
/usr/convex/getsysinfo = unknown
/usr/bin/hostinfo      = unknown
/bin/machine           = unknown
/usr/bin/oslevel       = unknown
/bin/universe          = unknown

PATH: /home/maierbn/bin
PATH: /home/maierbn/.local/bin
PATH: /store/wiss/organisation/timekeeping/
PATH: /usr/local/sbin
PATH: /usr/local/bin
PATH: /usr/sbin
PATH: /usr/bin
PATH: /sbin
PATH: /bin
PATH: /usr/games
PATH: /usr/local/games
PATH: /snap/bin
PATH: /usr/lib/jvm/java-8-oracle/bin
PATH: /usr/lib/jvm/java-8-oracle/db/bin
PATH: /usr/lib/jvm/java-8-oracle/jre/bin
PATH: /media/maierbn/ext/2018/opencmiss/extras/TAU/tau-2.23.1/install/x86_64/bin
PATH: /store/wiss/3dprinter/scripts
PATH: /store/software/opendihu/scripts
PATH: /store/software/opendihu/dependencies/python/install/bin
PATH: /store/software/opencor/OpenCOR-0-5-Linux
PATH: /store/software/paraview/ParaView-5.6.0-RC1-Qt5-MPI-Linux-64bit/bin
PATH: /store/software/FlameGraph


## ----------- ##
## Core tests. ##
## ----------- ##

configure:1822: checking for current directory name
configure:1871: result: /store/software/opendihu/dependencies/mpi/src/mpich2-1.4.1p1/src/mpe2/src/graphics
configure:1920: checking gnumake
configure:1935: result: yes using --no-print-directory
configure:1949: checking BSD 4.4 make
configure:1969: result: no - whew
configure:1975: checking OSF V3 make
configure:1994: result: no
configure:2001: checking for virtual path format
configure:2016: result: VPATH
configure:2112: checking for arm-linux-gnueabi-gcc
configure:2139: result: arm-linux-gnueabi-gcc
configure:2411: checking for C compiler version
configure:2419: arm-linux-gnueabi-gcc --version >&5
arm-linux-gnueabi-gcc (Ubuntu/Linaro 7.3.0-27ubuntu1~18.04) 7.3.0
Copyright (C) 2017 Free Software Foundation, Inc.
This is free software; see the source for copying conditions.  There is NO
warranty; not even for MERCHANTABILITY or FITNESS FOR A PARTICULAR PURPOSE.

configure:2423: $? = 0
configure:2430: arm-linux-gnueabi-gcc -v >&5
Using built-in specs.
COLLECT_GCC=arm-linux-gnueabi-gcc
COLLECT_LTO_WRAPPER=/usr/lib/gcc-cross/arm-linux-gnueabi/7/lto-wrapper
Target: arm-linux-gnueabi
Configured with: ../src/configure -v --with-pkgversion='Ubuntu/Linaro 7.3.0-27ubuntu1~18.04' --with-bugurl=file:///usr/share/doc/gcc-7/README.Bugs --enable-languages=c,ada,c++,go,d,fortran,objc,obj-c++ --prefix=/usr --with-gcc-major-version-only --program-suffix=-7 --enable-shared --enable-linker-build-id --libexecdir=/usr/lib --without-included-gettext --enable-threads=posix --libdir=/usr/lib --enable-nls --with-sysroot=/ --enable-clocale=gnu --enable-libstdcxx-debug --enable-libstdcxx-time=yes --with-default-libstdcxx-abi=new --enable-gnu-unique-object --disable-libitm --disable-libquadmath --disable-libquadmath-support --enable-plugin --with-system-zlib --with-target-system-zlib --enable-multiarch --enable-multilib --disable-sjlj-exceptions --with-arch=armv5t --with-float=soft --disable-werror --enable-multilib --enable-checking=release --build=x86_64-linux-gnu --host=x86_64-linux-gnu --target=arm-linux-gnueabi --program-prefix=arm-linux-gnueabi- --includedir=/usr/arm-linux-gnueabi/include
Thread model: posix
gcc version 7.3.0 (Ubuntu/Linaro 7.3.0-27ubuntu1~18.04) 
configure:2434: $? = 0
configure:2441: arm-linux-gnueabi-gcc -V >&5
arm-linux-gnueabi-gcc: error: unrecognized command line option '-V'
arm-linux-gnueabi-gcc: fatal error: no input files
compilation terminated.
configure:2445: $? = 1
configure:2468: checking for C compiler default output file name
configure:2490: arm-linux-gnueabi-gcc    -O2  -I/store/software/opendihu/dependencies/mpi/src/mpich2-1.4.1p1/src/mpl/include -I/store/software/opendihu/dependencies/mpi/src/mpich2-1.4.1p1/src/mpl/include -I/store/software/opendihu/dependencies/mpi/src/mpich2-1.4.1p1/src/openpa/src -I/store/software/opendihu/dependencies/mpi/src/mpich2-1.4.1p1/src/openpa/src -I/store/software/opendihu/dependencies/mpi/src/mpich2-1.4.1p1/src/mpid/ch3/include -I/store/software/opendihu/dependencies/mpi/src/mpich2-1.4.1p1/src/mpid/ch3/include -I/store/software/opendihu/dependencies/mpi/src/mpich2-1.4.1p1/src/mpid/common/datatype -I/store/software/opendihu/dependencies/mpi/src/mpich2-1.4.1p1/src/mpid/common/datatype -I/store/software/opendihu/dependencies/mpi/src/mpich2-1.4.1p1/src/mpid/common/locks -I/store/software/opendihu/dependencies/mpi/src/mpich2-1.4.1p1/src/mpid/common/locks -I/store/software/opendihu/dependencies/mpi/src/mpich2-1.4.1p1/src/mpid/ch3/channels/nemesis/include -I/store/software/opendihu/dependencies/mpi/src/mpich2-1.4.1p1/src/mpid/ch3/channels/nemesis/include -I/store/software/opendihu/dependencies/mpi/src/mpich2-1.4.1p1/src/mpid/ch3/channels/nemesis/nemesis/include -I/store/software/opendihu/dependencies/mpi/src/mpich2-1.4.1p1/src/mpid/ch3/channels/nemesis/nemesis/include -I/store/software/opendihu/dependencies/mpi/src/mpich2-1.4.1p1/src/mpid/ch3/channels/nemesis/nemesis/utils/monitor -I/store/software/opendihu/dependencies/mpi/src/mpich2-1.4.1p1/src/mpid/ch3/channels/nemesis/nemesis/utils/monitor -I/store/software/opendihu/dependencies/mpi/src/mpich2-1.4.1p1/src/util/wrappers -I/store/software/opendihu/dependencies/mpi/src/mpich2-1.4.1p1/src/util/wrappers   conftest.c -lrt -lpthread   >&5
configure:2494: $? = 0
configure:2532: result: a.out
configure:2551: checking whether the C compiler works
configure:2561: ./a.out
./configure: line 2563: ./a.out: cannot execute binary file: Exec format error
configure:2565: $? = 126
configure:2584: result: yes
configure:2591: checking whether we are cross compiling
configure:2593: result: yes
configure:2596: checking for suffix of executables
configure:2603: arm-linux-gnueabi-gcc -o conftest    -O2  -I/store/software/opendihu/dependencies/mpi/src/mpich2-1.4.1p1/src/mpl/include -I/store/software/opendihu/dependencies/mpi/src/mpich2-1.4.1p1/src/mpl/include -I/store/software/opendihu/dependencies/mpi/src/mpich2-1.4.1p1/src/openpa/src -I/store/software/opendihu/dependencies/mpi/src/mpich2-1.4.1p1/src/openpa/src -I/store/software/opendihu/dependencies/mpi/src/mpich2-1.4.1p1/src/mpid/ch3/include -I/store/software/opendihu/dependencies/mpi/src/mpich2-1.4.1p1/src/mpid/ch3/include -I/store/software/opendihu/dependencies/mpi/src/mpich2-1.4.1p1/src/mpid/common/datatype -I/store/software/opendihu/dependencies/mpi/src/mpich2-1.4.1p1/src/mpid/common/datatype -I/store/software/opendihu/dependencies/mpi/src/mpich2-1.4.1p1/src/mpid/common/locks -I/store/software/opendihu/dependencies/mpi/src/mpich2-1.4.1p1/src/mpid/common/locks -I/store/software/opendihu/dependencies/mpi/src/mpich2-1.4.1p1/src/mpid/ch3/channels/nemesis/include -I/store/software/opendihu/dependencies/mpi/src/mpich2-1.4.1p1/src/mpid/ch3/channels/nemesis/include -I/store/software/opendihu/dependencies/mpi/src/mpich2-1.4.1p1/src/mpid/ch3/channels/nemesis/nemesis/include -I/store/software/opendihu/dependencies/mpi/src/mpich2-1.4.1p1/src/mpid/ch3/channels/nemesis/nemesis/include -I/store/software/opendihu/dependencies/mpi/src/mpich2-1.4.1p1/src/mpid/ch3/channels/nemesis/nemesis/utils/monitor -I/store/software/opendihu/dependencies/mpi/src/mpich2-1.4.1p1/src/mpid/ch3/channels/nemesis/nemesis/utils/monitor -I/store/software/opendihu/dependencies/mpi/src/mpich2-1.4.1p1/src/util/wrappers -I/store/software/opendihu/dependencies/mpi/src/mpich2-1.4.1p1/src/util/wrappers   conftest.c -lrt -lpthread   >&5
configure:2607: $? = 0
configure:2633: result: 
configure:2639: checking for suffix of object files
configure:2665: arm-linux-gnueabi-gcc -c    -O2  -I/store/software/opendihu/dependencies/mpi/src/mpich2-1.4.1p1/src/mpl/include -I/store/software/opendihu/dependencies/mpi/src/mpich2-1.4.1p1/src/mpl/include -I/store/software/opendihu/dependencies/mpi/src/mpich2-1.4.1p1/src/openpa/src -I/store/software/opendihu/dependencies/mpi/src/mpich2-1.4.1p1/src/openpa/src -I/store/software/opendihu/dependencies/mpi/src/mpich2-1.4.1p1/src/mpid/ch3/include -I/store/software/opendihu/dependencies/mpi/src/mpich2-1.4.1p1/src/mpid/ch3/include -I/store/software/opendihu/dependencies/mpi/src/mpich2-1.4.1p1/src/mpid/common/datatype -I/store/software/opendihu/dependencies/mpi/src/mpich2-1.4.1p1/src/mpid/common/datatype -I/store/software/opendihu/dependencies/mpi/src/mpich2-1.4.1p1/src/mpid/common/locks -I/store/software/opendihu/dependencies/mpi/src/mpich2-1.4.1p1/src/mpid/common/locks -I/store/software/opendihu/dependencies/mpi/src/mpich2-1.4.1p1/src/mpid/ch3/channels/nemesis/include -I/store/software/opendihu/dependencies/mpi/src/mpich2-1.4.1p1/src/mpid/ch3/channels/nemesis/include -I/store/software/opendihu/dependencies/mpi/src/mpich2-1.4.1p1/src/mpid/ch3/channels/nemesis/nemesis/include -I/store/software/opendihu/dependencies/mpi/src/mpich2-1.4.1p1/src/mpid/ch3/channels/nemesis/nemesis/include -I/store/software/opendihu/dependencies/mpi/src/mpich2-1.4.1p1/src/mpid/ch3/channels/nemesis/nemesis/utils/monitor -I/store/software/opendihu/dependencies/mpi/src/mpich2-1.4.1p1/src/mpid/ch3/channels/nemesis/nemesis/utils/monitor -I/store/software/opendihu/dependencies/mpi/src/mpich2-1.4.1p1/src/util/wrappers -I/store/software/opendihu/dependencies/mpi/src/mpich2-1.4.1p1/src/util/wrappers conftest.c >&5
configure:2669: $? = 0
configure:2694: result: o
configure:2698: checking whether we are using the GNU C compiler
configure:2727: arm-linux-gnueabi-gcc -c    -O2  -I/store/software/opendihu/dependencies/mpi/src/mpich2-1.4.1p1/src/mpl/include -I/store/software/opendihu/dependencies/mpi/src/mpich2-1.4.1p1/src/mpl/include -I/store/software/opendihu/dependencies/mpi/src/mpich2-1.4.1p1/src/openpa/src -I/store/software/opendihu/dependencies/mpi/src/mpich2-1.4.1p1/src/openpa/src -I/store/software/opendihu/dependencies/mpi/src/mpich2-1.4.1p1/src/mpid/ch3/include -I/store/software/opendihu/dependencies/mpi/src/mpich2-1.4.1p1/src/mpid/ch3/include -I/store/software/opendihu/dependencies/mpi/src/mpich2-1.4.1p1/src/mpid/common/datatype -I/store/software/opendihu/dependencies/mpi/src/mpich2-1.4.1p1/src/mpid/common/datatype -I/store/software/opendihu/dependencies/mpi/src/mpich2-1.4.1p1/src/mpid/common/locks -I/store/software/opendihu/dependencies/mpi/src/mpich2-1.4.1p1/src/mpid/common/locks -I/store/software/opendihu/dependencies/mpi/src/mpich2-1.4.1p1/src/mpid/ch3/channels/nemesis/include -I/store/software/opendihu/dependencies/mpi/src/mpich2-1.4.1p1/src/mpid/ch3/channels/nemesis/include -I/store/software/opendihu/dependencies/mpi/src/mpich2-1.4.1p1/src/mpid/ch3/channels/nemesis/nemesis/include -I/store/software/opendihu/dependencies/mpi/src/mpich2-1.4.1p1/src/mpid/ch3/channels/nemesis/nemesis/include -I/store/software/opendihu/dependencies/mpi/src/mpich2-1.4.1p1/src/mpid/ch3/channels/nemesis/nemesis/utils/monitor -I/store/software/opendihu/dependencies/mpi/src/mpich2-1.4.1p1/src/mpid/ch3/channels/nemesis/nemesis/utils/monitor -I/store/software/opendihu/dependencies/mpi/src/mpich2-1.4.1p1/src/util/wrappers -I/store/software/opendihu/dependencies/mpi/src/mpich2-1.4.1p1/src/util/wrappers conftest.c >&5
configure:2734: $? = 0
configure:2751: result: yes
configure:2760: checking whether arm-linux-gnueabi-gcc accepts -g
configure:2790: arm-linux-gnueabi-gcc -c -g  -I/store/software/opendihu/dependencies/mpi/src/mpich2-1.4.1p1/src/mpl/include -I/store/software/opendihu/dependencies/mpi/src/mpich2-1.4.1p1/src/mpl/include -I/store/software/opendihu/dependencies/mpi/src/mpich2-1.4.1p1/src/openpa/src -I/store/software/opendihu/dependencies/mpi/src/mpich2-1.4.1p1/src/openpa/src -I/store/software/opendihu/dependencies/mpi/src/mpich2-1.4.1p1/src/mpid/ch3/include -I/store/software/opendihu/dependencies/mpi/src/mpich2-1.4.1p1/src/mpid/ch3/include -I/store/software/opendihu/dependencies/mpi/src/mpich2-1.4.1p1/src/mpid/common/datatype -I/store/software/opendihu/dependencies/mpi/src/mpich2-1.4.1p1/src/mpid/common/datatype -I/store/software/opendihu/dependencies/mpi/src/mpich2-1.4.1p1/src/mpid/common/locks -I/store/software/opendihu/dependencies/mpi/src/mpich2-1.4.1p1/src/mpid/common/locks -I/store/software/opendihu/dependencies/mpi/src/mpich2-1.4.1p1/src/mpid/ch3/channels/nemesis/include -I/store/software/opendihu/dependencies/mpi/src/mpich2-1.4.1p1/src/mpid/ch3/channels/nemesis/include -I/store/software/opendihu/dependencies/mpi/src/mpich2-1.4.1p1/src/mpid/ch3/channels/nemesis/nemesis/include -I/store/software/opendihu/dependencies/mpi/src/mpich2-1.4.1p1/src/mpid/ch3/channels/nemesis/nemesis/include -I/store/software/opendihu/dependencies/mpi/src/mpich2-1.4.1p1/src/mpid/ch3/channels/nemesis/nemesis/utils/monitor -I/store/software/opendihu/dependencies/mpi/src/mpich2-1.4.1p1/src/mpid/ch3/channels/nemesis/nemesis/utils/monitor -I/store/software/opendihu/dependencies/mpi/src/mpich2-1.4.1p1/src/util/wrappers -I/store/software/opendihu/dependencies/mpi/src/mpich2-1.4.1p1/src/util/wrappers conftest.c >&5
configure:2797: $? = 0
configure:2898: result: yes
configure:2915: checking for arm-linux-gnueabi-gcc option to accept ISO C89
configure:2989: arm-linux-gnueabi-gcc  -c    -O2  -I/store/software/opendihu/dependencies/mpi/src/mpich2-1.4.1p1/src/mpl/include -I/store/software/opendihu/dependencies/mpi/src/mpich2-1.4.1p1/src/mpl/include -I/store/software/opendihu/dependencies/mpi/src/mpich2-1.4.1p1/src/openpa/src -I/store/software/opendihu/dependencies/mpi/src/mpich2-1.4.1p1/src/openpa/src -I/store/software/opendihu/dependencies/mpi/src/mpich2-1.4.1p1/src/mpid/ch3/include -I/store/software/opendihu/dependencies/mpi/src/mpich2-1.4.1p1/src/mpid/ch3/include -I/store/software/opendihu/dependencies/mpi/src/mpich2-1.4.1p1/src/mpid/common/datatype -I/store/software/opendihu/dependencies/mpi/src/mpich2-1.4.1p1/src/mpid/common/datatype -I/store/software/opendihu/dependencies/mpi/src/mpich2-1.4.1p1/src/mpid/common/locks -I/store/software/opendihu/dependencies/mpi/src/mpich2-1.4.1p1/src/mpid/common/locks -I/store/software/opendihu/dependencies/mpi/src/mpich2-1.4.1p1/src/mpid/ch3/channels/nemesis/include -I/store/software/opendihu/dependencies/mpi/src/mpich2-1.4.1p1/src/mpid/ch3/channels/nemesis/include -I/store/software/opendihu/dependencies/mpi/src/mpich2-1.4.1p1/src/mpid/ch3/channels/nemesis/nemesis/include -I/store/software/opendihu/dependencies/mpi/src/mpich2-1.4.1p1/src/mpid/ch3/channels/nemesis/nemesis/include -I/store/software/opendihu/dependencies/mpi/src/mpich2-1.4.1p1/src/mpid/ch3/channels/nemesis/nemesis/utils/monitor -I/store/software/opendihu/dependencies/mpi/src/mpich2-1.4.1p1/src/mpid/ch3/channels/nemesis/nemesis/utils/monitor -I/store/software/opendihu/dependencies/mpi/src/mpich2-1.4.1p1/src/util/wrappers -I/store/software/opendihu/dependencies/mpi/src/mpich2-1.4.1p1/src/util/wrappers conftest.c >&5
configure:2996: $? = 0
configure:3019: result: none needed
configure:3041: checking for ar
configure:3069: result: arm-linux-gnueabi-ar
configure:3080: checking for arm-linux-gnueabi-ranlib
configure:3107: result: ranlib
configure:3171: checking whether arm-linux-gnueabi-gcc and cc understand -c and -o together
configure:3206: arm-linux-gnueabi-gcc -c conftest.c -o conftest2.o >&5
configure:3210: $? = 0
configure:3216: arm-linux-gnueabi-gcc -c conftest.c -o conftest2.o >&5
configure:3220: $? = 0
configure:3231: cc -c conftest.c >&5
configure:3235: $? = 0
configure:3243: cc -c conftest.c -o conftest2.o >&5
configure:3247: $? = 0
configure:3253: cc -c conftest.c -o conftest2.o >&5
configure:3257: $? = 0
configure:3275: result: yes
configure:3296: checking how to run the C preprocessor
configure:3414: result: arm-linux-gnueabi-cpp
configure:3443: arm-linux-gnueabi-cpp  -I/store/software/opendihu/dependencies/mpi/src/mpich2-1.4.1p1/src/mpl/include -I/store/software/opendihu/dependencies/mpi/src/mpich2-1.4.1p1/src/mpl/include -I/store/software/opendihu/dependencies/mpi/src/mpich2-1.4.1p1/src/openpa/src -I/store/software/opendihu/dependencies/mpi/src/mpich2-1.4.1p1/src/openpa/src -I/store/software/opendihu/dependencies/mpi/src/mpich2-1.4.1p1/src/mpid/ch3/include -I/store/software/opendihu/dependencies/mpi/src/mpich2-1.4.1p1/src/mpid/ch3/include -I/store/software/opendihu/dependencies/mpi/src/mpich2-1.4.1p1/src/mpid/common/datatype -I/store/software/opendihu/dependencies/mpi/src/mpich2-1.4.1p1/src/mpid/common/datatype -I/store/software/opendihu/dependencies/mpi/src/mpich2-1.4.1p1/src/mpid/common/locks -I/store/software/opendihu/dependencies/mpi/src/mpich2-1.4.1p1/src/mpid/common/locks -I/store/software/opendihu/dependencies/mpi/src/mpich2-1.4.1p1/src/mpid/ch3/channels/nemesis/include -I/store/software/opendihu/dependencies/mpi/src/mpich2-1.4.1p1/src/mpid/ch3/channels/nemesis/include -I/store/software/opendihu/dependencies/mpi/src/mpich2-1.4.1p1/src/mpid/ch3/channels/nemesis/nemesis/include -I/store/software/opendihu/dependencies/mpi/src/mpich2-1.4.1p1/src/mpid/ch3/channels/nemesis/nemesis/include -I/store/software/opendihu/dependencies/mpi/src/mpich2-1.4.1p1/src/mpid/ch3/channels/nemesis/nemesis/utils/monitor -I/store/software/opendihu/dependencies/mpi/src/mpich2-1.4.1p1/src/mpid/ch3/channels/nemesis/nemesis/utils/monitor -I/store/software/opendihu/dependencies/mpi/src/mpich2-1.4.1p1/src/util/wrappers -I/store/software/opendihu/dependencies/mpi/src/mpich2-1.4.1p1/src/util/wrappers conftest.c
configure:3450: $? = 0
configure:3481: arm-linux-gnueabi-cpp  -I/store/software/opendihu/dependencies/mpi/src/mpich2-1.4.1p1/src/mpl/include -I/store/software/opendihu/dependencies/mpi/src/mpich2-1.4.1p1/src/mpl/include -I/store/software/opendihu/dependencies/mpi/src/mpich2-1.4.1p1/src/openpa/src -I/store/software/opendihu/dependencies/mpi/src/mpich2-1.4.1p1/src/openpa/src -I/store/software/opendihu/dependencies/mpi/src/mpich2-1.4.1p1/src/mpid/ch3/include -I/store/software/opendihu/dependencies/mpi/src/mpich2-1.4.1p1/src/mpid/ch3/include -I/store/software/opendihu/dependencies/mpi/src/mpich2-1.4.1p1/src/mpid/common/datatype -I/store/software/opendihu/dependencies/mpi/src/mpich2-1.4.1p1/src/mpid/common/datatype -I/store/software/opendihu/dependencies/mpi/src/mpich2-1.4.1p1/src/mpid/common/locks -I/store/software/opendihu/dependencies/mpi/src/mpich2-1.4.1p1/src/mpid/common/locks -I/store/software/opendihu/dependencies/mpi/src/mpich2-1.4.1p1/src/mpid/ch3/channels/nemesis/include -I/store/software/opendihu/dependencies/mpi/src/mpich2-1.4.1p1/src/mpid/ch3/channels/nemesis/include -I/store/software/opendihu/dependencies/mpi/src/mpich2-1.4.1p1/src/mpid/ch3/channels/nemesis/nemesis/include -I/store/software/opendihu/dependencies/mpi/src/mpich2-1.4.1p1/src/mpid/ch3/channels/nemesis/nemesis/include -I/store/software/opendihu/dependencies/mpi/src/mpich2-1.4.1p1/src/mpid/ch3/channels/nemesis/nemesis/utils/monitor -I/store/software/opendihu/dependencies/mpi/src/mpich2-1.4.1p1/src/mpid/ch3/channels/nemesis/nemesis/utils/monitor -I/store/software/opendihu/dependencies/mpi/src/mpich2-1.4.1p1/src/util/wrappers -I/store/software/opendihu/dependencies/mpi/src/mpich2-1.4.1p1/src/util/wrappers conftest.c
conftest.c:8:10: fatal error: ac_nonexistent.h: No such file or directory
 #include <ac_nonexistent.h>
          ^~~~~~~~~~~~~~~~~~
compilation terminated.
configure:3488: $? = 1
configure: failed program was:
| /* confdefs.h.  */
| #define PACKAGE_NAME ""
| #define PACKAGE_TARNAME ""
| #define PACKAGE_VERSION ""
| #define PACKAGE_STRING ""
| #define PACKAGE_BUGREPORT ""
| /* end confdefs.h.  */
| #include <ac_nonexistent.h>
configure:3609: checking for X
configure:3724: arm-linux-gnueabi-cpp  -I/store/software/opendihu/dependencies/mpi/src/mpich2-1.4.1p1/src/mpl/include -I/store/software/opendihu/dependencies/mpi/src/mpich2-1.4.1p1/src/mpl/include -I/store/software/opendihu/dependencies/mpi/src/mpich2-1.4.1p1/src/openpa/src -I/store/software/opendihu/dependencies/mpi/src/mpich2-1.4.1p1/src/openpa/src -I/store/software/opendihu/dependencies/mpi/src/mpich2-1.4.1p1/src/mpid/ch3/include -I/store/software/opendihu/dependencies/mpi/src/mpich2-1.4.1p1/src/mpid/ch3/include -I/store/software/opendihu/dependencies/mpi/src/mpich2-1.4.1p1/src/mpid/common/datatype -I/store/software/opendihu/dependencies/mpi/src/mpich2-1.4.1p1/src/mpid/common/datatype -I/store/software/opendihu/dependencies/mpi/src/mpich2-1.4.1p1/src/mpid/common/locks -I/store/software/opendihu/dependencies/mpi/src/mpich2-1.4.1p1/src/mpid/common/locks -I/store/software/opendihu/dependencies/mpi/src/mpich2-1.4.1p1/src/mpid/ch3/channels/nemesis/include -I/store/software/opendihu/dependencies/mpi/src/mpich2-1.4.1p1/src/mpid/ch3/channels/nemesis/include -I/store/software/opendihu/dependencies/mpi/src/mpich2-1.4.1p1/src/mpid/ch3/channels/nemesis/nemesis/include -I/store/software/opendihu/dependencies/mpi/src/mpich2-1.4.1p1/src/mpid/ch3/channels/nemesis/nemesis/include -I/store/software/opendihu/dependencies/mpi/src/mpich2-1.4.1p1/src/mpid/ch3/channels/nemesis/nemesis/utils/monitor -I/store/software/opendihu/dependencies/mpi/src/mpich2-1.4.1p1/src/mpid/ch3/channels/nemesis/nemesis/utils/monitor -I/store/software/opendihu/dependencies/mpi/src/mpich2-1.4.1p1/src/util/wrappers -I/store/software/opendihu/dependencies/mpi/src/mpich2-1.4.1p1/src/util/wrappers conftest.c
configure:3731: $? = 0
configure:3780: arm-linux-gnueabi-gcc -o conftest    -O2  -I/store/software/opendihu/dependencies/mpi/src/mpich2-1.4.1p1/src/mpl/include -I/store/software/opendihu/dependencies/mpi/src/mpich2-1.4.1p1/src/mpl/include -I/store/software/opendihu/dependencies/mpi/src/mpich2-1.4.1p1/src/openpa/src -I/store/software/opendihu/dependencies/mpi/src/mpich2-1.4.1p1/src/openpa/src -I/store/software/opendihu/dependencies/mpi/src/mpich2-1.4.1p1/src/mpid/ch3/include -I/store/software/opendihu/dependencies/mpi/src/mpich2-1.4.1p1/src/mpid/ch3/include -I/store/software/opendihu/dependencies/mpi/src/mpich2-1.4.1p1/src/mpid/common/datatype -I/store/software/opendihu/dependencies/mpi/src/mpich2-1.4.1p1/src/mpid/common/datatype -I/store/software/opendihu/dependencies/mpi/src/mpich2-1.4.1p1/src/mpid/common/locks -I/store/software/opendihu/dependencies/mpi/src/mpich2-1.4.1p1/src/mpid/common/locks -I/store/software/opendihu/dependencies/mpi/src/mpich2-1.4.1p1/src/mpid/ch3/channels/nemesis/include -I/store/software/opendihu/dependencies/mpi/src/mpich2-1.4.1p1/src/mpid/ch3/channels/nemesis/include -I/store/software/opendihu/dependencies/mpi/src/mpich2-1.4.1p1/src/mpid/ch3/channels/nemesis/nemesis/include -I/store/software/opendihu/dependencies/mpi/src/mpich2-1.4.1p1/src/mpid/ch3/channels/nemesis/nemesis/include -I/store/software/opendihu/dependencies/mpi/src/mpich2-1.4.1p1/src/mpid/ch3/channels/nemesis/nemesis/utils/monitor -I/store/software/opendihu/dependencies/mpi/src/mpich2-1.4.1p1/src/mpid/ch3/channels/nemesis/nemesis/utils/monitor -I/store/software/opendihu/dependencies/mpi/src/mpich2-1.4.1p1/src/util/wrappers -I/store/software/opendihu/dependencies/mpi/src/mpich2-1.4.1p1/src/util/wrappers   conftest.c -lX11 -lrt -lpthread   >&5
/usr/lib/gcc-cross/arm-linux-gnueabi/7/../../../../arm-linux-gnueabi/bin/ld: cannot find -lX11
collect2: error: ld returned 1 exit status
configure:3787: $? = 1
configure: failed program was:
| /* confdefs.h.  */
| #define PACKAGE_NAME ""
| #define PACKAGE_TARNAME ""
| #define PACKAGE_VERSION ""
| #define PACKAGE_STRING ""
| #define PACKAGE_BUGREPORT ""
| /* end confdefs.h.  */
| #include <X11/Xlib.h>
| int
| main ()
| {
| XrmInitialize ()
|   ;
|   return 0;
| }
configure:3838: result: no
configure:3870: WARNING:  Could not find appropriate X windows libraries.  MPE routines that make use of X11 graphics will NOT be built unless you put X windows libraries in your path and reconfigure!  

## ---------------- ##
## Cache variables. ##
## ---------------- ##

ac_cv_c_compiler_gnu=yes
ac_cv_env_CC_set=set
ac_cv_env_CC_value=arm-linux-gnueabi-gcc
ac_cv_env_CFLAGS_set=set
ac_cv_env_CFLAGS_value='   -O2'
ac_cv_env_CPPFLAGS_set=set
ac_cv_env_CPPFLAGS_value=' -I/store/software/opendihu/dependencies/mpi/src/mpich2-1.4.1p1/src/mpl/include -I/store/software/opendihu/dependencies/mpi/src/mpich2-1.4.1p1/src/mpl/include -I/store/software/opendihu/dependencies/mpi/src/mpich2-1.4.1p1/src/openpa/src -I/store/software/opendihu/dependencies/mpi/src/mpich2-1.4.1p1/src/openpa/src -I/store/software/opendihu/dependencies/mpi/src/mpich2-1.4.1p1/src/mpid/ch3/include -I/store/software/opendihu/dependencies/mpi/src/mpich2-1.4.1p1/src/mpid/ch3/include -I/store/software/opendihu/dependencies/mpi/src/mpich2-1.4.1p1/src/mpid/common/datatype -I/store/software/opendihu/dependencies/mpi/src/mpich2-1.4.1p1/src/mpid/common/datatype -I/store/software/opendihu/dependencies/mpi/src/mpich2-1.4.1p1/src/mpid/common/locks -I/store/software/opendihu/dependencies/mpi/src/mpich2-1.4.1p1/src/mpid/common/locks -I/store/software/opendihu/dependencies/mpi/src/mpich2-1.4.1p1/src/mpid/ch3/channels/nemesis/include -I/store/software/opendihu/dependencies/mpi/src/mpich2-1.4.1p1/src/mpid/ch3/channels/nemesis/include -I/store/software/opendihu/dependencies/mpi/src/mpich2-1.4.1p1/src/mpid/ch3/channels/nemesis/nemesis/include -I/store/software/opendihu/dependencies/mpi/src/mpich2-1.4.1p1/src/mpid/ch3/channels/nemesis/nemesis/include -I/store/software/opendihu/dependencies/mpi/src/mpich2-1.4.1p1/src/mpid/ch3/channels/nemesis/nemesis/utils/monitor -I/store/software/opendihu/dependencies/mpi/src/mpich2-1.4.1p1/src/mpid/ch3/channels/nemesis/nemesis/utils/monitor -I/store/software/opendihu/dependencies/mpi/src/mpich2-1.4.1p1/src/util/wrappers -I/store/software/opendihu/dependencies/mpi/src/mpich2-1.4.1p1/src/util/wrappers'
ac_cv_env_CPP_set=set
ac_cv_env_CPP_value=arm-linux-gnueabi-cpp
ac_cv_env_LDFLAGS_set=set
ac_cv_env_LDFLAGS_value=' '
ac_cv_env_LIBS_set=set
ac_cv_env_LIBS_value='-lrt -lpthread  '
ac_cv_env_XMKMF_set=
ac_cv_env_XMKMF_value=
ac_cv_env_build_alias_set=
ac_cv_env_build_alias_value=
ac_cv_env_host_alias_set=set
ac_cv_env_host_alias_value=arm-linux-gnueabi
ac_cv_env_target_alias_set=set
ac_cv_env_target_alias_value=arm-linux-gnueabi
ac_cv_have_x=have_x=no
ac_cv_objext=o
ac_cv_prog_AR=arm-linux-gnueabi-ar
ac_cv_prog_CC=arm-linux-gnueabi-gcc
ac_cv_prog_CPP=arm-linux-gnueabi-cpp
ac_cv_prog_RANLIB=ranlib
ac_cv_prog_cc_arm_linux_gnueabi_gcc_c_o=yes
ac_cv_prog_cc_c89=
ac_cv_prog_cc_g=yes

## ----------------- ##
## Output variables. ##
## ----------------- ##

ANIM_LIBNAME='ampe'
ANIM_LIBS='-lampe -lmpe'
AR='arm-linux-gnueabi-ar'
CC='arm-linux-gnueabi-gcc'
CC_DOES_C_O='yes'
CFLAGS='   -O2'
CLINKER='arm-linux-gnueabi-gcc'
CPP='arm-linux-gnueabi-cpp'
CPPFLAGS=' -I/store/software/opendihu/dependencies/mpi/src/mpich2-1.4.1p1/src/mpl/include -I/store/software/opendihu/dependencies/mpi/src/mpich2-1.4.1p1/src/mpl/include -I/store/software/opendihu/dependencies/mpi/src/mpich2-1.4.1p1/src/openpa/src -I/store/software/opendihu/dependencies/mpi/src/mpich2-1.4.1p1/src/openpa/src -I/store/software/opendihu/dependencies/mpi/src/mpich2-1.4.1p1/src/mpid/ch3/include -I/store/software/opendihu/dependencies/mpi/src/mpich2-1.4.1p1/src/mpid/ch3/include -I/store/software/opendihu/dependencies/mpi/src/mpich2-1.4.1p1/src/mpid/common/datatype -I/store/software/opendihu/dependencies/mpi/src/mpich2-1.4.1p1/src/mpid/common/datatype -I/store/software/opendihu/dependencies/mpi/src/mpich2-1.4.1p1/src/mpid/common/locks -I/store/software/opendihu/dependencies/mpi/src/mpich2-1.4.1p1/src/mpid/common/locks -I/store/software/opendihu/dependencies/mpi/src/mpich2-1.4.1p1/src/mpid/ch3/channels/nemesis/include -I/store/software/opendihu/dependencies/mpi/src/mpich2-1.4.1p1/src/mpid/ch3/channels/nemesis/include -I/store/software/opendihu/dependencies/mpi/src/mpich2-1.4.1p1/src/mpid/ch3/channels/nemesis/nemesis/include -I/store/software/opendihu/dependencies/mpi/src/mpich2-1.4.1p1/src/mpid/ch3/channels/nemesis/nemesis/include -I/store/software/opendihu/dependencies/mpi/src/mpich2-1.4.1p1/src/mpid/ch3/channels/nemesis/nemesis/utils/monitor -I/store/software/opendihu/dependencies/mpi/src/mpich2-1.4.1p1/src/mpid/ch3/channels/nemesis/nemesis/utils/monitor -I/store/software/opendihu/dependencies/mpi/src/mpich2-1.4.1p1/src/util/wrappers -I/store/software/opendihu/dependencies/mpi/src/mpich2-1.4.1p1/src/util/wrappers'
CPRP='cp'
DEBUG_LIBS=''
DEFS=''
ECHO_C=''
ECHO_N='-n'
ECHO_T=''
EGREP=''
EXEEXT=''
F77='arm-linux-gnueabi-gfortran'
FFLAGS=''
FINC_PATH_LEADER='-I'
FLIB_PATH_LEADER='-L'
FLINKER='arm-linux-gnueabi-gfortran'
GREP=''
LDFLAGS=' '
LIBOBJS=''
LIBS='-lrt -lpthread  '
LTLIBOBJS=''
MAKE='make --no-print-directory'
MKDIR='mkdir'
MPE_BUILD_FORTRAN2C='no'
MPE_CLINKER='/store/software/opendihu/dependencies/mpi/src/mpich2-1.4.1p1/bin/mpicc -mpe='
MPE_FLINKER='/store/software/opendihu/dependencies/mpi/src/mpich2-1.4.1p1/bin/mpif77 -mpe='
MPI_CC='/store/software/opendihu/dependencies/mpi/src/mpich2-1.4.1p1/bin/mpicc'
MPI_CFLAGS=''
MPI_F77='/store/software/opendihu/dependencies/mpi/src/mpich2-1.4.1p1/bin/mpif77'
MPI_FFLAGS=''
MPI_IMPL='MPICH2'
MPI_LIBS=''
MV='mv'
OBJEXT='o'
PACKAGE_BUGREPORT=''
PACKAGE_NAME=''
PACKAGE_STRING=''
PACKAGE_TARNAME=''
PACKAGE_VERSION=''
PATH_SEPARATOR=':'
PROF_LIBNAME='mpe'
PROF_LIBS='-lmpe'
RANLIB='ranlib'
RM='rm'
SHELL='/bin/bash'
VPATH='VPATH=.:$(srcdir)'
XGRAPH_LIBS='-lmpe'
XMKMF=''
X_INC=''
X_LIB=''
ac_ct_CC=''
binbuild_dir='/store/software/opendihu/dependencies/mpi/src/mpich2-1.4.1p1/src/mpe2/bin'
bindir='${exec_prefix}/bin'
build_alias=''
datadir='${datarootdir}'
datarootdir='${prefix}/share'
docdir='${datarootdir}/doc/${PACKAGE}'
dvidir='${docdir}'
etcbuild_dir='/store/software/opendihu/dependencies/mpi/src/mpich2-1.4.1p1/src/mpe2/etc'
exec_prefix='NONE'
host_alias='arm-linux-gnueabi'
htmldir='${docdir}'
includebuild_dir='/store/software/opendihu/dependencies/mpi/src/mpich2-1.4.1p1/src/mpe2/include'
includedir='${prefix}/include'
infodir='${datarootdir}/info'
libbuild_dir='/store/software/opendihu/dependencies/mpi/src/mpich2-1.4.1p1/src/mpe2/lib'
libdir='${exec_prefix}/lib'
libexecdir='${exec_prefix}/libexec'
localedir='${datarootdir}/locale'
localstatedir='${prefix}/var'
mandir='${datarootdir}/man'
oldincludedir='/usr/include'
pdfdir='${docdir}'
prefix='/store/software/opendihu/dependencies/mpi/install'
program_transform_name='s,x,x,'
psdir='${docdir}'
sbinbuild_dir='/store/software/opendihu/dependencies/mpi/src/mpich2-1.4.1p1/src/mpe2/sbin'
sbindir='${exec_prefix}/sbin'
sharedstatedir='${prefix}/com'
sysconfdir='${prefix}/etc'
target_alias='arm-linux-gnueabi'
top_srcdir_abs='/store/software/opendihu/dependencies/mpi/src/mpich2-1.4.1p1/src/mpe2/src/graphics'

## ----------- ##
## confdefs.h. ##
## ----------- ##

#define PACKAGE_NAME ""
#define PACKAGE_TARNAME ""
#define PACKAGE_VERSION ""
#define PACKAGE_STRING ""
#define PACKAGE_BUGREPORT ""

configure: exit 0
