This file contains any messages produced by compilers while
running configure, to aid debugging if configure makes a mistake.

It was created by MPL configure 0.1, which was
generated by GNU Autoconf 2.63.  Invocation command line was

  $ /store/software/opendihu/dependencies/mpi/src/mpich2-1.4.1p1/src/mpl/configure --prefix=/store/software/opendihu/dependencies/mpi/install CC=arm-linux-gnueabi-gcc CXX=arm-linux-gnueabi-gcc AR=arm-linux-gnueabi-ar CPP=arm-linux-gnueabi-cpp --target=arm-linux-gnueabi --host=arm-linux-gnueabi --disable-fc --disable-f77 --enable-shared host_alias=arm-linux-gnueabi target_alias=arm-linux-gnueabi F77=arm-linux-gnueabi-gfortran FC=arm-linux-gnueabi-gfortran --disable-option-checking

## --------- ##
## Platform. ##
## --------- ##

hostname = lapsgs05
uname -m = x86_64
uname -r = 4.15.0-39-generic
uname -s = Linux
uname -v = #42-Ubuntu SMP Tue Oct 23 15:48:01 UTC 2018

/usr/bin/uname -p = unknown
/bin/uname -X     = unknown

/bin/arch              = unknown
/usr/bin/arch -k       = unknown
/usr/convex/getsysinfo = unknown
/usr/bin/hostinfo      = unknown
/bin/machine           = unknown
/usr/bin/oslevel       = unknown
/bin/universe          = unknown

PATH: /home/maierbn/bin
PATH: /home/maierbn/.local/bin
PATH: /store/wiss/organisation/timekeeping/
PATH: /usr/local/sbin
PATH: /usr/local/bin
PATH: /usr/sbin
PATH: /usr/bin
PATH: /sbin
PATH: /bin
PATH: /usr/games
PATH: /usr/local/games
PATH: /snap/bin
PATH: /usr/lib/jvm/java-8-oracle/bin
PATH: /usr/lib/jvm/java-8-oracle/db/bin
PATH: /usr/lib/jvm/java-8-oracle/jre/bin
PATH: /media/maierbn/ext/2018/opencmiss/extras/TAU/tau-2.23.1/install/x86_64/bin
PATH: /store/wiss/3dprinter/scripts
PATH: /store/software/opendihu/scripts
PATH: /store/software/opendihu/dependencies/python/install/bin
PATH: /store/software/opencor/OpenCOR-0-5-Linux
PATH: /store/software/paraview/ParaView-5.6.0-RC1-Qt5-MPI-Linux-64bit/bin
PATH: /store/software/FlameGraph


## ----------- ##
## Core tests. ##
## ----------- ##

configure:2075: checking for a BSD-compatible install
configure:2143: result: /usr/bin/install -c
configure:2154: checking whether build environment is sane
configure:2214: result: yes
configure:2263: checking for arm-linux-gnueabi-strip
configure:2279: found /usr/bin/arm-linux-gnueabi-strip
configure:2290: result: arm-linux-gnueabi-strip
configure:2355: checking for a thread-safe mkdir -p
configure:2394: result: /bin/mkdir -p
configure:2407: checking for gawk
configure:2423: found /usr/bin/gawk
configure:2434: result: gawk
configure:2445: checking whether make sets $(MAKE)
configure:2467: result: yes
configure:2585: checking build system type
configure:2603: result: x86_64-unknown-linux-gnu
configure:2625: checking host system type
configure:2640: result: arm-unknown-linux-gnueabi
configure:2674: checking for style of include used by make
configure:2702: result: GNU
configure:2732: checking for arm-linux-gnueabi-gcc
configure:2759: result: arm-linux-gnueabi-gcc
configure:3031: checking for C compiler version
configure:3039: arm-linux-gnueabi-gcc --version >&5
arm-linux-gnueabi-gcc (Ubuntu/Linaro 7.3.0-27ubuntu1~18.04) 7.3.0
Copyright (C) 2017 Free Software Foundation, Inc.
This is free software; see the source for copying conditions.  There is NO
warranty; not even for MERCHANTABILITY or FITNESS FOR A PARTICULAR PURPOSE.

configure:3043: $? = 0
configure:3050: arm-linux-gnueabi-gcc -v >&5
Using built-in specs.
COLLECT_GCC=arm-linux-gnueabi-gcc
COLLECT_LTO_WRAPPER=/usr/lib/gcc-cross/arm-linux-gnueabi/7/lto-wrapper
Target: arm-linux-gnueabi
Configured with: ../src/configure -v --with-pkgversion='Ubuntu/Linaro 7.3.0-27ubuntu1~18.04' --with-bugurl=file:///usr/share/doc/gcc-7/README.Bugs --enable-languages=c,ada,c++,go,d,fortran,objc,obj-c++ --prefix=/usr --with-gcc-major-version-only --program-suffix=-7 --enable-shared --enable-linker-build-id --libexecdir=/usr/lib --without-included-gettext --enable-threads=posix --libdir=/usr/lib --enable-nls --with-sysroot=/ --enable-clocale=gnu --enable-libstdcxx-debug --enable-libstdcxx-time=yes --with-default-libstdcxx-abi=new --enable-gnu-unique-object --disable-libitm --disable-libquadmath --disable-libquadmath-support --enable-plugin --with-system-zlib --with-target-system-zlib --enable-multiarch --enable-multilib --disable-sjlj-exceptions --with-arch=armv5t --with-float=soft --disable-werror --enable-multilib --enable-checking=release --build=x86_64-linux-gnu --host=x86_64-linux-gnu --target=arm-linux-gnueabi --program-prefix=arm-linux-gnueabi- --includedir=/usr/arm-linux-gnueabi/include
Thread model: posix
gcc version 7.3.0 (Ubuntu/Linaro 7.3.0-27ubuntu1~18.04) 
configure:3054: $? = 0
configure:3061: arm-linux-gnueabi-gcc -V >&5
arm-linux-gnueabi-gcc: error: unrecognized command line option '-V'
arm-linux-gnueabi-gcc: fatal error: no input files
compilation terminated.
configure:3065: $? = 1
configure:3088: checking for C compiler default output file name
configure:3110: arm-linux-gnueabi-gcc      conftest.c  >&5
configure:3114: $? = 0
configure:3152: result: a.out
configure:3171: checking whether the C compiler works
configure:3181: ./a.out
/store/software/opendihu/dependencies/mpi/src/mpich2-1.4.1p1/src/mpl/configure: line 3183: ./a.out: cannot execute binary file: Exec format error
configure:3185: $? = 126
configure:3204: result: yes
configure:3211: checking whether we are cross compiling
configure:3213: result: yes
configure:3216: checking for suffix of executables
configure:3223: arm-linux-gnueabi-gcc -o conftest      conftest.c  >&5
configure:3227: $? = 0
configure:3253: result: 
configure:3259: checking for suffix of object files
configure:3285: arm-linux-gnueabi-gcc -c     conftest.c >&5
configure:3289: $? = 0
configure:3314: result: o
configure:3318: checking whether we are using the GNU C compiler
configure:3347: arm-linux-gnueabi-gcc -c     conftest.c >&5
configure:3354: $? = 0
configure:3371: result: yes
configure:3380: checking whether arm-linux-gnueabi-gcc accepts -g
configure:3410: arm-linux-gnueabi-gcc -c -g  conftest.c >&5
configure:3417: $? = 0
configure:3518: result: yes
configure:3535: checking for arm-linux-gnueabi-gcc option to accept ISO C89
configure:3609: arm-linux-gnueabi-gcc  -c     conftest.c >&5
configure:3616: $? = 0
configure:3639: result: none needed
configure:3659: checking dependency style of arm-linux-gnueabi-gcc
configure:3769: result: gcc3
configure:3784: checking for a sed that does not truncate output
configure:3850: result: /bin/sed
configure:3868: checking for grep that handles long lines and -e
configure:3928: result: /bin/grep
configure:3933: checking for egrep
configure:3997: result: /bin/grep -E
configure:4002: checking for fgrep
configure:4066: result: /bin/grep -F
configure:4101: checking for ld used by arm-linux-gnueabi-gcc
configure:4168: result: /usr/arm-linux-gnueabi/bin/ld
configure:4177: checking if the linker (/usr/arm-linux-gnueabi/bin/ld) is GNU ld
configure:4192: result: yes
configure:4204: checking for BSD- or MS-compatible name lister (nm)
configure:4253: result: /usr/bin/arm-linux-gnueabi-nm -B
configure:4371: checking the name lister (/usr/bin/arm-linux-gnueabi-nm -B) interface
configure:4378: arm-linux-gnueabi-gcc -c     conftest.c >&5
configure:4381: /usr/bin/arm-linux-gnueabi-nm -B "conftest.o"
configure:4384: output
00000000 B some_variable
configure:4391: result: BSD nm
configure:4394: checking whether ln -s works
configure:4398: result: yes
configure:4406: checking the maximum length of command line arguments
configure:4526: result: 1572864
configure:4543: checking whether the shell understands some XSI constructs
configure:4553: result: yes
configure:4557: checking whether the shell understands "+="
configure:4563: result: yes
configure:4598: checking for /usr/arm-linux-gnueabi/bin/ld option to reload object files
configure:4605: result: -r
configure:4634: checking for arm-linux-gnueabi-objdump
configure:4650: found /usr/bin/arm-linux-gnueabi-objdump
configure:4661: result: arm-linux-gnueabi-objdump
configure:4733: checking how to recognize dependent libraries
configure:4929: result: pass_all
configure:4949: checking for arm-linux-gnueabi-ar
configure:4976: result: arm-linux-gnueabi-ar
configure:5054: checking for arm-linux-gnueabi-strip
configure:5081: result: arm-linux-gnueabi-strip
configure:5153: checking for arm-linux-gnueabi-ranlib
configure:5169: found /usr/bin/arm-linux-gnueabi-ranlib
configure:5180: result: arm-linux-gnueabi-ranlib
configure:5310: checking command to parse /usr/bin/arm-linux-gnueabi-nm -B output from arm-linux-gnueabi-gcc object
configure:5428: arm-linux-gnueabi-gcc -c     conftest.c >&5
configure:5431: $? = 0
configure:5435: /usr/bin/arm-linux-gnueabi-nm -B conftest.o \| sed -n -e 's/^.*[	 ]\([ABCDGIRSTW][ABCDGIRSTW]*\)[	 ][	 ]*\([_A-Za-z][_A-Za-z0-9]*\)$/\1 \2 \2/p' \> conftest.nm
configure:5438: $? = 0
configure:5492: arm-linux-gnueabi-gcc -o conftest      conftest.c conftstm.o >&5
configure:5495: $? = 0
configure:5533: result: ok
configure:6400: checking how to run the C preprocessor
configure:6518: result: arm-linux-gnueabi-cpp
configure:6547: arm-linux-gnueabi-cpp  conftest.c
configure:6554: $? = 0
configure:6585: arm-linux-gnueabi-cpp  conftest.c
conftest.c:10:10: fatal error: ac_nonexistent.h: No such file or directory
 #include <ac_nonexistent.h>
          ^~~~~~~~~~~~~~~~~~
compilation terminated.
configure:6592: $? = 1
configure: failed program was:
| /* confdefs.h.  */
| #define PACKAGE_NAME "MPL"
| #define PACKAGE_TARNAME "mpl"
| #define PACKAGE_VERSION "0.1"
| #define PACKAGE_STRING "MPL 0.1"
| #define PACKAGE_BUGREPORT ""
| #define PACKAGE "mpl"
| #define VERSION "0.1"
| /* end confdefs.h.  */
| #include <ac_nonexistent.h>
configure:6632: checking for ANSI C header files
configure:6662: arm-linux-gnueabi-gcc -c     conftest.c >&5
configure:6669: $? = 0
configure:6800: result: yes
configure:6824: checking for sys/types.h
configure:6845: arm-linux-gnueabi-gcc -c     conftest.c >&5
configure:6852: $? = 0
configure:6869: result: yes
configure:6824: checking for sys/stat.h
configure:6845: arm-linux-gnueabi-gcc -c     conftest.c >&5
configure:6852: $? = 0
configure:6869: result: yes
configure:6824: checking for stdlib.h
configure:6845: arm-linux-gnueabi-gcc -c     conftest.c >&5
configure:6852: $? = 0
configure:6869: result: yes
configure:6824: checking for string.h
configure:6845: arm-linux-gnueabi-gcc -c     conftest.c >&5
configure:6852: $? = 0
configure:6869: result: yes
configure:6824: checking for memory.h
configure:6845: arm-linux-gnueabi-gcc -c     conftest.c >&5
configure:6852: $? = 0
configure:6869: result: yes
configure:6824: checking for strings.h
configure:6845: arm-linux-gnueabi-gcc -c     conftest.c >&5
configure:6852: $? = 0
configure:6869: result: yes
configure:6824: checking for inttypes.h
configure:6845: arm-linux-gnueabi-gcc -c     conftest.c >&5
configure:6852: $? = 0
configure:6869: result: yes
configure:6824: checking for stdint.h
configure:6845: arm-linux-gnueabi-gcc -c     conftest.c >&5
configure:6852: $? = 0
configure:6869: result: yes
configure:6824: checking for unistd.h
configure:6845: arm-linux-gnueabi-gcc -c     conftest.c >&5
configure:6852: $? = 0
configure:6869: result: yes
configure:6887: checking for dlfcn.h
configure:6908: arm-linux-gnueabi-gcc -c     conftest.c >&5
configure:6915: $? = 0
configure:6932: result: yes
configure:7117: checking for objdir
configure:7132: result: .libs
configure:7428: checking if arm-linux-gnueabi-gcc supports -fno-rtti -fno-exceptions
configure:7446: arm-linux-gnueabi-gcc -c     -fno-rtti -fno-exceptions conftest.c >&5
cc1: warning: command line option '-fno-rtti' is valid for C++/ObjC++ but not for C
configure:7450: $? = 0
configure:7463: result: no
configure:7483: checking for arm-linux-gnueabi-gcc option to produce PIC
configure:7755: result: -fPIC -DPIC
configure:7767: checking if arm-linux-gnueabi-gcc PIC flag -fPIC -DPIC works
configure:7785: arm-linux-gnueabi-gcc -c     -fPIC -DPIC -DPIC conftest.c >&5
configure:7789: $? = 0
configure:7802: result: yes
configure:7826: checking if arm-linux-gnueabi-gcc static flag -static works
configure:7854: result: yes
configure:7869: checking if arm-linux-gnueabi-gcc supports -c -o file.o
configure:7890: arm-linux-gnueabi-gcc -c     -o out/conftest2.o conftest.c >&5
configure:7894: $? = 0
configure:7916: result: yes
configure:7924: checking if arm-linux-gnueabi-gcc supports -c -o file.o
configure:7971: result: yes
configure:8004: checking whether the arm-linux-gnueabi-gcc linker (/usr/arm-linux-gnueabi/bin/ld) supports shared libraries
configure:9078: result: yes
configure:9115: checking whether -lc should be explicitly linked in
configure:9120: arm-linux-gnueabi-gcc -c     conftest.c >&5
configure:9123: $? = 0
configure:9138: arm-linux-gnueabi-gcc -shared conftest.o  -v -Wl,-soname -Wl,conftest -o conftest 2\>\&1 \| /bin/grep  -lc  \>/dev/null 2\>\&1
configure:9141: $? = 0
configure:9153: result: no
configure:9317: checking dynamic linker characteristics
configure:9760: arm-linux-gnueabi-gcc -o conftest      -Wl,-rpath -Wl,/foo conftest.c  >&5
configure:9767: $? = 0
configure:10000: result: GNU/Linux ld.so
configure:10102: checking how to hardcode library paths into programs
configure:10127: result: immediate
configure:10960: checking whether stripping libraries is possible
configure:10965: result: yes
configure:11000: checking if libtool supports shared libraries
configure:11002: result: yes
configure:11005: checking whether to build shared libraries
configure:11026: result: yes
configure:11029: checking whether to build static libraries
configure:11033: result: yes
configure:11116: checking for arm-linux-gnueabi-gcc
configure:11143: result: arm-linux-gnueabi-gcc
configure:11221: checking for C compiler version
configure:11229: arm-linux-gnueabi-gcc --version >&5
arm-linux-gnueabi-gcc (Ubuntu/Linaro 7.3.0-27ubuntu1~18.04) 7.3.0
Copyright (C) 2017 Free Software Foundation, Inc.
This is free software; see the source for copying conditions.  There is NO
warranty; not even for MERCHANTABILITY or FITNESS FOR A PARTICULAR PURPOSE.

configure:11233: $? = 0
configure:11240: arm-linux-gnueabi-gcc -v >&5
Using built-in specs.
COLLECT_GCC=arm-linux-gnueabi-gcc
COLLECT_LTO_WRAPPER=/usr/lib/gcc-cross/arm-linux-gnueabi/7/lto-wrapper
Target: arm-linux-gnueabi
Configured with: ../src/configure -v --with-pkgversion='Ubuntu/Linaro 7.3.0-27ubuntu1~18.04' --with-bugurl=file:///usr/share/doc/gcc-7/README.Bugs --enable-languages=c,ada,c++,go,d,fortran,objc,obj-c++ --prefix=/usr --with-gcc-major-version-only --program-suffix=-7 --enable-shared --enable-linker-build-id --libexecdir=/usr/lib --without-included-gettext --enable-threads=posix --libdir=/usr/lib --enable-nls --with-sysroot=/ --enable-clocale=gnu --enable-libstdcxx-debug --enable-libstdcxx-time=yes --with-default-libstdcxx-abi=new --enable-gnu-unique-object --disable-libitm --disable-libquadmath --disable-libquadmath-support --enable-plugin --with-system-zlib --with-target-system-zlib --enable-multiarch --enable-multilib --disable-sjlj-exceptions --with-arch=armv5t --with-float=soft --disable-werror --enable-multilib --enable-checking=release --build=x86_64-linux-gnu --host=x86_64-linux-gnu --target=arm-linux-gnueabi --program-prefix=arm-linux-gnueabi- --includedir=/usr/arm-linux-gnueabi/include
Thread model: posix
gcc version 7.3.0 (Ubuntu/Linaro 7.3.0-27ubuntu1~18.04) 
configure:11244: $? = 0
configure:11251: arm-linux-gnueabi-gcc -V >&5
arm-linux-gnueabi-gcc: error: unrecognized command line option '-V'
arm-linux-gnueabi-gcc: fatal error: no input files
compilation terminated.
configure:11255: $? = 1
configure:11258: checking whether we are using the GNU C compiler
configure:11311: result: yes
configure:11320: checking whether arm-linux-gnueabi-gcc accepts -g
configure:11458: result: yes
configure:11475: checking for arm-linux-gnueabi-gcc option to accept ISO C89
configure:11579: result: none needed
configure:11599: checking dependency style of arm-linux-gnueabi-gcc
configure:11709: result: gcc3
configure:11730: checking for an ANSI C-conforming const
configure:11805: arm-linux-gnueabi-gcc -c     conftest.c >&5
configure:11812: $? = 0
configure:11827: result: yes
configure:11837: checking for C/C++ restrict keyword
configure:11872: arm-linux-gnueabi-gcc -c     conftest.c >&5
configure:11879: $? = 0
configure:11897: result: __restrict
configure:11915: checking for variable argument list macro functionality
configure:11941: arm-linux-gnueabi-gcc -o conftest      conftest.c  >&5
configure:11948: $? = 0
configure:11961: result: yes
configure:11996: checking stdio.h usability
configure:12013: arm-linux-gnueabi-gcc -c     conftest.c >&5
configure:12020: $? = 0
configure:12034: result: yes
configure:12038: checking stdio.h presence
configure:12053: arm-linux-gnueabi-cpp  conftest.c
configure:12060: $? = 0
configure:12074: result: yes
configure:12102: checking for stdio.h
configure:12111: result: yes
configure:11985: checking for stdlib.h
configure:11992: result: yes
configure:11985: checking for string.h
configure:11992: result: yes
configure:11996: checking stdarg.h usability
configure:12013: arm-linux-gnueabi-gcc -c     conftest.c >&5
configure:12020: $? = 0
configure:12034: result: yes
configure:12038: checking stdarg.h presence
configure:12053: arm-linux-gnueabi-cpp  conftest.c
configure:12060: $? = 0
configure:12074: result: yes
configure:12102: checking for stdarg.h
configure:12111: result: yes
configure:11996: checking ctype.h usability
configure:12013: arm-linux-gnueabi-gcc -c     conftest.c >&5
configure:12020: $? = 0
configure:12034: result: yes
configure:12038: checking ctype.h presence
configure:12053: arm-linux-gnueabi-cpp  conftest.c
configure:12060: $? = 0
configure:12074: result: yes
configure:12102: checking for ctype.h
configure:12111: result: yes
configure:12134: checking for inttypes.h
configure:12141: result: yes
configure:12134: checking for stdint.h
configure:12141: result: yes
configure:12324: checking valgrind.h usability
configure:12341: arm-linux-gnueabi-gcc -c     conftest.c >&5
conftest.c:64:10: fatal error: valgrind.h: No such file or directory
 #include <valgrind.h>
          ^~~~~~~~~~~~
compilation terminated.
configure:12348: $? = 1
configure: failed program was:
| /* confdefs.h.  */
| #define PACKAGE_NAME "MPL"
| #define PACKAGE_TARNAME "mpl"
| #define PACKAGE_VERSION "0.1"
| #define PACKAGE_STRING "MPL 0.1"
| #define PACKAGE_BUGREPORT ""
| #define PACKAGE "mpl"
| #define VERSION "0.1"
| #define STDC_HEADERS 1
| #define HAVE_SYS_TYPES_H 1
| #define HAVE_SYS_STAT_H 1
| #define HAVE_STDLIB_H 1
| #define HAVE_STRING_H 1
| #define HAVE_MEMORY_H 1
| #define HAVE_STRINGS_H 1
| #define HAVE_INTTYPES_H 1
| #define HAVE_STDINT_H 1
| #define HAVE_UNISTD_H 1
| #define HAVE_DLFCN_H 1
| #define LT_OBJDIR ".libs/"
| #define restrict __restrict
| #define HAVE_MACRO_VA_ARGS 1
| #define HAVE_STDIO_H 1
| #define HAVE_STDLIB_H 1
| #define HAVE_STRING_H 1
| #define HAVE_STDARG_H 1
| #define HAVE_CTYPE_H 1
| #define HAVE_INTTYPES_H 1
| #define HAVE_STDINT_H 1
| /* end confdefs.h.  */
| #include <stdio.h>
| #ifdef HAVE_SYS_TYPES_H
| # include <sys/types.h>
| #endif
| #ifdef HAVE_SYS_STAT_H
| # include <sys/stat.h>
| #endif
| #ifdef STDC_HEADERS
| # include <stdlib.h>
| # include <stddef.h>
| #else
| # ifdef HAVE_STDLIB_H
| #  include <stdlib.h>
| # endif
| #endif
| #ifdef HAVE_STRING_H
| # if !defined STDC_HEADERS && defined HAVE_MEMORY_H
| #  include <memory.h>
| # endif
| # include <string.h>
| #endif
| #ifdef HAVE_STRINGS_H
| # include <strings.h>
| #endif
| #ifdef HAVE_INTTYPES_H
| # include <inttypes.h>
| #endif
| #ifdef HAVE_STDINT_H
| # include <stdint.h>
| #endif
| #ifdef HAVE_UNISTD_H
| # include <unistd.h>
| #endif
| #include <valgrind.h>
configure:12362: result: no
configure:12366: checking valgrind.h presence
configure:12381: arm-linux-gnueabi-cpp  conftest.c
conftest.c:31:10: fatal error: valgrind.h: No such file or directory
 #include <valgrind.h>
          ^~~~~~~~~~~~
compilation terminated.
configure:12388: $? = 1
configure: failed program was:
| /* confdefs.h.  */
| #define PACKAGE_NAME "MPL"
| #define PACKAGE_TARNAME "mpl"
| #define PACKAGE_VERSION "0.1"
| #define PACKAGE_STRING "MPL 0.1"
| #define PACKAGE_BUGREPORT ""
| #define PACKAGE "mpl"
| #define VERSION "0.1"
| #define STDC_HEADERS 1
| #define HAVE_SYS_TYPES_H 1
| #define HAVE_SYS_STAT_H 1
| #define HAVE_STDLIB_H 1
| #define HAVE_STRING_H 1
| #define HAVE_MEMORY_H 1
| #define HAVE_STRINGS_H 1
| #define HAVE_INTTYPES_H 1
| #define HAVE_STDINT_H 1
| #define HAVE_UNISTD_H 1
| #define HAVE_DLFCN_H 1
| #define LT_OBJDIR ".libs/"
| #define restrict __restrict
| #define HAVE_MACRO_VA_ARGS 1
| #define HAVE_STDIO_H 1
| #define HAVE_STDLIB_H 1
| #define HAVE_STRING_H 1
| #define HAVE_STDARG_H 1
| #define HAVE_CTYPE_H 1
| #define HAVE_INTTYPES_H 1
| #define HAVE_STDINT_H 1
| /* end confdefs.h.  */
| #include <valgrind.h>
configure:12402: result: no
configure:12430: checking for valgrind.h
configure:12439: result: no
configure:12324: checking memcheck.h usability
configure:12341: arm-linux-gnueabi-gcc -c     conftest.c >&5
conftest.c:64:10: fatal error: memcheck.h: No such file or directory
 #include <memcheck.h>
          ^~~~~~~~~~~~
compilation terminated.
configure:12348: $? = 1
configure: failed program was:
| /* confdefs.h.  */
| #define PACKAGE_NAME "MPL"
| #define PACKAGE_TARNAME "mpl"
| #define PACKAGE_VERSION "0.1"
| #define PACKAGE_STRING "MPL 0.1"
| #define PACKAGE_BUGREPORT ""
| #define PACKAGE "mpl"
| #define VERSION "0.1"
| #define STDC_HEADERS 1
| #define HAVE_SYS_TYPES_H 1
| #define HAVE_SYS_STAT_H 1
| #define HAVE_STDLIB_H 1
| #define HAVE_STRING_H 1
| #define HAVE_MEMORY_H 1
| #define HAVE_STRINGS_H 1
| #define HAVE_INTTYPES_H 1
| #define HAVE_STDINT_H 1
| #define HAVE_UNISTD_H 1
| #define HAVE_DLFCN_H 1
| #define LT_OBJDIR ".libs/"
| #define restrict __restrict
| #define HAVE_MACRO_VA_ARGS 1
| #define HAVE_STDIO_H 1
| #define HAVE_STDLIB_H 1
| #define HAVE_STRING_H 1
| #define HAVE_STDARG_H 1
| #define HAVE_CTYPE_H 1
| #define HAVE_INTTYPES_H 1
| #define HAVE_STDINT_H 1
| /* end confdefs.h.  */
| #include <stdio.h>
| #ifdef HAVE_SYS_TYPES_H
| # include <sys/types.h>
| #endif
| #ifdef HAVE_SYS_STAT_H
| # include <sys/stat.h>
| #endif
| #ifdef STDC_HEADERS
| # include <stdlib.h>
| # include <stddef.h>
| #else
| # ifdef HAVE_STDLIB_H
| #  include <stdlib.h>
| # endif
| #endif
| #ifdef HAVE_STRING_H
| # if !defined STDC_HEADERS && defined HAVE_MEMORY_H
| #  include <memory.h>
| # endif
| # include <string.h>
| #endif
| #ifdef HAVE_STRINGS_H
| # include <strings.h>
| #endif
| #ifdef HAVE_INTTYPES_H
| # include <inttypes.h>
| #endif
| #ifdef HAVE_STDINT_H
| # include <stdint.h>
| #endif
| #ifdef HAVE_UNISTD_H
| # include <unistd.h>
| #endif
| #include <memcheck.h>
configure:12362: result: no
configure:12366: checking memcheck.h presence
configure:12381: arm-linux-gnueabi-cpp  conftest.c
conftest.c:31:10: fatal error: memcheck.h: No such file or directory
 #include <memcheck.h>
          ^~~~~~~~~~~~
compilation terminated.
configure:12388: $? = 1
configure: failed program was:
| /* confdefs.h.  */
| #define PACKAGE_NAME "MPL"
| #define PACKAGE_TARNAME "mpl"
| #define PACKAGE_VERSION "0.1"
| #define PACKAGE_STRING "MPL 0.1"
| #define PACKAGE_BUGREPORT ""
| #define PACKAGE "mpl"
| #define VERSION "0.1"
| #define STDC_HEADERS 1
| #define HAVE_SYS_TYPES_H 1
| #define HAVE_SYS_STAT_H 1
| #define HAVE_STDLIB_H 1
| #define HAVE_STRING_H 1
| #define HAVE_MEMORY_H 1
| #define HAVE_STRINGS_H 1
| #define HAVE_INTTYPES_H 1
| #define HAVE_STDINT_H 1
| #define HAVE_UNISTD_H 1
| #define HAVE_DLFCN_H 1
| #define LT_OBJDIR ".libs/"
| #define restrict __restrict
| #define HAVE_MACRO_VA_ARGS 1
| #define HAVE_STDIO_H 1
| #define HAVE_STDLIB_H 1
| #define HAVE_STRING_H 1
| #define HAVE_STDARG_H 1
| #define HAVE_CTYPE_H 1
| #define HAVE_INTTYPES_H 1
| #define HAVE_STDINT_H 1
| /* end confdefs.h.  */
| #include <memcheck.h>
configure:12402: result: no
configure:12430: checking for memcheck.h
configure:12439: result: no
configure:12324: checking valgrind/valgrind.h usability
configure:12341: arm-linux-gnueabi-gcc -c     conftest.c >&5
configure:12348: $? = 0
configure:12362: result: yes
configure:12366: checking valgrind/valgrind.h presence
configure:12381: arm-linux-gnueabi-cpp  conftest.c
configure:12388: $? = 0
configure:12402: result: yes
configure:12430: checking for valgrind/valgrind.h
configure:12439: result: yes
configure:12324: checking valgrind/memcheck.h usability
configure:12341: arm-linux-gnueabi-gcc -c     conftest.c >&5
configure:12348: $? = 0
configure:12362: result: yes
configure:12366: checking valgrind/memcheck.h presence
configure:12381: arm-linux-gnueabi-cpp  conftest.c
configure:12388: $? = 0
configure:12402: result: yes
configure:12430: checking for valgrind/memcheck.h
configure:12439: result: yes
configure:12474: checking helgrind.h usability
configure:12491: arm-linux-gnueabi-gcc -c     conftest.c >&5
conftest.c:66:10: fatal error: helgrind.h: No such file or directory
 #include <helgrind.h>
          ^~~~~~~~~~~~
compilation terminated.
configure:12498: $? = 1
configure: failed program was:
| /* confdefs.h.  */
| #define PACKAGE_NAME "MPL"
| #define PACKAGE_TARNAME "mpl"
| #define PACKAGE_VERSION "0.1"
| #define PACKAGE_STRING "MPL 0.1"
| #define PACKAGE_BUGREPORT ""
| #define PACKAGE "mpl"
| #define VERSION "0.1"
| #define STDC_HEADERS 1
| #define HAVE_SYS_TYPES_H 1
| #define HAVE_SYS_STAT_H 1
| #define HAVE_STDLIB_H 1
| #define HAVE_STRING_H 1
| #define HAVE_MEMORY_H 1
| #define HAVE_STRINGS_H 1
| #define HAVE_INTTYPES_H 1
| #define HAVE_STDINT_H 1
| #define HAVE_UNISTD_H 1
| #define HAVE_DLFCN_H 1
| #define LT_OBJDIR ".libs/"
| #define restrict __restrict
| #define HAVE_MACRO_VA_ARGS 1
| #define HAVE_STDIO_H 1
| #define HAVE_STDLIB_H 1
| #define HAVE_STRING_H 1
| #define HAVE_STDARG_H 1
| #define HAVE_CTYPE_H 1
| #define HAVE_INTTYPES_H 1
| #define HAVE_STDINT_H 1
| #define HAVE_VALGRIND_VALGRIND_H 1
| #define HAVE_VALGRIND_MEMCHECK_H 1
| /* end confdefs.h.  */
| #include <stdio.h>
| #ifdef HAVE_SYS_TYPES_H
| # include <sys/types.h>
| #endif
| #ifdef HAVE_SYS_STAT_H
| # include <sys/stat.h>
| #endif
| #ifdef STDC_HEADERS
| # include <stdlib.h>
| # include <stddef.h>
| #else
| # ifdef HAVE_STDLIB_H
| #  include <stdlib.h>
| # endif
| #endif
| #ifdef HAVE_STRING_H
| # if !defined STDC_HEADERS && defined HAVE_MEMORY_H
| #  include <memory.h>
| # endif
| # include <string.h>
| #endif
| #ifdef HAVE_STRINGS_H
| # include <strings.h>
| #endif
| #ifdef HAVE_INTTYPES_H
| # include <inttypes.h>
| #endif
| #ifdef HAVE_STDINT_H
| # include <stdint.h>
| #endif
| #ifdef HAVE_UNISTD_H
| # include <unistd.h>
| #endif
| #include <helgrind.h>
configure:12512: result: no
configure:12516: checking helgrind.h presence
configure:12531: arm-linux-gnueabi-cpp  conftest.c
conftest.c:33:10: fatal error: helgrind.h: No such file or directory
 #include <helgrind.h>
          ^~~~~~~~~~~~
compilation terminated.
configure:12538: $? = 1
configure: failed program was:
| /* confdefs.h.  */
| #define PACKAGE_NAME "MPL"
| #define PACKAGE_TARNAME "mpl"
| #define PACKAGE_VERSION "0.1"
| #define PACKAGE_STRING "MPL 0.1"
| #define PACKAGE_BUGREPORT ""
| #define PACKAGE "mpl"
| #define VERSION "0.1"
| #define STDC_HEADERS 1
| #define HAVE_SYS_TYPES_H 1
| #define HAVE_SYS_STAT_H 1
| #define HAVE_STDLIB_H 1
| #define HAVE_STRING_H 1
| #define HAVE_MEMORY_H 1
| #define HAVE_STRINGS_H 1
| #define HAVE_INTTYPES_H 1
| #define HAVE_STDINT_H 1
| #define HAVE_UNISTD_H 1
| #define HAVE_DLFCN_H 1
| #define LT_OBJDIR ".libs/"
| #define restrict __restrict
| #define HAVE_MACRO_VA_ARGS 1
| #define HAVE_STDIO_H 1
| #define HAVE_STDLIB_H 1
| #define HAVE_STRING_H 1
| #define HAVE_STDARG_H 1
| #define HAVE_CTYPE_H 1
| #define HAVE_INTTYPES_H 1
| #define HAVE_STDINT_H 1
| #define HAVE_VALGRIND_VALGRIND_H 1
| #define HAVE_VALGRIND_MEMCHECK_H 1
| /* end confdefs.h.  */
| #include <helgrind.h>
configure:12552: result: no
configure:12580: checking for helgrind.h
configure:12589: result: no
configure:12474: checking valgrind/helgrind.h usability
configure:12491: arm-linux-gnueabi-gcc -c     conftest.c >&5
configure:12498: $? = 0
configure:12512: result: yes
configure:12516: checking valgrind/helgrind.h presence
configure:12531: arm-linux-gnueabi-cpp  conftest.c
configure:12538: $? = 0
configure:12552: result: yes
configure:12580: checking for valgrind/helgrind.h
configure:12589: result: yes
configure:12621: checking drd.h usability
configure:12638: arm-linux-gnueabi-gcc -c     conftest.c >&5
conftest.c:67:10: fatal error: drd.h: No such file or directory
 #include <drd.h>
          ^~~~~~~
compilation terminated.
configure:12645: $? = 1
configure: failed program was:
| /* confdefs.h.  */
| #define PACKAGE_NAME "MPL"
| #define PACKAGE_TARNAME "mpl"
| #define PACKAGE_VERSION "0.1"
| #define PACKAGE_STRING "MPL 0.1"
| #define PACKAGE_BUGREPORT ""
| #define PACKAGE "mpl"
| #define VERSION "0.1"
| #define STDC_HEADERS 1
| #define HAVE_SYS_TYPES_H 1
| #define HAVE_SYS_STAT_H 1
| #define HAVE_STDLIB_H 1
| #define HAVE_STRING_H 1
| #define HAVE_MEMORY_H 1
| #define HAVE_STRINGS_H 1
| #define HAVE_INTTYPES_H 1
| #define HAVE_STDINT_H 1
| #define HAVE_UNISTD_H 1
| #define HAVE_DLFCN_H 1
| #define LT_OBJDIR ".libs/"
| #define restrict __restrict
| #define HAVE_MACRO_VA_ARGS 1
| #define HAVE_STDIO_H 1
| #define HAVE_STDLIB_H 1
| #define HAVE_STRING_H 1
| #define HAVE_STDARG_H 1
| #define HAVE_CTYPE_H 1
| #define HAVE_INTTYPES_H 1
| #define HAVE_STDINT_H 1
| #define HAVE_VALGRIND_VALGRIND_H 1
| #define HAVE_VALGRIND_MEMCHECK_H 1
| #define HAVE_VALGRIND_HELGRIND_H 1
| /* end confdefs.h.  */
| #include <stdio.h>
| #ifdef HAVE_SYS_TYPES_H
| # include <sys/types.h>
| #endif
| #ifdef HAVE_SYS_STAT_H
| # include <sys/stat.h>
| #endif
| #ifdef STDC_HEADERS
| # include <stdlib.h>
| # include <stddef.h>
| #else
| # ifdef HAVE_STDLIB_H
| #  include <stdlib.h>
| # endif
| #endif
| #ifdef HAVE_STRING_H
| # if !defined STDC_HEADERS && defined HAVE_MEMORY_H
| #  include <memory.h>
| # endif
| # include <string.h>
| #endif
| #ifdef HAVE_STRINGS_H
| # include <strings.h>
| #endif
| #ifdef HAVE_INTTYPES_H
| # include <inttypes.h>
| #endif
| #ifdef HAVE_STDINT_H
| # include <stdint.h>
| #endif
| #ifdef HAVE_UNISTD_H
| # include <unistd.h>
| #endif
| #include <drd.h>
configure:12659: result: no
configure:12663: checking drd.h presence
configure:12678: arm-linux-gnueabi-cpp  conftest.c
conftest.c:34:10: fatal error: drd.h: No such file or directory
 #include <drd.h>
          ^~~~~~~
compilation terminated.
configure:12685: $? = 1
configure: failed program was:
| /* confdefs.h.  */
| #define PACKAGE_NAME "MPL"
| #define PACKAGE_TARNAME "mpl"
| #define PACKAGE_VERSION "0.1"
| #define PACKAGE_STRING "MPL 0.1"
| #define PACKAGE_BUGREPORT ""
| #define PACKAGE "mpl"
| #define VERSION "0.1"
| #define STDC_HEADERS 1
| #define HAVE_SYS_TYPES_H 1
| #define HAVE_SYS_STAT_H 1
| #define HAVE_STDLIB_H 1
| #define HAVE_STRING_H 1
| #define HAVE_MEMORY_H 1
| #define HAVE_STRINGS_H 1
| #define HAVE_INTTYPES_H 1
| #define HAVE_STDINT_H 1
| #define HAVE_UNISTD_H 1
| #define HAVE_DLFCN_H 1
| #define LT_OBJDIR ".libs/"
| #define restrict __restrict
| #define HAVE_MACRO_VA_ARGS 1
| #define HAVE_STDIO_H 1
| #define HAVE_STDLIB_H 1
| #define HAVE_STRING_H 1
| #define HAVE_STDARG_H 1
| #define HAVE_CTYPE_H 1
| #define HAVE_INTTYPES_H 1
| #define HAVE_STDINT_H 1
| #define HAVE_VALGRIND_VALGRIND_H 1
| #define HAVE_VALGRIND_MEMCHECK_H 1
| #define HAVE_VALGRIND_HELGRIND_H 1
| /* end confdefs.h.  */
| #include <drd.h>
configure:12699: result: no
configure:12727: checking for drd.h
configure:12736: result: no
configure:12621: checking valgrind/drd.h usability
configure:12638: arm-linux-gnueabi-gcc -c     conftest.c >&5
configure:12645: $? = 0
configure:12659: result: yes
configure:12663: checking valgrind/drd.h presence
configure:12678: arm-linux-gnueabi-cpp  conftest.c
configure:12685: $? = 0
configure:12699: result: yes
configure:12727: checking for valgrind/drd.h
configure:12736: result: yes
configure:12756: checking whether the valgrind headers are broken or too old
configure:12818: arm-linux-gnueabi-gcc -o conftest      conftest.c  >&5
configure:12825: $? = 0
configure:12845: result: no
configure:12864: checking for strdup
configure:12920: arm-linux-gnueabi-gcc -o conftest      conftest.c  >&5
conftest.c:58:6: warning: conflicting types for built-in function 'strdup' [-Wbuiltin-declaration-mismatch]
 char strdup ();
      ^~~~~~
configure:12927: $? = 0
configure:12949: result: yes
configure:12963: checking whether strdup needs a declaration
configure:12991: arm-linux-gnueabi-gcc -c     conftest.c >&5
conftest.c:37:5: error: conflicting types for 'strdup'
 int strdup(double, int, double, const char *);
     ^~~~~~
In file included from conftest.c:36:0:
/usr/arm-linux-gnueabi/include/string.h:166:14: note: previous declaration of 'strdup' was here
 extern char *strdup (const char *__s)
              ^~~~~~
configure:12998: $? = 1
configure: failed program was:
| /* confdefs.h.  */
| #define PACKAGE_NAME "MPL"
| #define PACKAGE_TARNAME "mpl"
| #define PACKAGE_VERSION "0.1"
| #define PACKAGE_STRING "MPL 0.1"
| #define PACKAGE_BUGREPORT ""
| #define PACKAGE "mpl"
| #define VERSION "0.1"
| #define STDC_HEADERS 1
| #define HAVE_SYS_TYPES_H 1
| #define HAVE_SYS_STAT_H 1
| #define HAVE_STDLIB_H 1
| #define HAVE_STRING_H 1
| #define HAVE_MEMORY_H 1
| #define HAVE_STRINGS_H 1
| #define HAVE_INTTYPES_H 1
| #define HAVE_STDINT_H 1
| #define HAVE_UNISTD_H 1
| #define HAVE_DLFCN_H 1
| #define LT_OBJDIR ".libs/"
| #define restrict __restrict
| #define HAVE_MACRO_VA_ARGS 1
| #define HAVE_STDIO_H 1
| #define HAVE_STDLIB_H 1
| #define HAVE_STRING_H 1
| #define HAVE_STDARG_H 1
| #define HAVE_CTYPE_H 1
| #define HAVE_INTTYPES_H 1
| #define HAVE_STDINT_H 1
| #define HAVE_VALGRIND_VALGRIND_H 1
| #define HAVE_VALGRIND_MEMCHECK_H 1
| #define HAVE_VALGRIND_HELGRIND_H 1
| #define HAVE_VALGRIND_DRD_H 1
| #define HAVE_STRDUP 1
| /* end confdefs.h.  */
| #include <string.h>
| int strdup(double, int, double, const char *);
| int
| main ()
| {
| int a=strdup(1.0,27,1.0,"foo");
|   ;
|   return 0;
| }
configure:13013: result: no
configure:13031: checking for snprintf
configure:13087: arm-linux-gnueabi-gcc -o conftest      conftest.c  >&5
conftest.c:59:6: warning: conflicting types for built-in function 'snprintf' [-Wbuiltin-declaration-mismatch]
 char snprintf ();
      ^~~~~~~~
configure:13094: $? = 0
configure:13116: result: yes
configure:13130: checking whether snprintf needs a declaration
configure:13158: arm-linux-gnueabi-gcc -c     conftest.c >&5
conftest.c:38:5: error: conflicting types for 'snprintf'
 int snprintf(double, int, double, const char *);
     ^~~~~~~~
In file included from conftest.c:37:0:
/usr/arm-linux-gnueabi/include/stdio.h:340:12: note: previous declaration of 'snprintf' was here
 extern int snprintf (char *__restrict __s, size_t __maxlen,
            ^~~~~~~~
configure:13165: $? = 1
configure: failed program was:
| /* confdefs.h.  */
| #define PACKAGE_NAME "MPL"
| #define PACKAGE_TARNAME "mpl"
| #define PACKAGE_VERSION "0.1"
| #define PACKAGE_STRING "MPL 0.1"
| #define PACKAGE_BUGREPORT ""
| #define PACKAGE "mpl"
| #define VERSION "0.1"
| #define STDC_HEADERS 1
| #define HAVE_SYS_TYPES_H 1
| #define HAVE_SYS_STAT_H 1
| #define HAVE_STDLIB_H 1
| #define HAVE_STRING_H 1
| #define HAVE_MEMORY_H 1
| #define HAVE_STRINGS_H 1
| #define HAVE_INTTYPES_H 1
| #define HAVE_STDINT_H 1
| #define HAVE_UNISTD_H 1
| #define HAVE_DLFCN_H 1
| #define LT_OBJDIR ".libs/"
| #define restrict __restrict
| #define HAVE_MACRO_VA_ARGS 1
| #define HAVE_STDIO_H 1
| #define HAVE_STDLIB_H 1
| #define HAVE_STRING_H 1
| #define HAVE_STDARG_H 1
| #define HAVE_CTYPE_H 1
| #define HAVE_INTTYPES_H 1
| #define HAVE_STDINT_H 1
| #define HAVE_VALGRIND_VALGRIND_H 1
| #define HAVE_VALGRIND_MEMCHECK_H 1
| #define HAVE_VALGRIND_HELGRIND_H 1
| #define HAVE_VALGRIND_DRD_H 1
| #define HAVE_STRDUP 1
| #define HAVE_SNPRINTF 1
| /* end confdefs.h.  */
| #include <stdio.h>
| int snprintf(double, int, double, const char *);
| int
| main ()
| {
| int a=snprintf(1.0,27,1.0,"foo");
|   ;
|   return 0;
| }
configure:13180: result: no
configure:13198: checking for strncmp
configure:13254: arm-linux-gnueabi-gcc -o conftest      conftest.c  >&5
conftest.c:60:6: warning: conflicting types for built-in function 'strncmp' [-Wbuiltin-declaration-mismatch]
 char strncmp ();
      ^~~~~~~
configure:13261: $? = 0
configure:13283: result: yes
configure:13297: checking whether strncmp needs a declaration
configure:13325: arm-linux-gnueabi-gcc -c     conftest.c >&5
conftest.c:39:5: error: conflicting types for 'strncmp'
 int strncmp(double, int, double, const char *);
     ^~~~~~~
In file included from conftest.c:38:0:
/usr/arm-linux-gnueabi/include/string.h:139:12: note: previous declaration of 'strncmp' was here
 extern int strncmp (const char *__s1, const char *__s2, size_t __n)
            ^~~~~~~
configure:13332: $? = 1
configure: failed program was:
| /* confdefs.h.  */
| #define PACKAGE_NAME "MPL"
| #define PACKAGE_TARNAME "mpl"
| #define PACKAGE_VERSION "0.1"
| #define PACKAGE_STRING "MPL 0.1"
| #define PACKAGE_BUGREPORT ""
| #define PACKAGE "mpl"
| #define VERSION "0.1"
| #define STDC_HEADERS 1
| #define HAVE_SYS_TYPES_H 1
| #define HAVE_SYS_STAT_H 1
| #define HAVE_STDLIB_H 1
| #define HAVE_STRING_H 1
| #define HAVE_MEMORY_H 1
| #define HAVE_STRINGS_H 1
| #define HAVE_INTTYPES_H 1
| #define HAVE_STDINT_H 1
| #define HAVE_UNISTD_H 1
| #define HAVE_DLFCN_H 1
| #define LT_OBJDIR ".libs/"
| #define restrict __restrict
| #define HAVE_MACRO_VA_ARGS 1
| #define HAVE_STDIO_H 1
| #define HAVE_STDLIB_H 1
| #define HAVE_STRING_H 1
| #define HAVE_STDARG_H 1
| #define HAVE_CTYPE_H 1
| #define HAVE_INTTYPES_H 1
| #define HAVE_STDINT_H 1
| #define HAVE_VALGRIND_VALGRIND_H 1
| #define HAVE_VALGRIND_MEMCHECK_H 1
| #define HAVE_VALGRIND_HELGRIND_H 1
| #define HAVE_VALGRIND_DRD_H 1
| #define HAVE_STRDUP 1
| #define HAVE_SNPRINTF 1
| #define HAVE_STRNCMP 1
| /* end confdefs.h.  */
| #include <string.h>
| int strncmp(double, int, double, const char *);
| int
| main ()
| {
| int a=strncmp(1.0,27,1.0,"foo");
|   ;
|   return 0;
| }
configure:13347: result: no
configure:13365: checking for putenv
configure:13421: arm-linux-gnueabi-gcc -o conftest      conftest.c  >&5
configure:13428: $? = 0
configure:13450: result: yes
configure:13464: checking whether putenv needs a declaration
configure:13492: arm-linux-gnueabi-gcc -c     conftest.c >&5
conftest.c:40:5: error: conflicting types for 'putenv'
 int putenv(double, int, double, const char *);
     ^~~~~~
In file included from conftest.c:39:0:
/usr/arm-linux-gnueabi/include/stdlib.h:644:12: note: previous declaration of 'putenv' was here
 extern int putenv (char *__string) __THROW __nonnull ((1));
            ^~~~~~
configure:13499: $? = 1
configure: failed program was:
| /* confdefs.h.  */
| #define PACKAGE_NAME "MPL"
| #define PACKAGE_TARNAME "mpl"
| #define PACKAGE_VERSION "0.1"
| #define PACKAGE_STRING "MPL 0.1"
| #define PACKAGE_BUGREPORT ""
| #define PACKAGE "mpl"
| #define VERSION "0.1"
| #define STDC_HEADERS 1
| #define HAVE_SYS_TYPES_H 1
| #define HAVE_SYS_STAT_H 1
| #define HAVE_STDLIB_H 1
| #define HAVE_STRING_H 1
| #define HAVE_MEMORY_H 1
| #define HAVE_STRINGS_H 1
| #define HAVE_INTTYPES_H 1
| #define HAVE_STDINT_H 1
| #define HAVE_UNISTD_H 1
| #define HAVE_DLFCN_H 1
| #define LT_OBJDIR ".libs/"
| #define restrict __restrict
| #define HAVE_MACRO_VA_ARGS 1
| #define HAVE_STDIO_H 1
| #define HAVE_STDLIB_H 1
| #define HAVE_STRING_H 1
| #define HAVE_STDARG_H 1
| #define HAVE_CTYPE_H 1
| #define HAVE_INTTYPES_H 1
| #define HAVE_STDINT_H 1
| #define HAVE_VALGRIND_VALGRIND_H 1
| #define HAVE_VALGRIND_MEMCHECK_H 1
| #define HAVE_VALGRIND_HELGRIND_H 1
| #define HAVE_VALGRIND_DRD_H 1
| #define HAVE_STRDUP 1
| #define HAVE_SNPRINTF 1
| #define HAVE_STRNCMP 1
| #define HAVE_PUTENV 1
| /* end confdefs.h.  */
| #include <stdlib.h>
| int putenv(double, int, double, const char *);
| int
| main ()
| {
| int a=putenv(1.0,27,1.0,"foo");
|   ;
|   return 0;
| }
configure:13514: result: no
configure:13531: checking whether __attribute__ allowed
configure:13558: arm-linux-gnueabi-gcc -c     conftest.c >&5
configure:13565: $? = 0
configure:13580: result: yes
configure:13582: checking whether __attribute__((format)) allowed
configure:13609: arm-linux-gnueabi-gcc -c     conftest.c >&5
configure:13616: $? = 0
configure:13631: result: yes
configure:13776: creating ./config.status

## ---------------------- ##
## Running config.status. ##
## ---------------------- ##

This file was extended by MPL config.status 0.1, which was
generated by GNU Autoconf 2.63.  Invocation command line was

  CONFIG_FILES    = 
  CONFIG_HEADERS  = 
  CONFIG_LINKS    = 
  CONFIG_COMMANDS = 
  $ ./config.status 

on lapsgs05

config.status:1007: creating Makefile
config.status:1007: creating localdefs
config.status:1007: creating include/config.h
config.status:1229: include/config.h is unchanged
config.status:1281: executing depfiles commands
config.status:1281: executing libtool commands
config.status:1281: executing include/mplconfig.h commands
config.status:2091: creating include/mplconfig.h - prefix MPL for include/config.h defines
config.status:2113: include/mplconfig.h is unchanged

## ---------------- ##
## Cache variables. ##
## ---------------- ##

ac_cv_build=x86_64-unknown-linux-gnu
ac_cv_c_compiler_gnu=yes
ac_cv_c_const=yes
ac_cv_c_restrict=__restrict
ac_cv_env_CC_set=set
ac_cv_env_CC_value=arm-linux-gnueabi-gcc
ac_cv_env_CFLAGS_set=set
ac_cv_env_CFLAGS_value='  '
ac_cv_env_CPPFLAGS_set=
ac_cv_env_CPPFLAGS_value=
ac_cv_env_CPP_set=set
ac_cv_env_CPP_value=arm-linux-gnueabi-cpp
ac_cv_env_LDFLAGS_set=
ac_cv_env_LDFLAGS_value=
ac_cv_env_LIBS_set=
ac_cv_env_LIBS_value=
ac_cv_env_build_alias_set=
ac_cv_env_build_alias_value=
ac_cv_env_host_alias_set=set
ac_cv_env_host_alias_value=arm-linux-gnueabi
ac_cv_env_target_alias_set=set
ac_cv_env_target_alias_value=arm-linux-gnueabi
ac_cv_func_putenv=yes
ac_cv_func_snprintf=yes
ac_cv_func_strdup=yes
ac_cv_func_strncmp=yes
ac_cv_header_ctype_h=yes
ac_cv_header_dlfcn_h=yes
ac_cv_header_drd_h=no
ac_cv_header_helgrind_h=no
ac_cv_header_inttypes_h=yes
ac_cv_header_memcheck_h=no
ac_cv_header_memory_h=yes
ac_cv_header_stdarg_h=yes
ac_cv_header_stdc=yes
ac_cv_header_stdint_h=yes
ac_cv_header_stdio_h=yes
ac_cv_header_stdlib_h=yes
ac_cv_header_string_h=yes
ac_cv_header_strings_h=yes
ac_cv_header_sys_stat_h=yes
ac_cv_header_sys_types_h=yes
ac_cv_header_unistd_h=yes
ac_cv_header_valgrind_drd_h=yes
ac_cv_header_valgrind_h=no
ac_cv_header_valgrind_helgrind_h=yes
ac_cv_header_valgrind_memcheck_h=yes
ac_cv_header_valgrind_valgrind_h=yes
ac_cv_host=arm-unknown-linux-gnueabi
ac_cv_objext=o
ac_cv_path_EGREP='/bin/grep -E'
ac_cv_path_FGREP='/bin/grep -F'
ac_cv_path_GREP=/bin/grep
ac_cv_path_SED=/bin/sed
ac_cv_path_install='/usr/bin/install -c'
ac_cv_path_mkdir=/bin/mkdir
ac_cv_prog_AR=arm-linux-gnueabi-ar
ac_cv_prog_AWK=gawk
ac_cv_prog_CC=arm-linux-gnueabi-gcc
ac_cv_prog_CPP=arm-linux-gnueabi-cpp
ac_cv_prog_OBJDUMP=arm-linux-gnueabi-objdump
ac_cv_prog_RANLIB=arm-linux-gnueabi-ranlib
ac_cv_prog_STRIP=arm-linux-gnueabi-strip
ac_cv_prog_cc_c89=
ac_cv_prog_cc_g=yes
ac_cv_prog_make_make_set=yes
am_cv_CC_dependencies_compiler_type=gcc3
lt_cv_deplibs_check_method=pass_all
lt_cv_file_magic_cmd='$MAGIC_CMD'
lt_cv_file_magic_test_file=
lt_cv_ld_reload_flag=-r
lt_cv_nm_interface='BSD nm'
lt_cv_objdir=.libs
lt_cv_path_LD=/usr/arm-linux-gnueabi/bin/ld
lt_cv_path_NM='/usr/bin/arm-linux-gnueabi-nm -B'
lt_cv_prog_compiler_c_o=yes
lt_cv_prog_compiler_pic_works=yes
lt_cv_prog_compiler_rtti_exceptions=no
lt_cv_prog_compiler_static_works=yes
lt_cv_prog_gnu_ld=yes
lt_cv_sys_global_symbol_pipe='sed -n -e '\''s/^.*[	 ]\([ABCDGIRSTW][ABCDGIRSTW]*\)[	 ][	 ]*\([_A-Za-z][_A-Za-z0-9]*\)$/\1 \2 \2/p'\'''
lt_cv_sys_global_symbol_to_c_name_address='sed -n -e '\''s/^: \([^ ]*\) $/  {\"\1\", (void *) 0},/p'\'' -e '\''s/^[ABCDGIRSTW]* \([^ ]*\) \([^ ]*\)$/  {"\2", (void *) \&\2},/p'\'''
lt_cv_sys_global_symbol_to_c_name_address_lib_prefix='sed -n -e '\''s/^: \([^ ]*\) $/  {\"\1\", (void *) 0},/p'\'' -e '\''s/^[ABCDGIRSTW]* \([^ ]*\) \(lib[^ ]*\)$/  {"\2", (void *) \&\2},/p'\'' -e '\''s/^[ABCDGIRSTW]* \([^ ]*\) \([^ ]*\)$/  {"lib\2", (void *) \&\2},/p'\'''
lt_cv_sys_global_symbol_to_cdecl='sed -n -e '\''s/^T .* \(.*\)$/extern int \1();/p'\'' -e '\''s/^[ABCDGIRSTW]* .* \(.*\)$/extern char \1;/p'\'''
lt_cv_sys_max_cmd_len=1572864
pac_cv_func_decl_putenv=no
pac_cv_func_decl_snprintf=no
pac_cv_func_decl_strdup=no
pac_cv_func_decl_strncmp=no
pac_cv_gnu_attr_format=yes
pac_cv_gnu_attr_pure=yes
pac_cv_have_broken_valgrind=no

## ----------------- ##
## Output variables. ##
## ----------------- ##

ACLOCAL='${SHELL} /store/software/opendihu/dependencies/mpi/src/mpich2-1.4.1p1/src/mpl/confdb/missing --run aclocal-1.11'
AMDEPBACKSLASH='\'
AMDEP_FALSE='#'
AMDEP_TRUE=''
AMTAR='${SHELL} /store/software/opendihu/dependencies/mpi/src/mpich2-1.4.1p1/src/mpl/confdb/missing --run tar'
AM_BACKSLASH='\'
AM_DEFAULT_VERBOSITY='0'
AR='arm-linux-gnueabi-ar'
AUTOCONF='${SHELL} /store/software/opendihu/dependencies/mpi/src/mpich2-1.4.1p1/src/mpl/confdb/missing --run autoconf'
AUTOHEADER='${SHELL} /store/software/opendihu/dependencies/mpi/src/mpich2-1.4.1p1/src/mpl/confdb/missing --run autoheader'
AUTOMAKE='${SHELL} /store/software/opendihu/dependencies/mpi/src/mpich2-1.4.1p1/src/mpl/confdb/missing --run automake-1.11'
AWK='gawk'
CC='arm-linux-gnueabi-gcc'
CCDEPMODE='depmode=gcc3'
CFLAGS='  '
CPP='arm-linux-gnueabi-cpp'
CPPFLAGS=''
CYGPATH_W='echo'
DEFS='-DHAVE_CONFIG_H'
DEPDIR='.deps'
DSYMUTIL=''
DUMPBIN=''
ECHO_C=''
ECHO_N='-n'
ECHO_T=''
EGREP='/bin/grep -E'
EXEEXT=''
FGREP='/bin/grep -F'
GREP='/bin/grep'
INSTALL_DATA='${INSTALL} -m 644'
INSTALL_PROGRAM='${INSTALL}'
INSTALL_SCRIPT='${INSTALL}'
INSTALL_STRIP_PROGRAM='$(install_sh) -c -s'
LD='/usr/arm-linux-gnueabi/bin/ld'
LDFLAGS=''
LIBOBJS=''
LIBS=''
LIBTOOL='$(SHELL) $(top_builddir)/libtool'
LIPO=''
LN_S='ln -s'
LTLIBOBJS=''
MAKEINFO='${SHELL} /store/software/opendihu/dependencies/mpi/src/mpich2-1.4.1p1/src/mpl/confdb/missing --run makeinfo'
MKDIR_P='/bin/mkdir -p'
NM='/usr/bin/arm-linux-gnueabi-nm -B'
NMEDIT=''
OBJDUMP='arm-linux-gnueabi-objdump'
OBJEXT='o'
OTOOL64=''
OTOOL=''
PACKAGE='mpl'
PACKAGE_BUGREPORT=''
PACKAGE_NAME='MPL'
PACKAGE_STRING='MPL 0.1'
PACKAGE_TARNAME='mpl'
PACKAGE_VERSION='0.1'
PATH_SEPARATOR=':'
RANLIB='arm-linux-gnueabi-ranlib'
SED='/bin/sed'
SET_MAKE=''
SHELL='/bin/bash'
STRIP='arm-linux-gnueabi-strip'
VERSION='0.1'
ac_ct_CC=''
ac_ct_DUMPBIN=''
am__EXEEXT_FALSE=''
am__EXEEXT_TRUE='#'
am__fastdepCC_FALSE='#'
am__fastdepCC_TRUE=''
am__include='include'
am__isrc=''
am__leading_dot='.'
am__quote=''
am__tar='${AMTAR} chof - "$$tardir"'
am__untar='${AMTAR} xf -'
bindir='${exec_prefix}/bin'
build='x86_64-unknown-linux-gnu'
build_alias=''
build_cpu='x86_64'
build_os='linux-gnu'
build_vendor='unknown'
datadir='${datarootdir}'
datarootdir='${prefix}/share'
docdir='${datarootdir}/doc/${PACKAGE_TARNAME}'
dvidir='${docdir}'
exec_prefix='${prefix}'
host='arm-unknown-linux-gnueabi'
host_alias='arm-linux-gnueabi'
host_cpu='arm'
host_os='linux-gnueabi'
host_vendor='unknown'
htmldir='${docdir}'
includedir='${prefix}/include'
infodir='${datarootdir}/info'
install_sh='${SHELL} /store/software/opendihu/dependencies/mpi/src/mpich2-1.4.1p1/src/mpl/confdb/install-sh'
libdir='${exec_prefix}/lib'
libexecdir='${exec_prefix}/libexec'
libmpl_so_version='2:0:1'
localedir='${datarootdir}/locale'
localstatedir='${prefix}/var'
lt_ECHO='echo'
mandir='${datarootdir}/man'
mkdir_p='/bin/mkdir -p'
oldincludedir='/usr/include'
pdfdir='${docdir}'
prefix='/store/software/opendihu/dependencies/mpi/install'
program_transform_name='s,x,x,'
psdir='${docdir}'
sbindir='${exec_prefix}/sbin'
sharedstatedir='${prefix}/com'
sysconfdir='${prefix}/etc'
target_alias='arm-linux-gnueabi'

## ----------- ##
## confdefs.h. ##
## ----------- ##

#define PACKAGE_NAME "MPL"
#define PACKAGE_TARNAME "mpl"
#define PACKAGE_VERSION "0.1"
#define PACKAGE_STRING "MPL 0.1"
#define PACKAGE_BUGREPORT ""
#define PACKAGE "mpl"
#define VERSION "0.1"
#define STDC_HEADERS 1
#define HAVE_SYS_TYPES_H 1
#define HAVE_SYS_STAT_H 1
#define HAVE_STDLIB_H 1
#define HAVE_STRING_H 1
#define HAVE_MEMORY_H 1
#define HAVE_STRINGS_H 1
#define HAVE_INTTYPES_H 1
#define HAVE_STDINT_H 1
#define HAVE_UNISTD_H 1
#define HAVE_DLFCN_H 1
#define LT_OBJDIR ".libs/"
#define restrict __restrict
#define HAVE_MACRO_VA_ARGS 1
#define HAVE_STDIO_H 1
#define HAVE_STDLIB_H 1
#define HAVE_STRING_H 1
#define HAVE_STDARG_H 1
#define HAVE_CTYPE_H 1
#define HAVE_INTTYPES_H 1
#define HAVE_STDINT_H 1
#define HAVE_VALGRIND_VALGRIND_H 1
#define HAVE_VALGRIND_MEMCHECK_H 1
#define HAVE_VALGRIND_HELGRIND_H 1
#define HAVE_VALGRIND_DRD_H 1
#define HAVE_STRDUP 1
#define HAVE_SNPRINTF 1
#define HAVE_STRNCMP 1
#define HAVE_PUTENV 1
#define HAVE_GCC_ATTRIBUTE 1

configure: exit 0
