This file contains any messages produced by compilers while
running configure, to aid debugging if configure makes a mistake.

It was created by configure, which was
generated by GNU Autoconf 2.63.  Invocation command line was

  $ /store/software/opendihu/dependencies/mpi/src/mpich2-1.4.1p1/src/pmi/simple/configure --prefix=/store/software/opendihu/dependencies/mpi/install CC=arm-linux-gnueabi-gcc CXX=arm-linux-gnueabi-gcc AR=arm-linux-gnueabi-ar CPP=arm-linux-gnueabi-cpp --target=arm-linux-gnueabi --host=arm-linux-gnueabi --disable-fc --disable-f77 --enable-shared host_alias=arm-linux-gnueabi target_alias=arm-linux-gnueabi F77=arm-linux-gnueabi-gfortran FC=arm-linux-gnueabi-gfortran --disable-option-checking

## --------- ##
## Platform. ##
## --------- ##

hostname = lapsgs05
uname -m = x86_64
uname -r = 4.15.0-39-generic
uname -s = Linux
uname -v = #42-Ubuntu SMP Tue Oct 23 15:48:01 UTC 2018

/usr/bin/uname -p = unknown
/bin/uname -X     = unknown

/bin/arch              = unknown
/usr/bin/arch -k       = unknown
/usr/convex/getsysinfo = unknown
/usr/bin/hostinfo      = unknown
/bin/machine           = unknown
/usr/bin/oslevel       = unknown
/bin/universe          = unknown

PATH: /home/maierbn/bin
PATH: /home/maierbn/.local/bin
PATH: /store/wiss/organisation/timekeeping/
PATH: /usr/local/sbin
PATH: /usr/local/bin
PATH: /usr/sbin
PATH: /usr/bin
PATH: /sbin
PATH: /bin
PATH: /usr/games
PATH: /usr/local/games
PATH: /snap/bin
PATH: /usr/lib/jvm/java-8-oracle/bin
PATH: /usr/lib/jvm/java-8-oracle/db/bin
PATH: /usr/lib/jvm/java-8-oracle/jre/bin
PATH: /media/maierbn/ext/2018/opencmiss/extras/TAU/tau-2.23.1/install/x86_64/bin
PATH: /store/wiss/3dprinter/scripts
PATH: /store/software/opendihu/scripts
PATH: /store/software/opendihu/dependencies/python/install/bin
PATH: /store/software/opencor/OpenCOR-0-5-Linux
PATH: /store/software/paraview/ParaView-5.6.0-RC1-Qt5-MPI-Linux-64bit/bin
PATH: /store/software/FlameGraph


## ----------- ##
## Core tests. ##
## ----------- ##

configure:1989: checking for make
configure:2005: found /usr/bin/make
configure:2016: result: make
configure:2030: checking whether clock skew breaks make
configure:2055: result: no
configure:2065: checking whether make supports include
configure:2093: result: yes
configure:2102: checking whether make allows comments in actions
configure:2129: result: yes
configure:2143: checking for virtual path format
configure:2186: result: VPATH
configure:2196: checking whether make sets CFLAGS
configure:2222: result: yes
configure:2275: checking for arm-linux-gnueabi-gcc
configure:2302: result: arm-linux-gnueabi-gcc
configure:2574: checking for C compiler version
configure:2582: arm-linux-gnueabi-gcc --version >&5
arm-linux-gnueabi-gcc (Ubuntu/Linaro 7.3.0-27ubuntu1~18.04) 7.3.0
Copyright (C) 2017 Free Software Foundation, Inc.
This is free software; see the source for copying conditions.  There is NO
warranty; not even for MERCHANTABILITY or FITNESS FOR A PARTICULAR PURPOSE.

configure:2586: $? = 0
configure:2593: arm-linux-gnueabi-gcc -v >&5
Using built-in specs.
COLLECT_GCC=arm-linux-gnueabi-gcc
COLLECT_LTO_WRAPPER=/usr/lib/gcc-cross/arm-linux-gnueabi/7/lto-wrapper
Target: arm-linux-gnueabi
Configured with: ../src/configure -v --with-pkgversion='Ubuntu/Linaro 7.3.0-27ubuntu1~18.04' --with-bugurl=file:///usr/share/doc/gcc-7/README.Bugs --enable-languages=c,ada,c++,go,d,fortran,objc,obj-c++ --prefix=/usr --with-gcc-major-version-only --program-suffix=-7 --enable-shared --enable-linker-build-id --libexecdir=/usr/lib --without-included-gettext --enable-threads=posix --libdir=/usr/lib --enable-nls --with-sysroot=/ --enable-clocale=gnu --enable-libstdcxx-debug --enable-libstdcxx-time=yes --with-default-libstdcxx-abi=new --enable-gnu-unique-object --disable-libitm --disable-libquadmath --disable-libquadmath-support --enable-plugin --with-system-zlib --with-target-system-zlib --enable-multiarch --enable-multilib --disable-sjlj-exceptions --with-arch=armv5t --with-float=soft --disable-werror --enable-multilib --enable-checking=release --build=x86_64-linux-gnu --host=x86_64-linux-gnu --target=arm-linux-gnueabi --program-prefix=arm-linux-gnueabi- --includedir=/usr/arm-linux-gnueabi/include
Thread model: posix
gcc version 7.3.0 (Ubuntu/Linaro 7.3.0-27ubuntu1~18.04) 
configure:2597: $? = 0
configure:2604: arm-linux-gnueabi-gcc -V >&5
arm-linux-gnueabi-gcc: error: unrecognized command line option '-V'
arm-linux-gnueabi-gcc: fatal error: no input files
compilation terminated.
configure:2608: $? = 1
configure:2631: checking for C compiler default output file name
configure:2653: arm-linux-gnueabi-gcc    -O2  -I/store/software/opendihu/dependencies/mpi/src/mpich2-1.4.1p1/src/mpl/include -I/store/software/opendihu/dependencies/mpi/src/mpich2-1.4.1p1/src/mpl/include -I/store/software/opendihu/dependencies/mpi/src/mpich2-1.4.1p1/src/openpa/src -I/store/software/opendihu/dependencies/mpi/src/mpich2-1.4.1p1/src/openpa/src -I/store/software/opendihu/dependencies/mpi/src/mpich2-1.4.1p1/src/mpid/ch3/include -I/store/software/opendihu/dependencies/mpi/src/mpich2-1.4.1p1/src/mpid/ch3/include -I/store/software/opendihu/dependencies/mpi/src/mpich2-1.4.1p1/src/mpid/common/datatype -I/store/software/opendihu/dependencies/mpi/src/mpich2-1.4.1p1/src/mpid/common/datatype -I/store/software/opendihu/dependencies/mpi/src/mpich2-1.4.1p1/src/mpid/common/locks -I/store/software/opendihu/dependencies/mpi/src/mpich2-1.4.1p1/src/mpid/common/locks -I/store/software/opendihu/dependencies/mpi/src/mpich2-1.4.1p1/src/mpid/ch3/channels/nemesis/include -I/store/software/opendihu/dependencies/mpi/src/mpich2-1.4.1p1/src/mpid/ch3/channels/nemesis/include -I/store/software/opendihu/dependencies/mpi/src/mpich2-1.4.1p1/src/mpid/ch3/channels/nemesis/nemesis/include -I/store/software/opendihu/dependencies/mpi/src/mpich2-1.4.1p1/src/mpid/ch3/channels/nemesis/nemesis/include -I/store/software/opendihu/dependencies/mpi/src/mpich2-1.4.1p1/src/mpid/ch3/channels/nemesis/nemesis/utils/monitor -I/store/software/opendihu/dependencies/mpi/src/mpich2-1.4.1p1/src/mpid/ch3/channels/nemesis/nemesis/utils/monitor -I/store/software/opendihu/dependencies/mpi/src/mpich2-1.4.1p1/src/util/wrappers -I/store/software/opendihu/dependencies/mpi/src/mpich2-1.4.1p1/src/util/wrappers   conftest.c -lrt -lpthread   >&5
configure:2657: $? = 0
configure:2695: result: a.out
configure:2714: checking whether the C compiler works
configure:2724: ./a.out
/store/software/opendihu/dependencies/mpi/src/mpich2-1.4.1p1/src/pmi/simple/configure: 1: eval: ./a.out: Exec format error
configure:2728: $? = 2
configure:2747: result: yes
configure:2754: checking whether we are cross compiling
configure:2756: result: yes
configure:2759: checking for suffix of executables
configure:2766: arm-linux-gnueabi-gcc -o conftest    -O2  -I/store/software/opendihu/dependencies/mpi/src/mpich2-1.4.1p1/src/mpl/include -I/store/software/opendihu/dependencies/mpi/src/mpich2-1.4.1p1/src/mpl/include -I/store/software/opendihu/dependencies/mpi/src/mpich2-1.4.1p1/src/openpa/src -I/store/software/opendihu/dependencies/mpi/src/mpich2-1.4.1p1/src/openpa/src -I/store/software/opendihu/dependencies/mpi/src/mpich2-1.4.1p1/src/mpid/ch3/include -I/store/software/opendihu/dependencies/mpi/src/mpich2-1.4.1p1/src/mpid/ch3/include -I/store/software/opendihu/dependencies/mpi/src/mpich2-1.4.1p1/src/mpid/common/datatype -I/store/software/opendihu/dependencies/mpi/src/mpich2-1.4.1p1/src/mpid/common/datatype -I/store/software/opendihu/dependencies/mpi/src/mpich2-1.4.1p1/src/mpid/common/locks -I/store/software/opendihu/dependencies/mpi/src/mpich2-1.4.1p1/src/mpid/common/locks -I/store/software/opendihu/dependencies/mpi/src/mpich2-1.4.1p1/src/mpid/ch3/channels/nemesis/include -I/store/software/opendihu/dependencies/mpi/src/mpich2-1.4.1p1/src/mpid/ch3/channels/nemesis/include -I/store/software/opendihu/dependencies/mpi/src/mpich2-1.4.1p1/src/mpid/ch3/channels/nemesis/nemesis/include -I/store/software/opendihu/dependencies/mpi/src/mpich2-1.4.1p1/src/mpid/ch3/channels/nemesis/nemesis/include -I/store/software/opendihu/dependencies/mpi/src/mpich2-1.4.1p1/src/mpid/ch3/channels/nemesis/nemesis/utils/monitor -I/store/software/opendihu/dependencies/mpi/src/mpich2-1.4.1p1/src/mpid/ch3/channels/nemesis/nemesis/utils/monitor -I/store/software/opendihu/dependencies/mpi/src/mpich2-1.4.1p1/src/util/wrappers -I/store/software/opendihu/dependencies/mpi/src/mpich2-1.4.1p1/src/util/wrappers   conftest.c -lrt -lpthread   >&5
configure:2770: $? = 0
configure:2796: result: 
configure:2802: checking for suffix of object files
configure:2828: arm-linux-gnueabi-gcc -c    -O2  -I/store/software/opendihu/dependencies/mpi/src/mpich2-1.4.1p1/src/mpl/include -I/store/software/opendihu/dependencies/mpi/src/mpich2-1.4.1p1/src/mpl/include -I/store/software/opendihu/dependencies/mpi/src/mpich2-1.4.1p1/src/openpa/src -I/store/software/opendihu/dependencies/mpi/src/mpich2-1.4.1p1/src/openpa/src -I/store/software/opendihu/dependencies/mpi/src/mpich2-1.4.1p1/src/mpid/ch3/include -I/store/software/opendihu/dependencies/mpi/src/mpich2-1.4.1p1/src/mpid/ch3/include -I/store/software/opendihu/dependencies/mpi/src/mpich2-1.4.1p1/src/mpid/common/datatype -I/store/software/opendihu/dependencies/mpi/src/mpich2-1.4.1p1/src/mpid/common/datatype -I/store/software/opendihu/dependencies/mpi/src/mpich2-1.4.1p1/src/mpid/common/locks -I/store/software/opendihu/dependencies/mpi/src/mpich2-1.4.1p1/src/mpid/common/locks -I/store/software/opendihu/dependencies/mpi/src/mpich2-1.4.1p1/src/mpid/ch3/channels/nemesis/include -I/store/software/opendihu/dependencies/mpi/src/mpich2-1.4.1p1/src/mpid/ch3/channels/nemesis/include -I/store/software/opendihu/dependencies/mpi/src/mpich2-1.4.1p1/src/mpid/ch3/channels/nemesis/nemesis/include -I/store/software/opendihu/dependencies/mpi/src/mpich2-1.4.1p1/src/mpid/ch3/channels/nemesis/nemesis/include -I/store/software/opendihu/dependencies/mpi/src/mpich2-1.4.1p1/src/mpid/ch3/channels/nemesis/nemesis/utils/monitor -I/store/software/opendihu/dependencies/mpi/src/mpich2-1.4.1p1/src/mpid/ch3/channels/nemesis/nemesis/utils/monitor -I/store/software/opendihu/dependencies/mpi/src/mpich2-1.4.1p1/src/util/wrappers -I/store/software/opendihu/dependencies/mpi/src/mpich2-1.4.1p1/src/util/wrappers conftest.c >&5
configure:2832: $? = 0
configure:2857: result: o
configure:2861: checking whether we are using the GNU C compiler
configure:2890: arm-linux-gnueabi-gcc -c    -O2  -I/store/software/opendihu/dependencies/mpi/src/mpich2-1.4.1p1/src/mpl/include -I/store/software/opendihu/dependencies/mpi/src/mpich2-1.4.1p1/src/mpl/include -I/store/software/opendihu/dependencies/mpi/src/mpich2-1.4.1p1/src/openpa/src -I/store/software/opendihu/dependencies/mpi/src/mpich2-1.4.1p1/src/openpa/src -I/store/software/opendihu/dependencies/mpi/src/mpich2-1.4.1p1/src/mpid/ch3/include -I/store/software/opendihu/dependencies/mpi/src/mpich2-1.4.1p1/src/mpid/ch3/include -I/store/software/opendihu/dependencies/mpi/src/mpich2-1.4.1p1/src/mpid/common/datatype -I/store/software/opendihu/dependencies/mpi/src/mpich2-1.4.1p1/src/mpid/common/datatype -I/store/software/opendihu/dependencies/mpi/src/mpich2-1.4.1p1/src/mpid/common/locks -I/store/software/opendihu/dependencies/mpi/src/mpich2-1.4.1p1/src/mpid/common/locks -I/store/software/opendihu/dependencies/mpi/src/mpich2-1.4.1p1/src/mpid/ch3/channels/nemesis/include -I/store/software/opendihu/dependencies/mpi/src/mpich2-1.4.1p1/src/mpid/ch3/channels/nemesis/include -I/store/software/opendihu/dependencies/mpi/src/mpich2-1.4.1p1/src/mpid/ch3/channels/nemesis/nemesis/include -I/store/software/opendihu/dependencies/mpi/src/mpich2-1.4.1p1/src/mpid/ch3/channels/nemesis/nemesis/include -I/store/software/opendihu/dependencies/mpi/src/mpich2-1.4.1p1/src/mpid/ch3/channels/nemesis/nemesis/utils/monitor -I/store/software/opendihu/dependencies/mpi/src/mpich2-1.4.1p1/src/mpid/ch3/channels/nemesis/nemesis/utils/monitor -I/store/software/opendihu/dependencies/mpi/src/mpich2-1.4.1p1/src/util/wrappers -I/store/software/opendihu/dependencies/mpi/src/mpich2-1.4.1p1/src/util/wrappers conftest.c >&5
configure:2897: $? = 0
configure:2914: result: yes
configure:2923: checking whether arm-linux-gnueabi-gcc accepts -g
configure:2953: arm-linux-gnueabi-gcc -c -g  -I/store/software/opendihu/dependencies/mpi/src/mpich2-1.4.1p1/src/mpl/include -I/store/software/opendihu/dependencies/mpi/src/mpich2-1.4.1p1/src/mpl/include -I/store/software/opendihu/dependencies/mpi/src/mpich2-1.4.1p1/src/openpa/src -I/store/software/opendihu/dependencies/mpi/src/mpich2-1.4.1p1/src/openpa/src -I/store/software/opendihu/dependencies/mpi/src/mpich2-1.4.1p1/src/mpid/ch3/include -I/store/software/opendihu/dependencies/mpi/src/mpich2-1.4.1p1/src/mpid/ch3/include -I/store/software/opendihu/dependencies/mpi/src/mpich2-1.4.1p1/src/mpid/common/datatype -I/store/software/opendihu/dependencies/mpi/src/mpich2-1.4.1p1/src/mpid/common/datatype -I/store/software/opendihu/dependencies/mpi/src/mpich2-1.4.1p1/src/mpid/common/locks -I/store/software/opendihu/dependencies/mpi/src/mpich2-1.4.1p1/src/mpid/common/locks -I/store/software/opendihu/dependencies/mpi/src/mpich2-1.4.1p1/src/mpid/ch3/channels/nemesis/include -I/store/software/opendihu/dependencies/mpi/src/mpich2-1.4.1p1/src/mpid/ch3/channels/nemesis/include -I/store/software/opendihu/dependencies/mpi/src/mpich2-1.4.1p1/src/mpid/ch3/channels/nemesis/nemesis/include -I/store/software/opendihu/dependencies/mpi/src/mpich2-1.4.1p1/src/mpid/ch3/channels/nemesis/nemesis/include -I/store/software/opendihu/dependencies/mpi/src/mpich2-1.4.1p1/src/mpid/ch3/channels/nemesis/nemesis/utils/monitor -I/store/software/opendihu/dependencies/mpi/src/mpich2-1.4.1p1/src/mpid/ch3/channels/nemesis/nemesis/utils/monitor -I/store/software/opendihu/dependencies/mpi/src/mpich2-1.4.1p1/src/util/wrappers -I/store/software/opendihu/dependencies/mpi/src/mpich2-1.4.1p1/src/util/wrappers conftest.c >&5
configure:2960: $? = 0
configure:3061: result: yes
configure:3078: checking for arm-linux-gnueabi-gcc option to accept ISO C89
configure:3152: arm-linux-gnueabi-gcc  -c    -O2  -I/store/software/opendihu/dependencies/mpi/src/mpich2-1.4.1p1/src/mpl/include -I/store/software/opendihu/dependencies/mpi/src/mpich2-1.4.1p1/src/mpl/include -I/store/software/opendihu/dependencies/mpi/src/mpich2-1.4.1p1/src/openpa/src -I/store/software/opendihu/dependencies/mpi/src/mpich2-1.4.1p1/src/openpa/src -I/store/software/opendihu/dependencies/mpi/src/mpich2-1.4.1p1/src/mpid/ch3/include -I/store/software/opendihu/dependencies/mpi/src/mpich2-1.4.1p1/src/mpid/ch3/include -I/store/software/opendihu/dependencies/mpi/src/mpich2-1.4.1p1/src/mpid/common/datatype -I/store/software/opendihu/dependencies/mpi/src/mpich2-1.4.1p1/src/mpid/common/datatype -I/store/software/opendihu/dependencies/mpi/src/mpich2-1.4.1p1/src/mpid/common/locks -I/store/software/opendihu/dependencies/mpi/src/mpich2-1.4.1p1/src/mpid/common/locks -I/store/software/opendihu/dependencies/mpi/src/mpich2-1.4.1p1/src/mpid/ch3/channels/nemesis/include -I/store/software/opendihu/dependencies/mpi/src/mpich2-1.4.1p1/src/mpid/ch3/channels/nemesis/include -I/store/software/opendihu/dependencies/mpi/src/mpich2-1.4.1p1/src/mpid/ch3/channels/nemesis/nemesis/include -I/store/software/opendihu/dependencies/mpi/src/mpich2-1.4.1p1/src/mpid/ch3/channels/nemesis/nemesis/include -I/store/software/opendihu/dependencies/mpi/src/mpich2-1.4.1p1/src/mpid/ch3/channels/nemesis/nemesis/utils/monitor -I/store/software/opendihu/dependencies/mpi/src/mpich2-1.4.1p1/src/mpid/ch3/channels/nemesis/nemesis/utils/monitor -I/store/software/opendihu/dependencies/mpi/src/mpich2-1.4.1p1/src/util/wrappers -I/store/software/opendihu/dependencies/mpi/src/mpich2-1.4.1p1/src/util/wrappers conftest.c >&5
configure:3159: $? = 0
configure:3182: result: none needed
configure:3206: checking how to run the C preprocessor
configure:3324: result: arm-linux-gnueabi-cpp
configure:3353: arm-linux-gnueabi-cpp  -I/store/software/opendihu/dependencies/mpi/src/mpich2-1.4.1p1/src/mpl/include -I/store/software/opendihu/dependencies/mpi/src/mpich2-1.4.1p1/src/mpl/include -I/store/software/opendihu/dependencies/mpi/src/mpich2-1.4.1p1/src/openpa/src -I/store/software/opendihu/dependencies/mpi/src/mpich2-1.4.1p1/src/openpa/src -I/store/software/opendihu/dependencies/mpi/src/mpich2-1.4.1p1/src/mpid/ch3/include -I/store/software/opendihu/dependencies/mpi/src/mpich2-1.4.1p1/src/mpid/ch3/include -I/store/software/opendihu/dependencies/mpi/src/mpich2-1.4.1p1/src/mpid/common/datatype -I/store/software/opendihu/dependencies/mpi/src/mpich2-1.4.1p1/src/mpid/common/datatype -I/store/software/opendihu/dependencies/mpi/src/mpich2-1.4.1p1/src/mpid/common/locks -I/store/software/opendihu/dependencies/mpi/src/mpich2-1.4.1p1/src/mpid/common/locks -I/store/software/opendihu/dependencies/mpi/src/mpich2-1.4.1p1/src/mpid/ch3/channels/nemesis/include -I/store/software/opendihu/dependencies/mpi/src/mpich2-1.4.1p1/src/mpid/ch3/channels/nemesis/include -I/store/software/opendihu/dependencies/mpi/src/mpich2-1.4.1p1/src/mpid/ch3/channels/nemesis/nemesis/include -I/store/software/opendihu/dependencies/mpi/src/mpich2-1.4.1p1/src/mpid/ch3/channels/nemesis/nemesis/include -I/store/software/opendihu/dependencies/mpi/src/mpich2-1.4.1p1/src/mpid/ch3/channels/nemesis/nemesis/utils/monitor -I/store/software/opendihu/dependencies/mpi/src/mpich2-1.4.1p1/src/mpid/ch3/channels/nemesis/nemesis/utils/monitor -I/store/software/opendihu/dependencies/mpi/src/mpich2-1.4.1p1/src/util/wrappers -I/store/software/opendihu/dependencies/mpi/src/mpich2-1.4.1p1/src/util/wrappers conftest.c
configure:3360: $? = 0
configure:3391: arm-linux-gnueabi-cpp  -I/store/software/opendihu/dependencies/mpi/src/mpich2-1.4.1p1/src/mpl/include -I/store/software/opendihu/dependencies/mpi/src/mpich2-1.4.1p1/src/mpl/include -I/store/software/opendihu/dependencies/mpi/src/mpich2-1.4.1p1/src/openpa/src -I/store/software/opendihu/dependencies/mpi/src/mpich2-1.4.1p1/src/openpa/src -I/store/software/opendihu/dependencies/mpi/src/mpich2-1.4.1p1/src/mpid/ch3/include -I/store/software/opendihu/dependencies/mpi/src/mpich2-1.4.1p1/src/mpid/ch3/include -I/store/software/opendihu/dependencies/mpi/src/mpich2-1.4.1p1/src/mpid/common/datatype -I/store/software/opendihu/dependencies/mpi/src/mpich2-1.4.1p1/src/mpid/common/datatype -I/store/software/opendihu/dependencies/mpi/src/mpich2-1.4.1p1/src/mpid/common/locks -I/store/software/opendihu/dependencies/mpi/src/mpich2-1.4.1p1/src/mpid/common/locks -I/store/software/opendihu/dependencies/mpi/src/mpich2-1.4.1p1/src/mpid/ch3/channels/nemesis/include -I/store/software/opendihu/dependencies/mpi/src/mpich2-1.4.1p1/src/mpid/ch3/channels/nemesis/include -I/store/software/opendihu/dependencies/mpi/src/mpich2-1.4.1p1/src/mpid/ch3/channels/nemesis/nemesis/include -I/store/software/opendihu/dependencies/mpi/src/mpich2-1.4.1p1/src/mpid/ch3/channels/nemesis/nemesis/include -I/store/software/opendihu/dependencies/mpi/src/mpich2-1.4.1p1/src/mpid/ch3/channels/nemesis/nemesis/utils/monitor -I/store/software/opendihu/dependencies/mpi/src/mpich2-1.4.1p1/src/mpid/ch3/channels/nemesis/nemesis/utils/monitor -I/store/software/opendihu/dependencies/mpi/src/mpich2-1.4.1p1/src/util/wrappers -I/store/software/opendihu/dependencies/mpi/src/mpich2-1.4.1p1/src/util/wrappers conftest.c
conftest.c:8:10: fatal error: ac_nonexistent.h: No such file or directory
 #include <ac_nonexistent.h>
          ^~~~~~~~~~~~~~~~~~
compilation terminated.
configure:3398: $? = 1
configure: failed program was:
| /* confdefs.h.  */
| #define PACKAGE_NAME ""
| #define PACKAGE_TARNAME ""
| #define PACKAGE_VERSION ""
| #define PACKAGE_STRING ""
| #define PACKAGE_BUGREPORT ""
| /* end confdefs.h.  */
| #include <ac_nonexistent.h>
configure:3438: checking for grep that handles long lines and -e
configure:3498: result: /bin/grep
configure:3503: checking for egrep
configure:3567: result: /bin/grep -E
configure:3572: checking for ANSI C header files
configure:3602: arm-linux-gnueabi-gcc -c    -O2  -I/store/software/opendihu/dependencies/mpi/src/mpich2-1.4.1p1/src/mpl/include -I/store/software/opendihu/dependencies/mpi/src/mpich2-1.4.1p1/src/mpl/include -I/store/software/opendihu/dependencies/mpi/src/mpich2-1.4.1p1/src/openpa/src -I/store/software/opendihu/dependencies/mpi/src/mpich2-1.4.1p1/src/openpa/src -I/store/software/opendihu/dependencies/mpi/src/mpich2-1.4.1p1/src/mpid/ch3/include -I/store/software/opendihu/dependencies/mpi/src/mpich2-1.4.1p1/src/mpid/ch3/include -I/store/software/opendihu/dependencies/mpi/src/mpich2-1.4.1p1/src/mpid/common/datatype -I/store/software/opendihu/dependencies/mpi/src/mpich2-1.4.1p1/src/mpid/common/datatype -I/store/software/opendihu/dependencies/mpi/src/mpich2-1.4.1p1/src/mpid/common/locks -I/store/software/opendihu/dependencies/mpi/src/mpich2-1.4.1p1/src/mpid/common/locks -I/store/software/opendihu/dependencies/mpi/src/mpich2-1.4.1p1/src/mpid/ch3/channels/nemesis/include -I/store/software/opendihu/dependencies/mpi/src/mpich2-1.4.1p1/src/mpid/ch3/channels/nemesis/include -I/store/software/opendihu/dependencies/mpi/src/mpich2-1.4.1p1/src/mpid/ch3/channels/nemesis/nemesis/include -I/store/software/opendihu/dependencies/mpi/src/mpich2-1.4.1p1/src/mpid/ch3/channels/nemesis/nemesis/include -I/store/software/opendihu/dependencies/mpi/src/mpich2-1.4.1p1/src/mpid/ch3/channels/nemesis/nemesis/utils/monitor -I/store/software/opendihu/dependencies/mpi/src/mpich2-1.4.1p1/src/mpid/ch3/channels/nemesis/nemesis/utils/monitor -I/store/software/opendihu/dependencies/mpi/src/mpich2-1.4.1p1/src/util/wrappers -I/store/software/opendihu/dependencies/mpi/src/mpich2-1.4.1p1/src/util/wrappers conftest.c >&5
configure:3609: $? = 0
configure:3740: result: yes
configure:3764: checking for sys/types.h
configure:3785: arm-linux-gnueabi-gcc -c    -O2  -I/store/software/opendihu/dependencies/mpi/src/mpich2-1.4.1p1/src/mpl/include -I/store/software/opendihu/dependencies/mpi/src/mpich2-1.4.1p1/src/mpl/include -I/store/software/opendihu/dependencies/mpi/src/mpich2-1.4.1p1/src/openpa/src -I/store/software/opendihu/dependencies/mpi/src/mpich2-1.4.1p1/src/openpa/src -I/store/software/opendihu/dependencies/mpi/src/mpich2-1.4.1p1/src/mpid/ch3/include -I/store/software/opendihu/dependencies/mpi/src/mpich2-1.4.1p1/src/mpid/ch3/include -I/store/software/opendihu/dependencies/mpi/src/mpich2-1.4.1p1/src/mpid/common/datatype -I/store/software/opendihu/dependencies/mpi/src/mpich2-1.4.1p1/src/mpid/common/datatype -I/store/software/opendihu/dependencies/mpi/src/mpich2-1.4.1p1/src/mpid/common/locks -I/store/software/opendihu/dependencies/mpi/src/mpich2-1.4.1p1/src/mpid/common/locks -I/store/software/opendihu/dependencies/mpi/src/mpich2-1.4.1p1/src/mpid/ch3/channels/nemesis/include -I/store/software/opendihu/dependencies/mpi/src/mpich2-1.4.1p1/src/mpid/ch3/channels/nemesis/include -I/store/software/opendihu/dependencies/mpi/src/mpich2-1.4.1p1/src/mpid/ch3/channels/nemesis/nemesis/include -I/store/software/opendihu/dependencies/mpi/src/mpich2-1.4.1p1/src/mpid/ch3/channels/nemesis/nemesis/include -I/store/software/opendihu/dependencies/mpi/src/mpich2-1.4.1p1/src/mpid/ch3/channels/nemesis/nemesis/utils/monitor -I/store/software/opendihu/dependencies/mpi/src/mpich2-1.4.1p1/src/mpid/ch3/channels/nemesis/nemesis/utils/monitor -I/store/software/opendihu/dependencies/mpi/src/mpich2-1.4.1p1/src/util/wrappers -I/store/software/opendihu/dependencies/mpi/src/mpich2-1.4.1p1/src/util/wrappers conftest.c >&5
configure:3792: $? = 0
configure:3809: result: yes
configure:3764: checking for sys/stat.h
configure:3785: arm-linux-gnueabi-gcc -c    -O2  -I/store/software/opendihu/dependencies/mpi/src/mpich2-1.4.1p1/src/mpl/include -I/store/software/opendihu/dependencies/mpi/src/mpich2-1.4.1p1/src/mpl/include -I/store/software/opendihu/dependencies/mpi/src/mpich2-1.4.1p1/src/openpa/src -I/store/software/opendihu/dependencies/mpi/src/mpich2-1.4.1p1/src/openpa/src -I/store/software/opendihu/dependencies/mpi/src/mpich2-1.4.1p1/src/mpid/ch3/include -I/store/software/opendihu/dependencies/mpi/src/mpich2-1.4.1p1/src/mpid/ch3/include -I/store/software/opendihu/dependencies/mpi/src/mpich2-1.4.1p1/src/mpid/common/datatype -I/store/software/opendihu/dependencies/mpi/src/mpich2-1.4.1p1/src/mpid/common/datatype -I/store/software/opendihu/dependencies/mpi/src/mpich2-1.4.1p1/src/mpid/common/locks -I/store/software/opendihu/dependencies/mpi/src/mpich2-1.4.1p1/src/mpid/common/locks -I/store/software/opendihu/dependencies/mpi/src/mpich2-1.4.1p1/src/mpid/ch3/channels/nemesis/include -I/store/software/opendihu/dependencies/mpi/src/mpich2-1.4.1p1/src/mpid/ch3/channels/nemesis/include -I/store/software/opendihu/dependencies/mpi/src/mpich2-1.4.1p1/src/mpid/ch3/channels/nemesis/nemesis/include -I/store/software/opendihu/dependencies/mpi/src/mpich2-1.4.1p1/src/mpid/ch3/channels/nemesis/nemesis/include -I/store/software/opendihu/dependencies/mpi/src/mpich2-1.4.1p1/src/mpid/ch3/channels/nemesis/nemesis/utils/monitor -I/store/software/opendihu/dependencies/mpi/src/mpich2-1.4.1p1/src/mpid/ch3/channels/nemesis/nemesis/utils/monitor -I/store/software/opendihu/dependencies/mpi/src/mpich2-1.4.1p1/src/util/wrappers -I/store/software/opendihu/dependencies/mpi/src/mpich2-1.4.1p1/src/util/wrappers conftest.c >&5
configure:3792: $? = 0
configure:3809: result: yes
configure:3764: checking for stdlib.h
configure:3785: arm-linux-gnueabi-gcc -c    -O2  -I/store/software/opendihu/dependencies/mpi/src/mpich2-1.4.1p1/src/mpl/include -I/store/software/opendihu/dependencies/mpi/src/mpich2-1.4.1p1/src/mpl/include -I/store/software/opendihu/dependencies/mpi/src/mpich2-1.4.1p1/src/openpa/src -I/store/software/opendihu/dependencies/mpi/src/mpich2-1.4.1p1/src/openpa/src -I/store/software/opendihu/dependencies/mpi/src/mpich2-1.4.1p1/src/mpid/ch3/include -I/store/software/opendihu/dependencies/mpi/src/mpich2-1.4.1p1/src/mpid/ch3/include -I/store/software/opendihu/dependencies/mpi/src/mpich2-1.4.1p1/src/mpid/common/datatype -I/store/software/opendihu/dependencies/mpi/src/mpich2-1.4.1p1/src/mpid/common/datatype -I/store/software/opendihu/dependencies/mpi/src/mpich2-1.4.1p1/src/mpid/common/locks -I/store/software/opendihu/dependencies/mpi/src/mpich2-1.4.1p1/src/mpid/common/locks -I/store/software/opendihu/dependencies/mpi/src/mpich2-1.4.1p1/src/mpid/ch3/channels/nemesis/include -I/store/software/opendihu/dependencies/mpi/src/mpich2-1.4.1p1/src/mpid/ch3/channels/nemesis/include -I/store/software/opendihu/dependencies/mpi/src/mpich2-1.4.1p1/src/mpid/ch3/channels/nemesis/nemesis/include -I/store/software/opendihu/dependencies/mpi/src/mpich2-1.4.1p1/src/mpid/ch3/channels/nemesis/nemesis/include -I/store/software/opendihu/dependencies/mpi/src/mpich2-1.4.1p1/src/mpid/ch3/channels/nemesis/nemesis/utils/monitor -I/store/software/opendihu/dependencies/mpi/src/mpich2-1.4.1p1/src/mpid/ch3/channels/nemesis/nemesis/utils/monitor -I/store/software/opendihu/dependencies/mpi/src/mpich2-1.4.1p1/src/util/wrappers -I/store/software/opendihu/dependencies/mpi/src/mpich2-1.4.1p1/src/util/wrappers conftest.c >&5
configure:3792: $? = 0
configure:3809: result: yes
configure:3764: checking for string.h
configure:3785: arm-linux-gnueabi-gcc -c    -O2  -I/store/software/opendihu/dependencies/mpi/src/mpich2-1.4.1p1/src/mpl/include -I/store/software/opendihu/dependencies/mpi/src/mpich2-1.4.1p1/src/mpl/include -I/store/software/opendihu/dependencies/mpi/src/mpich2-1.4.1p1/src/openpa/src -I/store/software/opendihu/dependencies/mpi/src/mpich2-1.4.1p1/src/openpa/src -I/store/software/opendihu/dependencies/mpi/src/mpich2-1.4.1p1/src/mpid/ch3/include -I/store/software/opendihu/dependencies/mpi/src/mpich2-1.4.1p1/src/mpid/ch3/include -I/store/software/opendihu/dependencies/mpi/src/mpich2-1.4.1p1/src/mpid/common/datatype -I/store/software/opendihu/dependencies/mpi/src/mpich2-1.4.1p1/src/mpid/common/datatype -I/store/software/opendihu/dependencies/mpi/src/mpich2-1.4.1p1/src/mpid/common/locks -I/store/software/opendihu/dependencies/mpi/src/mpich2-1.4.1p1/src/mpid/common/locks -I/store/software/opendihu/dependencies/mpi/src/mpich2-1.4.1p1/src/mpid/ch3/channels/nemesis/include -I/store/software/opendihu/dependencies/mpi/src/mpich2-1.4.1p1/src/mpid/ch3/channels/nemesis/include -I/store/software/opendihu/dependencies/mpi/src/mpich2-1.4.1p1/src/mpid/ch3/channels/nemesis/nemesis/include -I/store/software/opendihu/dependencies/mpi/src/mpich2-1.4.1p1/src/mpid/ch3/channels/nemesis/nemesis/include -I/store/software/opendihu/dependencies/mpi/src/mpich2-1.4.1p1/src/mpid/ch3/channels/nemesis/nemesis/utils/monitor -I/store/software/opendihu/dependencies/mpi/src/mpich2-1.4.1p1/src/mpid/ch3/channels/nemesis/nemesis/utils/monitor -I/store/software/opendihu/dependencies/mpi/src/mpich2-1.4.1p1/src/util/wrappers -I/store/software/opendihu/dependencies/mpi/src/mpich2-1.4.1p1/src/util/wrappers conftest.c >&5
configure:3792: $? = 0
configure:3809: result: yes
configure:3764: checking for memory.h
configure:3785: arm-linux-gnueabi-gcc -c    -O2  -I/store/software/opendihu/dependencies/mpi/src/mpich2-1.4.1p1/src/mpl/include -I/store/software/opendihu/dependencies/mpi/src/mpich2-1.4.1p1/src/mpl/include -I/store/software/opendihu/dependencies/mpi/src/mpich2-1.4.1p1/src/openpa/src -I/store/software/opendihu/dependencies/mpi/src/mpich2-1.4.1p1/src/openpa/src -I/store/software/opendihu/dependencies/mpi/src/mpich2-1.4.1p1/src/mpid/ch3/include -I/store/software/opendihu/dependencies/mpi/src/mpich2-1.4.1p1/src/mpid/ch3/include -I/store/software/opendihu/dependencies/mpi/src/mpich2-1.4.1p1/src/mpid/common/datatype -I/store/software/opendihu/dependencies/mpi/src/mpich2-1.4.1p1/src/mpid/common/datatype -I/store/software/opendihu/dependencies/mpi/src/mpich2-1.4.1p1/src/mpid/common/locks -I/store/software/opendihu/dependencies/mpi/src/mpich2-1.4.1p1/src/mpid/common/locks -I/store/software/opendihu/dependencies/mpi/src/mpich2-1.4.1p1/src/mpid/ch3/channels/nemesis/include -I/store/software/opendihu/dependencies/mpi/src/mpich2-1.4.1p1/src/mpid/ch3/channels/nemesis/include -I/store/software/opendihu/dependencies/mpi/src/mpich2-1.4.1p1/src/mpid/ch3/channels/nemesis/nemesis/include -I/store/software/opendihu/dependencies/mpi/src/mpich2-1.4.1p1/src/mpid/ch3/channels/nemesis/nemesis/include -I/store/software/opendihu/dependencies/mpi/src/mpich2-1.4.1p1/src/mpid/ch3/channels/nemesis/nemesis/utils/monitor -I/store/software/opendihu/dependencies/mpi/src/mpich2-1.4.1p1/src/mpid/ch3/channels/nemesis/nemesis/utils/monitor -I/store/software/opendihu/dependencies/mpi/src/mpich2-1.4.1p1/src/util/wrappers -I/store/software/opendihu/dependencies/mpi/src/mpich2-1.4.1p1/src/util/wrappers conftest.c >&5
configure:3792: $? = 0
configure:3809: result: yes
configure:3764: checking for strings.h
configure:3785: arm-linux-gnueabi-gcc -c    -O2  -I/store/software/opendihu/dependencies/mpi/src/mpich2-1.4.1p1/src/mpl/include -I/store/software/opendihu/dependencies/mpi/src/mpich2-1.4.1p1/src/mpl/include -I/store/software/opendihu/dependencies/mpi/src/mpich2-1.4.1p1/src/openpa/src -I/store/software/opendihu/dependencies/mpi/src/mpich2-1.4.1p1/src/openpa/src -I/store/software/opendihu/dependencies/mpi/src/mpich2-1.4.1p1/src/mpid/ch3/include -I/store/software/opendihu/dependencies/mpi/src/mpich2-1.4.1p1/src/mpid/ch3/include -I/store/software/opendihu/dependencies/mpi/src/mpich2-1.4.1p1/src/mpid/common/datatype -I/store/software/opendihu/dependencies/mpi/src/mpich2-1.4.1p1/src/mpid/common/datatype -I/store/software/opendihu/dependencies/mpi/src/mpich2-1.4.1p1/src/mpid/common/locks -I/store/software/opendihu/dependencies/mpi/src/mpich2-1.4.1p1/src/mpid/common/locks -I/store/software/opendihu/dependencies/mpi/src/mpich2-1.4.1p1/src/mpid/ch3/channels/nemesis/include -I/store/software/opendihu/dependencies/mpi/src/mpich2-1.4.1p1/src/mpid/ch3/channels/nemesis/include -I/store/software/opendihu/dependencies/mpi/src/mpich2-1.4.1p1/src/mpid/ch3/channels/nemesis/nemesis/include -I/store/software/opendihu/dependencies/mpi/src/mpich2-1.4.1p1/src/mpid/ch3/channels/nemesis/nemesis/include -I/store/software/opendihu/dependencies/mpi/src/mpich2-1.4.1p1/src/mpid/ch3/channels/nemesis/nemesis/utils/monitor -I/store/software/opendihu/dependencies/mpi/src/mpich2-1.4.1p1/src/mpid/ch3/channels/nemesis/nemesis/utils/monitor -I/store/software/opendihu/dependencies/mpi/src/mpich2-1.4.1p1/src/util/wrappers -I/store/software/opendihu/dependencies/mpi/src/mpich2-1.4.1p1/src/util/wrappers conftest.c >&5
configure:3792: $? = 0
configure:3809: result: yes
configure:3764: checking for inttypes.h
configure:3785: arm-linux-gnueabi-gcc -c    -O2  -I/store/software/opendihu/dependencies/mpi/src/mpich2-1.4.1p1/src/mpl/include -I/store/software/opendihu/dependencies/mpi/src/mpich2-1.4.1p1/src/mpl/include -I/store/software/opendihu/dependencies/mpi/src/mpich2-1.4.1p1/src/openpa/src -I/store/software/opendihu/dependencies/mpi/src/mpich2-1.4.1p1/src/openpa/src -I/store/software/opendihu/dependencies/mpi/src/mpich2-1.4.1p1/src/mpid/ch3/include -I/store/software/opendihu/dependencies/mpi/src/mpich2-1.4.1p1/src/mpid/ch3/include -I/store/software/opendihu/dependencies/mpi/src/mpich2-1.4.1p1/src/mpid/common/datatype -I/store/software/opendihu/dependencies/mpi/src/mpich2-1.4.1p1/src/mpid/common/datatype -I/store/software/opendihu/dependencies/mpi/src/mpich2-1.4.1p1/src/mpid/common/locks -I/store/software/opendihu/dependencies/mpi/src/mpich2-1.4.1p1/src/mpid/common/locks -I/store/software/opendihu/dependencies/mpi/src/mpich2-1.4.1p1/src/mpid/ch3/channels/nemesis/include -I/store/software/opendihu/dependencies/mpi/src/mpich2-1.4.1p1/src/mpid/ch3/channels/nemesis/include -I/store/software/opendihu/dependencies/mpi/src/mpich2-1.4.1p1/src/mpid/ch3/channels/nemesis/nemesis/include -I/store/software/opendihu/dependencies/mpi/src/mpich2-1.4.1p1/src/mpid/ch3/channels/nemesis/nemesis/include -I/store/software/opendihu/dependencies/mpi/src/mpich2-1.4.1p1/src/mpid/ch3/channels/nemesis/nemesis/utils/monitor -I/store/software/opendihu/dependencies/mpi/src/mpich2-1.4.1p1/src/mpid/ch3/channels/nemesis/nemesis/utils/monitor -I/store/software/opendihu/dependencies/mpi/src/mpich2-1.4.1p1/src/util/wrappers -I/store/software/opendihu/dependencies/mpi/src/mpich2-1.4.1p1/src/util/wrappers conftest.c >&5
configure:3792: $? = 0
configure:3809: result: yes
configure:3764: checking for stdint.h
configure:3785: arm-linux-gnueabi-gcc -c    -O2  -I/store/software/opendihu/dependencies/mpi/src/mpich2-1.4.1p1/src/mpl/include -I/store/software/opendihu/dependencies/mpi/src/mpich2-1.4.1p1/src/mpl/include -I/store/software/opendihu/dependencies/mpi/src/mpich2-1.4.1p1/src/openpa/src -I/store/software/opendihu/dependencies/mpi/src/mpich2-1.4.1p1/src/openpa/src -I/store/software/opendihu/dependencies/mpi/src/mpich2-1.4.1p1/src/mpid/ch3/include -I/store/software/opendihu/dependencies/mpi/src/mpich2-1.4.1p1/src/mpid/ch3/include -I/store/software/opendihu/dependencies/mpi/src/mpich2-1.4.1p1/src/mpid/common/datatype -I/store/software/opendihu/dependencies/mpi/src/mpich2-1.4.1p1/src/mpid/common/datatype -I/store/software/opendihu/dependencies/mpi/src/mpich2-1.4.1p1/src/mpid/common/locks -I/store/software/opendihu/dependencies/mpi/src/mpich2-1.4.1p1/src/mpid/common/locks -I/store/software/opendihu/dependencies/mpi/src/mpich2-1.4.1p1/src/mpid/ch3/channels/nemesis/include -I/store/software/opendihu/dependencies/mpi/src/mpich2-1.4.1p1/src/mpid/ch3/channels/nemesis/include -I/store/software/opendihu/dependencies/mpi/src/mpich2-1.4.1p1/src/mpid/ch3/channels/nemesis/nemesis/include -I/store/software/opendihu/dependencies/mpi/src/mpich2-1.4.1p1/src/mpid/ch3/channels/nemesis/nemesis/include -I/store/software/opendihu/dependencies/mpi/src/mpich2-1.4.1p1/src/mpid/ch3/channels/nemesis/nemesis/utils/monitor -I/store/software/opendihu/dependencies/mpi/src/mpich2-1.4.1p1/src/mpid/ch3/channels/nemesis/nemesis/utils/monitor -I/store/software/opendihu/dependencies/mpi/src/mpich2-1.4.1p1/src/util/wrappers -I/store/software/opendihu/dependencies/mpi/src/mpich2-1.4.1p1/src/util/wrappers conftest.c >&5
configure:3792: $? = 0
configure:3809: result: yes
configure:3764: checking for unistd.h
configure:3785: arm-linux-gnueabi-gcc -c    -O2  -I/store/software/opendihu/dependencies/mpi/src/mpich2-1.4.1p1/src/mpl/include -I/store/software/opendihu/dependencies/mpi/src/mpich2-1.4.1p1/src/mpl/include -I/store/software/opendihu/dependencies/mpi/src/mpich2-1.4.1p1/src/openpa/src -I/store/software/opendihu/dependencies/mpi/src/mpich2-1.4.1p1/src/openpa/src -I/store/software/opendihu/dependencies/mpi/src/mpich2-1.4.1p1/src/mpid/ch3/include -I/store/software/opendihu/dependencies/mpi/src/mpich2-1.4.1p1/src/mpid/ch3/include -I/store/software/opendihu/dependencies/mpi/src/mpich2-1.4.1p1/src/mpid/common/datatype -I/store/software/opendihu/dependencies/mpi/src/mpich2-1.4.1p1/src/mpid/common/datatype -I/store/software/opendihu/dependencies/mpi/src/mpich2-1.4.1p1/src/mpid/common/locks -I/store/software/opendihu/dependencies/mpi/src/mpich2-1.4.1p1/src/mpid/common/locks -I/store/software/opendihu/dependencies/mpi/src/mpich2-1.4.1p1/src/mpid/ch3/channels/nemesis/include -I/store/software/opendihu/dependencies/mpi/src/mpich2-1.4.1p1/src/mpid/ch3/channels/nemesis/include -I/store/software/opendihu/dependencies/mpi/src/mpich2-1.4.1p1/src/mpid/ch3/channels/nemesis/nemesis/include -I/store/software/opendihu/dependencies/mpi/src/mpich2-1.4.1p1/src/mpid/ch3/channels/nemesis/nemesis/include -I/store/software/opendihu/dependencies/mpi/src/mpich2-1.4.1p1/src/mpid/ch3/channels/nemesis/nemesis/utils/monitor -I/store/software/opendihu/dependencies/mpi/src/mpich2-1.4.1p1/src/mpid/ch3/channels/nemesis/nemesis/utils/monitor -I/store/software/opendihu/dependencies/mpi/src/mpich2-1.4.1p1/src/util/wrappers -I/store/software/opendihu/dependencies/mpi/src/mpich2-1.4.1p1/src/util/wrappers conftest.c >&5
configure:3792: $? = 0
configure:3809: result: yes
configure:3833: checking for unistd.h
configure:3840: result: yes
configure:3833: checking for string.h
configure:3840: result: yes
configure:3833: checking for stdlib.h
configure:3840: result: yes
configure:3844: checking sys/socket.h usability
configure:3861: arm-linux-gnueabi-gcc -c    -O2  -I/store/software/opendihu/dependencies/mpi/src/mpich2-1.4.1p1/src/mpl/include -I/store/software/opendihu/dependencies/mpi/src/mpich2-1.4.1p1/src/mpl/include -I/store/software/opendihu/dependencies/mpi/src/mpich2-1.4.1p1/src/openpa/src -I/store/software/opendihu/dependencies/mpi/src/mpich2-1.4.1p1/src/openpa/src -I/store/software/opendihu/dependencies/mpi/src/mpich2-1.4.1p1/src/mpid/ch3/include -I/store/software/opendihu/dependencies/mpi/src/mpich2-1.4.1p1/src/mpid/ch3/include -I/store/software/opendihu/dependencies/mpi/src/mpich2-1.4.1p1/src/mpid/common/datatype -I/store/software/opendihu/dependencies/mpi/src/mpich2-1.4.1p1/src/mpid/common/datatype -I/store/software/opendihu/dependencies/mpi/src/mpich2-1.4.1p1/src/mpid/common/locks -I/store/software/opendihu/dependencies/mpi/src/mpich2-1.4.1p1/src/mpid/common/locks -I/store/software/opendihu/dependencies/mpi/src/mpich2-1.4.1p1/src/mpid/ch3/channels/nemesis/include -I/store/software/opendihu/dependencies/mpi/src/mpich2-1.4.1p1/src/mpid/ch3/channels/nemesis/include -I/store/software/opendihu/dependencies/mpi/src/mpich2-1.4.1p1/src/mpid/ch3/channels/nemesis/nemesis/include -I/store/software/opendihu/dependencies/mpi/src/mpich2-1.4.1p1/src/mpid/ch3/channels/nemesis/nemesis/include -I/store/software/opendihu/dependencies/mpi/src/mpich2-1.4.1p1/src/mpid/ch3/channels/nemesis/nemesis/utils/monitor -I/store/software/opendihu/dependencies/mpi/src/mpich2-1.4.1p1/src/mpid/ch3/channels/nemesis/nemesis/utils/monitor -I/store/software/opendihu/dependencies/mpi/src/mpich2-1.4.1p1/src/util/wrappers -I/store/software/opendihu/dependencies/mpi/src/mpich2-1.4.1p1/src/util/wrappers conftest.c >&5
configure:3868: $? = 0
configure:3882: result: yes
configure:3886: checking sys/socket.h presence
configure:3901: arm-linux-gnueabi-cpp  -I/store/software/opendihu/dependencies/mpi/src/mpich2-1.4.1p1/src/mpl/include -I/store/software/opendihu/dependencies/mpi/src/mpich2-1.4.1p1/src/mpl/include -I/store/software/opendihu/dependencies/mpi/src/mpich2-1.4.1p1/src/openpa/src -I/store/software/opendihu/dependencies/mpi/src/mpich2-1.4.1p1/src/openpa/src -I/store/software/opendihu/dependencies/mpi/src/mpich2-1.4.1p1/src/mpid/ch3/include -I/store/software/opendihu/dependencies/mpi/src/mpich2-1.4.1p1/src/mpid/ch3/include -I/store/software/opendihu/dependencies/mpi/src/mpich2-1.4.1p1/src/mpid/common/datatype -I/store/software/opendihu/dependencies/mpi/src/mpich2-1.4.1p1/src/mpid/common/datatype -I/store/software/opendihu/dependencies/mpi/src/mpich2-1.4.1p1/src/mpid/common/locks -I/store/software/opendihu/dependencies/mpi/src/mpich2-1.4.1p1/src/mpid/common/locks -I/store/software/opendihu/dependencies/mpi/src/mpich2-1.4.1p1/src/mpid/ch3/channels/nemesis/include -I/store/software/opendihu/dependencies/mpi/src/mpich2-1.4.1p1/src/mpid/ch3/channels/nemesis/include -I/store/software/opendihu/dependencies/mpi/src/mpich2-1.4.1p1/src/mpid/ch3/channels/nemesis/nemesis/include -I/store/software/opendihu/dependencies/mpi/src/mpich2-1.4.1p1/src/mpid/ch3/channels/nemesis/nemesis/include -I/store/software/opendihu/dependencies/mpi/src/mpich2-1.4.1p1/src/mpid/ch3/channels/nemesis/nemesis/utils/monitor -I/store/software/opendihu/dependencies/mpi/src/mpich2-1.4.1p1/src/mpid/ch3/channels/nemesis/nemesis/utils/monitor -I/store/software/opendihu/dependencies/mpi/src/mpich2-1.4.1p1/src/util/wrappers -I/store/software/opendihu/dependencies/mpi/src/mpich2-1.4.1p1/src/util/wrappers conftest.c
configure:3908: $? = 0
configure:3922: result: yes
configure:3950: checking for sys/socket.h
configure:3959: result: yes
configure:3833: checking for strings.h
configure:3840: result: yes
configure:3844: checking assert.h usability
configure:3861: arm-linux-gnueabi-gcc -c    -O2  -I/store/software/opendihu/dependencies/mpi/src/mpich2-1.4.1p1/src/mpl/include -I/store/software/opendihu/dependencies/mpi/src/mpich2-1.4.1p1/src/mpl/include -I/store/software/opendihu/dependencies/mpi/src/mpich2-1.4.1p1/src/openpa/src -I/store/software/opendihu/dependencies/mpi/src/mpich2-1.4.1p1/src/openpa/src -I/store/software/opendihu/dependencies/mpi/src/mpich2-1.4.1p1/src/mpid/ch3/include -I/store/software/opendihu/dependencies/mpi/src/mpich2-1.4.1p1/src/mpid/ch3/include -I/store/software/opendihu/dependencies/mpi/src/mpich2-1.4.1p1/src/mpid/common/datatype -I/store/software/opendihu/dependencies/mpi/src/mpich2-1.4.1p1/src/mpid/common/datatype -I/store/software/opendihu/dependencies/mpi/src/mpich2-1.4.1p1/src/mpid/common/locks -I/store/software/opendihu/dependencies/mpi/src/mpich2-1.4.1p1/src/mpid/common/locks -I/store/software/opendihu/dependencies/mpi/src/mpich2-1.4.1p1/src/mpid/ch3/channels/nemesis/include -I/store/software/opendihu/dependencies/mpi/src/mpich2-1.4.1p1/src/mpid/ch3/channels/nemesis/include -I/store/software/opendihu/dependencies/mpi/src/mpich2-1.4.1p1/src/mpid/ch3/channels/nemesis/nemesis/include -I/store/software/opendihu/dependencies/mpi/src/mpich2-1.4.1p1/src/mpid/ch3/channels/nemesis/nemesis/include -I/store/software/opendihu/dependencies/mpi/src/mpich2-1.4.1p1/src/mpid/ch3/channels/nemesis/nemesis/utils/monitor -I/store/software/opendihu/dependencies/mpi/src/mpich2-1.4.1p1/src/mpid/ch3/channels/nemesis/nemesis/utils/monitor -I/store/software/opendihu/dependencies/mpi/src/mpich2-1.4.1p1/src/util/wrappers -I/store/software/opendihu/dependencies/mpi/src/mpich2-1.4.1p1/src/util/wrappers conftest.c >&5
configure:3868: $? = 0
configure:3882: result: yes
configure:3886: checking assert.h presence
configure:3901: arm-linux-gnueabi-cpp  -I/store/software/opendihu/dependencies/mpi/src/mpich2-1.4.1p1/src/mpl/include -I/store/software/opendihu/dependencies/mpi/src/mpich2-1.4.1p1/src/mpl/include -I/store/software/opendihu/dependencies/mpi/src/mpich2-1.4.1p1/src/openpa/src -I/store/software/opendihu/dependencies/mpi/src/mpich2-1.4.1p1/src/openpa/src -I/store/software/opendihu/dependencies/mpi/src/mpich2-1.4.1p1/src/mpid/ch3/include -I/store/software/opendihu/dependencies/mpi/src/mpich2-1.4.1p1/src/mpid/ch3/include -I/store/software/opendihu/dependencies/mpi/src/mpich2-1.4.1p1/src/mpid/common/datatype -I/store/software/opendihu/dependencies/mpi/src/mpich2-1.4.1p1/src/mpid/common/datatype -I/store/software/opendihu/dependencies/mpi/src/mpich2-1.4.1p1/src/mpid/common/locks -I/store/software/opendihu/dependencies/mpi/src/mpich2-1.4.1p1/src/mpid/common/locks -I/store/software/opendihu/dependencies/mpi/src/mpich2-1.4.1p1/src/mpid/ch3/channels/nemesis/include -I/store/software/opendihu/dependencies/mpi/src/mpich2-1.4.1p1/src/mpid/ch3/channels/nemesis/include -I/store/software/opendihu/dependencies/mpi/src/mpich2-1.4.1p1/src/mpid/ch3/channels/nemesis/nemesis/include -I/store/software/opendihu/dependencies/mpi/src/mpich2-1.4.1p1/src/mpid/ch3/channels/nemesis/nemesis/include -I/store/software/opendihu/dependencies/mpi/src/mpich2-1.4.1p1/src/mpid/ch3/channels/nemesis/nemesis/utils/monitor -I/store/software/opendihu/dependencies/mpi/src/mpich2-1.4.1p1/src/mpid/ch3/channels/nemesis/nemesis/utils/monitor -I/store/software/opendihu/dependencies/mpi/src/mpich2-1.4.1p1/src/util/wrappers -I/store/software/opendihu/dependencies/mpi/src/mpich2-1.4.1p1/src/util/wrappers conftest.c
configure:3908: $? = 0
configure:3922: result: yes
configure:3950: checking for assert.h
configure:3959: result: yes
configure:3978: checking for snprintf
configure:4034: arm-linux-gnueabi-gcc -o conftest    -O2  -I/store/software/opendihu/dependencies/mpi/src/mpich2-1.4.1p1/src/mpl/include -I/store/software/opendihu/dependencies/mpi/src/mpich2-1.4.1p1/src/mpl/include -I/store/software/opendihu/dependencies/mpi/src/mpich2-1.4.1p1/src/openpa/src -I/store/software/opendihu/dependencies/mpi/src/mpich2-1.4.1p1/src/openpa/src -I/store/software/opendihu/dependencies/mpi/src/mpich2-1.4.1p1/src/mpid/ch3/include -I/store/software/opendihu/dependencies/mpi/src/mpich2-1.4.1p1/src/mpid/ch3/include -I/store/software/opendihu/dependencies/mpi/src/mpich2-1.4.1p1/src/mpid/common/datatype -I/store/software/opendihu/dependencies/mpi/src/mpich2-1.4.1p1/src/mpid/common/datatype -I/store/software/opendihu/dependencies/mpi/src/mpich2-1.4.1p1/src/mpid/common/locks -I/store/software/opendihu/dependencies/mpi/src/mpich2-1.4.1p1/src/mpid/common/locks -I/store/software/opendihu/dependencies/mpi/src/mpich2-1.4.1p1/src/mpid/ch3/channels/nemesis/include -I/store/software/opendihu/dependencies/mpi/src/mpich2-1.4.1p1/src/mpid/ch3/channels/nemesis/include -I/store/software/opendihu/dependencies/mpi/src/mpich2-1.4.1p1/src/mpid/ch3/channels/nemesis/nemesis/include -I/store/software/opendihu/dependencies/mpi/src/mpich2-1.4.1p1/src/mpid/ch3/channels/nemesis/nemesis/include -I/store/software/opendihu/dependencies/mpi/src/mpich2-1.4.1p1/src/mpid/ch3/channels/nemesis/nemesis/utils/monitor -I/store/software/opendihu/dependencies/mpi/src/mpich2-1.4.1p1/src/mpid/ch3/channels/nemesis/nemesis/utils/monitor -I/store/software/opendihu/dependencies/mpi/src/mpich2-1.4.1p1/src/util/wrappers -I/store/software/opendihu/dependencies/mpi/src/mpich2-1.4.1p1/src/util/wrappers   conftest.c -lrt -lpthread   >&5
conftest.c:47:6: warning: conflicting types for built-in function 'snprintf' [-Wbuiltin-declaration-mismatch]
 char snprintf ();
      ^~~~~~~~
configure:4041: $? = 0
configure:4063: result: yes
configure:4077: checking whether snprintf needs a declaration
configure:4105: arm-linux-gnueabi-gcc -c    -O2  -I/store/software/opendihu/dependencies/mpi/src/mpich2-1.4.1p1/src/mpl/include -I/store/software/opendihu/dependencies/mpi/src/mpich2-1.4.1p1/src/mpl/include -I/store/software/opendihu/dependencies/mpi/src/mpich2-1.4.1p1/src/openpa/src -I/store/software/opendihu/dependencies/mpi/src/mpich2-1.4.1p1/src/openpa/src -I/store/software/opendihu/dependencies/mpi/src/mpich2-1.4.1p1/src/mpid/ch3/include -I/store/software/opendihu/dependencies/mpi/src/mpich2-1.4.1p1/src/mpid/ch3/include -I/store/software/opendihu/dependencies/mpi/src/mpich2-1.4.1p1/src/mpid/common/datatype -I/store/software/opendihu/dependencies/mpi/src/mpich2-1.4.1p1/src/mpid/common/datatype -I/store/software/opendihu/dependencies/mpi/src/mpich2-1.4.1p1/src/mpid/common/locks -I/store/software/opendihu/dependencies/mpi/src/mpich2-1.4.1p1/src/mpid/common/locks -I/store/software/opendihu/dependencies/mpi/src/mpich2-1.4.1p1/src/mpid/ch3/channels/nemesis/include -I/store/software/opendihu/dependencies/mpi/src/mpich2-1.4.1p1/src/mpid/ch3/channels/nemesis/include -I/store/software/opendihu/dependencies/mpi/src/mpich2-1.4.1p1/src/mpid/ch3/channels/nemesis/nemesis/include -I/store/software/opendihu/dependencies/mpi/src/mpich2-1.4.1p1/src/mpid/ch3/channels/nemesis/nemesis/include -I/store/software/opendihu/dependencies/mpi/src/mpich2-1.4.1p1/src/mpid/ch3/channels/nemesis/nemesis/utils/monitor -I/store/software/opendihu/dependencies/mpi/src/mpich2-1.4.1p1/src/mpid/ch3/channels/nemesis/nemesis/utils/monitor -I/store/software/opendihu/dependencies/mpi/src/mpich2-1.4.1p1/src/util/wrappers -I/store/software/opendihu/dependencies/mpi/src/mpich2-1.4.1p1/src/util/wrappers conftest.c >&5
conftest.c:26:5: error: conflicting types for 'snprintf'
 int snprintf(double, int, double, const char *);
     ^~~~~~~~
In file included from /usr/arm-linux-gnueabi/include/features.h:424:0,
                 from /usr/arm-linux-gnueabi/include/bits/libc-header-start.h:33,
                 from /usr/arm-linux-gnueabi/include/stdio.h:27,
                 from conftest.c:25:
/usr/arm-linux-gnueabi/include/bits/stdio2.h:61:1: note: previous definition of 'snprintf' was here
 __NTH (snprintf (char *__restrict __s, size_t __n,
 ^
configure:4112: $? = 1
configure: failed program was:
| /* confdefs.h.  */
| #define PACKAGE_NAME ""
| #define PACKAGE_TARNAME ""
| #define PACKAGE_VERSION ""
| #define PACKAGE_STRING ""
| #define PACKAGE_BUGREPORT ""
| #define STDC_HEADERS 1
| #define HAVE_SYS_TYPES_H 1
| #define HAVE_SYS_STAT_H 1
| #define HAVE_STDLIB_H 1
| #define HAVE_STRING_H 1
| #define HAVE_MEMORY_H 1
| #define HAVE_STRINGS_H 1
| #define HAVE_INTTYPES_H 1
| #define HAVE_STDINT_H 1
| #define HAVE_UNISTD_H 1
| #define HAVE_UNISTD_H 1
| #define HAVE_STRING_H 1
| #define HAVE_STDLIB_H 1
| #define HAVE_SYS_SOCKET_H 1
| #define HAVE_STRINGS_H 1
| #define HAVE_ASSERT_H 1
| #define HAVE_SNPRINTF 1
| /* end confdefs.h.  */
| #include <stdio.h>
| int snprintf(double, int, double, const char *);
| int
| main ()
| {
| int a=snprintf(1.0,27,1.0,"foo");
|   ;
|   return 0;
| }
configure:4127: result: no
configure:4143: checking for strncasecmp
configure:4199: arm-linux-gnueabi-gcc -o conftest    -O2  -I/store/software/opendihu/dependencies/mpi/src/mpich2-1.4.1p1/src/mpl/include -I/store/software/opendihu/dependencies/mpi/src/mpich2-1.4.1p1/src/mpl/include -I/store/software/opendihu/dependencies/mpi/src/mpich2-1.4.1p1/src/openpa/src -I/store/software/opendihu/dependencies/mpi/src/mpich2-1.4.1p1/src/openpa/src -I/store/software/opendihu/dependencies/mpi/src/mpich2-1.4.1p1/src/mpid/ch3/include -I/store/software/opendihu/dependencies/mpi/src/mpich2-1.4.1p1/src/mpid/ch3/include -I/store/software/opendihu/dependencies/mpi/src/mpich2-1.4.1p1/src/mpid/common/datatype -I/store/software/opendihu/dependencies/mpi/src/mpich2-1.4.1p1/src/mpid/common/datatype -I/store/software/opendihu/dependencies/mpi/src/mpich2-1.4.1p1/src/mpid/common/locks -I/store/software/opendihu/dependencies/mpi/src/mpich2-1.4.1p1/src/mpid/common/locks -I/store/software/opendihu/dependencies/mpi/src/mpich2-1.4.1p1/src/mpid/ch3/channels/nemesis/include -I/store/software/opendihu/dependencies/mpi/src/mpich2-1.4.1p1/src/mpid/ch3/channels/nemesis/include -I/store/software/opendihu/dependencies/mpi/src/mpich2-1.4.1p1/src/mpid/ch3/channels/nemesis/nemesis/include -I/store/software/opendihu/dependencies/mpi/src/mpich2-1.4.1p1/src/mpid/ch3/channels/nemesis/nemesis/include -I/store/software/opendihu/dependencies/mpi/src/mpich2-1.4.1p1/src/mpid/ch3/channels/nemesis/nemesis/utils/monitor -I/store/software/opendihu/dependencies/mpi/src/mpich2-1.4.1p1/src/mpid/ch3/channels/nemesis/nemesis/utils/monitor -I/store/software/opendihu/dependencies/mpi/src/mpich2-1.4.1p1/src/util/wrappers -I/store/software/opendihu/dependencies/mpi/src/mpich2-1.4.1p1/src/util/wrappers   conftest.c -lrt -lpthread   >&5
conftest.c:48:6: warning: conflicting types for built-in function 'strncasecmp' [-Wbuiltin-declaration-mismatch]
 char strncasecmp ();
      ^~~~~~~~~~~
configure:4206: $? = 0
configure:4228: result: yes
configure:4271: checking for sys/types.h
configure:4278: result: yes
configure:4282: checking sys/param.h usability
configure:4299: arm-linux-gnueabi-gcc -c    -O2  -I/store/software/opendihu/dependencies/mpi/src/mpich2-1.4.1p1/src/mpl/include -I/store/software/opendihu/dependencies/mpi/src/mpich2-1.4.1p1/src/mpl/include -I/store/software/opendihu/dependencies/mpi/src/mpich2-1.4.1p1/src/openpa/src -I/store/software/opendihu/dependencies/mpi/src/mpich2-1.4.1p1/src/openpa/src -I/store/software/opendihu/dependencies/mpi/src/mpich2-1.4.1p1/src/mpid/ch3/include -I/store/software/opendihu/dependencies/mpi/src/mpich2-1.4.1p1/src/mpid/ch3/include -I/store/software/opendihu/dependencies/mpi/src/mpich2-1.4.1p1/src/mpid/common/datatype -I/store/software/opendihu/dependencies/mpi/src/mpich2-1.4.1p1/src/mpid/common/datatype -I/store/software/opendihu/dependencies/mpi/src/mpich2-1.4.1p1/src/mpid/common/locks -I/store/software/opendihu/dependencies/mpi/src/mpich2-1.4.1p1/src/mpid/common/locks -I/store/software/opendihu/dependencies/mpi/src/mpich2-1.4.1p1/src/mpid/ch3/channels/nemesis/include -I/store/software/opendihu/dependencies/mpi/src/mpich2-1.4.1p1/src/mpid/ch3/channels/nemesis/include -I/store/software/opendihu/dependencies/mpi/src/mpich2-1.4.1p1/src/mpid/ch3/channels/nemesis/nemesis/include -I/store/software/opendihu/dependencies/mpi/src/mpich2-1.4.1p1/src/mpid/ch3/channels/nemesis/nemesis/include -I/store/software/opendihu/dependencies/mpi/src/mpich2-1.4.1p1/src/mpid/ch3/channels/nemesis/nemesis/utils/monitor -I/store/software/opendihu/dependencies/mpi/src/mpich2-1.4.1p1/src/mpid/ch3/channels/nemesis/nemesis/utils/monitor -I/store/software/opendihu/dependencies/mpi/src/mpich2-1.4.1p1/src/util/wrappers -I/store/software/opendihu/dependencies/mpi/src/mpich2-1.4.1p1/src/util/wrappers conftest.c >&5
configure:4306: $? = 0
configure:4320: result: yes
configure:4324: checking sys/param.h presence
configure:4339: arm-linux-gnueabi-cpp  -I/store/software/opendihu/dependencies/mpi/src/mpich2-1.4.1p1/src/mpl/include -I/store/software/opendihu/dependencies/mpi/src/mpich2-1.4.1p1/src/mpl/include -I/store/software/opendihu/dependencies/mpi/src/mpich2-1.4.1p1/src/openpa/src -I/store/software/opendihu/dependencies/mpi/src/mpich2-1.4.1p1/src/openpa/src -I/store/software/opendihu/dependencies/mpi/src/mpich2-1.4.1p1/src/mpid/ch3/include -I/store/software/opendihu/dependencies/mpi/src/mpich2-1.4.1p1/src/mpid/ch3/include -I/store/software/opendihu/dependencies/mpi/src/mpich2-1.4.1p1/src/mpid/common/datatype -I/store/software/opendihu/dependencies/mpi/src/mpich2-1.4.1p1/src/mpid/common/datatype -I/store/software/opendihu/dependencies/mpi/src/mpich2-1.4.1p1/src/mpid/common/locks -I/store/software/opendihu/dependencies/mpi/src/mpich2-1.4.1p1/src/mpid/common/locks -I/store/software/opendihu/dependencies/mpi/src/mpich2-1.4.1p1/src/mpid/ch3/channels/nemesis/include -I/store/software/opendihu/dependencies/mpi/src/mpich2-1.4.1p1/src/mpid/ch3/channels/nemesis/include -I/store/software/opendihu/dependencies/mpi/src/mpich2-1.4.1p1/src/mpid/ch3/channels/nemesis/nemesis/include -I/store/software/opendihu/dependencies/mpi/src/mpich2-1.4.1p1/src/mpid/ch3/channels/nemesis/nemesis/include -I/store/software/opendihu/dependencies/mpi/src/mpich2-1.4.1p1/src/mpid/ch3/channels/nemesis/nemesis/utils/monitor -I/store/software/opendihu/dependencies/mpi/src/mpich2-1.4.1p1/src/mpid/ch3/channels/nemesis/nemesis/utils/monitor -I/store/software/opendihu/dependencies/mpi/src/mpich2-1.4.1p1/src/util/wrappers -I/store/software/opendihu/dependencies/mpi/src/mpich2-1.4.1p1/src/util/wrappers conftest.c
configure:4346: $? = 0
configure:4360: result: yes
configure:4388: checking for sys/param.h
configure:4397: result: yes
configure:4271: checking for sys/socket.h
configure:4278: result: yes
configure:4282: checking netinet/in.h usability
configure:4299: arm-linux-gnueabi-gcc -c    -O2  -I/store/software/opendihu/dependencies/mpi/src/mpich2-1.4.1p1/src/mpl/include -I/store/software/opendihu/dependencies/mpi/src/mpich2-1.4.1p1/src/mpl/include -I/store/software/opendihu/dependencies/mpi/src/mpich2-1.4.1p1/src/openpa/src -I/store/software/opendihu/dependencies/mpi/src/mpich2-1.4.1p1/src/openpa/src -I/store/software/opendihu/dependencies/mpi/src/mpich2-1.4.1p1/src/mpid/ch3/include -I/store/software/opendihu/dependencies/mpi/src/mpich2-1.4.1p1/src/mpid/ch3/include -I/store/software/opendihu/dependencies/mpi/src/mpich2-1.4.1p1/src/mpid/common/datatype -I/store/software/opendihu/dependencies/mpi/src/mpich2-1.4.1p1/src/mpid/common/datatype -I/store/software/opendihu/dependencies/mpi/src/mpich2-1.4.1p1/src/mpid/common/locks -I/store/software/opendihu/dependencies/mpi/src/mpich2-1.4.1p1/src/mpid/common/locks -I/store/software/opendihu/dependencies/mpi/src/mpich2-1.4.1p1/src/mpid/ch3/channels/nemesis/include -I/store/software/opendihu/dependencies/mpi/src/mpich2-1.4.1p1/src/mpid/ch3/channels/nemesis/include -I/store/software/opendihu/dependencies/mpi/src/mpich2-1.4.1p1/src/mpid/ch3/channels/nemesis/nemesis/include -I/store/software/opendihu/dependencies/mpi/src/mpich2-1.4.1p1/src/mpid/ch3/channels/nemesis/nemesis/include -I/store/software/opendihu/dependencies/mpi/src/mpich2-1.4.1p1/src/mpid/ch3/channels/nemesis/nemesis/utils/monitor -I/store/software/opendihu/dependencies/mpi/src/mpich2-1.4.1p1/src/mpid/ch3/channels/nemesis/nemesis/utils/monitor -I/store/software/opendihu/dependencies/mpi/src/mpich2-1.4.1p1/src/util/wrappers -I/store/software/opendihu/dependencies/mpi/src/mpich2-1.4.1p1/src/util/wrappers conftest.c >&5
configure:4306: $? = 0
configure:4320: result: yes
configure:4324: checking netinet/in.h presence
configure:4339: arm-linux-gnueabi-cpp  -I/store/software/opendihu/dependencies/mpi/src/mpich2-1.4.1p1/src/mpl/include -I/store/software/opendihu/dependencies/mpi/src/mpich2-1.4.1p1/src/mpl/include -I/store/software/opendihu/dependencies/mpi/src/mpich2-1.4.1p1/src/openpa/src -I/store/software/opendihu/dependencies/mpi/src/mpich2-1.4.1p1/src/openpa/src -I/store/software/opendihu/dependencies/mpi/src/mpich2-1.4.1p1/src/mpid/ch3/include -I/store/software/opendihu/dependencies/mpi/src/mpich2-1.4.1p1/src/mpid/ch3/include -I/store/software/opendihu/dependencies/mpi/src/mpich2-1.4.1p1/src/mpid/common/datatype -I/store/software/opendihu/dependencies/mpi/src/mpich2-1.4.1p1/src/mpid/common/datatype -I/store/software/opendihu/dependencies/mpi/src/mpich2-1.4.1p1/src/mpid/common/locks -I/store/software/opendihu/dependencies/mpi/src/mpich2-1.4.1p1/src/mpid/common/locks -I/store/software/opendihu/dependencies/mpi/src/mpich2-1.4.1p1/src/mpid/ch3/channels/nemesis/include -I/store/software/opendihu/dependencies/mpi/src/mpich2-1.4.1p1/src/mpid/ch3/channels/nemesis/include -I/store/software/opendihu/dependencies/mpi/src/mpich2-1.4.1p1/src/mpid/ch3/channels/nemesis/nemesis/include -I/store/software/opendihu/dependencies/mpi/src/mpich2-1.4.1p1/src/mpid/ch3/channels/nemesis/nemesis/include -I/store/software/opendihu/dependencies/mpi/src/mpich2-1.4.1p1/src/mpid/ch3/channels/nemesis/nemesis/utils/monitor -I/store/software/opendihu/dependencies/mpi/src/mpich2-1.4.1p1/src/mpid/ch3/channels/nemesis/nemesis/utils/monitor -I/store/software/opendihu/dependencies/mpi/src/mpich2-1.4.1p1/src/util/wrappers -I/store/software/opendihu/dependencies/mpi/src/mpich2-1.4.1p1/src/util/wrappers conftest.c
configure:4346: $? = 0
configure:4360: result: yes
configure:4388: checking for netinet/in.h
configure:4397: result: yes
configure:4282: checking netinet/tcp.h usability
configure:4299: arm-linux-gnueabi-gcc -c    -O2  -I/store/software/opendihu/dependencies/mpi/src/mpich2-1.4.1p1/src/mpl/include -I/store/software/opendihu/dependencies/mpi/src/mpich2-1.4.1p1/src/mpl/include -I/store/software/opendihu/dependencies/mpi/src/mpich2-1.4.1p1/src/openpa/src -I/store/software/opendihu/dependencies/mpi/src/mpich2-1.4.1p1/src/openpa/src -I/store/software/opendihu/dependencies/mpi/src/mpich2-1.4.1p1/src/mpid/ch3/include -I/store/software/opendihu/dependencies/mpi/src/mpich2-1.4.1p1/src/mpid/ch3/include -I/store/software/opendihu/dependencies/mpi/src/mpich2-1.4.1p1/src/mpid/common/datatype -I/store/software/opendihu/dependencies/mpi/src/mpich2-1.4.1p1/src/mpid/common/datatype -I/store/software/opendihu/dependencies/mpi/src/mpich2-1.4.1p1/src/mpid/common/locks -I/store/software/opendihu/dependencies/mpi/src/mpich2-1.4.1p1/src/mpid/common/locks -I/store/software/opendihu/dependencies/mpi/src/mpich2-1.4.1p1/src/mpid/ch3/channels/nemesis/include -I/store/software/opendihu/dependencies/mpi/src/mpich2-1.4.1p1/src/mpid/ch3/channels/nemesis/include -I/store/software/opendihu/dependencies/mpi/src/mpich2-1.4.1p1/src/mpid/ch3/channels/nemesis/nemesis/include -I/store/software/opendihu/dependencies/mpi/src/mpich2-1.4.1p1/src/mpid/ch3/channels/nemesis/nemesis/include -I/store/software/opendihu/dependencies/mpi/src/mpich2-1.4.1p1/src/mpid/ch3/channels/nemesis/nemesis/utils/monitor -I/store/software/opendihu/dependencies/mpi/src/mpich2-1.4.1p1/src/mpid/ch3/channels/nemesis/nemesis/utils/monitor -I/store/software/opendihu/dependencies/mpi/src/mpich2-1.4.1p1/src/util/wrappers -I/store/software/opendihu/dependencies/mpi/src/mpich2-1.4.1p1/src/util/wrappers conftest.c >&5
configure:4306: $? = 0
configure:4320: result: yes
configure:4324: checking netinet/tcp.h presence
configure:4339: arm-linux-gnueabi-cpp  -I/store/software/opendihu/dependencies/mpi/src/mpich2-1.4.1p1/src/mpl/include -I/store/software/opendihu/dependencies/mpi/src/mpich2-1.4.1p1/src/mpl/include -I/store/software/opendihu/dependencies/mpi/src/mpich2-1.4.1p1/src/openpa/src -I/store/software/opendihu/dependencies/mpi/src/mpich2-1.4.1p1/src/openpa/src -I/store/software/opendihu/dependencies/mpi/src/mpich2-1.4.1p1/src/mpid/ch3/include -I/store/software/opendihu/dependencies/mpi/src/mpich2-1.4.1p1/src/mpid/ch3/include -I/store/software/opendihu/dependencies/mpi/src/mpich2-1.4.1p1/src/mpid/common/datatype -I/store/software/opendihu/dependencies/mpi/src/mpich2-1.4.1p1/src/mpid/common/datatype -I/store/software/opendihu/dependencies/mpi/src/mpich2-1.4.1p1/src/mpid/common/locks -I/store/software/opendihu/dependencies/mpi/src/mpich2-1.4.1p1/src/mpid/common/locks -I/store/software/opendihu/dependencies/mpi/src/mpich2-1.4.1p1/src/mpid/ch3/channels/nemesis/include -I/store/software/opendihu/dependencies/mpi/src/mpich2-1.4.1p1/src/mpid/ch3/channels/nemesis/include -I/store/software/opendihu/dependencies/mpi/src/mpich2-1.4.1p1/src/mpid/ch3/channels/nemesis/nemesis/include -I/store/software/opendihu/dependencies/mpi/src/mpich2-1.4.1p1/src/mpid/ch3/channels/nemesis/nemesis/include -I/store/software/opendihu/dependencies/mpi/src/mpich2-1.4.1p1/src/mpid/ch3/channels/nemesis/nemesis/utils/monitor -I/store/software/opendihu/dependencies/mpi/src/mpich2-1.4.1p1/src/mpid/ch3/channels/nemesis/nemesis/utils/monitor -I/store/software/opendihu/dependencies/mpi/src/mpich2-1.4.1p1/src/util/wrappers -I/store/software/opendihu/dependencies/mpi/src/mpich2-1.4.1p1/src/util/wrappers conftest.c
configure:4346: $? = 0
configure:4360: result: yes
configure:4388: checking for netinet/tcp.h
configure:4397: result: yes
configure:4282: checking sys/un.h usability
configure:4299: arm-linux-gnueabi-gcc -c    -O2  -I/store/software/opendihu/dependencies/mpi/src/mpich2-1.4.1p1/src/mpl/include -I/store/software/opendihu/dependencies/mpi/src/mpich2-1.4.1p1/src/mpl/include -I/store/software/opendihu/dependencies/mpi/src/mpich2-1.4.1p1/src/openpa/src -I/store/software/opendihu/dependencies/mpi/src/mpich2-1.4.1p1/src/openpa/src -I/store/software/opendihu/dependencies/mpi/src/mpich2-1.4.1p1/src/mpid/ch3/include -I/store/software/opendihu/dependencies/mpi/src/mpich2-1.4.1p1/src/mpid/ch3/include -I/store/software/opendihu/dependencies/mpi/src/mpich2-1.4.1p1/src/mpid/common/datatype -I/store/software/opendihu/dependencies/mpi/src/mpich2-1.4.1p1/src/mpid/common/datatype -I/store/software/opendihu/dependencies/mpi/src/mpich2-1.4.1p1/src/mpid/common/locks -I/store/software/opendihu/dependencies/mpi/src/mpich2-1.4.1p1/src/mpid/common/locks -I/store/software/opendihu/dependencies/mpi/src/mpich2-1.4.1p1/src/mpid/ch3/channels/nemesis/include -I/store/software/opendihu/dependencies/mpi/src/mpich2-1.4.1p1/src/mpid/ch3/channels/nemesis/include -I/store/software/opendihu/dependencies/mpi/src/mpich2-1.4.1p1/src/mpid/ch3/channels/nemesis/nemesis/include -I/store/software/opendihu/dependencies/mpi/src/mpich2-1.4.1p1/src/mpid/ch3/channels/nemesis/nemesis/include -I/store/software/opendihu/dependencies/mpi/src/mpich2-1.4.1p1/src/mpid/ch3/channels/nemesis/nemesis/utils/monitor -I/store/software/opendihu/dependencies/mpi/src/mpich2-1.4.1p1/src/mpid/ch3/channels/nemesis/nemesis/utils/monitor -I/store/software/opendihu/dependencies/mpi/src/mpich2-1.4.1p1/src/util/wrappers -I/store/software/opendihu/dependencies/mpi/src/mpich2-1.4.1p1/src/util/wrappers conftest.c >&5
configure:4306: $? = 0
configure:4320: result: yes
configure:4324: checking sys/un.h presence
configure:4339: arm-linux-gnueabi-cpp  -I/store/software/opendihu/dependencies/mpi/src/mpich2-1.4.1p1/src/mpl/include -I/store/software/opendihu/dependencies/mpi/src/mpich2-1.4.1p1/src/mpl/include -I/store/software/opendihu/dependencies/mpi/src/mpich2-1.4.1p1/src/openpa/src -I/store/software/opendihu/dependencies/mpi/src/mpich2-1.4.1p1/src/openpa/src -I/store/software/opendihu/dependencies/mpi/src/mpich2-1.4.1p1/src/mpid/ch3/include -I/store/software/opendihu/dependencies/mpi/src/mpich2-1.4.1p1/src/mpid/ch3/include -I/store/software/opendihu/dependencies/mpi/src/mpich2-1.4.1p1/src/mpid/common/datatype -I/store/software/opendihu/dependencies/mpi/src/mpich2-1.4.1p1/src/mpid/common/datatype -I/store/software/opendihu/dependencies/mpi/src/mpich2-1.4.1p1/src/mpid/common/locks -I/store/software/opendihu/dependencies/mpi/src/mpich2-1.4.1p1/src/mpid/common/locks -I/store/software/opendihu/dependencies/mpi/src/mpich2-1.4.1p1/src/mpid/ch3/channels/nemesis/include -I/store/software/opendihu/dependencies/mpi/src/mpich2-1.4.1p1/src/mpid/ch3/channels/nemesis/include -I/store/software/opendihu/dependencies/mpi/src/mpich2-1.4.1p1/src/mpid/ch3/channels/nemesis/nemesis/include -I/store/software/opendihu/dependencies/mpi/src/mpich2-1.4.1p1/src/mpid/ch3/channels/nemesis/nemesis/include -I/store/software/opendihu/dependencies/mpi/src/mpich2-1.4.1p1/src/mpid/ch3/channels/nemesis/nemesis/utils/monitor -I/store/software/opendihu/dependencies/mpi/src/mpich2-1.4.1p1/src/mpid/ch3/channels/nemesis/nemesis/utils/monitor -I/store/software/opendihu/dependencies/mpi/src/mpich2-1.4.1p1/src/util/wrappers -I/store/software/opendihu/dependencies/mpi/src/mpich2-1.4.1p1/src/util/wrappers conftest.c
configure:4346: $? = 0
configure:4360: result: yes
configure:4388: checking for sys/un.h
configure:4397: result: yes
configure:4282: checking netdb.h usability
configure:4299: arm-linux-gnueabi-gcc -c    -O2  -I/store/software/opendihu/dependencies/mpi/src/mpich2-1.4.1p1/src/mpl/include -I/store/software/opendihu/dependencies/mpi/src/mpich2-1.4.1p1/src/mpl/include -I/store/software/opendihu/dependencies/mpi/src/mpich2-1.4.1p1/src/openpa/src -I/store/software/opendihu/dependencies/mpi/src/mpich2-1.4.1p1/src/openpa/src -I/store/software/opendihu/dependencies/mpi/src/mpich2-1.4.1p1/src/mpid/ch3/include -I/store/software/opendihu/dependencies/mpi/src/mpich2-1.4.1p1/src/mpid/ch3/include -I/store/software/opendihu/dependencies/mpi/src/mpich2-1.4.1p1/src/mpid/common/datatype -I/store/software/opendihu/dependencies/mpi/src/mpich2-1.4.1p1/src/mpid/common/datatype -I/store/software/opendihu/dependencies/mpi/src/mpich2-1.4.1p1/src/mpid/common/locks -I/store/software/opendihu/dependencies/mpi/src/mpich2-1.4.1p1/src/mpid/common/locks -I/store/software/opendihu/dependencies/mpi/src/mpich2-1.4.1p1/src/mpid/ch3/channels/nemesis/include -I/store/software/opendihu/dependencies/mpi/src/mpich2-1.4.1p1/src/mpid/ch3/channels/nemesis/include -I/store/software/opendihu/dependencies/mpi/src/mpich2-1.4.1p1/src/mpid/ch3/channels/nemesis/nemesis/include -I/store/software/opendihu/dependencies/mpi/src/mpich2-1.4.1p1/src/mpid/ch3/channels/nemesis/nemesis/include -I/store/software/opendihu/dependencies/mpi/src/mpich2-1.4.1p1/src/mpid/ch3/channels/nemesis/nemesis/utils/monitor -I/store/software/opendihu/dependencies/mpi/src/mpich2-1.4.1p1/src/mpid/ch3/channels/nemesis/nemesis/utils/monitor -I/store/software/opendihu/dependencies/mpi/src/mpich2-1.4.1p1/src/util/wrappers -I/store/software/opendihu/dependencies/mpi/src/mpich2-1.4.1p1/src/util/wrappers conftest.c >&5
configure:4306: $? = 0
configure:4320: result: yes
configure:4324: checking netdb.h presence
configure:4339: arm-linux-gnueabi-cpp  -I/store/software/opendihu/dependencies/mpi/src/mpich2-1.4.1p1/src/mpl/include -I/store/software/opendihu/dependencies/mpi/src/mpich2-1.4.1p1/src/mpl/include -I/store/software/opendihu/dependencies/mpi/src/mpich2-1.4.1p1/src/openpa/src -I/store/software/opendihu/dependencies/mpi/src/mpich2-1.4.1p1/src/openpa/src -I/store/software/opendihu/dependencies/mpi/src/mpich2-1.4.1p1/src/mpid/ch3/include -I/store/software/opendihu/dependencies/mpi/src/mpich2-1.4.1p1/src/mpid/ch3/include -I/store/software/opendihu/dependencies/mpi/src/mpich2-1.4.1p1/src/mpid/common/datatype -I/store/software/opendihu/dependencies/mpi/src/mpich2-1.4.1p1/src/mpid/common/datatype -I/store/software/opendihu/dependencies/mpi/src/mpich2-1.4.1p1/src/mpid/common/locks -I/store/software/opendihu/dependencies/mpi/src/mpich2-1.4.1p1/src/mpid/common/locks -I/store/software/opendihu/dependencies/mpi/src/mpich2-1.4.1p1/src/mpid/ch3/channels/nemesis/include -I/store/software/opendihu/dependencies/mpi/src/mpich2-1.4.1p1/src/mpid/ch3/channels/nemesis/include -I/store/software/opendihu/dependencies/mpi/src/mpich2-1.4.1p1/src/mpid/ch3/channels/nemesis/nemesis/include -I/store/software/opendihu/dependencies/mpi/src/mpich2-1.4.1p1/src/mpid/ch3/channels/nemesis/nemesis/include -I/store/software/opendihu/dependencies/mpi/src/mpich2-1.4.1p1/src/mpid/ch3/channels/nemesis/nemesis/utils/monitor -I/store/software/opendihu/dependencies/mpi/src/mpich2-1.4.1p1/src/mpid/ch3/channels/nemesis/nemesis/utils/monitor -I/store/software/opendihu/dependencies/mpi/src/mpich2-1.4.1p1/src/util/wrappers -I/store/software/opendihu/dependencies/mpi/src/mpich2-1.4.1p1/src/util/wrappers conftest.c
configure:4346: $? = 0
configure:4360: result: yes
configure:4388: checking for netdb.h
configure:4397: result: yes
configure:4414: checking for library containing socket
configure:4455: arm-linux-gnueabi-gcc -o conftest    -O2  -I/store/software/opendihu/dependencies/mpi/src/mpich2-1.4.1p1/src/mpl/include -I/store/software/opendihu/dependencies/mpi/src/mpich2-1.4.1p1/src/mpl/include -I/store/software/opendihu/dependencies/mpi/src/mpich2-1.4.1p1/src/openpa/src -I/store/software/opendihu/dependencies/mpi/src/mpich2-1.4.1p1/src/openpa/src -I/store/software/opendihu/dependencies/mpi/src/mpich2-1.4.1p1/src/mpid/ch3/include -I/store/software/opendihu/dependencies/mpi/src/mpich2-1.4.1p1/src/mpid/ch3/include -I/store/software/opendihu/dependencies/mpi/src/mpich2-1.4.1p1/src/mpid/common/datatype -I/store/software/opendihu/dependencies/mpi/src/mpich2-1.4.1p1/src/mpid/common/datatype -I/store/software/opendihu/dependencies/mpi/src/mpich2-1.4.1p1/src/mpid/common/locks -I/store/software/opendihu/dependencies/mpi/src/mpich2-1.4.1p1/src/mpid/common/locks -I/store/software/opendihu/dependencies/mpi/src/mpich2-1.4.1p1/src/mpid/ch3/channels/nemesis/include -I/store/software/opendihu/dependencies/mpi/src/mpich2-1.4.1p1/src/mpid/ch3/channels/nemesis/include -I/store/software/opendihu/dependencies/mpi/src/mpich2-1.4.1p1/src/mpid/ch3/channels/nemesis/nemesis/include -I/store/software/opendihu/dependencies/mpi/src/mpich2-1.4.1p1/src/mpid/ch3/channels/nemesis/nemesis/include -I/store/software/opendihu/dependencies/mpi/src/mpich2-1.4.1p1/src/mpid/ch3/channels/nemesis/nemesis/utils/monitor -I/store/software/opendihu/dependencies/mpi/src/mpich2-1.4.1p1/src/mpid/ch3/channels/nemesis/nemesis/utils/monitor -I/store/software/opendihu/dependencies/mpi/src/mpich2-1.4.1p1/src/util/wrappers -I/store/software/opendihu/dependencies/mpi/src/mpich2-1.4.1p1/src/util/wrappers   conftest.c -lrt -lpthread   >&5
configure:4462: $? = 0
configure:4493: result: none required
configure:4501: checking for library containing gethostbyname
configure:4542: arm-linux-gnueabi-gcc -o conftest    -O2  -I/store/software/opendihu/dependencies/mpi/src/mpich2-1.4.1p1/src/mpl/include -I/store/software/opendihu/dependencies/mpi/src/mpich2-1.4.1p1/src/mpl/include -I/store/software/opendihu/dependencies/mpi/src/mpich2-1.4.1p1/src/openpa/src -I/store/software/opendihu/dependencies/mpi/src/mpich2-1.4.1p1/src/openpa/src -I/store/software/opendihu/dependencies/mpi/src/mpich2-1.4.1p1/src/mpid/ch3/include -I/store/software/opendihu/dependencies/mpi/src/mpich2-1.4.1p1/src/mpid/ch3/include -I/store/software/opendihu/dependencies/mpi/src/mpich2-1.4.1p1/src/mpid/common/datatype -I/store/software/opendihu/dependencies/mpi/src/mpich2-1.4.1p1/src/mpid/common/datatype -I/store/software/opendihu/dependencies/mpi/src/mpich2-1.4.1p1/src/mpid/common/locks -I/store/software/opendihu/dependencies/mpi/src/mpich2-1.4.1p1/src/mpid/common/locks -I/store/software/opendihu/dependencies/mpi/src/mpich2-1.4.1p1/src/mpid/ch3/channels/nemesis/include -I/store/software/opendihu/dependencies/mpi/src/mpich2-1.4.1p1/src/mpid/ch3/channels/nemesis/include -I/store/software/opendihu/dependencies/mpi/src/mpich2-1.4.1p1/src/mpid/ch3/channels/nemesis/nemesis/include -I/store/software/opendihu/dependencies/mpi/src/mpich2-1.4.1p1/src/mpid/ch3/channels/nemesis/nemesis/include -I/store/software/opendihu/dependencies/mpi/src/mpich2-1.4.1p1/src/mpid/ch3/channels/nemesis/nemesis/utils/monitor -I/store/software/opendihu/dependencies/mpi/src/mpich2-1.4.1p1/src/mpid/ch3/channels/nemesis/nemesis/utils/monitor -I/store/software/opendihu/dependencies/mpi/src/mpich2-1.4.1p1/src/util/wrappers -I/store/software/opendihu/dependencies/mpi/src/mpich2-1.4.1p1/src/util/wrappers   conftest.c -lrt -lpthread   >&5
configure:4549: $? = 0
configure:4580: result: none required
configure:4595: checking for socket
configure:4651: arm-linux-gnueabi-gcc -o conftest    -O2  -I/store/software/opendihu/dependencies/mpi/src/mpich2-1.4.1p1/src/mpl/include -I/store/software/opendihu/dependencies/mpi/src/mpich2-1.4.1p1/src/mpl/include -I/store/software/opendihu/dependencies/mpi/src/mpich2-1.4.1p1/src/openpa/src -I/store/software/opendihu/dependencies/mpi/src/mpich2-1.4.1p1/src/openpa/src -I/store/software/opendihu/dependencies/mpi/src/mpich2-1.4.1p1/src/mpid/ch3/include -I/store/software/opendihu/dependencies/mpi/src/mpich2-1.4.1p1/src/mpid/ch3/include -I/store/software/opendihu/dependencies/mpi/src/mpich2-1.4.1p1/src/mpid/common/datatype -I/store/software/opendihu/dependencies/mpi/src/mpich2-1.4.1p1/src/mpid/common/datatype -I/store/software/opendihu/dependencies/mpi/src/mpich2-1.4.1p1/src/mpid/common/locks -I/store/software/opendihu/dependencies/mpi/src/mpich2-1.4.1p1/src/mpid/common/locks -I/store/software/opendihu/dependencies/mpi/src/mpich2-1.4.1p1/src/mpid/ch3/channels/nemesis/include -I/store/software/opendihu/dependencies/mpi/src/mpich2-1.4.1p1/src/mpid/ch3/channels/nemesis/include -I/store/software/opendihu/dependencies/mpi/src/mpich2-1.4.1p1/src/mpid/ch3/channels/nemesis/nemesis/include -I/store/software/opendihu/dependencies/mpi/src/mpich2-1.4.1p1/src/mpid/ch3/channels/nemesis/nemesis/include -I/store/software/opendihu/dependencies/mpi/src/mpich2-1.4.1p1/src/mpid/ch3/channels/nemesis/nemesis/utils/monitor -I/store/software/opendihu/dependencies/mpi/src/mpich2-1.4.1p1/src/mpid/ch3/channels/nemesis/nemesis/utils/monitor -I/store/software/opendihu/dependencies/mpi/src/mpich2-1.4.1p1/src/util/wrappers -I/store/software/opendihu/dependencies/mpi/src/mpich2-1.4.1p1/src/util/wrappers   conftest.c -lrt -lpthread   >&5
configure:4658: $? = 0
configure:4680: result: yes
configure:4595: checking for setsockopt
configure:4651: arm-linux-gnueabi-gcc -o conftest    -O2  -I/store/software/opendihu/dependencies/mpi/src/mpich2-1.4.1p1/src/mpl/include -I/store/software/opendihu/dependencies/mpi/src/mpich2-1.4.1p1/src/mpl/include -I/store/software/opendihu/dependencies/mpi/src/mpich2-1.4.1p1/src/openpa/src -I/store/software/opendihu/dependencies/mpi/src/mpich2-1.4.1p1/src/openpa/src -I/store/software/opendihu/dependencies/mpi/src/mpich2-1.4.1p1/src/mpid/ch3/include -I/store/software/opendihu/dependencies/mpi/src/mpich2-1.4.1p1/src/mpid/ch3/include -I/store/software/opendihu/dependencies/mpi/src/mpich2-1.4.1p1/src/mpid/common/datatype -I/store/software/opendihu/dependencies/mpi/src/mpich2-1.4.1p1/src/mpid/common/datatype -I/store/software/opendihu/dependencies/mpi/src/mpich2-1.4.1p1/src/mpid/common/locks -I/store/software/opendihu/dependencies/mpi/src/mpich2-1.4.1p1/src/mpid/common/locks -I/store/software/opendihu/dependencies/mpi/src/mpich2-1.4.1p1/src/mpid/ch3/channels/nemesis/include -I/store/software/opendihu/dependencies/mpi/src/mpich2-1.4.1p1/src/mpid/ch3/channels/nemesis/include -I/store/software/opendihu/dependencies/mpi/src/mpich2-1.4.1p1/src/mpid/ch3/channels/nemesis/nemesis/include -I/store/software/opendihu/dependencies/mpi/src/mpich2-1.4.1p1/src/mpid/ch3/channels/nemesis/nemesis/include -I/store/software/opendihu/dependencies/mpi/src/mpich2-1.4.1p1/src/mpid/ch3/channels/nemesis/nemesis/utils/monitor -I/store/software/opendihu/dependencies/mpi/src/mpich2-1.4.1p1/src/mpid/ch3/channels/nemesis/nemesis/utils/monitor -I/store/software/opendihu/dependencies/mpi/src/mpich2-1.4.1p1/src/util/wrappers -I/store/software/opendihu/dependencies/mpi/src/mpich2-1.4.1p1/src/util/wrappers   conftest.c -lrt -lpthread   >&5
configure:4658: $? = 0
configure:4680: result: yes
configure:4595: checking for gethostbyname
configure:4651: arm-linux-gnueabi-gcc -o conftest    -O2  -I/store/software/opendihu/dependencies/mpi/src/mpich2-1.4.1p1/src/mpl/include -I/store/software/opendihu/dependencies/mpi/src/mpich2-1.4.1p1/src/mpl/include -I/store/software/opendihu/dependencies/mpi/src/mpich2-1.4.1p1/src/openpa/src -I/store/software/opendihu/dependencies/mpi/src/mpich2-1.4.1p1/src/openpa/src -I/store/software/opendihu/dependencies/mpi/src/mpich2-1.4.1p1/src/mpid/ch3/include -I/store/software/opendihu/dependencies/mpi/src/mpich2-1.4.1p1/src/mpid/ch3/include -I/store/software/opendihu/dependencies/mpi/src/mpich2-1.4.1p1/src/mpid/common/datatype -I/store/software/opendihu/dependencies/mpi/src/mpich2-1.4.1p1/src/mpid/common/datatype -I/store/software/opendihu/dependencies/mpi/src/mpich2-1.4.1p1/src/mpid/common/locks -I/store/software/opendihu/dependencies/mpi/src/mpich2-1.4.1p1/src/mpid/common/locks -I/store/software/opendihu/dependencies/mpi/src/mpich2-1.4.1p1/src/mpid/ch3/channels/nemesis/include -I/store/software/opendihu/dependencies/mpi/src/mpich2-1.4.1p1/src/mpid/ch3/channels/nemesis/include -I/store/software/opendihu/dependencies/mpi/src/mpich2-1.4.1p1/src/mpid/ch3/channels/nemesis/nemesis/include -I/store/software/opendihu/dependencies/mpi/src/mpich2-1.4.1p1/src/mpid/ch3/channels/nemesis/nemesis/include -I/store/software/opendihu/dependencies/mpi/src/mpich2-1.4.1p1/src/mpid/ch3/channels/nemesis/nemesis/utils/monitor -I/store/software/opendihu/dependencies/mpi/src/mpich2-1.4.1p1/src/mpid/ch3/channels/nemesis/nemesis/utils/monitor -I/store/software/opendihu/dependencies/mpi/src/mpich2-1.4.1p1/src/util/wrappers -I/store/software/opendihu/dependencies/mpi/src/mpich2-1.4.1p1/src/util/wrappers   conftest.c -lrt -lpthread   >&5
configure:4658: $? = 0
configure:4680: result: yes
configure:4710: checking whether socklen_t is defined (in sys/socket.h if present)
configure:4743: arm-linux-gnueabi-gcc -c    -O2  -I/store/software/opendihu/dependencies/mpi/src/mpich2-1.4.1p1/src/mpl/include -I/store/software/opendihu/dependencies/mpi/src/mpich2-1.4.1p1/src/mpl/include -I/store/software/opendihu/dependencies/mpi/src/mpich2-1.4.1p1/src/openpa/src -I/store/software/opendihu/dependencies/mpi/src/mpich2-1.4.1p1/src/openpa/src -I/store/software/opendihu/dependencies/mpi/src/mpich2-1.4.1p1/src/mpid/ch3/include -I/store/software/opendihu/dependencies/mpi/src/mpich2-1.4.1p1/src/mpid/ch3/include -I/store/software/opendihu/dependencies/mpi/src/mpich2-1.4.1p1/src/mpid/common/datatype -I/store/software/opendihu/dependencies/mpi/src/mpich2-1.4.1p1/src/mpid/common/datatype -I/store/software/opendihu/dependencies/mpi/src/mpich2-1.4.1p1/src/mpid/common/locks -I/store/software/opendihu/dependencies/mpi/src/mpich2-1.4.1p1/src/mpid/common/locks -I/store/software/opendihu/dependencies/mpi/src/mpich2-1.4.1p1/src/mpid/ch3/channels/nemesis/include -I/store/software/opendihu/dependencies/mpi/src/mpich2-1.4.1p1/src/mpid/ch3/channels/nemesis/include -I/store/software/opendihu/dependencies/mpi/src/mpich2-1.4.1p1/src/mpid/ch3/channels/nemesis/nemesis/include -I/store/software/opendihu/dependencies/mpi/src/mpich2-1.4.1p1/src/mpid/ch3/channels/nemesis/nemesis/include -I/store/software/opendihu/dependencies/mpi/src/mpich2-1.4.1p1/src/mpid/ch3/channels/nemesis/nemesis/utils/monitor -I/store/software/opendihu/dependencies/mpi/src/mpich2-1.4.1p1/src/mpid/ch3/channels/nemesis/nemesis/utils/monitor -I/store/software/opendihu/dependencies/mpi/src/mpich2-1.4.1p1/src/util/wrappers -I/store/software/opendihu/dependencies/mpi/src/mpich2-1.4.1p1/src/util/wrappers conftest.c >&5
conftest.c:43:37: error: conflicting types for 'socklen_t'
 typedef struct { double a; int b; } socklen_t;
                                     ^~~~~~~~~
In file included from /usr/arm-linux-gnueabi/include/sys/socket.h:33:0,
                 from conftest.c:40:
/usr/arm-linux-gnueabi/include/bits/socket.h:33:21: note: previous declaration of 'socklen_t' was here
 typedef __socklen_t socklen_t;
                     ^~~~~~~~~
configure:4750: $? = 1
configure: failed program was:
| /* confdefs.h.  */
| #define PACKAGE_NAME ""
| #define PACKAGE_TARNAME ""
| #define PACKAGE_VERSION ""
| #define PACKAGE_STRING ""
| #define PACKAGE_BUGREPORT ""
| #define STDC_HEADERS 1
| #define HAVE_SYS_TYPES_H 1
| #define HAVE_SYS_STAT_H 1
| #define HAVE_STDLIB_H 1
| #define HAVE_STRING_H 1
| #define HAVE_MEMORY_H 1
| #define HAVE_STRINGS_H 1
| #define HAVE_INTTYPES_H 1
| #define HAVE_STDINT_H 1
| #define HAVE_UNISTD_H 1
| #define HAVE_UNISTD_H 1
| #define HAVE_STRING_H 1
| #define HAVE_STDLIB_H 1
| #define HAVE_SYS_SOCKET_H 1
| #define HAVE_STRINGS_H 1
| #define HAVE_ASSERT_H 1
| #define HAVE_SNPRINTF 1
| #define HAVE_STRNCASECMP 1
| #define HAVE_SYS_TYPES_H 1
| #define HAVE_SYS_PARAM_H 1
| #define HAVE_SYS_SOCKET_H 1
| #define HAVE_NETINET_IN_H 1
| #define HAVE_NETINET_TCP_H 1
| #define HAVE_SYS_UN_H 1
| #define HAVE_NETDB_H 1
| #define HAVE_SOCKET 1
| #define HAVE_SETSOCKOPT 1
| #define HAVE_GETHOSTBYNAME 1
| #define USE_PMI_PORT 1
| /* end confdefs.h.  */
| 
| #include <sys/types.h>
| #ifdef HAVE_SYS_SOCKET_H
| #include <sys/socket.h>
| #endif
| 
| typedef struct { double a; int b; } socklen_t;
| int
| main ()
| {
| socklen_t a;a.a=1.0;
|   ;
|   return 0;
| }
configure:4765: result: yes
configure:4775: checking whether struct hostent contains h_addr_list
configure:4803: arm-linux-gnueabi-gcc -c    -O2  -I/store/software/opendihu/dependencies/mpi/src/mpich2-1.4.1p1/src/mpl/include -I/store/software/opendihu/dependencies/mpi/src/mpich2-1.4.1p1/src/mpl/include -I/store/software/opendihu/dependencies/mpi/src/mpich2-1.4.1p1/src/openpa/src -I/store/software/opendihu/dependencies/mpi/src/mpich2-1.4.1p1/src/openpa/src -I/store/software/opendihu/dependencies/mpi/src/mpich2-1.4.1p1/src/mpid/ch3/include -I/store/software/opendihu/dependencies/mpi/src/mpich2-1.4.1p1/src/mpid/ch3/include -I/store/software/opendihu/dependencies/mpi/src/mpich2-1.4.1p1/src/mpid/common/datatype -I/store/software/opendihu/dependencies/mpi/src/mpich2-1.4.1p1/src/mpid/common/datatype -I/store/software/opendihu/dependencies/mpi/src/mpich2-1.4.1p1/src/mpid/common/locks -I/store/software/opendihu/dependencies/mpi/src/mpich2-1.4.1p1/src/mpid/common/locks -I/store/software/opendihu/dependencies/mpi/src/mpich2-1.4.1p1/src/mpid/ch3/channels/nemesis/include -I/store/software/opendihu/dependencies/mpi/src/mpich2-1.4.1p1/src/mpid/ch3/channels/nemesis/include -I/store/software/opendihu/dependencies/mpi/src/mpich2-1.4.1p1/src/mpid/ch3/channels/nemesis/nemesis/include -I/store/software/opendihu/dependencies/mpi/src/mpich2-1.4.1p1/src/mpid/ch3/channels/nemesis/nemesis/include -I/store/software/opendihu/dependencies/mpi/src/mpich2-1.4.1p1/src/mpid/ch3/channels/nemesis/nemesis/utils/monitor -I/store/software/opendihu/dependencies/mpi/src/mpich2-1.4.1p1/src/mpid/ch3/channels/nemesis/nemesis/utils/monitor -I/store/software/opendihu/dependencies/mpi/src/mpich2-1.4.1p1/src/util/wrappers -I/store/software/opendihu/dependencies/mpi/src/mpich2-1.4.1p1/src/util/wrappers conftest.c >&5
configure:4810: $? = 0
configure:4825: result: yes
configure:4838: checking whether __attribute__ allowed
configure:4865: arm-linux-gnueabi-gcc -c    -O2  -I/store/software/opendihu/dependencies/mpi/src/mpich2-1.4.1p1/src/mpl/include -I/store/software/opendihu/dependencies/mpi/src/mpich2-1.4.1p1/src/mpl/include -I/store/software/opendihu/dependencies/mpi/src/mpich2-1.4.1p1/src/openpa/src -I/store/software/opendihu/dependencies/mpi/src/mpich2-1.4.1p1/src/openpa/src -I/store/software/opendihu/dependencies/mpi/src/mpich2-1.4.1p1/src/mpid/ch3/include -I/store/software/opendihu/dependencies/mpi/src/mpich2-1.4.1p1/src/mpid/ch3/include -I/store/software/opendihu/dependencies/mpi/src/mpich2-1.4.1p1/src/mpid/common/datatype -I/store/software/opendihu/dependencies/mpi/src/mpich2-1.4.1p1/src/mpid/common/datatype -I/store/software/opendihu/dependencies/mpi/src/mpich2-1.4.1p1/src/mpid/common/locks -I/store/software/opendihu/dependencies/mpi/src/mpich2-1.4.1p1/src/mpid/common/locks -I/store/software/opendihu/dependencies/mpi/src/mpich2-1.4.1p1/src/mpid/ch3/channels/nemesis/include -I/store/software/opendihu/dependencies/mpi/src/mpich2-1.4.1p1/src/mpid/ch3/channels/nemesis/include -I/store/software/opendihu/dependencies/mpi/src/mpich2-1.4.1p1/src/mpid/ch3/channels/nemesis/nemesis/include -I/store/software/opendihu/dependencies/mpi/src/mpich2-1.4.1p1/src/mpid/ch3/channels/nemesis/nemesis/include -I/store/software/opendihu/dependencies/mpi/src/mpich2-1.4.1p1/src/mpid/ch3/channels/nemesis/nemesis/utils/monitor -I/store/software/opendihu/dependencies/mpi/src/mpich2-1.4.1p1/src/mpid/ch3/channels/nemesis/nemesis/utils/monitor -I/store/software/opendihu/dependencies/mpi/src/mpich2-1.4.1p1/src/util/wrappers -I/store/software/opendihu/dependencies/mpi/src/mpich2-1.4.1p1/src/util/wrappers conftest.c >&5
configure:4872: $? = 0
configure:4887: result: yes
configure:4889: checking whether __attribute__((format)) allowed
configure:4916: arm-linux-gnueabi-gcc -c    -O2  -I/store/software/opendihu/dependencies/mpi/src/mpich2-1.4.1p1/src/mpl/include -I/store/software/opendihu/dependencies/mpi/src/mpich2-1.4.1p1/src/mpl/include -I/store/software/opendihu/dependencies/mpi/src/mpich2-1.4.1p1/src/openpa/src -I/store/software/opendihu/dependencies/mpi/src/mpich2-1.4.1p1/src/openpa/src -I/store/software/opendihu/dependencies/mpi/src/mpich2-1.4.1p1/src/mpid/ch3/include -I/store/software/opendihu/dependencies/mpi/src/mpich2-1.4.1p1/src/mpid/ch3/include -I/store/software/opendihu/dependencies/mpi/src/mpich2-1.4.1p1/src/mpid/common/datatype -I/store/software/opendihu/dependencies/mpi/src/mpich2-1.4.1p1/src/mpid/common/datatype -I/store/software/opendihu/dependencies/mpi/src/mpich2-1.4.1p1/src/mpid/common/locks -I/store/software/opendihu/dependencies/mpi/src/mpich2-1.4.1p1/src/mpid/common/locks -I/store/software/opendihu/dependencies/mpi/src/mpich2-1.4.1p1/src/mpid/ch3/channels/nemesis/include -I/store/software/opendihu/dependencies/mpi/src/mpich2-1.4.1p1/src/mpid/ch3/channels/nemesis/include -I/store/software/opendihu/dependencies/mpi/src/mpich2-1.4.1p1/src/mpid/ch3/channels/nemesis/nemesis/include -I/store/software/opendihu/dependencies/mpi/src/mpich2-1.4.1p1/src/mpid/ch3/channels/nemesis/nemesis/include -I/store/software/opendihu/dependencies/mpi/src/mpich2-1.4.1p1/src/mpid/ch3/channels/nemesis/nemesis/utils/monitor -I/store/software/opendihu/dependencies/mpi/src/mpich2-1.4.1p1/src/mpid/ch3/channels/nemesis/nemesis/utils/monitor -I/store/software/opendihu/dependencies/mpi/src/mpich2-1.4.1p1/src/util/wrappers -I/store/software/opendihu/dependencies/mpi/src/mpich2-1.4.1p1/src/util/wrappers conftest.c >&5
configure:4923: $? = 0
configure:4938: result: yes
configure:5101: creating ./config.status

## ---------------------- ##
## Running config.status. ##
## ---------------------- ##

This file was extended by config.status, which was
generated by GNU Autoconf 2.63.  Invocation command line was

  CONFIG_FILES    = 
  CONFIG_HEADERS  = 
  CONFIG_LINKS    = 
  CONFIG_COMMANDS = 
  $ ./config.status 

on lapsgs05

config.status:5961: creating Makefile
config.status:5961: creating localdefs
config.status:5961: creating pmiconf.h
config.status:6178: pmiconf.h is unchanged

## ---------------- ##
## Cache variables. ##
## ---------------- ##

ac_cv_c_compiler_gnu='yes'
ac_cv_env_CC_set='set'
ac_cv_env_CC_value='arm-linux-gnueabi-gcc'
ac_cv_env_CFLAGS_set='set'
ac_cv_env_CFLAGS_value='   -O2'
ac_cv_env_CPPFLAGS_set='set'
ac_cv_env_CPPFLAGS_value=' -I/store/software/opendihu/dependencies/mpi/src/mpich2-1.4.1p1/src/mpl/include -I/store/software/opendihu/dependencies/mpi/src/mpich2-1.4.1p1/src/mpl/include -I/store/software/opendihu/dependencies/mpi/src/mpich2-1.4.1p1/src/openpa/src -I/store/software/opendihu/dependencies/mpi/src/mpich2-1.4.1p1/src/openpa/src -I/store/software/opendihu/dependencies/mpi/src/mpich2-1.4.1p1/src/mpid/ch3/include -I/store/software/opendihu/dependencies/mpi/src/mpich2-1.4.1p1/src/mpid/ch3/include -I/store/software/opendihu/dependencies/mpi/src/mpich2-1.4.1p1/src/mpid/common/datatype -I/store/software/opendihu/dependencies/mpi/src/mpich2-1.4.1p1/src/mpid/common/datatype -I/store/software/opendihu/dependencies/mpi/src/mpich2-1.4.1p1/src/mpid/common/locks -I/store/software/opendihu/dependencies/mpi/src/mpich2-1.4.1p1/src/mpid/common/locks -I/store/software/opendihu/dependencies/mpi/src/mpich2-1.4.1p1/src/mpid/ch3/channels/nemesis/include -I/store/software/opendihu/dependencies/mpi/src/mpich2-1.4.1p1/src/mpid/ch3/channels/nemesis/include -I/store/software/opendihu/dependencies/mpi/src/mpich2-1.4.1p1/src/mpid/ch3/channels/nemesis/nemesis/include -I/store/software/opendihu/dependencies/mpi/src/mpich2-1.4.1p1/src/mpid/ch3/channels/nemesis/nemesis/include -I/store/software/opendihu/dependencies/mpi/src/mpich2-1.4.1p1/src/mpid/ch3/channels/nemesis/nemesis/utils/monitor -I/store/software/opendihu/dependencies/mpi/src/mpich2-1.4.1p1/src/mpid/ch3/channels/nemesis/nemesis/utils/monitor -I/store/software/opendihu/dependencies/mpi/src/mpich2-1.4.1p1/src/util/wrappers -I/store/software/opendihu/dependencies/mpi/src/mpich2-1.4.1p1/src/util/wrappers'
ac_cv_env_CPP_set='set'
ac_cv_env_CPP_value='arm-linux-gnueabi-cpp'
ac_cv_env_LDFLAGS_set='set'
ac_cv_env_LDFLAGS_value=' '
ac_cv_env_LIBS_set='set'
ac_cv_env_LIBS_value='-lrt -lpthread  '
ac_cv_env_build_alias_set=''
ac_cv_env_build_alias_value=''
ac_cv_env_host_alias_set='set'
ac_cv_env_host_alias_value='arm-linux-gnueabi'
ac_cv_env_target_alias_set='set'
ac_cv_env_target_alias_value='arm-linux-gnueabi'
ac_cv_func_gethostbyname='yes'
ac_cv_func_setsockopt='yes'
ac_cv_func_snprintf='yes'
ac_cv_func_socket='yes'
ac_cv_func_strncasecmp='yes'
ac_cv_header_assert_h='yes'
ac_cv_header_inttypes_h='yes'
ac_cv_header_memory_h='yes'
ac_cv_header_netdb_h='yes'
ac_cv_header_netinet_in_h='yes'
ac_cv_header_netinet_tcp_h='yes'
ac_cv_header_stdc='yes'
ac_cv_header_stdint_h='yes'
ac_cv_header_stdlib_h='yes'
ac_cv_header_string_h='yes'
ac_cv_header_strings_h='yes'
ac_cv_header_sys_param_h='yes'
ac_cv_header_sys_socket_h='yes'
ac_cv_header_sys_stat_h='yes'
ac_cv_header_sys_types_h='yes'
ac_cv_header_sys_un_h='yes'
ac_cv_header_unistd_h='yes'
ac_cv_objext='o'
ac_cv_path_EGREP='/bin/grep -E'
ac_cv_path_GREP='/bin/grep'
ac_cv_prog_CC='arm-linux-gnueabi-gcc'
ac_cv_prog_CPP='arm-linux-gnueabi-cpp'
ac_cv_prog_MAKE='make'
ac_cv_prog_cc_c89=''
ac_cv_prog_cc_g='yes'
ac_cv_search_gethostbyname='none required'
ac_cv_search_socket='none required'
pac_cv_func_decl_snprintf='no'
pac_cv_gnu_attr_format='yes'
pac_cv_gnu_attr_pure='yes'
pac_cv_have_haddr_list='yes'
pac_cv_have_socklen_t='yes'
pac_cv_my_conf_dir='/store/software/opendihu/dependencies/mpi/src/mpich2-1.4.1p1/src/pmi/simple'
pac_cv_prog_make_allows_comments='yes'
pac_cv_prog_make_found_clock_skew='no'
pac_cv_prog_make_include='yes'
pac_cv_prog_make_set_cflags='yes'
pac_cv_prog_make_vpath='VPATH'

## ----------------- ##
## Output variables. ##
## ----------------- ##

AR='arm-linux-gnueabi-ar'
AR_FLAGS='cr'
CC='arm-linux-gnueabi-gcc'
CC_SHL='arm-linux-gnueabi-gcc -fPIC'
CFLAGS='   -O2'
CPP='arm-linux-gnueabi-cpp'
CPPFLAGS=' -I/store/software/opendihu/dependencies/mpi/src/mpich2-1.4.1p1/src/mpl/include -I/store/software/opendihu/dependencies/mpi/src/mpich2-1.4.1p1/src/mpl/include -I/store/software/opendihu/dependencies/mpi/src/mpich2-1.4.1p1/src/openpa/src -I/store/software/opendihu/dependencies/mpi/src/mpich2-1.4.1p1/src/openpa/src -I/store/software/opendihu/dependencies/mpi/src/mpich2-1.4.1p1/src/mpid/ch3/include -I/store/software/opendihu/dependencies/mpi/src/mpich2-1.4.1p1/src/mpid/ch3/include -I/store/software/opendihu/dependencies/mpi/src/mpich2-1.4.1p1/src/mpid/common/datatype -I/store/software/opendihu/dependencies/mpi/src/mpich2-1.4.1p1/src/mpid/common/datatype -I/store/software/opendihu/dependencies/mpi/src/mpich2-1.4.1p1/src/mpid/common/locks -I/store/software/opendihu/dependencies/mpi/src/mpich2-1.4.1p1/src/mpid/common/locks -I/store/software/opendihu/dependencies/mpi/src/mpich2-1.4.1p1/src/mpid/ch3/channels/nemesis/include -I/store/software/opendihu/dependencies/mpi/src/mpich2-1.4.1p1/src/mpid/ch3/channels/nemesis/include -I/store/software/opendihu/dependencies/mpi/src/mpich2-1.4.1p1/src/mpid/ch3/channels/nemesis/nemesis/include -I/store/software/opendihu/dependencies/mpi/src/mpich2-1.4.1p1/src/mpid/ch3/channels/nemesis/nemesis/include -I/store/software/opendihu/dependencies/mpi/src/mpich2-1.4.1p1/src/mpid/ch3/channels/nemesis/nemesis/utils/monitor -I/store/software/opendihu/dependencies/mpi/src/mpich2-1.4.1p1/src/mpid/ch3/channels/nemesis/nemesis/utils/monitor -I/store/software/opendihu/dependencies/mpi/src/mpich2-1.4.1p1/src/util/wrappers -I/store/software/opendihu/dependencies/mpi/src/mpich2-1.4.1p1/src/util/wrappers'
C_LINK_SHL='${CC} -shared'
DEFS='-DHAVE_CONFIG_H'
ECHO_C=''
ECHO_N='-n'
ECHO_T=''
EGREP='/bin/grep -E'
ENABLE_SHLIB='gcc'
ETAGS=''
ETAGSADD=''
EXEEXT=''
GREP='/bin/grep'
LDFLAGS=' '
LIBOBJS=''
LIBS='-lrt -lpthread  '
LIBTOOL=''
LTLIBOBJS=''
MAKE='make'
MAKE_DEPEND_C='gcc -MM'
MPILIBNAME='mpich'
OBJEXT='o'
PACKAGE_BUGREPORT=''
PACKAGE_NAME=''
PACKAGE_STRING=''
PACKAGE_TARNAME=''
PACKAGE_VERSION=''
PATH_SEPARATOR=':'
RANLIB='ranlib'
SET_CFLAGS='CFLAGS='
SET_MAKE='MAKE=make'
SHELL='/bin/bash'
SHLIB_EXT='so'
VPATH='VPATH=.:${srcdir}'
ac_ct_CC=''
bindir='${exec_prefix}/bin'
build_alias=''
datadir='${datarootdir}'
datarootdir='${prefix}/share'
docdir='${datarootdir}/doc/${PACKAGE}'
dvidir='${docdir}'
exec_prefix='${prefix}'
host_alias='arm-linux-gnueabi'
htmldir='${docdir}'
includedir='${prefix}/include'
infodir='${datarootdir}/info'
libdir='${exec_prefix}/lib'
libexecdir='${exec_prefix}/libexec'
localedir='${datarootdir}/locale'
localstatedir='${prefix}/var'
mandir='${datarootdir}/man'
master_top_builddir='/store/software/opendihu/dependencies/mpi/src/mpich2-1.4.1p1'
master_top_srcdir='/store/software/opendihu/dependencies/mpi/src/mpich2-1.4.1p1'
oldincludedir='/usr/include'
pdfdir='${docdir}'
prefix='/store/software/opendihu/dependencies/mpi/install'
program_transform_name='s,x,x,'
psdir='${docdir}'
sbindir='${exec_prefix}/sbin'
sharedstatedir='${prefix}/com'
sysconfdir='${prefix}/etc'
target_alias='arm-linux-gnueabi'

## ----------- ##
## confdefs.h. ##
## ----------- ##

#define PACKAGE_NAME ""
#define PACKAGE_TARNAME ""
#define PACKAGE_VERSION ""
#define PACKAGE_STRING ""
#define PACKAGE_BUGREPORT ""
#define STDC_HEADERS 1
#define HAVE_SYS_TYPES_H 1
#define HAVE_SYS_STAT_H 1
#define HAVE_STDLIB_H 1
#define HAVE_STRING_H 1
#define HAVE_MEMORY_H 1
#define HAVE_STRINGS_H 1
#define HAVE_INTTYPES_H 1
#define HAVE_STDINT_H 1
#define HAVE_UNISTD_H 1
#define HAVE_UNISTD_H 1
#define HAVE_STRING_H 1
#define HAVE_STDLIB_H 1
#define HAVE_SYS_SOCKET_H 1
#define HAVE_STRINGS_H 1
#define HAVE_ASSERT_H 1
#define HAVE_SNPRINTF 1
#define HAVE_STRNCASECMP 1
#define HAVE_SYS_TYPES_H 1
#define HAVE_SYS_PARAM_H 1
#define HAVE_SYS_SOCKET_H 1
#define HAVE_NETINET_IN_H 1
#define HAVE_NETINET_TCP_H 1
#define HAVE_SYS_UN_H 1
#define HAVE_NETDB_H 1
#define HAVE_SOCKET 1
#define HAVE_SETSOCKOPT 1
#define HAVE_GETHOSTBYNAME 1
#define USE_PMI_PORT 1
#define HAVE_H_ADDR_LIST 1
#define HAVE_GCC_ATTRIBUTE 1

configure: exit 0
